[2024-04-04T20:53:30+08:00][error] 错误信息:controller not exists:app\controller\favicon\Ico
[2024-04-04T20:53:49+08:00][error] 错误信息:controller not exists:app\controller\favicon\Ico
[2024-04-04T20:54:16+08:00][error] 错误信息:controller not exists:app\controller\favicon\Ico
[2024-04-04T20:54:37+08:00][error] 错误信息:controller not exists:app\controller\Server
[2024-04-04T20:54:38+08:00][error] 错误信息:controller not exists:.vscode
[2024-04-04T20:54:38+08:00][error] 错误信息:controller not exists:app\controller\About
[2024-04-04T20:54:39+08:00][error] 错误信息:controller not exists:app\controller\favicon\Ico
[2024-04-04T20:54:39+08:00][error] 错误信息:controller not exists:app\controller\Debug
[2024-04-04T20:54:39+08:00][error] 错误信息:controller not exists:app\controller\V2
[2024-04-04T20:54:40+08:00][error] 错误信息:controller not exists:app\controller\Ecp
[2024-04-04T20:54:41+08:00][error] 错误信息:controller not exists:server-status
[2024-04-04T20:54:41+08:00][error] 错误信息:controller not exists:app\controller\login\Action
[2024-04-04T20:54:42+08:00][error] 错误信息:controller not exists:_all_dbs
[2024-04-04T20:54:42+08:00][error] 错误信息:controller not exists:.DS_Store
[2024-04-04T20:54:44+08:00][error] 错误信息:controller not exists:app\controller\S
[2024-04-04T20:54:44+08:00][error] 错误信息:controller not exists:app\controller\config\Json
[2024-04-04T20:54:45+08:00][error] 错误信息:controller not exists:app\controller\Telescope
[2024-04-04T20:55:08+08:00][error] 错误信息:controller not exists:app\controller\favicon\Ico
[2024-04-04T20:55:12+08:00][error] 错误信息:controller not exists:app\controller\favicon\Ico
[2024-04-04T20:55:18+08:00][error] 错误信息:controller not exists:app\controller\favicon\Ico
[2024-04-04T20:55:18+08:00][error] 错误信息:controller not exists:app\controller\favicon\Ico
[2024-04-04T20:55:23+08:00][error] 错误信息:controller not exists:app\controller\favicon\Ico
[2024-04-04T20:56:54+08:00][error] 错误信息:controller not exists:app\controller\favicon\Ico
[2024-04-04T20:57:37+08:00][error] 错误信息:controller not exists:app\controller\favicon\Ico
[2024-04-04T21:10:58+08:00][error] 错误信息:controller not exists:app\controller\favicon\Ico
[2024-04-04T21:11:16+08:00][error] 错误信息:controller not exists:app\controller\favicon\Ico
[2024-04-04T21:17:40+08:00][error] 错误信息:controller not exists:app\controller\favicon\Ico
[2024-04-04T21:41:34+08:00][error] 错误信息:controller not exists:app\controller\favicon\Ico
[2024-04-04T21:57:19+08:00][error] 错误信息:controller not exists:app\controller\favicon\Ico
[2024-04-04T21:58:02+08:00][error] 错误信息:controller not exists:app\controller\favicon\Ico
[2024-04-04T21:58:47+08:00][error] 错误信息:controller not exists:app\controller\favicon\Ico
[2024-04-04T22:01:00+08:00][error] 错误信息:controller not exists:app\controller\favicon\Ico
[2024-04-04T22:07:28+08:00][error] 错误信息:controller not exists:app\controller\favicon\Ico
[2024-04-04T22:20:39+08:00][error] 错误信息:controller not exists:app\controller\favicon\Ico
[2024-04-04T22:22:26+08:00][error] 错误信息:controller not exists:app\controller\favicon\Ico
[2024-04-04T22:23:30+08:00][error] 错误信息:controller not exists:app\controller\favicon\Ico
[2024-04-04T22:25:19+08:00][error] 错误信息:controller not exists:app\controller\favicon\Ico
[2024-04-04T22:25:58+08:00][error] 错误信息:controller not exists:app\controller\favicon\Ico
[2024-04-04T22:27:49+08:00][error] 错误信息:controller not exists:app\controller\favicon\Ico
[2024-04-04T22:27:58+08:00][error] 错误信息:controller not exists:app\controller\favicon\Ico
[2024-04-04T22:28:48+08:00][error] 错误信息:controller not exists:app\controller\favicon\Ico
[2024-04-04T22:46:47+08:00][error] 错误信息:controller not exists:app\controller\favicon\Ico
[2024-04-04T22:52:47+08:00][error] 错误信息:controller not exists:app\controller\favicon\Ico
[2024-04-04T22:55:19+08:00][error] 错误信息:controller not exists:app\controller\favicon\Ico
[2024-04-04T23:01:27+08:00][error] 错误信息:controller not exists:app\controller\favicon\Ico
[2024-04-04T23:06:26+08:00][error] 错误信息:controller not exists:app\controller\favicon\Ico
[2024-04-04T23:07:55+08:00][error] 错误信息:controller not exists:app\controller\favicon\Ico
[2024-04-04T23:18:30+08:00][error] 错误信息:controller not exists:app\controller\favicon\Ico
[2024-04-04T23:19:37+08:00][error] 错误信息:controller not exists:app\controller\favicon\Ico
[2024-04-04T23:21:57+08:00][error] 错误信息:controller not exists:app\controller\favicon\Ico
[2024-04-04T23:22:14+08:00][error] 错误信息:controller not exists:app\controller\favicon\Ico
[2024-04-04T23:22:52+08:00][error] 错误信息:controller not exists:app\controller\favicon\Ico
[2024-04-04T23:27:53+08:00][error] 错误信息:controller not exists:app\controller\favicon\Ico
[2024-04-04T23:27:58+08:00][error] 错误信息:controller not exists:app\controller\favicon\Ico
[2024-04-04T23:44:51+08:00][error] 错误信息:controller not exists:app\controller\favicon\Ico
