[2024-04-13T20:35:46+08:00][error] 错误信息:controller not exists:app\controller\Server
[2024-04-13T20:35:46+08:00][error] 错误信息:controller not exists:.vscode
[2024-04-13T20:35:47+08:00][error] 错误信息:controller not exists:app\controller\About
[2024-04-13T20:35:47+08:00][error] 错误信息:controller not exists:app\controller\Debug
[2024-04-13T20:35:48+08:00][error] 错误信息:controller not exists:app\controller\V2
[2024-04-13T20:35:48+08:00][error] 错误信息:controller not exists:app\controller\Ecp
[2024-04-13T20:35:48+08:00][error] 错误信息:controller not exists:app\controller\favicon\Ico
[2024-04-13T20:35:49+08:00][error] 错误信息:controller not exists:server-status
[2024-04-13T20:35:49+08:00][error] 错误信息:controller not exists:app\controller\login\Action
[2024-04-13T20:35:50+08:00][error] 错误信息:controller not exists:_all_dbs
[2024-04-13T20:35:50+08:00][error] 错误信息:controller not exists:.DS_Store
[2024-04-13T20:35:51+08:00][error] 错误信息:controller not exists:app\controller\S
[2024-04-13T20:35:52+08:00][error] 错误信息:controller not exists:app\controller\config\Json
[2024-04-13T20:35:52+08:00][error] 错误信息:controller not exists:app\controller\Telescope
[2024-04-13T20:36:02+08:00][error] 错误信息:controller not exists:app\controller\Server
[2024-04-13T20:36:04+08:00][error] 错误信息:controller not exists:.vscode
[2024-04-13T20:36:08+08:00][error] 错误信息:controller not exists:app\controller\Debug
[2024-04-13T20:36:12+08:00][error] 错误信息:controller not exists:app\controller\V2
[2024-04-13T20:36:14+08:00][error] 错误信息:controller not exists:app\controller\Ecp
[2024-04-13T20:36:14+08:00][error] 错误信息:controller not exists:app\controller\favicon\Ico
[2024-04-13T20:36:16+08:00][error] 错误信息:controller not exists:server-status
[2024-04-13T20:36:17+08:00][error] 错误信息:controller not exists:app\controller\login\Action
[2024-04-13T20:36:18+08:00][error] 错误信息:controller not exists:_all_dbs
[2024-04-13T20:36:21+08:00][error] 错误信息:controller not exists:app\controller\favicon\Ico
[2024-04-13T20:36:26+08:00][error] 错误信息:controller not exists:app\controller\S
[2024-04-13T20:36:27+08:00][error] 错误信息:controller not exists:app\controller\config\Json
[2024-04-13T20:36:30+08:00][error] 错误信息:controller not exists:app\controller\Telescope
[2024-04-13T20:36:45+08:00][error] 错误信息:controller not exists:app\controller\favicon\Ico
[2024-04-13T20:37:35+08:00][error] 错误信息:controller not exists:app\controller\favicon\Ico
[2024-04-13T20:38:10+08:00][error] 错误信息:controller not exists:app\controller\favicon\Ico
[2024-04-13T20:39:20+08:00][error] 错误信息:controller not exists:app\controller\favicon\Ico
[2024-04-13T20:39:42+08:00][error] 错误信息:controller not exists:app\controller\favicon\Ico
[2024-04-13T20:40:04+08:00][error] 错误信息:controller not exists:app\controller\favicon\Ico
[2024-04-13T20:40:17+08:00][error] 错误信息:controller not exists:app\controller\favicon\Ico
[2024-04-13T20:40:17+08:00][error] 错误信息:controller not exists:app\controller\favicon\Ico
[2024-04-13T20:46:39+08:00][error] 错误信息:controller not exists:app\controller\dump\Sql
[2024-04-13T20:46:39+08:00][error] 错误信息:controller not exists:app\controller\backup\Zip
[2024-04-13T20:46:39+08:00][error] 错误信息:controller not exists:app\controller\config\Xml
[2024-04-13T20:46:39+08:00][error] 错误信息:controller not exists:app\controller\Feed
[2024-04-13T20:46:40+08:00][error] 错误信息:controller not exists:app\controller\web\Config
[2024-04-13T20:46:40+08:00][error] 错误信息:controller not exists:app\controller\config\Yml
[2024-04-13T20:46:40+08:00][error] 错误信息:controller not exists:.ssh
[2024-04-13T20:46:42+08:00][error] 错误信息:controller not exists:app\controller\backup\tar\Gz
[2024-04-13T20:46:43+08:00][error] 错误信息:controller not exists:app\controller\config\Yml
[2024-04-13T20:46:43+08:00][error] 错误信息:controller not exists:app\controller\backup\Sql
[2024-04-13T20:56:29+08:00][error] 错误信息:controller not exists:app\controller\favicon\Ico
[2024-04-13T21:07:45+08:00][error] 错误信息:controller not exists:app\controller\favicon\Ico
[2024-04-13T21:29:51+08:00][error] 错误信息:controller not exists:app\controller\favicon\Ico
[2024-04-13T21:31:26+08:00][error] 错误信息:controller not exists:app\controller\favicon\Ico
[2024-04-13T21:50:53+08:00][error] 错误信息:controller not exists:app\controller\favicon\Ico
[2024-04-13T23:03:37+08:00][error] 错误信息:controller not exists:app\controller\V2
[2024-04-13T23:06:09+08:00][error] 错误信息:controller not exists:app\controller\favicon\Ico
[2024-04-13T23:35:40+08:00][error] 错误信息:controller not exists:app\controller\favicon\Ico
[2024-04-13T23:53:09+08:00][error] 错误信息:controller not exists:app\controller\favicon\Ico
[2024-04-13T23:54:40+08:00][error] 错误信息:controller not exists:app\controller\favicon\Ico
[2024-04-13T23:55:30+08:00][error] 错误信息:controller not exists:app\controller\favicon\Ico
