[2024-04-14T01:55:26+08:00][error] 错误信息:controller not exists:app\controller\Telescope
[2024-04-14T02:13:58+08:00][error] 错误信息:controller not exists:app\controller\Server
[2024-04-14T04:11:47+08:00][error] 错误信息:controller not exists:app\controller\Server
[2024-04-14T06:23:13+08:00][error] 错误信息:controller not exists:app\controller\Server
[2024-04-14T07:41:35+08:00][error] 错误信息:controller not exists:app\controller\favicon\Ico
[2024-04-14T07:41:36+08:00][error] 错误信息:controller not exists:app\controller\favicon\Ico
[2024-04-14T08:18:07+08:00][error] 错误信息:controller not exists:app\controller\Server
[2024-04-14T09:07:35+08:00][error] 错误信息:controller not exists:.ssh
[2024-04-14T09:07:35+08:00][error] 错误信息:controller not exists:app\controller\backup\tar\Gz
[2024-04-14T09:07:35+08:00][error] 错误信息:controller not exists:app\controller\Feed
[2024-04-14T09:07:36+08:00][error] 错误信息:controller not exists:app\controller\web\Config
[2024-04-14T09:07:36+08:00][error] 错误信息:controller not exists:app\controller\dump\Sql
[2024-04-14T09:07:36+08:00][error] 错误信息:controller not exists:app\controller\config\Yml
[2024-04-14T09:07:36+08:00][error] 错误信息:controller not exists:app\controller\backup\Sql
[2024-04-14T09:07:36+08:00][error] 错误信息:controller not exists:app\controller\backup\Zip
[2024-04-14T09:07:36+08:00][error] 错误信息:controller not exists:app\controller\config\Yml
[2024-04-14T09:07:37+08:00][error] 错误信息:controller not exists:app\controller\config\Xml
[2024-04-14T11:05:38+08:00][error] 错误信息:controller not exists:app\controller\favicon\Ico
[2024-04-14T12:11:43+08:00][error] 错误信息:controller not exists:app\controller\favicon\Ico
[2024-04-14T18:45:26+08:00][error] 错误信息:controller not exists:app\controller\favicon\Ico
[2024-04-14T18:45:27+08:00][error] 错误信息:controller not exists:app\controller\favicon\Ico
[2024-04-14T20:20:25+08:00][error] 错误信息:controller not exists:app\controller\favicon\Ico
