[2023-11-21T14:13:56+08:00][sql] CONNECT:[ UseTime:0.000265s ] mysql:host=127.0.0.1;port=3306;dbname=nianbao;charset=utf8
[2023-11-21T14:13:56+08:00][sql] SHOW FULL COLUMNS FROM `nianbao_base_config` [ RunTime:0.028000s ]
[2023-11-21T14:13:56+08:00][sql] SELECT `data`,`name` FROM `nianbao_base_config` [ RunTime:0.000360s ]
[2023-11-21T14:13:56+08:00][sql] CONNECT:[ UseTime:0.000405s ] mysql:host=127.0.0.1;port=3306;dbname=nianbao;charset=utf8
[2023-11-21T14:13:56+08:00][sql] SHOW FULL COLUMNS FROM `nianbao_base_config` [ RunTime:0.029399s ]
[2023-11-21T14:13:56+08:00][sql] SELECT `data`,`name` FROM `nianbao_base_config` [ RunTime:0.000412s ]
[2023-11-21T14:13:56+08:00][sql] CONNECT:[ UseTime:0.000256s ] mysql:host=127.0.0.1;port=3306;dbname=nianbao;charset=utf8
[2023-11-21T14:13:56+08:00][sql] SHOW FULL COLUMNS FROM `nianbao_member` [ RunTime:0.001941s ]
[2023-11-21T14:13:56+08:00][sql] SELECT * FROM `nianbao_member` WHERE  `access_token` = 'MTY5OTc1NTkzNDQ2Mg==' LIMIT 1 [ RunTime:0.000364s ]
[2023-11-21T14:13:56+08:00][sql] SHOW FULL COLUMNS FROM `nianbao_member_enterprise` [ RunTime:0.000972s ]
[2023-11-21T14:13:56+08:00][sql] SELECT * FROM `nianbao_member_enterprise` ORDER BY `id` DESC [ RunTime:0.000319s ]
[2023-11-21T14:13:56+08:00][sql] SHOW FULL COLUMNS FROM `nianbao_enterprise` [ RunTime:0.001217s ]
[2023-11-21T14:13:56+08:00][sql] SELECT * FROM `nianbao_enterprise` WHERE  `id` = 14075  AND `status` = 1 LIMIT 1 [ RunTime:0.000286s ]
[2023-11-21T14:13:56+08:00][sql] SHOW FULL COLUMNS FROM `nianbao_enterprise_report` [ RunTime:0.017615s ]
[2023-11-21T14:13:56+08:00][sql] SELECT * FROM `nianbao_enterprise_report` WHERE  `report_year` = '2022' LIMIT 1 [ RunTime:0.000264s ]
[2023-11-21T14:13:56+08:00][sql] SELECT * FROM `nianbao_enterprise` WHERE  `id` = 14075  AND `status` = 1 LIMIT 1 [ RunTime:0.000215s ]
[2023-11-21T14:13:56+08:00][sql] SELECT * FROM `nianbao_enterprise_report` WHERE  `report_year` = '2022' LIMIT 1 [ RunTime:0.000209s ]
[2023-11-21T14:13:56+08:00][sql] SELECT * FROM `nianbao_enterprise` WHERE  `id` = 16763  AND `status` = 1 LIMIT 1 [ RunTime:0.000251s ]
[2023-11-21T14:13:56+08:00][sql] SELECT * FROM `nianbao_enterprise_report` WHERE  `enterprise_code` = '92330383MABQ2PLE8B'  AND `report_year` = '2022' LIMIT 1 [ RunTime:0.005310s ]
[2023-11-21T14:13:56+08:00][sql] SELECT * FROM `nianbao_enterprise` WHERE  `id` = 14061  AND `status` = 1 LIMIT 1 [ RunTime:0.000233s ]
[2023-11-21T14:13:56+08:00][sql] SELECT * FROM `nianbao_enterprise_report` WHERE  `report_year` = '2022' LIMIT 1 [ RunTime:0.000201s ]
[2023-11-21T14:13:56+08:00][sql] SELECT * FROM `nianbao_enterprise` WHERE  `id` = 14059  AND `status` = 1 LIMIT 1 [ RunTime:0.000179s ]
[2023-11-21T14:13:56+08:00][sql] SELECT * FROM `nianbao_enterprise_report` WHERE  `report_year` = '2022' LIMIT 1 [ RunTime:0.000170s ]
[2023-11-21T14:13:56+08:00][sql] SELECT * FROM `nianbao_enterprise` WHERE  `id` = 13216  AND `status` = 1 LIMIT 1 [ RunTime:0.000200s ]
[2023-11-21T14:13:56+08:00][sql] SELECT * FROM `nianbao_enterprise_report` WHERE  `report_year` = '2022' LIMIT 1 [ RunTime:0.000175s ]
[2023-11-21T14:13:56+08:00][sql] SELECT * FROM `nianbao_enterprise` WHERE  `id` = 11683  AND `status` = 1 LIMIT 1 [ RunTime:0.000164s ]
[2023-11-21T14:13:56+08:00][sql] SELECT * FROM `nianbao_enterprise_report` WHERE  `report_year` = '2022' LIMIT 1 [ RunTime:0.000177s ]
[2023-11-21T14:13:56+08:00][sql] SELECT * FROM `nianbao_enterprise` WHERE  `id` = 14119  AND `status` = 1 LIMIT 1 [ RunTime:0.000167s ]
[2023-11-21T14:13:56+08:00][sql] SELECT * FROM `nianbao_enterprise_report` WHERE  `report_year` = '2022' LIMIT 1 [ RunTime:0.000163s ]
[2023-11-21T14:13:56+08:00][sql] SELECT * FROM `nianbao_enterprise` WHERE  `id` = 14119  AND `status` = 1 LIMIT 1 [ RunTime:0.000168s ]
[2023-11-21T14:13:56+08:00][sql] SELECT * FROM `nianbao_enterprise_report` WHERE  `report_year` = '2022' LIMIT 1 [ RunTime:0.000157s ]
[2023-11-21T14:13:56+08:00][sql] SELECT * FROM `nianbao_enterprise` WHERE  `id` = 11596  AND `status` = 1 LIMIT 1 [ RunTime:0.000166s ]
[2023-11-21T14:13:56+08:00][sql] SELECT * FROM `nianbao_enterprise_report` WHERE  `report_year` = '2022' LIMIT 1 [ RunTime:0.000169s ]
[2023-11-21T14:13:56+08:00][sql] SELECT * FROM `nianbao_enterprise` WHERE  `id` = 11659  AND `status` = 1 LIMIT 1 [ RunTime:0.000161s ]
[2023-11-21T14:13:56+08:00][sql] SELECT * FROM `nianbao_enterprise_report` WHERE  `report_year` = '2022' LIMIT 1 [ RunTime:0.000159s ]
[2023-11-21T14:13:56+08:00][sql] SELECT * FROM `nianbao_enterprise` WHERE  `id` = 14109  AND `status` = 1 LIMIT 1 [ RunTime:0.000175s ]
[2023-11-21T14:13:56+08:00][sql] SELECT * FROM `nianbao_enterprise_report` WHERE  `report_year` = '2022' LIMIT 1 [ RunTime:0.000154s ]
[2023-11-21T14:13:56+08:00][sql] SELECT * FROM `nianbao_enterprise` WHERE  `id` = 14109  AND `status` = 1 LIMIT 1 [ RunTime:0.000173s ]
[2023-11-21T14:13:56+08:00][sql] SELECT * FROM `nianbao_enterprise_report` WHERE  `report_year` = '2022' LIMIT 1 [ RunTime:0.000157s ]
[2023-11-21T14:13:56+08:00][sql] SELECT * FROM `nianbao_enterprise` WHERE  `id` = 14107  AND `status` = 1 LIMIT 1 [ RunTime:0.000158s ]
[2023-11-21T14:13:56+08:00][sql] SELECT * FROM `nianbao_enterprise_report` WHERE  `report_year` = '2022' LIMIT 1 [ RunTime:0.000177s ]
[2023-11-21T14:13:56+08:00][sql] SELECT * FROM `nianbao_enterprise` WHERE  `id` = 15271  AND `status` = 1 LIMIT 1 [ RunTime:0.000191s ]
[2023-11-21T14:13:56+08:00][sql] SELECT * FROM `nianbao_enterprise_report` WHERE  `report_year` = '2022' LIMIT 1 [ RunTime:0.000158s ]
[2023-11-21T14:13:56+08:00][sql] SELECT * FROM `nianbao_enterprise` WHERE  `id` = 14086  AND `status` = 1 LIMIT 1 [ RunTime:0.000165s ]
[2023-11-21T14:13:56+08:00][sql] SELECT * FROM `nianbao_enterprise_report` WHERE  `report_year` = '2022' LIMIT 1 [ RunTime:0.000162s ]
[2023-11-21T14:13:56+08:00][sql] SELECT * FROM `nianbao_enterprise` WHERE  `id` = 14083  AND `status` = 1 LIMIT 1 [ RunTime:0.000165s ]
[2023-11-21T14:13:56+08:00][sql] SELECT * FROM `nianbao_enterprise_report` WHERE  `report_year` = '2022' LIMIT 1 [ RunTime:0.000168s ]
[2023-11-21T14:13:56+08:00][sql] SELECT * FROM `nianbao_enterprise` WHERE  `id` = 15357  AND `status` = 1 LIMIT 1 [ RunTime:0.000161s ]
[2023-11-21T14:13:56+08:00][sql] SELECT * FROM `nianbao_enterprise_report` WHERE  `report_year` = '2022' LIMIT 1 [ RunTime:0.000159s ]
[2023-11-21T14:13:56+08:00][sql] SELECT * FROM `nianbao_enterprise` WHERE  `id` = 13238  AND `status` = 1 LIMIT 1 [ RunTime:0.000176s ]
[2023-11-21T14:13:56+08:00][sql] SELECT * FROM `nianbao_enterprise_report` WHERE  `report_year` = '2022' LIMIT 1 [ RunTime:0.000153s ]
[2023-11-21T14:13:56+08:00][sql] SELECT * FROM `nianbao_enterprise` WHERE  `id` = 11633  AND `status` = 1 LIMIT 1 [ RunTime:0.000162s ]
[2023-11-21T14:13:56+08:00][sql] SELECT * FROM `nianbao_enterprise_report` WHERE  `report_year` = '2022' LIMIT 1 [ RunTime:0.000170s ]
[2023-11-21T14:13:56+08:00][sql] SELECT * FROM `nianbao_enterprise` WHERE  `id` = 11971  AND `status` = 1 LIMIT 1 [ RunTime:0.000159s ]
[2023-11-21T14:13:56+08:00][sql] SELECT * FROM `nianbao_enterprise_report` WHERE  `report_year` = '2022' LIMIT 1 [ RunTime:0.000166s ]
[2023-11-21T14:13:56+08:00][sql] SELECT * FROM `nianbao_enterprise` WHERE  `id` = 11619  AND `status` = 1 LIMIT 1 [ RunTime:0.000163s ]
[2023-11-21T14:13:56+08:00][sql] SELECT * FROM `nianbao_enterprise_report` WHERE  `report_year` = '2022' LIMIT 1 [ RunTime:0.000157s ]
[2023-11-21T14:13:56+08:00][sql] SELECT * FROM `nianbao_enterprise` WHERE  `id` = 10575  AND `status` = 1 LIMIT 1 [ RunTime:0.000166s ]
[2023-11-21T14:13:56+08:00][sql] SELECT * FROM `nianbao_enterprise_report` WHERE  `report_year` = '2022' LIMIT 1 [ RunTime:0.000157s ]
[2023-11-21T14:13:56+08:00][sql] SELECT * FROM `nianbao_enterprise` WHERE  `id` = 7577  AND `status` = 1 LIMIT 1 [ RunTime:0.000165s ]
[2023-11-21T14:13:56+08:00][sql] SELECT * FROM `nianbao_enterprise_report` WHERE  `report_year` = '2022' LIMIT 1 [ RunTime:0.000165s ]
[2023-11-21T14:13:56+08:00][sql] SELECT * FROM `nianbao_enterprise` WHERE  `id` = 7577  AND `status` = 1 LIMIT 1 [ RunTime:0.000162s ]
[2023-11-21T14:13:56+08:00][sql] SELECT * FROM `nianbao_enterprise_report` WHERE  `report_year` = '2022' LIMIT 1 [ RunTime:0.000159s ]
[2023-11-21T14:13:56+08:00][sql] SELECT * FROM `nianbao_enterprise` WHERE  `id` = 7577  AND `status` = 1 LIMIT 1 [ RunTime:0.000171s ]
[2023-11-21T14:13:56+08:00][sql] SELECT * FROM `nianbao_enterprise_report` WHERE  `report_year` = '2022' LIMIT 1 [ RunTime:0.000160s ]
[2023-11-21T14:13:56+08:00][sql] SELECT * FROM `nianbao_enterprise` WHERE  `id` = 8666  AND `status` = 1 LIMIT 1 [ RunTime:0.000167s ]
[2023-11-21T14:13:56+08:00][sql] SELECT * FROM `nianbao_enterprise_report` WHERE  `report_year` = '2022' LIMIT 1 [ RunTime:0.000166s ]
[2023-11-21T14:13:56+08:00][sql] SELECT * FROM `nianbao_enterprise` WHERE  `id` = 10552  AND `status` = 1 LIMIT 1 [ RunTime:0.000160s ]
[2023-11-21T14:13:56+08:00][sql] SELECT * FROM `nianbao_enterprise_report` WHERE  `report_year` = '2022' LIMIT 1 [ RunTime:0.000159s ]
[2023-11-21T14:13:56+08:00][sql] SELECT * FROM `nianbao_enterprise` WHERE  `id` = 11940  AND `status` = 1 LIMIT 1 [ RunTime:0.000173s ]
[2023-11-21T14:13:56+08:00][sql] SELECT * FROM `nianbao_enterprise_report` WHERE  `report_year` = '2022' LIMIT 1 [ RunTime:0.000154s ]
[2023-11-21T14:13:56+08:00][sql] SELECT * FROM `nianbao_enterprise` WHERE  `id` = 10546  AND `status` = 1 LIMIT 1 [ RunTime:0.000163s ]
[2023-11-21T14:13:56+08:00][sql] SELECT * FROM `nianbao_enterprise_report` WHERE  `report_year` = '2022' LIMIT 1 [ RunTime:0.000171s ]
[2023-11-21T14:13:56+08:00][sql] SELECT * FROM `nianbao_enterprise` WHERE  `id` = 10542  AND `status` = 1 LIMIT 1 [ RunTime:0.000157s ]
[2023-11-21T14:13:56+08:00][sql] SELECT * FROM `nianbao_enterprise_report` WHERE  `report_year` = '2022' LIMIT 1 [ RunTime:0.000158s ]
[2023-11-21T14:13:56+08:00][sql] SELECT * FROM `nianbao_enterprise` WHERE  `id` = 15311  AND `status` = 1 LIMIT 1 [ RunTime:0.000176s ]
[2023-11-21T14:13:56+08:00][sql] SELECT * FROM `nianbao_enterprise_report` WHERE  `report_year` = '2022' LIMIT 1 [ RunTime:0.000155s ]
[2023-11-21T14:13:56+08:00][sql] SELECT * FROM `nianbao_enterprise` WHERE  `id` = 16920  AND `status` = 1 LIMIT 1 [ RunTime:0.000194s ]
[2023-11-21T14:13:56+08:00][sql] SELECT * FROM `nianbao_enterprise_report` WHERE  `enterprise_code` = '92330383MABT9XHC92'  AND `report_year` = '2022' LIMIT 1 [ RunTime:0.004912s ]
[2023-11-21T14:13:56+08:00][sql] SELECT * FROM `nianbao_enterprise` WHERE  `id` = 10534  AND `status` = 1 LIMIT 1 [ RunTime:0.000195s ]
[2023-11-21T14:13:56+08:00][sql] SELECT * FROM `nianbao_enterprise_report` WHERE  `report_year` = '2022' LIMIT 1 [ RunTime:0.000176s ]
[2023-11-21T14:13:56+08:00][sql] SELECT * FROM `nianbao_enterprise` WHERE  `id` = 78  AND `status` = 1 LIMIT 1 [ RunTime:0.000200s ]
[2023-11-21T14:13:56+08:00][sql] SELECT * FROM `nianbao_enterprise_report` WHERE  `enterprise_code` = '913707005599005875'  AND `report_year` = '2022' LIMIT 1 [ RunTime:0.000201s ]
[2023-11-21T14:13:56+08:00][sql] SELECT * FROM `nianbao_enterprise` WHERE  `id` = 739  AND `status` = 1 LIMIT 1 [ RunTime:0.000196s ]
[2023-11-21T14:13:56+08:00][sql] SELECT * FROM `nianbao_enterprise_report` WHERE  `enterprise_code` = '9132030066575208X8'  AND `report_year` = '2022' LIMIT 1 [ RunTime:0.000411s ]
[2023-11-21T14:13:56+08:00][sql] SELECT * FROM `nianbao_enterprise` WHERE  `id` = 10529  AND `status` = 1 LIMIT 1 [ RunTime:0.000184s ]
[2023-11-21T14:13:56+08:00][sql] SELECT * FROM `nianbao_enterprise_report` WHERE  `report_year` = '2022' LIMIT 1 [ RunTime:0.000161s ]
[2023-11-21T14:13:56+08:00][sql] SELECT * FROM `nianbao_enterprise` WHERE  `id` = 10519  AND `status` = 1 LIMIT 1 [ RunTime:0.000170s ]
[2023-11-21T14:13:56+08:00][sql] SELECT * FROM `nianbao_enterprise_report` WHERE  `report_year` = '2022' LIMIT 1 [ RunTime:0.000171s ]
[2023-11-21T14:13:56+08:00][sql] SELECT * FROM `nianbao_enterprise` WHERE  `id` = 10515  AND `status` = 1 LIMIT 1 [ RunTime:0.000162s ]
[2023-11-21T14:13:56+08:00][sql] SELECT * FROM `nianbao_enterprise_report` WHERE  `report_year` = '2022' LIMIT 1 [ RunTime:0.000159s ]
[2023-11-21T14:13:56+08:00][sql] SELECT * FROM `nianbao_enterprise` WHERE  `id` = 16905  AND `status` = 1 LIMIT 1 [ RunTime:0.000179s ]
[2023-11-21T14:13:56+08:00][sql] SELECT * FROM `nianbao_enterprise_report` WHERE  `enterprise_code` = '92330383MABU67YM2U'  AND `report_year` = '2022' LIMIT 1 [ RunTime:0.004804s ]
[2023-11-21T14:13:56+08:00][sql] SELECT * FROM `nianbao_enterprise` WHERE  `id` = 14875  AND `status` = 1 LIMIT 1 [ RunTime:0.000209s ]
[2023-11-21T14:13:56+08:00][sql] SELECT * FROM `nianbao_enterprise_report` WHERE  `enterprise_code` = '92330782MA7J2TLC90'  AND `report_year` = '2022' LIMIT 1 [ RunTime:0.004191s ]
[2023-11-21T14:13:56+08:00][sql] SELECT * FROM `nianbao_enterprise` WHERE  `id` = 14138  AND `status` = 1 LIMIT 1 [ RunTime:0.000189s ]
[2023-11-21T14:13:56+08:00][sql] SELECT * FROM `nianbao_enterprise_report` WHERE  `report_year` = '2022' LIMIT 1 [ RunTime:0.000182s ]
[2023-11-21T14:13:56+08:00][sql] SELECT * FROM `nianbao_enterprise` WHERE  `id` = 1073  AND `status` = 1 LIMIT 1 [ RunTime:0.000207s ]
[2023-11-21T14:13:56+08:00][sql] SELECT * FROM `nianbao_enterprise_report` WHERE  `enterprise_code` = '92370681MA3WH3W491'  AND `report_year` = '2022' LIMIT 1 [ RunTime:0.000487s ]
[2023-11-21T14:13:56+08:00][sql] SELECT * FROM `nianbao_enterprise` WHERE  `id` = 16968  AND `status` = 1 LIMIT 1 [ RunTime:0.000195s ]
[2023-11-21T14:13:56+08:00][sql] SELECT * FROM `nianbao_enterprise_report` WHERE  `enterprise_code` = '92330383MABWC0BT99'  AND `report_year` = '2022' LIMIT 1 [ RunTime:0.004841s ]
[2023-11-21T14:13:56+08:00][sql] SELECT * FROM `nianbao_enterprise` WHERE  `id` = 13745  AND `status` = 1 LIMIT 1 [ RunTime:0.000211s ]
[2023-11-21T14:13:56+08:00][sql] SELECT * FROM `nianbao_enterprise_report` WHERE  `enterprise_code` = '92131026MABMJ2UN5C'  AND `report_year` = '2022' LIMIT 1 [ RunTime:0.003836s ]
[2023-11-21T14:13:56+08:00][sql] SELECT * FROM `nianbao_enterprise` WHERE  `id` = 17456  AND `status` = 1 LIMIT 1 [ RunTime:0.000213s ]
[2023-11-21T14:13:56+08:00][sql] SELECT * FROM `nianbao_enterprise_report` WHERE  `enterprise_code` = '92370281MA7LCHPN82'  AND `report_year` = '2022' LIMIT 1 [ RunTime:0.005027s ]
[2023-11-21T14:13:56+08:00][sql] SELECT * FROM `nianbao_enterprise` WHERE  `id` = 14863  AND `status` = 1 LIMIT 1 [ RunTime:0.000536s ]
[2023-11-21T14:13:56+08:00][sql] SELECT * FROM `nianbao_enterprise_report` WHERE  `enterprise_code` = '92330782MA7LQ6TU7A'  AND `report_year` = '2022' LIMIT 1 [ RunTime:0.004195s ]
[2023-11-21T14:13:56+08:00][sql] SELECT * FROM `nianbao_enterprise` WHERE  `id` = 1745  AND `status` = 1 LIMIT 1 [ RunTime:0.000215s ]
[2023-11-21T14:13:56+08:00][sql] SELECT * FROM `nianbao_enterprise_report` WHERE  `enterprise_code` = '92370682MA3WM74P0T'  AND `report_year` = '2022' LIMIT 1 [ RunTime:0.000716s ]
[2023-11-21T14:13:56+08:00][sql] SELECT * FROM `nianbao_enterprise` WHERE  `id` = 16981  AND `status` = 1 LIMIT 1 [ RunTime:0.000201s ]
[2023-11-21T14:13:56+08:00][sql] SELECT * FROM `nianbao_enterprise_report` WHERE  `enterprise_code` = '92330383MABW5EJP7N'  AND `report_year` = '2022' LIMIT 1 [ RunTime:0.004853s ]
[2023-11-21T14:13:56+08:00][sql] SELECT * FROM `nianbao_enterprise` WHERE  `id` = 13733  AND `status` = 1 LIMIT 1 [ RunTime:0.000198s ]
[2023-11-21T14:13:56+08:00][sql] SELECT * FROM `nianbao_enterprise_report` WHERE  `enterprise_code` = '92131001MA7NF88996'  AND `report_year` = '2022' LIMIT 1 [ RunTime:0.003826s ]
[2023-11-21T14:13:56+08:00][sql] SELECT * FROM `nianbao_enterprise` WHERE  `id` = 13732  AND `status` = 1 LIMIT 1 [ RunTime:0.000223s ]
[2023-11-21T14:13:56+08:00][sql] SELECT * FROM `nianbao_enterprise_report` WHERE  `enterprise_code` = '92131023MABMTP1T7D'  AND `report_year` = '2022' LIMIT 1 [ RunTime:0.003841s ]
[2023-11-21T14:13:56+08:00][sql] SELECT * FROM `nianbao_enterprise` WHERE  `id` = 10491  AND `status` = 1 LIMIT 1 [ RunTime:0.000192s ]
[2023-11-21T14:13:56+08:00][sql] SELECT * FROM `nianbao_enterprise_report` WHERE  `report_year` = '2022' LIMIT 1 [ RunTime:0.000181s ]
[2023-11-21T14:13:56+08:00][sql] SELECT * FROM `nianbao_enterprise` WHERE  `id` = 10382  AND `status` = 1 LIMIT 1 [ RunTime:0.000168s ]
[2023-11-21T14:13:56+08:00][sql] SELECT * FROM `nianbao_enterprise_report` WHERE  `report_year` = '2022' LIMIT 1 [ RunTime:0.000155s ]
[2023-11-21T14:13:56+08:00][sql] SELECT * FROM `nianbao_enterprise` WHERE  `id` = 10471  AND `status` = 1 LIMIT 1 [ RunTime:0.000173s ]
[2023-11-21T14:13:56+08:00][sql] SELECT * FROM `nianbao_enterprise_report` WHERE  `report_year` = '2022' LIMIT 1 [ RunTime:0.000156s ]
[2023-11-21T14:13:56+08:00][sql] SELECT * FROM `nianbao_enterprise` WHERE  `id` = 11262  AND `status` = 1 LIMIT 1 [ RunTime:0.000161s ]
[2023-11-21T14:13:56+08:00][sql] SELECT * FROM `nianbao_enterprise_report` WHERE  `report_year` = '2022' LIMIT 1 [ RunTime:0.000153s ]
[2023-11-21T14:13:56+08:00][sql] SELECT * FROM `nianbao_enterprise` WHERE  `id` = 10449  AND `status` = 1 LIMIT 1 [ RunTime:0.000159s ]
[2023-11-21T14:13:56+08:00][sql] SELECT * FROM `nianbao_enterprise_report` WHERE  `report_year` = '2022' LIMIT 1 [ RunTime:0.000158s ]
[2023-11-21T14:13:56+08:00][sql] SELECT * FROM `nianbao_enterprise` WHERE  `id` = 10449  AND `status` = 1 LIMIT 1 [ RunTime:0.000170s ]
[2023-11-21T14:13:56+08:00][sql] SELECT * FROM `nianbao_enterprise_report` WHERE  `report_year` = '2022' LIMIT 1 [ RunTime:0.000153s ]
[2023-11-21T14:13:56+08:00][sql] SELECT * FROM `nianbao_enterprise` WHERE  `id` = 10635  AND `status` = 1 LIMIT 1 [ RunTime:0.000163s ]
[2023-11-21T14:13:56+08:00][sql] SELECT * FROM `nianbao_enterprise_report` WHERE  `report_year` = '2022' LIMIT 1 [ RunTime:0.000168s ]
[2023-11-21T14:13:56+08:00][sql] SELECT * FROM `nianbao_enterprise` WHERE  `id` = 10426  AND `status` = 1 LIMIT 1 [ RunTime:0.000158s ]
[2023-11-21T14:13:56+08:00][sql] SELECT * FROM `nianbao_enterprise_report` WHERE  `report_year` = '2022' LIMIT 1 [ RunTime:0.000157s ]
[2023-11-21T14:13:56+08:00][sql] SELECT * FROM `nianbao_enterprise` WHERE  `id` = 10404  AND `status` = 1 LIMIT 1 [ RunTime:0.000170s ]
[2023-11-21T14:13:56+08:00][sql] SELECT * FROM `nianbao_enterprise_report` WHERE  `report_year` = '2022' LIMIT 1 [ RunTime:0.000151s ]
[2023-11-21T14:13:56+08:00][sql] SELECT * FROM `nianbao_enterprise` WHERE  `id` = 10404  AND `status` = 1 LIMIT 1 [ RunTime:0.000160s ]
[2023-11-21T14:13:56+08:00][sql] SELECT * FROM `nianbao_enterprise_report` WHERE  `report_year` = '2022' LIMIT 1 [ RunTime:0.000170s ]
[2023-11-21T14:13:56+08:00][sql] SELECT * FROM `nianbao_enterprise` WHERE  `id` = 11817  AND `status` = 1 LIMIT 1 [ RunTime:0.000157s ]
[2023-11-21T14:13:56+08:00][sql] SELECT * FROM `nianbao_enterprise_report` WHERE  `report_year` = '2022' LIMIT 1 [ RunTime:0.000168s ]
[2023-11-21T14:13:56+08:00][sql] SELECT * FROM `nianbao_enterprise` WHERE  `id` = 10397  AND `status` = 1 LIMIT 1 [ RunTime:0.000160s ]
[2023-11-21T14:13:56+08:00][sql] SELECT * FROM `nianbao_enterprise_report` WHERE  `report_year` = '2022' LIMIT 1 [ RunTime:0.000151s ]
[2023-11-21T14:13:56+08:00][sql] SELECT * FROM `nianbao_enterprise` WHERE  `id` = 11225  AND `status` = 1 LIMIT 1 [ RunTime:0.000163s ]
[2023-11-21T14:13:56+08:00][sql] SELECT * FROM `nianbao_enterprise_report` WHERE  `report_year` = '2022' LIMIT 1 [ RunTime:0.000164s ]
[2023-11-21T14:13:56+08:00][sql] SELECT * FROM `nianbao_enterprise` WHERE  `id` = 10584  AND `status` = 1 LIMIT 1 [ RunTime:0.000169s ]
[2023-11-21T14:13:56+08:00][sql] SELECT * FROM `nianbao_enterprise_report` WHERE  `report_year` = '2022' LIMIT 1 [ RunTime:0.000162s ]
[2023-11-21T14:13:56+08:00][sql] SELECT * FROM `nianbao_enterprise` WHERE  `id` = 11224  AND `status` = 1 LIMIT 1 [ RunTime:0.000164s ]
[2023-11-21T14:13:56+08:00][sql] SELECT * FROM `nianbao_enterprise_report` WHERE  `report_year` = '2022' LIMIT 1 [ RunTime:0.000159s ]
[2023-11-21T14:13:56+08:00][sql] SELECT * FROM `nianbao_enterprise` WHERE  `id` = 9328  AND `status` = 1 LIMIT 1 [ RunTime:0.000157s ]
[2023-11-21T14:13:56+08:00][sql] SELECT * FROM `nianbao_enterprise_report` WHERE  `report_year` = '2022' LIMIT 1 [ RunTime:0.000152s ]
[2023-11-21T14:13:56+08:00][sql] SELECT * FROM `nianbao_enterprise` WHERE  `id` = 8109  AND `status` = 1 LIMIT 1 [ RunTime:0.000164s ]
[2023-11-21T14:13:56+08:00][sql] SELECT * FROM `nianbao_enterprise_report` WHERE  `report_year` = '2022' LIMIT 1 [ RunTime:0.000173s ]
[2023-11-21T14:13:56+08:00][sql] SELECT * FROM `nianbao_enterprise` WHERE  `id` = 10394  AND `status` = 1 LIMIT 1 [ RunTime:0.000159s ]
[2023-11-21T14:13:56+08:00][sql] SELECT * FROM `nianbao_enterprise_report` WHERE  `report_year` = '2022' LIMIT 1 [ RunTime:0.000165s ]
[2023-11-21T14:13:56+08:00][sql] SELECT * FROM `nianbao_enterprise` WHERE  `id` = 10381  AND `status` = 1 LIMIT 1 [ RunTime:0.000175s ]
[2023-11-21T14:13:56+08:00][sql] SELECT * FROM `nianbao_enterprise_report` WHERE  `report_year` = '2022' LIMIT 1 [ RunTime:0.000151s ]
[2023-11-21T14:13:56+08:00][sql] SELECT * FROM `nianbao_enterprise` WHERE  `id` = 9893  AND `status` = 1 LIMIT 1 [ RunTime:0.000158s ]
[2023-11-21T14:13:56+08:00][sql] SELECT * FROM `nianbao_enterprise_report` WHERE  `report_year` = '2022' LIMIT 1 [ RunTime:0.000168s ]
[2023-11-21T14:13:56+08:00][sql] SELECT * FROM `nianbao_enterprise` WHERE  `id` = 10360  AND `status` = 1 LIMIT 1 [ RunTime:0.000157s ]
[2023-11-21T14:13:56+08:00][sql] SELECT * FROM `nianbao_enterprise_report` WHERE  `report_year` = '2022' LIMIT 1 [ RunTime:0.000161s ]
[2023-11-21T14:13:56+08:00][sql] SELECT * FROM `nianbao_enterprise` WHERE  `id` = 9936  AND `status` = 1 LIMIT 1 [ RunTime:0.000160s ]
[2023-11-21T14:13:56+08:00][sql] SELECT * FROM `nianbao_enterprise_report` WHERE  `report_year` = '2022' LIMIT 1 [ RunTime:0.000164s ]
[2023-11-21T14:13:56+08:00][sql] SELECT * FROM `nianbao_enterprise` WHERE  `id` = 708  AND `status` = 1 LIMIT 1 [ RunTime:0.000176s ]
[2023-11-21T14:13:56+08:00][sql] SELECT * FROM `nianbao_enterprise_report` WHERE  `enterprise_code` = '91320300664936565L'  AND `report_year` = '2022' LIMIT 1 [ RunTime:0.000390s ]
[2023-11-21T14:13:56+08:00][sql] SELECT * FROM `nianbao_enterprise` WHERE  `id` = 9916  AND `status` = 1 LIMIT 1 [ RunTime:0.000174s ]
[2023-11-21T14:13:56+08:00][sql] SELECT * FROM `nianbao_enterprise_report` WHERE  `report_year` = '2022' LIMIT 1 [ RunTime:0.000157s ]
[2023-11-21T14:13:56+08:00][sql] SELECT * FROM `nianbao_enterprise` WHERE  `id` = 9923  AND `status` = 1 LIMIT 1 [ RunTime:0.000160s ]
[2023-11-21T14:13:56+08:00][sql] SELECT * FROM `nianbao_enterprise_report` WHERE  `report_year` = '2022' LIMIT 1 [ RunTime:0.000161s ]
[2023-11-21T14:13:56+08:00][sql] SELECT * FROM `nianbao_enterprise` WHERE  `id` = 9969  AND `status` = 1 LIMIT 1 [ RunTime:0.000160s ]
[2023-11-21T14:13:56+08:00][sql] SELECT * FROM `nianbao_enterprise_report` WHERE  `report_year` = '2022' LIMIT 1 [ RunTime:0.000157s ]
[2023-11-21T14:13:56+08:00][sql] SELECT * FROM `nianbao_enterprise` WHERE  `id` = 10018  AND `status` = 1 LIMIT 1 [ RunTime:0.000168s ]
[2023-11-21T14:13:56+08:00][sql] SELECT * FROM `nianbao_enterprise_report` WHERE  `report_year` = '2022' LIMIT 1 [ RunTime:0.000154s ]
[2023-11-21T14:13:56+08:00][sql] SELECT * FROM `nianbao_enterprise` WHERE  `id` = 10340  AND `status` = 1 LIMIT 1 [ RunTime:0.000162s ]
[2023-11-21T14:13:56+08:00][sql] SELECT * FROM `nianbao_enterprise_report` WHERE  `report_year` = '2022' LIMIT 1 [ RunTime:0.000152s ]
[2023-11-21T14:13:56+08:00][sql] SELECT * FROM `nianbao_enterprise` WHERE  `id` = 9402  AND `status` = 1 LIMIT 1 [ RunTime:0.000159s ]
[2023-11-21T14:13:56+08:00][sql] SELECT * FROM `nianbao_enterprise_report` WHERE  `report_year` = '2022' LIMIT 1 [ RunTime:0.000155s ]
[2023-11-21T14:13:56+08:00][sql] SELECT * FROM `nianbao_enterprise` WHERE  `id` = 10339  AND `status` = 1 LIMIT 1 [ RunTime:0.000172s ]
[2023-11-21T14:13:56+08:00][sql] SELECT * FROM `nianbao_enterprise_report` WHERE  `report_year` = '2022' LIMIT 1 [ RunTime:0.000152s ]
[2023-11-21T14:13:56+08:00][sql] SELECT * FROM `nianbao_enterprise` WHERE  `id` = 10234  AND `status` = 1 LIMIT 1 [ RunTime:0.000159s ]
[2023-11-21T14:13:56+08:00][sql] SELECT * FROM `nianbao_enterprise_report` WHERE  `report_year` = '2022' LIMIT 1 [ RunTime:0.000164s ]
[2023-11-21T14:13:56+08:00][sql] SELECT * FROM `nianbao_enterprise` WHERE  `id` = 10311  AND `status` = 1 LIMIT 1 [ RunTime:0.000158s ]
[2023-11-21T14:13:56+08:00][sql] SELECT * FROM `nianbao_enterprise_report` WHERE  `report_year` = '2022' LIMIT 1 [ RunTime:0.000153s ]
[2023-11-21T14:13:56+08:00][sql] SELECT * FROM `nianbao_enterprise` WHERE  `id` = 9653  AND `status` = 1 LIMIT 1 [ RunTime:0.000184s ]
[2023-11-21T14:13:56+08:00][sql] SELECT * FROM `nianbao_enterprise_report` WHERE  `report_year` = '2022' LIMIT 1 [ RunTime:0.000158s ]
[2023-11-21T14:13:56+08:00][sql] SELECT * FROM `nianbao_enterprise` WHERE  `id` = 10305  AND `status` = 1 LIMIT 1 [ RunTime:0.000170s ]
[2023-11-21T14:13:56+08:00][sql] SELECT * FROM `nianbao_enterprise_report` WHERE  `report_year` = '2022' LIMIT 1 [ RunTime:0.000158s ]
[2023-11-21T14:13:56+08:00][sql] SELECT * FROM `nianbao_enterprise` WHERE  `id` = 10298  AND `status` = 1 LIMIT 1 [ RunTime:0.000162s ]
[2023-11-21T14:13:56+08:00][sql] SELECT * FROM `nianbao_enterprise_report` WHERE  `report_year` = '2022' LIMIT 1 [ RunTime:0.000156s ]
[2023-11-21T14:13:56+08:00][sql] SELECT * FROM `nianbao_enterprise` WHERE  `id` = 10297  AND `status` = 1 LIMIT 1 [ RunTime:0.000167s ]
[2023-11-21T14:13:56+08:00][sql] SELECT * FROM `nianbao_enterprise_report` WHERE  `report_year` = '2022' LIMIT 1 [ RunTime:0.000161s ]
[2023-11-21T14:13:56+08:00][sql] SELECT * FROM `nianbao_enterprise` WHERE  `id` = 10292  AND `status` = 1 LIMIT 1 [ RunTime:0.000159s ]
[2023-11-21T14:13:56+08:00][sql] SELECT * FROM `nianbao_enterprise_report` WHERE  `report_year` = '2022' LIMIT 1 [ RunTime:0.000153s ]
[2023-11-21T14:13:56+08:00][sql] SELECT * FROM `nianbao_enterprise` WHERE  `id` = 9696  AND `status` = 1 LIMIT 1 [ RunTime:0.000161s ]
[2023-11-21T14:13:56+08:00][sql] SELECT * FROM `nianbao_enterprise_report` WHERE  `report_year` = '2022' LIMIT 1 [ RunTime:0.000160s ]
[2023-11-21T14:13:56+08:00][sql] SELECT * FROM `nianbao_enterprise` WHERE  `id` = 9696  AND `status` = 1 LIMIT 1 [ RunTime:0.000167s ]
[2023-11-21T14:13:56+08:00][sql] SELECT * FROM `nianbao_enterprise_report` WHERE  `report_year` = '2022' LIMIT 1 [ RunTime:0.000153s ]
[2023-11-21T14:13:56+08:00][sql] SELECT * FROM `nianbao_enterprise` WHERE  `id` = 10291  AND `status` = 1 LIMIT 1 [ RunTime:0.000173s ]
[2023-11-21T14:13:56+08:00][sql] SELECT * FROM `nianbao_enterprise_report` WHERE  `report_year` = '2022' LIMIT 1 [ RunTime:0.000165s ]
[2023-11-21T14:13:56+08:00][sql] SELECT * FROM `nianbao_enterprise` WHERE  `id` = 10262  AND `status` = 1 LIMIT 1 [ RunTime:0.000159s ]
[2023-11-21T14:13:56+08:00][sql] SELECT * FROM `nianbao_enterprise_report` WHERE  `report_year` = '2022' LIMIT 1 [ RunTime:0.000169s ]
[2023-11-21T14:13:56+08:00][sql] SELECT * FROM `nianbao_enterprise` WHERE  `id` = 10267  AND `status` = 1 LIMIT 1 [ RunTime:0.000174s ]
[2023-11-21T14:13:56+08:00][sql] SELECT * FROM `nianbao_enterprise_report` WHERE  `report_year` = '2022' LIMIT 1 [ RunTime:0.000161s ]
[2023-11-21T14:13:56+08:00][sql] SELECT * FROM `nianbao_enterprise` WHERE  `id` = 10255  AND `status` = 1 LIMIT 1 [ RunTime:0.000160s ]
[2023-11-21T14:13:56+08:00][sql] SELECT * FROM `nianbao_enterprise_report` WHERE  `report_year` = '2022' LIMIT 1 [ RunTime:0.000154s ]
[2023-11-21T14:13:56+08:00][sql] SELECT * FROM `nianbao_enterprise` WHERE  `id` = 10240  AND `status` = 1 LIMIT 1 [ RunTime:0.000167s ]
[2023-11-21T14:13:56+08:00][sql] SELECT * FROM `nianbao_enterprise_report` WHERE  `report_year` = '2022' LIMIT 1 [ RunTime:0.000152s ]
[2023-11-21T14:13:56+08:00][sql] SELECT * FROM `nianbao_enterprise` WHERE  `id` = 10179  AND `status` = 1 LIMIT 1 [ RunTime:0.000157s ]
[2023-11-21T14:13:56+08:00][sql] SELECT * FROM `nianbao_enterprise_report` WHERE  `report_year` = '2022' LIMIT 1 [ RunTime:0.000160s ]
[2023-11-21T14:13:56+08:00][sql] SELECT * FROM `nianbao_enterprise` WHERE  `id` = 10185  AND `status` = 1 LIMIT 1 [ RunTime:0.000162s ]
[2023-11-21T14:13:56+08:00][sql] SELECT * FROM `nianbao_enterprise_report` WHERE  `report_year` = '2022' LIMIT 1 [ RunTime:0.000162s ]
[2023-11-21T14:13:56+08:00][sql] SELECT * FROM `nianbao_enterprise` WHERE  `id` = 9668  AND `status` = 1 LIMIT 1 [ RunTime:0.000155s ]
[2023-11-21T14:13:56+08:00][sql] SELECT * FROM `nianbao_enterprise_report` WHERE  `report_year` = '2022' LIMIT 1 [ RunTime:0.000152s ]
[2023-11-21T14:13:56+08:00][sql] SELECT * FROM `nianbao_enterprise` WHERE  `id` = 10203  AND `status` = 1 LIMIT 1 [ RunTime:0.000159s ]
[2023-11-21T14:13:56+08:00][sql] SELECT * FROM `nianbao_enterprise_report` WHERE  `report_year` = '2022' LIMIT 1 [ RunTime:0.000160s ]
[2023-11-21T14:13:56+08:00][sql] SELECT * FROM `nianbao_enterprise` WHERE  `id` = 9663  AND `status` = 1 LIMIT 1 [ RunTime:0.000164s ]
[2023-11-21T14:13:56+08:00][sql] SELECT * FROM `nianbao_enterprise_report` WHERE  `report_year` = '2022' LIMIT 1 [ RunTime:0.000153s ]
[2023-11-21T14:13:56+08:00][sql] SELECT * FROM `nianbao_enterprise` WHERE  `id` = 10204  AND `status` = 1 LIMIT 1 [ RunTime:0.000168s ]
[2023-11-21T14:13:56+08:00][sql] SELECT * FROM `nianbao_enterprise_report` WHERE  `report_year` = '2022' LIMIT 1 [ RunTime:0.000149s ]
[2023-11-21T14:13:56+08:00][sql] SELECT * FROM `nianbao_enterprise` WHERE  `id` = 74  AND `status` = 1 LIMIT 1 [ RunTime:0.000182s ]
[2023-11-21T14:13:56+08:00][sql] SELECT * FROM `nianbao_enterprise_report` WHERE  `enterprise_code` = '913707834932497352'  AND `report_year` = '2022' LIMIT 1 [ RunTime:0.000211s ]
[2023-11-21T14:13:56+08:00][sql] SELECT * FROM `nianbao_enterprise` WHERE  `id` = 2043  AND `status` = 1 LIMIT 1 [ RunTime:0.000185s ]
[2023-11-21T14:13:56+08:00][sql] SELECT * FROM `nianbao_enterprise_report` WHERE  `enterprise_code` = '92370681MA7EKPDQ5Q'  AND `report_year` = '2022' LIMIT 1 [ RunTime:0.000797s ]
[2023-11-21T14:13:56+08:00][sql] SELECT * FROM `nianbao_enterprise` WHERE  `id` = 10150  AND `status` = 1 LIMIT 1 [ RunTime:0.000191s ]
[2023-11-21T14:13:56+08:00][sql] SELECT * FROM `nianbao_enterprise_report` WHERE  `report_year` = '2022' LIMIT 1 [ RunTime:0.000167s ]
[2023-11-21T14:13:56+08:00][sql] SELECT * FROM `nianbao_enterprise` WHERE  `id` = 10162  AND `status` = 1 LIMIT 1 [ RunTime:0.000168s ]
[2023-11-21T14:13:56+08:00][sql] SELECT * FROM `nianbao_enterprise_report` WHERE  `report_year` = '2022' LIMIT 1 [ RunTime:0.000168s ]
[2023-11-21T14:13:56+08:00][sql] SELECT * FROM `nianbao_enterprise` WHERE  `id` = 10152  AND `status` = 1 LIMIT 1 [ RunTime:0.000168s ]
[2023-11-21T14:13:56+08:00][sql] SELECT * FROM `nianbao_enterprise_report` WHERE  `report_year` = '2022' LIMIT 1 [ RunTime:0.000165s ]
[2023-11-21T14:13:56+08:00][sql] SELECT * FROM `nianbao_enterprise` WHERE  `id` = 9629  AND `status` = 1 LIMIT 1 [ RunTime:0.000185s ]
[2023-11-21T14:13:56+08:00][sql] SELECT * FROM `nianbao_enterprise_report` WHERE  `report_year` = '2022' LIMIT 1 [ RunTime:0.000154s ]
[2023-11-21T14:13:56+08:00][sql] SELECT * FROM `nianbao_enterprise` WHERE  `id` = 9629  AND `status` = 1 LIMIT 1 [ RunTime:0.000173s ]
[2023-11-21T14:13:56+08:00][sql] SELECT * FROM `nianbao_enterprise_report` WHERE  `report_year` = '2022' LIMIT 1 [ RunTime:0.000156s ]
[2023-11-21T14:13:56+08:00][sql] SELECT * FROM `nianbao_enterprise` WHERE  `id` = 9595  AND `status` = 1 LIMIT 1 [ RunTime:0.000157s ]
[2023-11-21T14:13:56+08:00][sql] SELECT * FROM `nianbao_enterprise_report` WHERE  `report_year` = '2022' LIMIT 1 [ RunTime:0.000171s ]
[2023-11-21T14:13:56+08:00][sql] SELECT * FROM `nianbao_enterprise` WHERE  `id` = 9595  AND `status` = 1 LIMIT 1 [ RunTime:0.000175s ]
[2023-11-21T14:13:56+08:00][sql] SELECT * FROM `nianbao_enterprise_report` WHERE  `report_year` = '2022' LIMIT 1 [ RunTime:0.000160s ]
[2023-11-21T14:13:56+08:00][sql] SELECT * FROM `nianbao_enterprise` WHERE  `id` = 9601  AND `status` = 1 LIMIT 1 [ RunTime:0.000169s ]
[2023-11-21T14:13:56+08:00][sql] SELECT * FROM `nianbao_enterprise_report` WHERE  `report_year` = '2022' LIMIT 1 [ RunTime:0.000154s ]
[2023-11-21T14:13:56+08:00][sql] SELECT * FROM `nianbao_enterprise` WHERE  `id` = 10084  AND `status` = 1 LIMIT 1 [ RunTime:0.000163s ]
[2023-11-21T14:13:56+08:00][sql] SELECT * FROM `nianbao_enterprise_report` WHERE  `report_year` = '2022' LIMIT 1 [ RunTime:0.000169s ]
[2023-11-21T14:13:56+08:00][sql] SELECT * FROM `nianbao_enterprise` WHERE  `id` = 3  AND `status` = 1 LIMIT 1 [ RunTime:0.000165s ]
[2023-11-21T14:13:56+08:00][sql] SELECT * FROM `nianbao_enterprise_report` WHERE  `enterprise_code` = '91370702MA3D6XQH1R'  AND `report_year` = '2022' LIMIT 1 [ RunTime:0.000173s ]
[2023-11-21T14:13:56+08:00][sql] SELECT * FROM `nianbao_enterprise` WHERE  `id` = 8799  AND `status` = 1 LIMIT 1 [ RunTime:0.000175s ]
[2023-11-21T14:13:56+08:00][sql] SELECT * FROM `nianbao_enterprise_report` WHERE  `report_year` = '2022' LIMIT 1 [ RunTime:0.000152s ]
[2023-11-21T14:13:56+08:00][sql] SELECT * FROM `nianbao_enterprise` WHERE  `id` = 8799  AND `status` = 1 LIMIT 1 [ RunTime:0.000169s ]
[2023-11-21T14:13:56+08:00][sql] SELECT * FROM `nianbao_enterprise_report` WHERE  `report_year` = '2022' LIMIT 1 [ RunTime:0.000168s ]
[2023-11-21T14:13:56+08:00][sql] SELECT * FROM `nianbao_enterprise` WHERE  `id` = 8727  AND `status` = 1 LIMIT 1 [ RunTime:0.000157s ]
[2023-11-21T14:13:56+08:00][sql] SELECT * FROM `nianbao_enterprise_report` WHERE  `report_year` = '2022' LIMIT 1 [ RunTime:0.000166s ]
[2023-11-21T14:13:56+08:00][sql] SELECT * FROM `nianbao_enterprise` WHERE  `id` = 8620  AND `status` = 1 LIMIT 1 [ RunTime:0.000161s ]
[2023-11-21T14:13:56+08:00][sql] SELECT * FROM `nianbao_enterprise_report` WHERE  `report_year` = '2022' LIMIT 1 [ RunTime:0.000151s ]
[2023-11-21T14:13:56+08:00][sql] SELECT * FROM `nianbao_enterprise` WHERE  `id` = 8597  AND `status` = 1 LIMIT 1 [ RunTime:0.000170s ]
[2023-11-21T14:13:56+08:00][sql] SELECT * FROM `nianbao_enterprise_report` WHERE  `report_year` = '2022' LIMIT 1 [ RunTime:0.000155s ]
[2023-11-21T14:13:56+08:00][sql] SELECT * FROM `nianbao_enterprise` WHERE  `id` = 8597  AND `status` = 1 LIMIT 1 [ RunTime:0.000162s ]
[2023-11-21T14:13:56+08:00][sql] SELECT * FROM `nianbao_enterprise_report` WHERE  `report_year` = '2022' LIMIT 1 [ RunTime:0.000163s ]
[2023-11-21T14:13:56+08:00][sql] SELECT * FROM `nianbao_enterprise` WHERE  `id` = 9576  AND `status` = 1 LIMIT 1 [ RunTime:0.000160s ]
[2023-11-21T14:13:56+08:00][sql] SELECT * FROM `nianbao_enterprise_report` WHERE  `report_year` = '2022' LIMIT 1 [ RunTime:0.000158s ]
[2023-11-21T14:13:56+08:00][sql] SELECT * FROM `nianbao_enterprise` WHERE  `id` = 9576  AND `status` = 1 LIMIT 1 [ RunTime:0.000161s ]
[2023-11-21T14:13:56+08:00][sql] SELECT * FROM `nianbao_enterprise_report` WHERE  `report_year` = '2022' LIMIT 1 [ RunTime:0.000154s ]
[2023-11-21T14:13:56+08:00][sql] SELECT * FROM `nianbao_enterprise` WHERE  `id` = 9576  AND `status` = 1 LIMIT 1 [ RunTime:0.000157s ]
[2023-11-21T14:13:56+08:00][sql] SELECT * FROM `nianbao_enterprise_report` WHERE  `report_year` = '2022' LIMIT 1 [ RunTime:0.000152s ]
[2023-11-21T14:13:56+08:00][sql] SELECT * FROM `nianbao_enterprise` WHERE  `id` = 8416  AND `status` = 1 LIMIT 1 [ RunTime:0.000160s ]
[2023-11-21T14:13:56+08:00][sql] SELECT * FROM `nianbao_enterprise_report` WHERE  `report_year` = '2022' LIMIT 1 [ RunTime:0.000157s ]
[2023-11-21T14:13:56+08:00][sql] SELECT * FROM `nianbao_enterprise` WHERE  `id` = 971  AND `status` = 1 LIMIT 1 [ RunTime:0.000175s ]
[2023-11-21T14:13:56+08:00][sql] SELECT * FROM `nianbao_enterprise_report` WHERE  `enterprise_code` = '913708006755224216'  AND `report_year` = '2022' LIMIT 1 [ RunTime:0.000470s ]
[2023-11-21T14:13:56+08:00][sql] SELECT * FROM `nianbao_enterprise` WHERE  `id` = 1022  AND `status` = 1 LIMIT 1 [ RunTime:0.000186s ]
[2023-11-21T14:13:56+08:00][sql] SELECT * FROM `nianbao_enterprise_report` WHERE  `enterprise_code` = '91370800493950716R'  AND `report_year` = '2022' LIMIT 1 [ RunTime:0.000488s ]
[2023-11-21T14:13:56+08:00][sql] SELECT * FROM `nianbao_enterprise` WHERE  `id` = 4  AND `status` = 1 LIMIT 1 [ RunTime:0.000190s ]
[2023-11-21T14:13:56+08:00][sql] SELECT * FROM `nianbao_enterprise_report` WHERE  `enterprise_code` = '91370703MA3N526714'  AND `report_year` = '2022' LIMIT 1 [ RunTime:0.000170s ]
[2023-11-21T14:13:56+08:00][sql] SELECT * FROM `nianbao_enterprise` WHERE  `id` = 1029  AND `status` = 1 LIMIT 1 [ RunTime:0.000180s ]
[2023-11-21T14:13:56+08:00][sql] SELECT * FROM `nianbao_enterprise_report` WHERE  `enterprise_code` = '92370826MA3UYBDB8H'  AND `report_year` = '2022' LIMIT 1 [ RunTime:0.000458s ]
[2023-11-21T14:13:56+08:00][sql] SELECT * FROM `nianbao_enterprise` WHERE  `id` = 7578  AND `status` = 1 LIMIT 1 [ RunTime:0.000178s ]
[2023-11-21T14:13:56+08:00][sql] SELECT * FROM `nianbao_enterprise_report` WHERE  `report_year` = '2022' LIMIT 1 [ RunTime:0.000157s ]
[2023-11-21T14:13:56+08:00][sql] SELECT * FROM `nianbao_enterprise` WHERE  `id` = 3  AND `status` = 1 LIMIT 1 [ RunTime:0.000168s ]
[2023-11-21T14:13:56+08:00][sql] SELECT * FROM `nianbao_enterprise_report` WHERE  `enterprise_code` = '91370702MA3D6XQH1R'  AND `report_year` = '2022' LIMIT 1 [ RunTime:0.000177s ]
[2023-11-21T14:13:56+08:00][sql] SELECT * FROM `nianbao_enterprise` WHERE  `id` = 1029  AND `status` = 1 LIMIT 1 [ RunTime:0.000171s ]
[2023-11-21T14:13:56+08:00][sql] SELECT * FROM `nianbao_enterprise_report` WHERE  `enterprise_code` = '92370826MA3UYBDB8H'  AND `report_year` = '2022' LIMIT 1 [ RunTime:0.000464s ]
[2023-11-21T14:13:56+08:00][sql] SELECT * FROM `nianbao_enterprise` WHERE  `id` = 2956  AND `status` = 1 LIMIT 1 [ RunTime:0.000188s ]
[2023-11-21T14:13:56+08:00][sql] SELECT * FROM `nianbao_enterprise_report` WHERE  `enterprise_code` = '92440101MA9Y8C0U6T'  AND `report_year` = '2022' LIMIT 1 [ RunTime:0.001020s ]
[2023-11-21T14:13:56+08:00][sql] SELECT * FROM `nianbao_enterprise` WHERE  `id` = 7576  AND `status` = 1 LIMIT 1 [ RunTime:0.000189s ]
[2023-11-21T14:13:56+08:00][sql] SELECT * FROM `nianbao_enterprise_report` WHERE  `report_year` = '2022' LIMIT 1 [ RunTime:0.000171s ]
[2023-11-21T14:13:56+08:00][sql] SELECT * FROM `nianbao_enterprise` WHERE  `id` = 7577  AND `status` = 1 LIMIT 1 [ RunTime:0.000168s ]
[2023-11-21T14:13:56+08:00][sql] SELECT * FROM `nianbao_enterprise_report` WHERE  `report_year` = '2022' LIMIT 1 [ RunTime:0.000166s ]
[2023-11-21T14:13:56+08:00][sql] SELECT * FROM `nianbao_enterprise` WHERE  `id` = 6078  AND `status` = 1 LIMIT 1 [ RunTime:0.000179s ]
[2023-11-21T14:13:56+08:00][sql] SELECT * FROM `nianbao_enterprise_report` WHERE  `enterprise_code` = '92440101MA5CWE0K3B'  AND `report_year` = '2022' LIMIT 1 [ RunTime:0.002062s ]
[2023-11-21T14:13:56+08:00][sql] SELECT * FROM `nianbao_enterprise` WHERE  `id` = 6273  AND `status` = 1 LIMIT 1 [ RunTime:0.000217s ]
[2023-11-21T14:13:56+08:00][sql] SELECT * FROM `nianbao_enterprise_report` WHERE  `enterprise_code` = '92440101MA5CD3UR8N'  AND `report_year` = '2022' LIMIT 1 [ RunTime:0.002167s ]
[2023-11-21T14:13:56+08:00][sql] SELECT * FROM `nianbao_enterprise` WHERE  `id` = 6166  AND `status` = 1 LIMIT 1 [ RunTime:0.000216s ]
[2023-11-21T14:13:56+08:00][sql] SELECT * FROM `nianbao_enterprise_report` WHERE  `enterprise_code` = '92440101MA9UQN3Q78'  AND `report_year` = '2022' LIMIT 1 [ RunTime:0.002083s ]
[2023-11-21T14:13:56+08:00][sql] SELECT * FROM `nianbao_enterprise` WHERE  `id` = 3348  AND `status` = 1 LIMIT 1 [ RunTime:0.000216s ]
[2023-11-21T14:13:56+08:00][sql] SELECT * FROM `nianbao_enterprise_report` WHERE  `enterprise_code` = '92440101MA9XR8YK2L'  AND `report_year` = '2022' LIMIT 1 [ RunTime:0.001173s ]
[2023-11-21T14:13:56+08:00][sql] SELECT * FROM `nianbao_enterprise` WHERE  `id` = 2957  AND `status` = 1 LIMIT 1 [ RunTime:0.000195s ]
[2023-11-21T14:13:56+08:00][sql] SELECT * FROM `nianbao_enterprise_report` WHERE  `enterprise_code` = '92440101MA9UYCNC3H'  AND `report_year` = '2022' LIMIT 1 [ RunTime:0.001029s ]
[2023-11-21T14:13:56+08:00][sql] SELECT * FROM `nianbao_enterprise` WHERE  `id` = 2957  AND `status` = 1 LIMIT 1 [ RunTime:0.000196s ]
[2023-11-21T14:13:56+08:00][sql] SELECT * FROM `nianbao_enterprise_report` WHERE  `enterprise_code` = '92440101MA9UYCNC3H'  AND `report_year` = '2022' LIMIT 1 [ RunTime:0.001035s ]
[2023-11-21T14:13:56+08:00][sql] SELECT * FROM `nianbao_enterprise` WHERE  `id` = 708  AND `status` = 1 LIMIT 1 [ RunTime:0.000196s ]
[2023-11-21T14:13:56+08:00][sql] SELECT * FROM `nianbao_enterprise_report` WHERE  `enterprise_code` = '91320300664936565L'  AND `report_year` = '2022' LIMIT 1 [ RunTime:0.000411s ]
[2023-11-21T14:13:56+08:00][sql] SELECT * FROM `nianbao_enterprise` WHERE  `id` = 1029  AND `status` = 1 LIMIT 1 [ RunTime:0.000178s ]
[2023-11-21T14:13:56+08:00][sql] SELECT * FROM `nianbao_enterprise_report` WHERE  `enterprise_code` = '92370826MA3UYBDB8H'  AND `report_year` = '2022' LIMIT 1 [ RunTime:0.000476s ]
[2023-11-21T14:13:56+08:00][sql] SELECT * FROM `nianbao_enterprise` WHERE  `id` = 117  AND `status` = 1 LIMIT 1 [ RunTime:0.000176s ]
[2023-11-21T14:13:56+08:00][sql] SELECT * FROM `nianbao_enterprise_report` WHERE  `enterprise_code` = '91370700493049899X'  AND `report_year` = '2022' LIMIT 1 [ RunTime:0.000221s ]
[2023-11-21T14:13:56+08:00][sql] SELECT * FROM `nianbao_enterprise` WHERE  `id` = 1485  AND `status` = 1 LIMIT 1 [ RunTime:0.000185s ]
[2023-11-21T14:13:56+08:00][sql] SELECT * FROM `nianbao_enterprise_report` WHERE  `enterprise_code` = '92370602MA7CL8E81A'  AND `report_year` = '2022' LIMIT 1 [ RunTime:0.000623s ]
[2023-11-21T14:13:56+08:00][sql] SELECT * FROM `nianbao_enterprise` WHERE  `id` = 1824  AND `status` = 1 LIMIT 1 [ RunTime:0.000192s ]
[2023-11-21T14:13:56+08:00][sql] SELECT * FROM `nianbao_enterprise_report` WHERE  `enterprise_code` = '92370687MA3WF0K6XF'  AND `report_year` = '2022' LIMIT 1 [ RunTime:0.000721s ]
[2023-11-21T14:13:56+08:00][sql] SELECT * FROM `nianbao_enterprise` WHERE  `id` = 746  AND `status` = 1 LIMIT 1 [ RunTime:0.000188s ]
[2023-11-21T14:13:56+08:00][sql] SELECT * FROM `nianbao_enterprise_report` WHERE  `enterprise_code` = '91320000134750915N'  AND `report_year` = '2022' LIMIT 1 [ RunTime:0.000397s ]
[2023-11-21T14:13:56+08:00][sql] SELECT * FROM `nianbao_enterprise` WHERE  `id` = 711  AND `status` = 1 LIMIT 1 [ RunTime:0.000185s ]
[2023-11-21T14:13:56+08:00][sql] SELECT * FROM `nianbao_enterprise_report` WHERE  `enterprise_code` = '91320300720588738B'  AND `report_year` = '2022' LIMIT 1 [ RunTime:0.000378s ]
[2023-11-21T14:13:56+08:00][sql] SELECT * FROM `nianbao_enterprise` WHERE  `id` = 708  AND `status` = 1 LIMIT 1 [ RunTime:0.000188s ]
[2023-11-21T14:13:56+08:00][sql] SELECT * FROM `nianbao_enterprise_report` WHERE  `enterprise_code` = '91320300664936565L'  AND `report_year` = '2022' LIMIT 1 [ RunTime:0.000380s ]
[2023-11-21T14:13:56+08:00][sql] SELECT * FROM `nianbao_enterprise` WHERE  `id` = 708  AND `status` = 1 LIMIT 1 [ RunTime:0.000182s ]
[2023-11-21T14:13:56+08:00][sql] SELECT * FROM `nianbao_enterprise_report` WHERE  `enterprise_code` = '91320300664936565L'  AND `report_year` = '2022' LIMIT 1 [ RunTime:0.000374s ]
[2023-11-21T14:13:56+08:00][sql] SELECT * FROM `nianbao_enterprise` WHERE  `id` = 6  AND `status` = 1 LIMIT 1 [ RunTime:0.000178s ]
[2023-11-21T14:13:56+08:00][sql] SELECT * FROM `nianbao_enterprise_report` WHERE  `enterprise_code` = '913707047266862756'  AND `report_year` = '2022' LIMIT 1 [ RunTime:0.000177s ]
[2023-11-21T14:13:56+08:00][sql] SELECT * FROM `nianbao_enterprise` WHERE  `id` = 19  AND `status` = 1 LIMIT 1 [ RunTime:0.000165s ]
[2023-11-21T14:13:56+08:00][sql] SELECT * FROM `nianbao_enterprise_report` WHERE  `enterprise_code` = '913707834939611409'  AND `report_year` = '2022' LIMIT 1 [ RunTime:0.000182s ]
[2023-11-21T14:13:56+08:00][sql] SELECT * FROM `nianbao_enterprise` WHERE  `id` = 761  AND `status` = 1 LIMIT 1 [ RunTime:0.000168s ]
[2023-11-21T14:13:56+08:00][sql] SELECT * FROM `nianbao_enterprise_report` WHERE  `enterprise_code` = '913203001364236510'  AND `report_year` = '2022' LIMIT 1 [ RunTime:0.000394s ]
[2023-11-21T14:13:56+08:00][sql] SELECT * FROM `nianbao_enterprise` WHERE  `id` = 708  AND `status` = 1 LIMIT 1 [ RunTime:0.000175s ]
[2023-11-21T14:13:56+08:00][sql] SELECT * FROM `nianbao_enterprise_report` WHERE  `enterprise_code` = '91320300664936565L'  AND `report_year` = '2022' LIMIT 1 [ RunTime:0.000375s ]
[2023-11-21T14:13:56+08:00][sql] SELECT * FROM `nianbao_enterprise` WHERE  `id` = 2636  AND `status` = 1 LIMIT 1 [ RunTime:0.000202s ]
[2023-11-21T14:13:56+08:00][sql] SELECT * FROM `nianbao_enterprise_report` WHERE  `enterprise_code` = '92370687MA94ELF49Q'  AND `report_year` = '2022' LIMIT 1 [ RunTime:0.000979s ]
[2023-11-21T14:13:56+08:00][sql] SELECT * FROM `nianbao_enterprise` WHERE  `id` = 708  AND `status` = 1 LIMIT 1 [ RunTime:0.000199s ]
[2023-11-21T14:13:56+08:00][sql] SELECT * FROM `nianbao_enterprise_report` WHERE  `enterprise_code` = '91320300664936565L'  AND `report_year` = '2022' LIMIT 1 [ RunTime:0.000389s ]
[2023-11-21T14:13:56+08:00][sql] SELECT * FROM `nianbao_enterprise` WHERE  `id` = 17  AND `status` = 1 LIMIT 1 [ RunTime:0.000177s ]
[2023-11-21T14:13:56+08:00][sql] SELECT * FROM `nianbao_enterprise_report` WHERE  `enterprise_code` = '913707050523907339'  AND `report_year` = '2022' LIMIT 1 [ RunTime:0.000191s ]
[2023-11-21T14:13:56+08:00][sql] SELECT * FROM `nianbao_enterprise` WHERE  `id` = 3  AND `status` = 1 LIMIT 1 [ RunTime:0.000172s ]
[2023-11-21T14:13:56+08:00][sql] SELECT * FROM `nianbao_enterprise_report` WHERE  `enterprise_code` = '91370702MA3D6XQH1R'  AND `report_year` = '2022' LIMIT 1 [ RunTime:0.000181s ]
[2023-11-21T14:13:56+08:00][sql] SELECT * FROM `nianbao_enterprise` WHERE  `id` = 940  AND `status` = 1 LIMIT 1 [ RunTime:0.000181s ]
[2023-11-21T14:13:56+08:00][sql] SELECT * FROM `nianbao_enterprise_report` WHERE  `enterprise_code` = '913203017206188026'  AND `report_year` = '2022' LIMIT 1 [ RunTime:0.000466s ]
[2023-11-21T14:13:56+08:00][sql] SELECT * FROM `nianbao_enterprise` WHERE  `id` = 8  AND `status` = 1 LIMIT 1 [ RunTime:0.000177s ]
[2023-11-21T14:13:56+08:00][sql] SELECT * FROM `nianbao_enterprise_report` WHERE  `enterprise_code` = '91370783MA3CHMCW4D'  AND `report_year` = '2022' LIMIT 1 [ RunTime:0.000180s ]
[2023-11-21T14:13:56+08:00][sql] SELECT * FROM `nianbao_enterprise` WHERE  `id` = 1  AND `status` = 1 LIMIT 1 [ RunTime:0.000175s ]
[2023-11-21T14:13:56+08:00][sql] SELECT * FROM `nianbao_enterprise_report` WHERE  `report_year` = '2022' LIMIT 1 [ RunTime:0.000156s ]
[2023-11-21T14:13:56+08:00][sql] SELECT * FROM `nianbao_enterprise` WHERE  `id` = 708  AND `status` = 1 LIMIT 1 [ RunTime:0.000181s ]
[2023-11-21T14:13:56+08:00][sql] SELECT * FROM `nianbao_enterprise_report` WHERE  `enterprise_code` = '91320300664936565L'  AND `report_year` = '2022' LIMIT 1 [ RunTime:0.000380s ]
[2023-11-21T14:13:56+08:00][sql] SELECT * FROM `nianbao_enterprise` WHERE  `id` = 2573  AND `status` = 1 LIMIT 1 [ RunTime:0.000184s ]
[2023-11-21T14:13:56+08:00][sql] SELECT * FROM `nianbao_enterprise_report` WHERE  `enterprise_code` = '92370634MA94TBLT6M'  AND `report_year` = '2022' LIMIT 1 [ RunTime:0.000944s ]
[2023-11-21T14:13:56+08:00][sql] SELECT * FROM `nianbao_enterprise` WHERE  `id` = 713  AND `status` = 1 LIMIT 1 [ RunTime:0.000189s ]
[2023-11-21T14:13:56+08:00][sql] SELECT * FROM `nianbao_enterprise_report` WHERE  `enterprise_code` = '91320000134750616Q'  AND `report_year` = '2022' LIMIT 1 [ RunTime:0.000405s ]
[2023-11-21T14:13:56+08:00][sql] SELECT * FROM `nianbao_enterprise` WHERE  `id` = 1030  AND `status` = 1 LIMIT 1 [ RunTime:0.000174s ]
[2023-11-21T14:13:56+08:00][sql] SELECT * FROM `nianbao_enterprise_report` WHERE  `enterprise_code` = '91370882562544157p'  AND `report_year` = '2022' LIMIT 1 [ RunTime:0.000494s ]
[2023-11-21T14:13:56+08:00][sql] SELECT * FROM `nianbao_enterprise` WHERE  `id` = 709  AND `status` = 1 LIMIT 1 [ RunTime:0.000175s ]
[2023-11-21T14:13:56+08:00][sql] SELECT * FROM `nianbao_enterprise_report` WHERE  `enterprise_code` = '91320300136442270G'  AND `report_year` = '2022' LIMIT 1 [ RunTime:0.000405s ]
[2023-11-21T14:13:56+08:00][sql] SELECT * FROM `nianbao_enterprise` WHERE  `id` = 710  AND `status` = 1 LIMIT 1 [ RunTime:0.000176s ]
[2023-11-21T14:13:56+08:00][sql] SELECT * FROM `nianbao_enterprise_report` WHERE  `enterprise_code` = '91320300MA1P2FW74J'  AND `report_year` = '2022' LIMIT 1 [ RunTime:0.000391s ]
[2023-11-21T14:13:56+08:00][sql] SELECT * FROM `nianbao_enterprise` WHERE  `id` = 1004  AND `status` = 1 LIMIT 1 [ RunTime:0.000176s ]
[2023-11-21T14:13:56+08:00][sql] SELECT * FROM `nianbao_enterprise_report` WHERE  `enterprise_code` = '91370830746572988Y'  AND `report_year` = '2022' LIMIT 1 [ RunTime:0.000498s ]
[2023-11-21T14:13:56+08:00][sql] SELECT * FROM `nianbao_enterprise` WHERE  `id` = 713  AND `status` = 1 LIMIT 1 [ RunTime:0.000175s ]
[2023-11-21T14:13:56+08:00][sql] SELECT * FROM `nianbao_enterprise_report` WHERE  `enterprise_code` = '91320000134750616Q'  AND `report_year` = '2022' LIMIT 1 [ RunTime:0.000395s ]
[2023-11-21T14:13:56+08:00][sql] SELECT * FROM `nianbao_enterprise` WHERE  `id` = 791  AND `status` = 1 LIMIT 1 [ RunTime:0.000190s ]
[2023-11-21T14:13:56+08:00][sql] SELECT * FROM `nianbao_enterprise_report` WHERE  `enterprise_code` = '91320300565311615W'  AND `report_year` = '2022' LIMIT 1 [ RunTime:0.000423s ]
[2023-11-21T14:13:56+08:00][sql] SELECT * FROM `nianbao_enterprise` WHERE  `id` = 1029  AND `status` = 1 LIMIT 1 [ RunTime:0.000174s ]
[2023-11-21T14:13:56+08:00][sql] SELECT * FROM `nianbao_enterprise_report` WHERE  `enterprise_code` = '92370826MA3UYBDB8H'  AND `report_year` = '2022' LIMIT 1 [ RunTime:0.000479s ]
[2023-11-21T14:13:56+08:00][sql] SELECT * FROM `nianbao_enterprise` WHERE  `id` = 1029  AND `status` = 1 LIMIT 1 [ RunTime:0.000171s ]
[2023-11-21T14:13:56+08:00][sql] SELECT * FROM `nianbao_enterprise_report` WHERE  `enterprise_code` = '92370826MA3UYBDB8H'  AND `report_year` = '2022' LIMIT 1 [ RunTime:0.000473s ]
[2023-11-21T14:13:56+08:00][sql] SELECT * FROM `nianbao_enterprise` WHERE  `id` = 972  AND `status` = 1 LIMIT 1 [ RunTime:0.000170s ]
[2023-11-21T14:13:56+08:00][sql] SELECT * FROM `nianbao_enterprise_report` WHERE  `enterprise_code` = '91370800723876735L'  AND `report_year` = '2022' LIMIT 1 [ RunTime:0.000483s ]
[2023-11-21T14:13:56+08:00][sql] SELECT * FROM `nianbao_enterprise` WHERE  `id` = 121  AND `status` = 1 LIMIT 1 [ RunTime:0.000176s ]
[2023-11-21T14:13:56+08:00][sql] SELECT * FROM `nianbao_enterprise_report` WHERE  `enterprise_code` = '91370702165421372U'  AND `report_year` = '2022' LIMIT 1 [ RunTime:0.000225s ]
[2023-11-21T14:13:56+08:00][sql] SELECT * FROM `nianbao_enterprise` WHERE  `id` = 2  AND `status` = 1 LIMIT 1 [ RunTime:0.000170s ]
[2023-11-21T14:13:56+08:00][sql] SELECT * FROM `nianbao_enterprise_report` WHERE  `enterprise_code` = '911354248648979855'  AND `report_year` = '2022' LIMIT 1 [ RunTime:0.000176s ]
[2023-11-21T14:13:56+08:00][sql] SELECT * FROM `nianbao_enterprise` WHERE  `id` = 1029  AND `status` = 1 LIMIT 1 [ RunTime:0.000179s ]
[2023-11-21T14:13:56+08:00][sql] SELECT * FROM `nianbao_enterprise_report` WHERE  `enterprise_code` = '92370826MA3UYBDB8H'  AND `report_year` = '2022' LIMIT 1 [ RunTime:0.000460s ]
[2023-11-21T14:13:56+08:00][sql] SELECT * FROM `nianbao_enterprise` WHERE  `id` = 2  AND `status` = 1 LIMIT 1 [ RunTime:0.000190s ]
[2023-11-21T14:13:56+08:00][sql] SELECT * FROM `nianbao_enterprise_report` WHERE  `enterprise_code` = '911354248648979855'  AND `report_year` = '2022' LIMIT 1 [ RunTime:0.000168s ]
[2023-11-21T14:13:56+08:00][sql] SELECT * FROM `nianbao_enterprise` WHERE  `id` = 12  AND `status` = 1 LIMIT 1 [ RunTime:0.000179s ]
[2023-11-21T14:13:56+08:00][sql] SELECT * FROM `nianbao_enterprise_report` WHERE  `enterprise_code` = '913707006667156276'  AND `report_year` = '2022' LIMIT 1 [ RunTime:0.000180s ]
[2023-11-21T14:13:56+08:00][sql] SELECT * FROM `nianbao_enterprise` WHERE  `id` = 1  AND `status` = 1 LIMIT 1 [ RunTime:0.000176s ]
[2023-11-21T14:13:56+08:00][sql] SELECT * FROM `nianbao_enterprise_report` WHERE  `report_year` = '2022' LIMIT 1 [ RunTime:0.000158s ]
[2023-11-21T14:13:56+08:00][sql] SELECT * FROM `nianbao_enterprise` WHERE  `id` = 971  AND `status` = 1 LIMIT 1 [ RunTime:0.000171s ]
[2023-11-21T14:13:56+08:00][sql] SELECT * FROM `nianbao_enterprise_report` WHERE  `enterprise_code` = '913708006755224216'  AND `report_year` = '2022' LIMIT 1 [ RunTime:0.000492s ]
[2023-11-21T14:13:56+08:00][sql] SELECT * FROM `nianbao_enterprise` WHERE  `id` = 1  AND `status` = 1 LIMIT 1 [ RunTime:0.000178s ]
[2023-11-21T14:13:56+08:00][sql] SELECT * FROM `nianbao_enterprise_report` WHERE  `report_year` = '2022' LIMIT 1 [ RunTime:0.000165s ]
[2023-11-21T14:13:56+08:00][sql] SELECT * FROM `nianbao_enterprise` WHERE  `id` = 1  AND `status` = 1 LIMIT 1 [ RunTime:0.000180s ]
[2023-11-21T14:13:56+08:00][sql] SELECT * FROM `nianbao_enterprise_report` WHERE  `report_year` = '2022' LIMIT 1 [ RunTime:0.000163s ]
[2023-11-21T14:13:57+08:00][sql] CONNECT:[ UseTime:0.000368s ] mysql:host=127.0.0.1;port=3306;dbname=nianbao;charset=utf8
[2023-11-21T14:13:57+08:00][sql] SHOW FULL COLUMNS FROM `nianbao_base_config` [ RunTime:0.000483s ]
[2023-11-21T14:13:57+08:00][sql] SELECT `data`,`name` FROM `nianbao_base_config` [ RunTime:0.000271s ]
[2023-11-21T14:13:57+08:00][sql] SHOW FULL COLUMNS FROM `nianbao_member` [ RunTime:0.000590s ]
[2023-11-21T14:13:57+08:00][sql] SELECT * FROM `nianbao_member` WHERE  `openid` = 'o3XKG6ybwKyAlg8778R8f_3MJSlw' LIMIT 1 [ RunTime:0.000352s ]
[2023-11-21T14:16:35+08:00][sql] CONNECT:[ UseTime:0.000452s ] mysql:host=127.0.0.1;port=3306;dbname=nianbao;charset=utf8
[2023-11-21T14:16:35+08:00][sql] SHOW FULL COLUMNS FROM `nianbao_base_config` [ RunTime:0.000672s ]
[2023-11-21T14:16:35+08:00][sql] SELECT `data`,`name` FROM `nianbao_base_config` [ RunTime:0.000442s ]
[2023-11-21T14:16:35+08:00][sql] CONNECT:[ UseTime:0.000285s ] mysql:host=127.0.0.1;port=3306;dbname=nianbao;charset=utf8
[2023-11-21T14:16:35+08:00][sql] SHOW FULL COLUMNS FROM `nianbao_member` [ RunTime:0.000470s ]
[2023-11-21T14:16:35+08:00][sql] SELECT * FROM `nianbao_member` WHERE  `access_token` = 'MTY5OTc1NTkzNDQ2Mg==' LIMIT 1 [ RunTime:0.000296s ]
[2023-11-21T14:16:35+08:00][sql] SHOW FULL COLUMNS FROM `nianbao_base_config` [ RunTime:0.000348s ]
[2023-11-21T14:16:35+08:00][sql] SELECT `data`,`name` FROM `nianbao_base_config` [ RunTime:0.000240s ]
[2023-11-21T14:16:40+08:00][sql] CONNECT:[ UseTime:0.000245s ] mysql:host=127.0.0.1;port=3306;dbname=nianbao;charset=utf8
[2023-11-21T14:16:40+08:00][sql] SHOW FULL COLUMNS FROM `nianbao_base_config` [ RunTime:0.000362s ]
[2023-11-21T14:16:40+08:00][sql] SELECT `data`,`name` FROM `nianbao_base_config` [ RunTime:0.000270s ]
[2023-11-21T14:16:40+08:00][sql] CONNECT:[ UseTime:0.000401s ] mysql:host=127.0.0.1;port=3306;dbname=nianbao;charset=utf8
[2023-11-21T14:16:40+08:00][sql] SHOW FULL COLUMNS FROM `nianbao_member` [ RunTime:0.000543s ]
[2023-11-21T14:16:40+08:00][sql] SELECT * FROM `nianbao_member` WHERE  `access_token` = 'MTY5OTc1NTkzNDQ2Mg==' LIMIT 1 [ RunTime:0.000406s ]
[2023-11-21T14:16:40+08:00][sql] SHOW FULL COLUMNS FROM `nianbao_base_config` [ RunTime:0.000425s ]
[2023-11-21T14:16:40+08:00][sql] SELECT `data`,`name` FROM `nianbao_base_config` [ RunTime:0.000259s ]
[2023-11-21T14:16:58+08:00][sql] CONNECT:[ UseTime:0.000380s ] mysql:host=127.0.0.1;port=3306;dbname=nianbao;charset=utf8
[2023-11-21T14:16:58+08:00][sql] SHOW FULL COLUMNS FROM `nianbao_member` [ RunTime:0.000537s ]
[2023-11-21T14:16:58+08:00][sql] SELECT * FROM `nianbao_member` WHERE  `access_token` = 'MTY5OTc1NTkzNDQ2Mg==' LIMIT 1 [ RunTime:0.000302s ]
[2023-11-21T14:16:58+08:00][sql] SHOW FULL COLUMNS FROM `nianbao_base_config` [ RunTime:0.000370s ]
[2023-11-21T14:16:58+08:00][sql] SELECT `data`,`name` FROM `nianbao_base_config` [ RunTime:0.000252s ]
[2023-11-21T14:16:58+08:00][sql] SHOW FULL COLUMNS FROM `nianbao_order` [ RunTime:0.001331s ]
[2023-11-21T14:16:58+08:00][sql] SELECT COUNT(*) AS think_count FROM `nianbao_order` WHERE  `pay_id` <> 0 LIMIT 1 [ RunTime:0.058988s ]
[2023-11-21T14:16:58+08:00][sql] SELECT * FROM `nianbao_order` WHERE  `pay_id` <> 0 ORDER BY `id` DESC LIMIT 1 [ RunTime:0.000346s ]
[2023-11-21T14:16:58+08:00][sql] SHOW FULL COLUMNS FROM `nianbao_pay` [ RunTime:0.019507s ]
[2023-11-21T14:16:58+08:00][sql] SELECT COUNT(*) AS think_count FROM `nianbao_pay` WHERE  `id` = 2  AND `status` = 1 LIMIT 1 [ RunTime:0.000273s ]
[2023-11-21T14:16:58+08:00][sql] SELECT COUNT(*) AS think_count FROM `nianbao_pay` WHERE  `status` = 1 LIMIT 1 [ RunTime:0.000192s ]
[2023-11-21T14:16:58+08:00][sql] SELECT * FROM `nianbao_pay` WHERE  `id` = 2  AND `status` = 1 ORDER BY rand() LIMIT 1 [ RunTime:0.000232s ]
[2023-11-21T14:16:58+08:00][sql] INSERT INTO `nianbao_order` SET `member_id` = 462 , `pay_id` = 2 , `enterprise_id` = 0 , `mobile` = '' , `title` = '' , `idcard` = '' , `fmobile` = '' , `legal_person` = '' , `declaration_type` = 1 , `order_no` = '20231121141658635706' , `total_price` = '298' , `enterprise_name` = '' , `enterprise_code` = '' , `report_year` = '2022' , `is_declaration` = 0 , `is_success` = 0 , `is_pay` = 0 , `pay_type` = 0 , `create_time` = '2023-11-21 14:16:58' [ RunTime:0.000297s ]
[2023-11-21T14:17:08+08:00][sql] CONNECT:[ UseTime:0.000364s ] mysql:host=127.0.0.1;port=3306;dbname=nianbao;charset=utf8
[2023-11-21T14:17:08+08:00][sql] SHOW FULL COLUMNS FROM `nianbao_member` [ RunTime:0.000536s ]
[2023-11-21T14:17:08+08:00][sql] SELECT * FROM `nianbao_member` WHERE  `access_token` = 'MTY5OTc1NTkzNDQ2Mg==' LIMIT 1 [ RunTime:0.000297s ]
[2023-11-21T14:17:08+08:00][sql] SHOW FULL COLUMNS FROM `nianbao_base_config` [ RunTime:0.000347s ]
[2023-11-21T14:17:08+08:00][sql] SELECT `data`,`name` FROM `nianbao_base_config` [ RunTime:0.000238s ]
[2023-11-21T14:17:08+08:00][sql] SHOW FULL COLUMNS FROM `nianbao_order` [ RunTime:0.000469s ]
[2023-11-21T14:17:08+08:00][sql] SELECT COUNT(*) AS think_count FROM `nianbao_order` WHERE  `pay_id` <> 0 LIMIT 1 [ RunTime:0.000551s ]
[2023-11-21T14:17:08+08:00][sql] SELECT * FROM `nianbao_order` WHERE  `pay_id` <> 0 ORDER BY `id` DESC LIMIT 1 [ RunTime:0.000251s ]
[2023-11-21T14:17:08+08:00][sql] SHOW FULL COLUMNS FROM `nianbao_pay` [ RunTime:0.000366s ]
[2023-11-21T14:17:08+08:00][sql] SELECT COUNT(*) AS think_count FROM `nianbao_pay` WHERE  `id` = 2  AND `status` = 1 LIMIT 1 [ RunTime:0.000180s ]
[2023-11-21T14:17:08+08:00][sql] SELECT COUNT(*) AS think_count FROM `nianbao_pay` WHERE  `status` = 1 LIMIT 1 [ RunTime:0.000158s ]
[2023-11-21T14:17:08+08:00][sql] SELECT * FROM `nianbao_pay` WHERE  `id` = 2  AND `status` = 1 ORDER BY rand() LIMIT 1 [ RunTime:0.000200s ]
[2023-11-21T14:17:08+08:00][sql] INSERT INTO `nianbao_order` SET `member_id` = 462 , `pay_id` = 2 , `enterprise_id` = 0 , `mobile` = '' , `title` = '' , `idcard` = '' , `fmobile` = '' , `legal_person` = '' , `declaration_type` = 1 , `order_no` = '20231121141707752507' , `total_price` = '298' , `enterprise_name` = '' , `enterprise_code` = '' , `report_year` = '2022' , `is_declaration` = 0 , `is_success` = 0 , `is_pay` = 0 , `pay_type` = 0 , `create_time` = '2023-11-21 14:17:07' [ RunTime:0.000287s ]
[2023-11-21T14:17:13+08:00][sql] CONNECT:[ UseTime:0.000420s ] mysql:host=127.0.0.1;port=3306;dbname=nianbao;charset=utf8
[2023-11-21T14:17:13+08:00][sql] SHOW FULL COLUMNS FROM `nianbao_member` [ RunTime:0.000552s ]
[2023-11-21T14:17:13+08:00][sql] SELECT * FROM `nianbao_member` WHERE  `access_token` = 'MTY5OTc1NTkzNDQ2Mg==' LIMIT 1 [ RunTime:0.000306s ]
[2023-11-21T14:17:13+08:00][sql] SHOW FULL COLUMNS FROM `nianbao_base_config` [ RunTime:0.000355s ]
[2023-11-21T14:17:13+08:00][sql] SELECT `data`,`name` FROM `nianbao_base_config` [ RunTime:0.000237s ]
[2023-11-21T14:17:13+08:00][sql] SHOW FULL COLUMNS FROM `nianbao_order` [ RunTime:0.000462s ]
[2023-11-21T14:17:13+08:00][sql] SELECT COUNT(*) AS think_count FROM `nianbao_order` WHERE  `pay_id` <> 0 LIMIT 1 [ RunTime:0.000549s ]
[2023-11-21T14:17:13+08:00][sql] SELECT * FROM `nianbao_order` WHERE  `pay_id` <> 0 ORDER BY `id` DESC LIMIT 1 [ RunTime:0.000268s ]
[2023-11-21T14:17:13+08:00][sql] SHOW FULL COLUMNS FROM `nianbao_pay` [ RunTime:0.000385s ]
[2023-11-21T14:17:13+08:00][sql] SELECT COUNT(*) AS think_count FROM `nianbao_pay` WHERE  `id` = 2  AND `status` = 1 LIMIT 1 [ RunTime:0.000195s ]
[2023-11-21T14:17:13+08:00][sql] SELECT COUNT(*) AS think_count FROM `nianbao_pay` WHERE  `status` = 1 LIMIT 1 [ RunTime:0.000157s ]
[2023-11-21T14:17:13+08:00][sql] SELECT * FROM `nianbao_pay` WHERE  `id` = 2  AND `status` = 1 ORDER BY rand() LIMIT 1 [ RunTime:0.000189s ]
[2023-11-21T14:17:13+08:00][sql] INSERT INTO `nianbao_order` SET `member_id` = 462 , `pay_id` = 2 , `enterprise_id` = 0 , `mobile` = '' , `title` = '' , `idcard` = '' , `fmobile` = '' , `legal_person` = '' , `declaration_type` = 1 , `order_no` = '20231121141713937838' , `total_price` = '298' , `enterprise_name` = '' , `enterprise_code` = '' , `report_year` = '2022' , `is_declaration` = 0 , `is_success` = 0 , `is_pay` = 0 , `pay_type` = 0 , `create_time` = '2023-11-21 14:17:13' [ RunTime:0.000285s ]
[2023-11-21T17:42:29+08:00][sql] CONNECT:[ UseTime:0.000380s ] mysql:host=127.0.0.1;port=3306;dbname=nianbao;charset=utf8
[2023-11-21T17:42:29+08:00][sql] SHOW FULL COLUMNS FROM `nianbao_base_config` [ RunTime:0.000566s ]
[2023-11-21T17:42:29+08:00][sql] SELECT `data`,`name` FROM `nianbao_base_config` [ RunTime:0.000300s ]
[2023-11-21T17:42:29+08:00][sql] CONNECT:[ UseTime:0.000329s ] mysql:host=127.0.0.1;port=3306;dbname=nianbao;charset=utf8
[2023-11-21T17:42:29+08:00][sql] SHOW FULL COLUMNS FROM `nianbao_member` [ RunTime:0.000623s ]
[2023-11-21T17:42:29+08:00][sql] SELECT * FROM `nianbao_member` WHERE  `access_token` = 'MTY5OTQyNTgyNTIxOQ==' LIMIT 1 [ RunTime:0.000347s ]
[2023-11-21T17:42:29+08:00][sql] SHOW FULL COLUMNS FROM `nianbao_member_enterprise` [ RunTime:0.000444s ]
[2023-11-21T17:42:29+08:00][sql] SELECT * FROM `nianbao_member_enterprise` WHERE  `member_mobile` = '18713793568' ORDER BY `id` DESC [ RunTime:0.000308s ]
[2023-11-21T17:42:29+08:00][sql] SHOW FULL COLUMNS FROM `nianbao_enterprise` [ RunTime:0.000459s ]
[2023-11-21T17:42:29+08:00][sql] SELECT * FROM `nianbao_enterprise` WHERE  `id` = 1029  AND `status` = 1 LIMIT 1 [ RunTime:0.000236s ]
[2023-11-21T17:42:29+08:00][sql] SHOW FULL COLUMNS FROM `nianbao_enterprise_report` [ RunTime:0.000418s ]
[2023-11-21T17:42:29+08:00][sql] SELECT * FROM `nianbao_enterprise_report` WHERE  `enterprise_code` = '92370826MA3UYBDB8H'  AND `report_year` = '2022' LIMIT 1 [ RunTime:0.000538s ]
[2023-11-21T17:42:29+08:00][sql] SELECT * FROM `nianbao_enterprise` WHERE  `id` = 2  AND `status` = 1 LIMIT 1 [ RunTime:0.000209s ]
[2023-11-21T17:42:29+08:00][sql] SELECT * FROM `nianbao_enterprise_report` WHERE  `enterprise_code` = '911354248648979855'  AND `report_year` = '2022' LIMIT 1 [ RunTime:0.000216s ]
[2023-11-21T17:42:29+08:00][sql] SELECT * FROM `nianbao_enterprise` WHERE  `id` = 1  AND `status` = 1 LIMIT 1 [ RunTime:0.000197s ]
[2023-11-21T17:42:29+08:00][sql] SELECT * FROM `nianbao_enterprise_report` WHERE  `report_year` = '2022' LIMIT 1 [ RunTime:0.000167s ]
[2023-11-21T17:42:29+08:00][sql] CONNECT:[ UseTime:0.000356s ] mysql:host=127.0.0.1;port=3306;dbname=nianbao;charset=utf8
[2023-11-21T17:42:29+08:00][sql] SHOW FULL COLUMNS FROM `nianbao_base_config` [ RunTime:0.000487s ]
[2023-11-21T17:42:29+08:00][sql] SELECT `data`,`name` FROM `nianbao_base_config` [ RunTime:0.000264s ]
[2023-11-21T17:42:35+08:00][sql] CONNECT:[ UseTime:0.000370s ] mysql:host=127.0.0.1;port=3306;dbname=nianbao;charset=utf8
[2023-11-21T17:42:35+08:00][sql] SHOW FULL COLUMNS FROM `nianbao_base_config` [ RunTime:0.000523s ]
[2023-11-21T17:42:35+08:00][sql] SELECT `data`,`name` FROM `nianbao_base_config` [ RunTime:0.000272s ]
[2023-11-21T17:42:35+08:00][sql] SHOW FULL COLUMNS FROM `nianbao_member` [ RunTime:0.000535s ]
[2023-11-21T17:42:35+08:00][sql] SHOW FULL COLUMNS FROM `nianbao_log` [ RunTime:0.000518s ]
[2023-11-21T17:42:35+08:00][sql] INSERT INTO `nianbao_log` SET `application_name` = 'api' , `url` = 'https://ss.xyaa.vip/api/login/login' , `ip` = '101.27.38.104' , `useragent` = 'Mozilla/5.0 (iPhone; CPU iPhone OS 11_0 like Mac OS X) AppleWebKit/604.1.38 (KHTML, like Gecko) Version/11.0 Mobile/15A372 Safari/604.1 wechatdevtools/1.06.2307260 MicroMessenger/8.0.5 Language/zh_CN webview/' , `content` = '{"code":"0b1rfwFa1i88qG0HGBIa1wSH844rfwFQ"}' , `errmsg` = 'SQLSTATE[23000]: Integrity constraint violation: 1048 Column \'openid\' cannot be null' , `create_time` = 1700559755 , `type` = 3 [ RunTime:0.003722s ]
[2023-11-21T17:42:35+08:00][error] [10501]SQLSTATE[23000]: Integrity constraint violation: 1048 Column 'openid' cannot be null[/www/wwwroot/nianbao/vendor/topthink/think-orm/src/db/PDOConnection.php:796]
[2023-11-21T23:28:06+08:00][sql] CONNECT:[ UseTime:0.000332s ] mysql:host=127.0.0.1;port=3306;dbname=nianbao;charset=utf8
[2023-11-21T23:28:06+08:00][sql] SHOW FULL COLUMNS FROM `nianbao_base_config` [ RunTime:0.000635s ]
[2023-11-21T23:28:06+08:00][sql] SELECT `data`,`name` FROM `nianbao_base_config` [ RunTime:0.000350s ]
[2023-11-21T23:28:06+08:00][sql] CONNECT:[ UseTime:0.000371s ] mysql:host=127.0.0.1;port=3306;dbname=nianbao;charset=utf8
[2023-11-21T23:28:06+08:00][sql] SHOW FULL COLUMNS FROM `nianbao_base_config` [ RunTime:0.000642s ]
[2023-11-21T23:28:06+08:00][sql] SELECT `data`,`name` FROM `nianbao_base_config` [ RunTime:0.000356s ]
[2023-11-21T23:28:06+08:00][sql] CONNECT:[ UseTime:0.000341s ] mysql:host=127.0.0.1;port=3306;dbname=nianbao;charset=utf8
[2023-11-21T23:28:06+08:00][sql] SHOW FULL COLUMNS FROM `nianbao_base_config` [ RunTime:0.000472s ]
[2023-11-21T23:28:06+08:00][sql] SELECT `data`,`name` FROM `nianbao_base_config` [ RunTime:0.000279s ]
[2023-11-21T23:28:06+08:00][sql] SHOW FULL COLUMNS FROM `nianbao_member` [ RunTime:0.000636s ]
[2023-11-21T23:28:06+08:00][sql] SELECT * FROM `nianbao_member` WHERE  `openid` = 'o3XKG68AZnMitd2TadTk2hqT8DJ4' LIMIT 1 [ RunTime:0.000335s ]
[2023-11-21T23:28:06+08:00][sql] INSERT INTO `nianbao_member` SET `openid` = 'o3XKG68AZnMitd2TadTk2hqT8DJ4' , `nickname` = '8299UYNWCD' , `avatar` = 'https://thirdwx.qlogo.cn/mmopen/vi_32/POgEwh4mIHO4nibH0KlMECNjjGxQUq24ZEaGT4poC6icRiccVGKSyXwibcPq4BWmiaIGuG1icwxaQX6grC9VemZoJ8rg/132' , `unionid` = 'o3XKG68AZnMitd2TadTk2hqT8DJ4' , `create_time` = '2023-11-21 23:28:06' [ RunTime:0.000270s ]
[2023-11-21T23:28:06+08:00][sql] SELECT * FROM `nianbao_member` WHERE  `id` = 534 LIMIT 1 [ RunTime:0.000242s ]
[2023-11-21T23:28:06+08:00][sql] UPDATE `nianbao_member`  SET `access_token` = 'MTcwMDU4MDQ4NjUzNA=='  WHERE  `id` = 534 [ RunTime:0.000279s ]
[2023-11-21T23:28:07+08:00][sql] CONNECT:[ UseTime:0.000361s ] mysql:host=127.0.0.1;port=3306;dbname=nianbao;charset=utf8
[2023-11-21T23:28:07+08:00][sql] SHOW FULL COLUMNS FROM `nianbao_base_config` [ RunTime:0.000478s ]
[2023-11-21T23:28:07+08:00][sql] SELECT `data`,`name` FROM `nianbao_base_config` [ RunTime:0.000263s ]
[2023-11-21T23:28:07+08:00][sql] SHOW FULL COLUMNS FROM `nianbao_member` [ RunTime:0.000558s ]
[2023-11-21T23:28:07+08:00][sql] SELECT * FROM `nianbao_member` WHERE  `openid` = 'o3XKG68AZnMitd2TadTk2hqT8DJ4' LIMIT 1 [ RunTime:0.000355s ]
