[2023-11-12T14:29:22+08:00][sql] CONNECT:[ UseTime:0.000358s ] mysql:host=127.0.0.1;port=3306;dbname=nianbao;charset=utf8
[2023-11-12T14:29:22+08:00][sql] SHOW FULL COLUMNS FROM `nianbao_base_config` [ RunTime:0.000600s ]
[2023-11-12T14:29:22+08:00][sql] SELECT * FROM `nianbao_base_config` [ RunTime:0.000282s ]
[2023-11-12T15:24:41+08:00][sql] CONNECT:[ UseTime:0.000376s ] mysql:host=127.0.0.1;port=3306;dbname=nianbao;charset=utf8
[2023-11-12T15:24:41+08:00][sql] SHOW FULL COLUMNS FROM `nianbao_base_config` [ RunTime:0.000645s ]
[2023-11-12T15:24:41+08:00][sql] SELECT * FROM `nianbao_base_config` [ RunTime:0.000280s ]
[2023-11-12T20:21:34+08:00][sql] CONNECT:[ UseTime:0.000361s ] mysql:host=127.0.0.1;port=3306;dbname=nianbao;charset=utf8
[2023-11-12T20:21:34+08:00][sql] SHOW FULL COLUMNS FROM `nianbao_base_config` [ RunTime:0.001664s ]
[2023-11-12T20:21:34+08:00][sql] SELECT * FROM `nianbao_base_config` [ RunTime:0.001048s ]
[2023-11-12T20:22:33+08:00][sql] CONNECT:[ UseTime:0.000353s ] mysql:host=127.0.0.1;port=3306;dbname=nianbao;charset=utf8
[2023-11-12T20:22:33+08:00][sql] SHOW FULL COLUMNS FROM `nianbao_admin_user` [ RunTime:0.001123s ]
[2023-11-12T20:22:33+08:00][sql] SELECT `a`.`user_id`,`a`.`name`,a.user as username,`a`.`status`,a.role_id as user_role_ids,`b`.`role_id`,b.name as role_name,b.status as role_status,`b`.`access` FROM `nianbao_admin_user` `a` INNER JOIN `nianbao_role` `b` ON a.role_id in(b.role_id) WHERE  `a`.`user` = 'admin'  AND `a`.`pwd` = '7b2ad4e307d5b3ec9e786054225d0985' LIMIT 1 [ RunTime:0.000947s ]
[2023-11-12T20:22:33+08:00][sql] SHOW FULL COLUMNS FROM `nianbao_log` [ RunTime:0.044050s ]
[2023-11-12T20:22:33+08:00][sql] INSERT INTO `nianbao_log` SET `application_name` = 'admin' , `username` = 'admin' , `url` = 'https://ss.xyaa.vip/admin/Login/index.html' , `ip` = '113.127.193.166' , `useragent` = 'Mozilla/5.0 (iPhone; CPU iPhone OS 15_4_1 like Mac OS X) AppleWebKit/605.1.15 (KHTML, like Gecko) Version/15.4 Mobile/15E148 Safari/604.1' , `create_time` = 1699791753 , `type` = 1 [ RunTime:0.007439s ]
[2023-11-12T20:22:34+08:00][sql] CONNECT:[ UseTime:0.000345s ] mysql:host=127.0.0.1;port=3306;dbname=nianbao;charset=utf8
[2023-11-12T20:22:34+08:00][sql] SHOW FULL COLUMNS FROM `nianbao_node` [ RunTime:0.021172s ]
[2023-11-12T20:22:34+08:00][sql] SELECT `node_id`,`pid`,`title`,`status`,`icon`,`sortid`,`path` FROM `nianbao_node` WHERE  `status` = 1  AND `type` = 1 ORDER BY `sortid` ASC [ RunTime:0.000388s ]
[2023-11-12T20:22:35+08:00][sql] CONNECT:[ UseTime:0.000317s ] mysql:host=127.0.0.1;port=3306;dbname=nianbao;charset=utf8
[2023-11-12T20:22:35+08:00][sql] SHOW FULL COLUMNS FROM `nianbao_base_config` [ RunTime:0.000419s ]
[2023-11-12T20:22:35+08:00][sql] SELECT * FROM `nianbao_base_config` [ RunTime:0.000266s ]
[2023-11-12T20:22:35+08:00][sql] SHOW FULL COLUMNS FROM `nianbao_order` [ RunTime:0.000619s ]
[2023-11-12T20:22:35+08:00][sql] SELECT COUNT(*) AS think_count FROM `nianbao_order` WHERE  `create_time` BETWEEN '2023-11-01 00:00:00' AND '2023-11-01 23:59:59'   AND `is_pay` = 1 LIMIT 1 [ RunTime:0.000727s ]
[2023-11-12T20:22:35+08:00][sql] SELECT COUNT(*) AS think_count FROM `nianbao_order` WHERE  `create_time` BETWEEN '2023-11-02 00:00:00' AND '2023-11-02 23:59:59'   AND `is_pay` = 1 LIMIT 1 [ RunTime:0.000671s ]
[2023-11-12T20:22:35+08:00][sql] SELECT COUNT(*) AS think_count FROM `nianbao_order` WHERE  `create_time` BETWEEN '2023-11-03 00:00:00' AND '2023-11-03 23:59:59'   AND `is_pay` = 1 LIMIT 1 [ RunTime:0.000573s ]
[2023-11-12T20:22:35+08:00][sql] SELECT COUNT(*) AS think_count FROM `nianbao_order` WHERE  `create_time` BETWEEN '2023-11-04 00:00:00' AND '2023-11-04 23:59:59'   AND `is_pay` = 1 LIMIT 1 [ RunTime:0.000554s ]
[2023-11-12T20:22:35+08:00][sql] SELECT COUNT(*) AS think_count FROM `nianbao_order` WHERE  `create_time` BETWEEN '2023-11-05 00:00:00' AND '2023-11-05 23:59:59'   AND `is_pay` = 1 LIMIT 1 [ RunTime:0.000561s ]
[2023-11-12T20:22:35+08:00][sql] SELECT COUNT(*) AS think_count FROM `nianbao_order` WHERE  `create_time` BETWEEN '2023-11-06 00:00:00' AND '2023-11-06 23:59:59'   AND `is_pay` = 1 LIMIT 1 [ RunTime:0.000574s ]
[2023-11-12T20:22:35+08:00][sql] SELECT COUNT(*) AS think_count FROM `nianbao_order` WHERE  `create_time` BETWEEN '2023-11-07 00:00:00' AND '2023-11-07 23:59:59'   AND `is_pay` = 1 LIMIT 1 [ RunTime:0.000586s ]
[2023-11-12T20:22:35+08:00][sql] SELECT COUNT(*) AS think_count FROM `nianbao_order` WHERE  `create_time` BETWEEN '2023-11-08 00:00:00' AND '2023-11-08 23:59:59'   AND `is_pay` = 1 LIMIT 1 [ RunTime:0.000595s ]
[2023-11-12T20:22:35+08:00][sql] SELECT COUNT(*) AS think_count FROM `nianbao_order` WHERE  `create_time` BETWEEN '2023-11-09 00:00:00' AND '2023-11-09 23:59:59'   AND `is_pay` = 1 LIMIT 1 [ RunTime:0.000560s ]
[2023-11-12T20:22:35+08:00][sql] SELECT COUNT(*) AS think_count FROM `nianbao_order` WHERE  `create_time` BETWEEN '2023-11-10 00:00:00' AND '2023-11-10 23:59:59'   AND `is_pay` = 1 LIMIT 1 [ RunTime:0.000557s ]
[2023-11-12T20:22:35+08:00][sql] SELECT COUNT(*) AS think_count FROM `nianbao_order` WHERE  `create_time` BETWEEN '2023-11-11 00:00:00' AND '2023-11-11 23:59:59'   AND `is_pay` = 1 LIMIT 1 [ RunTime:0.000570s ]
[2023-11-12T20:22:35+08:00][sql] SELECT COUNT(*) AS think_count FROM `nianbao_order` WHERE  `create_time` BETWEEN '2023-11-12 00:00:00' AND '2023-11-12 23:59:59'   AND `is_pay` = 1 LIMIT 1 [ RunTime:0.000570s ]
[2023-11-12T20:22:35+08:00][sql] SELECT COUNT(*) AS think_count FROM `nianbao_order` WHERE  `create_time` BETWEEN '2023-11-13 00:00:00' AND '2023-11-13 23:59:59'   AND `is_pay` = 1 LIMIT 1 [ RunTime:0.000557s ]
[2023-11-12T20:22:35+08:00][sql] SELECT COUNT(*) AS think_count FROM `nianbao_order` WHERE  `create_time` BETWEEN '2023-11-14 00:00:00' AND '2023-11-14 23:59:59'   AND `is_pay` = 1 LIMIT 1 [ RunTime:0.000543s ]
[2023-11-12T20:22:35+08:00][sql] SELECT COUNT(*) AS think_count FROM `nianbao_order` WHERE  `create_time` BETWEEN '2023-11-15 00:00:00' AND '2023-11-15 23:59:59'   AND `is_pay` = 1 LIMIT 1 [ RunTime:0.000549s ]
[2023-11-12T20:22:35+08:00][sql] SELECT COUNT(*) AS think_count FROM `nianbao_order` WHERE  `create_time` BETWEEN '2023-11-16 00:00:00' AND '2023-11-16 23:59:59'   AND `is_pay` = 1 LIMIT 1 [ RunTime:0.000560s ]
[2023-11-12T20:22:35+08:00][sql] SELECT COUNT(*) AS think_count FROM `nianbao_order` WHERE  `create_time` BETWEEN '2023-11-17 00:00:00' AND '2023-11-17 23:59:59'   AND `is_pay` = 1 LIMIT 1 [ RunTime:0.000564s ]
[2023-11-12T20:22:35+08:00][sql] SELECT COUNT(*) AS think_count FROM `nianbao_order` WHERE  `create_time` BETWEEN '2023-11-18 00:00:00' AND '2023-11-18 23:59:59'   AND `is_pay` = 1 LIMIT 1 [ RunTime:0.000563s ]
[2023-11-12T20:22:35+08:00][sql] SELECT COUNT(*) AS think_count FROM `nianbao_order` WHERE  `create_time` BETWEEN '2023-11-19 00:00:00' AND '2023-11-19 23:59:59'   AND `is_pay` = 1 LIMIT 1 [ RunTime:0.000568s ]
[2023-11-12T20:22:35+08:00][sql] SELECT COUNT(*) AS think_count FROM `nianbao_order` WHERE  `create_time` BETWEEN '2023-11-20 00:00:00' AND '2023-11-20 23:59:59'   AND `is_pay` = 1 LIMIT 1 [ RunTime:0.000569s ]
[2023-11-12T20:22:35+08:00][sql] SELECT COUNT(*) AS think_count FROM `nianbao_order` WHERE  `create_time` BETWEEN '2023-11-21 00:00:00' AND '2023-11-21 23:59:59'   AND `is_pay` = 1 LIMIT 1 [ RunTime:0.000584s ]
[2023-11-12T20:22:35+08:00][sql] SELECT COUNT(*) AS think_count FROM `nianbao_order` WHERE  `create_time` BETWEEN '2023-11-22 00:00:00' AND '2023-11-22 23:59:59'   AND `is_pay` = 1 LIMIT 1 [ RunTime:0.000567s ]
[2023-11-12T20:22:35+08:00][sql] SELECT COUNT(*) AS think_count FROM `nianbao_order` WHERE  `create_time` BETWEEN '2023-11-23 00:00:00' AND '2023-11-23 23:59:59'   AND `is_pay` = 1 LIMIT 1 [ RunTime:0.000557s ]
[2023-11-12T20:22:35+08:00][sql] SELECT COUNT(*) AS think_count FROM `nianbao_order` WHERE  `create_time` BETWEEN '2023-11-24 00:00:00' AND '2023-11-24 23:59:59'   AND `is_pay` = 1 LIMIT 1 [ RunTime:0.000540s ]
[2023-11-12T20:22:35+08:00][sql] SELECT COUNT(*) AS think_count FROM `nianbao_order` WHERE  `create_time` BETWEEN '2023-11-25 00:00:00' AND '2023-11-25 23:59:59'   AND `is_pay` = 1 LIMIT 1 [ RunTime:0.000562s ]
[2023-11-12T20:22:35+08:00][sql] SELECT COUNT(*) AS think_count FROM `nianbao_order` WHERE  `create_time` BETWEEN '2023-11-26 00:00:00' AND '2023-11-26 23:59:59'   AND `is_pay` = 1 LIMIT 1 [ RunTime:0.000571s ]
[2023-11-12T20:22:35+08:00][sql] SELECT COUNT(*) AS think_count FROM `nianbao_order` WHERE  `create_time` BETWEEN '2023-11-27 00:00:00' AND '2023-11-27 23:59:59'   AND `is_pay` = 1 LIMIT 1 [ RunTime:0.000556s ]
[2023-11-12T20:22:35+08:00][sql] SELECT COUNT(*) AS think_count FROM `nianbao_order` WHERE  `create_time` BETWEEN '2023-11-28 00:00:00' AND '2023-11-28 23:59:59'   AND `is_pay` = 1 LIMIT 1 [ RunTime:0.000551s ]
[2023-11-12T20:22:35+08:00][sql] SELECT COUNT(*) AS think_count FROM `nianbao_order` WHERE  `create_time` BETWEEN '2023-11-29 00:00:00' AND '2023-11-29 23:59:59'   AND `is_pay` = 1 LIMIT 1 [ RunTime:0.000543s ]
[2023-11-12T20:22:35+08:00][sql] SELECT COUNT(*) AS think_count FROM `nianbao_order` WHERE  `create_time` BETWEEN '2023-11-30 00:00:00' AND '2023-11-30 23:59:59'   AND `is_pay` = 1 LIMIT 1 [ RunTime:0.000573s ]
[2023-11-12T20:22:35+08:00][sql] SHOW FULL COLUMNS FROM `nianbao_member` [ RunTime:0.000491s ]
[2023-11-12T20:22:35+08:00][sql] SELECT COUNT(*) AS think_count FROM `nianbao_member` WHERE  `create_time` BETWEEN '2023-11-01 00:00:00' AND '2023-11-30 23:59:59'  LIMIT 1 [ RunTime:0.000690s ]
[2023-11-12T20:22:35+08:00][sql] SELECT COUNT(*) AS think_count FROM `nianbao_order` WHERE  `create_time` BETWEEN '2023-11-01 00:00:00' AND '2023-11-30 23:59:59'   AND `is_pay` = 1 LIMIT 1 [ RunTime:0.000573s ]
[2023-11-12T20:22:35+08:00][sql] SELECT SUM(`total_price`) AS think_sum FROM `nianbao_order` WHERE  `create_time` BETWEEN '2023-11-01 00:00:00' AND '2023-11-30 23:59:59'   AND `is_pay` = 1 LIMIT 1 [ RunTime:0.000586s ]
[2023-11-12T20:22:35+08:00][sql] SELECT COUNT(*) AS think_count FROM `nianbao_member` WHERE  `create_time` BETWEEN '2023-11-12 00:00:00' AND '2023-11-12 23:59:59'  LIMIT 1 [ RunTime:0.000543s ]
[2023-11-12T20:22:35+08:00][sql] SELECT COUNT(*) AS think_count FROM `nianbao_order` WHERE  `create_time` BETWEEN '2023-11-12 00:00:00' AND '2023-11-12 23:59:59'  LIMIT 1 [ RunTime:0.001130s ]
[2023-11-12T20:22:35+08:00][sql] SELECT SUM(`total_price`) AS think_sum FROM `nianbao_order` WHERE  `create_time` BETWEEN '2023-11-12 00:00:00' AND '2023-11-12 23:59:59'   AND `is_pay` = 1 LIMIT 1 [ RunTime:0.000588s ]
[2023-11-12T20:22:40+08:00][sql] CONNECT:[ UseTime:0.000365s ] mysql:host=127.0.0.1;port=3306;dbname=nianbao;charset=utf8
[2023-11-12T20:22:40+08:00][sql] SHOW FULL COLUMNS FROM `nianbao_order` [ RunTime:0.000662s ]
[2023-11-12T20:22:40+08:00][sql] SELECT COUNT(*) AS think_count FROM `nianbao_order` WHERE  `is_pay` = 1  AND `is_delete` = 0 LIMIT 1 [ RunTime:0.000676s ]
[2023-11-12T20:22:40+08:00][sql] SELECT * FROM `nianbao_order` WHERE  `is_pay` = 1  AND `is_delete` = 0 ORDER BY `id` DESC LIMIT 0,20 [ RunTime:0.001603s ]
[2023-11-12T20:22:58+08:00][sql] CONNECT:[ UseTime:0.000373s ] mysql:host=127.0.0.1;port=3306;dbname=nianbao;charset=utf8
[2023-11-12T20:22:58+08:00][sql] SHOW FULL COLUMNS FROM `nianbao_order` [ RunTime:0.000638s ]
[2023-11-12T20:22:58+08:00][sql] SELECT COUNT(*) AS think_count FROM `nianbao_order` WHERE  `create_time` BETWEEN '2023-11-01 00:00:00' AND '2023-11-01 23:59:59'   AND `is_pay` = 1 LIMIT 1 [ RunTime:0.000744s ]
[2023-11-12T20:22:58+08:00][sql] SELECT COUNT(*) AS think_count FROM `nianbao_order` WHERE  `create_time` BETWEEN '2023-11-02 00:00:00' AND '2023-11-02 23:59:59'   AND `is_pay` = 1 LIMIT 1 [ RunTime:0.000637s ]
[2023-11-12T20:22:58+08:00][sql] SELECT COUNT(*) AS think_count FROM `nianbao_order` WHERE  `create_time` BETWEEN '2023-11-03 00:00:00' AND '2023-11-03 23:59:59'   AND `is_pay` = 1 LIMIT 1 [ RunTime:0.000631s ]
[2023-11-12T20:22:58+08:00][sql] SELECT COUNT(*) AS think_count FROM `nianbao_order` WHERE  `create_time` BETWEEN '2023-11-04 00:00:00' AND '2023-11-04 23:59:59'   AND `is_pay` = 1 LIMIT 1 [ RunTime:0.000576s ]
[2023-11-12T20:22:58+08:00][sql] SELECT COUNT(*) AS think_count FROM `nianbao_order` WHERE  `create_time` BETWEEN '2023-11-05 00:00:00' AND '2023-11-05 23:59:59'   AND `is_pay` = 1 LIMIT 1 [ RunTime:0.000565s ]
[2023-11-12T20:22:58+08:00][sql] SELECT COUNT(*) AS think_count FROM `nianbao_order` WHERE  `create_time` BETWEEN '2023-11-06 00:00:00' AND '2023-11-06 23:59:59'   AND `is_pay` = 1 LIMIT 1 [ RunTime:0.000555s ]
[2023-11-12T20:22:58+08:00][sql] SELECT COUNT(*) AS think_count FROM `nianbao_order` WHERE  `create_time` BETWEEN '2023-11-07 00:00:00' AND '2023-11-07 23:59:59'   AND `is_pay` = 1 LIMIT 1 [ RunTime:0.000583s ]
[2023-11-12T20:22:58+08:00][sql] SELECT COUNT(*) AS think_count FROM `nianbao_order` WHERE  `create_time` BETWEEN '2023-11-08 00:00:00' AND '2023-11-08 23:59:59'   AND `is_pay` = 1 LIMIT 1 [ RunTime:0.000559s ]
[2023-11-12T20:22:58+08:00][sql] SELECT COUNT(*) AS think_count FROM `nianbao_order` WHERE  `create_time` BETWEEN '2023-11-09 00:00:00' AND '2023-11-09 23:59:59'   AND `is_pay` = 1 LIMIT 1 [ RunTime:0.000575s ]
[2023-11-12T20:22:58+08:00][sql] SELECT COUNT(*) AS think_count FROM `nianbao_order` WHERE  `create_time` BETWEEN '2023-11-10 00:00:00' AND '2023-11-10 23:59:59'   AND `is_pay` = 1 LIMIT 1 [ RunTime:0.000541s ]
[2023-11-12T20:22:58+08:00][sql] SELECT COUNT(*) AS think_count FROM `nianbao_order` WHERE  `create_time` BETWEEN '2023-11-11 00:00:00' AND '2023-11-11 23:59:59'   AND `is_pay` = 1 LIMIT 1 [ RunTime:0.000556s ]
[2023-11-12T20:22:58+08:00][sql] SELECT COUNT(*) AS think_count FROM `nianbao_order` WHERE  `create_time` BETWEEN '2023-11-12 00:00:00' AND '2023-11-12 23:59:59'   AND `is_pay` = 1 LIMIT 1 [ RunTime:0.000565s ]
[2023-11-12T20:22:58+08:00][sql] SELECT COUNT(*) AS think_count FROM `nianbao_order` WHERE  `create_time` BETWEEN '2023-11-13 00:00:00' AND '2023-11-13 23:59:59'   AND `is_pay` = 1 LIMIT 1 [ RunTime:0.000570s ]
[2023-11-12T20:22:58+08:00][sql] SELECT COUNT(*) AS think_count FROM `nianbao_order` WHERE  `create_time` BETWEEN '2023-11-14 00:00:00' AND '2023-11-14 23:59:59'   AND `is_pay` = 1 LIMIT 1 [ RunTime:0.000555s ]
[2023-11-12T20:22:58+08:00][sql] SELECT COUNT(*) AS think_count FROM `nianbao_order` WHERE  `create_time` BETWEEN '2023-11-15 00:00:00' AND '2023-11-15 23:59:59'   AND `is_pay` = 1 LIMIT 1 [ RunTime:0.000575s ]
[2023-11-12T20:22:58+08:00][sql] SELECT COUNT(*) AS think_count FROM `nianbao_order` WHERE  `create_time` BETWEEN '2023-11-16 00:00:00' AND '2023-11-16 23:59:59'   AND `is_pay` = 1 LIMIT 1 [ RunTime:0.000566s ]
[2023-11-12T20:22:58+08:00][sql] SELECT COUNT(*) AS think_count FROM `nianbao_order` WHERE  `create_time` BETWEEN '2023-11-17 00:00:00' AND '2023-11-17 23:59:59'   AND `is_pay` = 1 LIMIT 1 [ RunTime:0.000643s ]
[2023-11-12T20:22:58+08:00][sql] SELECT COUNT(*) AS think_count FROM `nianbao_order` WHERE  `create_time` BETWEEN '2023-11-18 00:00:00' AND '2023-11-18 23:59:59'   AND `is_pay` = 1 LIMIT 1 [ RunTime:0.000576s ]
[2023-11-12T20:22:58+08:00][sql] SELECT COUNT(*) AS think_count FROM `nianbao_order` WHERE  `create_time` BETWEEN '2023-11-19 00:00:00' AND '2023-11-19 23:59:59'   AND `is_pay` = 1 LIMIT 1 [ RunTime:0.000561s ]
[2023-11-12T20:22:58+08:00][sql] SELECT COUNT(*) AS think_count FROM `nianbao_order` WHERE  `create_time` BETWEEN '2023-11-20 00:00:00' AND '2023-11-20 23:59:59'   AND `is_pay` = 1 LIMIT 1 [ RunTime:0.000568s ]
[2023-11-12T20:22:58+08:00][sql] SELECT COUNT(*) AS think_count FROM `nianbao_order` WHERE  `create_time` BETWEEN '2023-11-21 00:00:00' AND '2023-11-21 23:59:59'   AND `is_pay` = 1 LIMIT 1 [ RunTime:0.000566s ]
[2023-11-12T20:22:58+08:00][sql] SELECT COUNT(*) AS think_count FROM `nianbao_order` WHERE  `create_time` BETWEEN '2023-11-22 00:00:00' AND '2023-11-22 23:59:59'   AND `is_pay` = 1 LIMIT 1 [ RunTime:0.000571s ]
[2023-11-12T20:22:58+08:00][sql] SELECT COUNT(*) AS think_count FROM `nianbao_order` WHERE  `create_time` BETWEEN '2023-11-23 00:00:00' AND '2023-11-23 23:59:59'   AND `is_pay` = 1 LIMIT 1 [ RunTime:0.000572s ]
[2023-11-12T20:22:58+08:00][sql] SELECT COUNT(*) AS think_count FROM `nianbao_order` WHERE  `create_time` BETWEEN '2023-11-24 00:00:00' AND '2023-11-24 23:59:59'   AND `is_pay` = 1 LIMIT 1 [ RunTime:0.000565s ]
[2023-11-12T20:22:58+08:00][sql] SELECT COUNT(*) AS think_count FROM `nianbao_order` WHERE  `create_time` BETWEEN '2023-11-25 00:00:00' AND '2023-11-25 23:59:59'   AND `is_pay` = 1 LIMIT 1 [ RunTime:0.000556s ]
[2023-11-12T20:22:58+08:00][sql] SELECT COUNT(*) AS think_count FROM `nianbao_order` WHERE  `create_time` BETWEEN '2023-11-26 00:00:00' AND '2023-11-26 23:59:59'   AND `is_pay` = 1 LIMIT 1 [ RunTime:0.000544s ]
[2023-11-12T20:22:58+08:00][sql] SELECT COUNT(*) AS think_count FROM `nianbao_order` WHERE  `create_time` BETWEEN '2023-11-27 00:00:00' AND '2023-11-27 23:59:59'   AND `is_pay` = 1 LIMIT 1 [ RunTime:0.000574s ]
[2023-11-12T20:22:58+08:00][sql] SELECT COUNT(*) AS think_count FROM `nianbao_order` WHERE  `create_time` BETWEEN '2023-11-28 00:00:00' AND '2023-11-28 23:59:59'   AND `is_pay` = 1 LIMIT 1 [ RunTime:0.000554s ]
[2023-11-12T20:22:58+08:00][sql] SELECT COUNT(*) AS think_count FROM `nianbao_order` WHERE  `create_time` BETWEEN '2023-11-29 00:00:00' AND '2023-11-29 23:59:59'   AND `is_pay` = 1 LIMIT 1 [ RunTime:0.000550s ]
[2023-11-12T20:22:58+08:00][sql] SELECT COUNT(*) AS think_count FROM `nianbao_order` WHERE  `create_time` BETWEEN '2023-11-30 00:00:00' AND '2023-11-30 23:59:59'   AND `is_pay` = 1 LIMIT 1 [ RunTime:0.000550s ]
[2023-11-12T20:22:58+08:00][sql] SHOW FULL COLUMNS FROM `nianbao_member` [ RunTime:0.000438s ]
[2023-11-12T20:22:58+08:00][sql] SELECT COUNT(*) AS think_count FROM `nianbao_member` WHERE  `create_time` BETWEEN '2023-11-01 00:00:00' AND '2023-11-30 23:59:59'  LIMIT 1 [ RunTime:0.000603s ]
[2023-11-12T20:22:58+08:00][sql] SELECT COUNT(*) AS think_count FROM `nianbao_order` WHERE  `create_time` BETWEEN '2023-11-01 00:00:00' AND '2023-11-30 23:59:59'   AND `is_pay` = 1 LIMIT 1 [ RunTime:0.000585s ]
[2023-11-12T20:22:58+08:00][sql] SELECT SUM(`total_price`) AS think_sum FROM `nianbao_order` WHERE  `create_time` BETWEEN '2023-11-01 00:00:00' AND '2023-11-30 23:59:59'   AND `is_pay` = 1 LIMIT 1 [ RunTime:0.000592s ]
[2023-11-12T20:22:58+08:00][sql] SELECT COUNT(*) AS think_count FROM `nianbao_member` WHERE  `create_time` BETWEEN '2023-11-12 00:00:00' AND '2023-11-12 23:59:59'  LIMIT 1 [ RunTime:0.000534s ]
[2023-11-12T20:22:58+08:00][sql] SELECT COUNT(*) AS think_count FROM `nianbao_order` WHERE  `create_time` BETWEEN '2023-11-12 00:00:00' AND '2023-11-12 23:59:59'  LIMIT 1 [ RunTime:0.001147s ]
[2023-11-12T20:22:58+08:00][sql] SELECT SUM(`total_price`) AS think_sum FROM `nianbao_order` WHERE  `create_time` BETWEEN '2023-11-12 00:00:00' AND '2023-11-12 23:59:59'   AND `is_pay` = 1 LIMIT 1 [ RunTime:0.000573s ]
[2023-11-12T20:24:28+08:00][sql] CONNECT:[ UseTime:0.000394s ] mysql:host=127.0.0.1;port=3306;dbname=nianbao;charset=utf8
[2023-11-12T20:24:28+08:00][sql] SHOW FULL COLUMNS FROM `nianbao_base_config` [ RunTime:0.000461s ]
[2023-11-12T20:24:28+08:00][sql] SELECT * FROM `nianbao_base_config` [ RunTime:0.000278s ]
[2023-11-12T20:24:29+08:00][sql] CONNECT:[ UseTime:0.000343s ] mysql:host=127.0.0.1;port=3306;dbname=nianbao;charset=utf8
[2023-11-12T20:24:29+08:00][sql] SHOW FULL COLUMNS FROM `nianbao_enterprise` [ RunTime:0.000646s ]
[2023-11-12T20:24:29+08:00][sql] SELECT COUNT(*) AS think_count FROM `nianbao_enterprise` LIMIT 1 [ RunTime:0.002959s ]
[2023-11-12T20:24:29+08:00][sql] SELECT * FROM `nianbao_enterprise` ORDER BY `id` DESC LIMIT 0,20 [ RunTime:0.000223s ]
[2023-11-12T20:24:30+08:00][sql] CONNECT:[ UseTime:0.000419s ] mysql:host=127.0.0.1;port=3306;dbname=nianbao;charset=utf8
[2023-11-12T20:24:30+08:00][sql] SHOW FULL COLUMNS FROM `nianbao_order` [ RunTime:0.000905s ]
[2023-11-12T20:24:30+08:00][sql] SELECT COUNT(*) AS think_count FROM `nianbao_order` WHERE  `is_pay` = 1  AND `is_delete` = 0 LIMIT 1 [ RunTime:0.001094s ]
[2023-11-12T20:24:30+08:00][sql] SELECT * FROM `nianbao_order` WHERE  `is_pay` = 1  AND `is_delete` = 0 ORDER BY `id` DESC LIMIT 0,20 [ RunTime:0.002821s ]
