[2023-11-18T09:45:13+08:00][sql] CONNECT:[ UseTime:0.000384s ] mysql:host=127.0.0.1;port=3306;dbname=nianbao;charset=utf8
[2023-11-18T09:45:13+08:00][sql] SHOW FULL COLUMNS FROM `nianbao_base_config` [ RunTime:0.000571s ]
[2023-11-18T09:45:13+08:00][sql] SELECT * FROM `nianbao_base_config` [ RunTime:0.000275s ]
[2023-11-18T12:02:04+08:00][sql] CONNECT:[ UseTime:0.000285s ] mysql:host=127.0.0.1;port=3306;dbname=nianbao;charset=utf8
[2023-11-18T12:02:04+08:00][sql] SHOW FULL COLUMNS FROM `nianbao_base_config` [ RunTime:0.000570s ]
[2023-11-18T12:02:04+08:00][sql] SELECT * FROM `nianbao_base_config` [ RunTime:0.000300s ]
[2023-11-18T12:02:24+08:00][sql] CONNECT:[ UseTime:0.000335s ] mysql:host=127.0.0.1;port=3306;dbname=nianbao;charset=utf8
[2023-11-18T12:02:24+08:00][sql] SHOW FULL COLUMNS FROM `nianbao_admin_user` [ RunTime:0.000590s ]
[2023-11-18T12:02:24+08:00][sql] SELECT `a`.`user_id`,`a`.`name`,a.user as username,`a`.`status`,a.role_id as user_role_ids,`b`.`role_id`,b.name as role_name,b.status as role_status,`b`.`access` FROM `nianbao_admin_user` `a` INNER JOIN `nianbao_role` `b` ON a.role_id in(b.role_id) WHERE  `a`.`user` = 'admin'  AND `a`.`pwd` = 'c4ceeb4b1fe20766657ea78a10ee3679' LIMIT 1 [ RunTime:0.000412s ]
[2023-11-18T12:02:24+08:00][sql] SHOW FULL COLUMNS FROM `nianbao_log` [ RunTime:0.000503s ]
[2023-11-18T12:02:24+08:00][sql] INSERT INTO `nianbao_log` SET `application_name` = 'admin' , `username` = 'admin' , `url` = 'https://ss.xyaa.vip/admin/Login/index.html' , `ip` = '49.93.53.226' , `useragent` = 'Mozilla/5.0 (iPhone; CPU iPhone OS 15_4_1 like Mac OS X) AppleWebKit/605.1.15 (KHTML, like Gecko) Version/15.4 Mobile/15E148 Safari/604.1' , `create_time` = 1700280144 , `type` = 1 [ RunTime:0.004090s ]
[2023-11-18T12:02:25+08:00][sql] CONNECT:[ UseTime:0.000354s ] mysql:host=127.0.0.1;port=3306;dbname=nianbao;charset=utf8
[2023-11-18T12:02:25+08:00][sql] SHOW FULL COLUMNS FROM `nianbao_node` [ RunTime:0.000673s ]
[2023-11-18T12:02:25+08:00][sql] SELECT `node_id`,`pid`,`title`,`status`,`icon`,`sortid`,`path` FROM `nianbao_node` WHERE  `status` = 1  AND `type` = 1 ORDER BY `sortid` ASC [ RunTime:0.000366s ]
[2023-11-18T12:02:26+08:00][sql] CONNECT:[ UseTime:0.000355s ] mysql:host=127.0.0.1;port=3306;dbname=nianbao;charset=utf8
[2023-11-18T12:02:26+08:00][sql] SHOW FULL COLUMNS FROM `nianbao_order` [ RunTime:0.000725s ]
[2023-11-18T12:02:26+08:00][sql] SELECT COUNT(*) AS think_count FROM `nianbao_order` WHERE  `create_time` BETWEEN '2023-11-01 00:00:00' AND '2023-11-01 23:59:59'   AND `is_pay` = 1 LIMIT 1 [ RunTime:0.000838s ]
[2023-11-18T12:02:26+08:00][sql] SELECT COUNT(*) AS think_count FROM `nianbao_order` WHERE  `create_time` BETWEEN '2023-11-02 00:00:00' AND '2023-11-02 23:59:59'   AND `is_pay` = 1 LIMIT 1 [ RunTime:0.000615s ]
[2023-11-18T12:02:26+08:00][sql] SELECT COUNT(*) AS think_count FROM `nianbao_order` WHERE  `create_time` BETWEEN '2023-11-03 00:00:00' AND '2023-11-03 23:59:59'   AND `is_pay` = 1 LIMIT 1 [ RunTime:0.000581s ]
[2023-11-18T12:02:26+08:00][sql] SELECT COUNT(*) AS think_count FROM `nianbao_order` WHERE  `create_time` BETWEEN '2023-11-04 00:00:00' AND '2023-11-04 23:59:59'   AND `is_pay` = 1 LIMIT 1 [ RunTime:0.000585s ]
[2023-11-18T12:02:26+08:00][sql] SELECT COUNT(*) AS think_count FROM `nianbao_order` WHERE  `create_time` BETWEEN '2023-11-05 00:00:00' AND '2023-11-05 23:59:59'   AND `is_pay` = 1 LIMIT 1 [ RunTime:0.000580s ]
[2023-11-18T12:02:26+08:00][sql] SELECT COUNT(*) AS think_count FROM `nianbao_order` WHERE  `create_time` BETWEEN '2023-11-06 00:00:00' AND '2023-11-06 23:59:59'   AND `is_pay` = 1 LIMIT 1 [ RunTime:0.000569s ]
[2023-11-18T12:02:26+08:00][sql] SELECT COUNT(*) AS think_count FROM `nianbao_order` WHERE  `create_time` BETWEEN '2023-11-07 00:00:00' AND '2023-11-07 23:59:59'   AND `is_pay` = 1 LIMIT 1 [ RunTime:0.000564s ]
[2023-11-18T12:02:26+08:00][sql] SELECT COUNT(*) AS think_count FROM `nianbao_order` WHERE  `create_time` BETWEEN '2023-11-08 00:00:00' AND '2023-11-08 23:59:59'   AND `is_pay` = 1 LIMIT 1 [ RunTime:0.000561s ]
[2023-11-18T12:02:26+08:00][sql] SELECT COUNT(*) AS think_count FROM `nianbao_order` WHERE  `create_time` BETWEEN '2023-11-09 00:00:00' AND '2023-11-09 23:59:59'   AND `is_pay` = 1 LIMIT 1 [ RunTime:0.000559s ]
[2023-11-18T12:02:26+08:00][sql] SELECT COUNT(*) AS think_count FROM `nianbao_order` WHERE  `create_time` BETWEEN '2023-11-10 00:00:00' AND '2023-11-10 23:59:59'   AND `is_pay` = 1 LIMIT 1 [ RunTime:0.000555s ]
[2023-11-18T12:02:26+08:00][sql] SELECT COUNT(*) AS think_count FROM `nianbao_order` WHERE  `create_time` BETWEEN '2023-11-11 00:00:00' AND '2023-11-11 23:59:59'   AND `is_pay` = 1 LIMIT 1 [ RunTime:0.000619s ]
[2023-11-18T12:02:26+08:00][sql] SELECT COUNT(*) AS think_count FROM `nianbao_order` WHERE  `create_time` BETWEEN '2023-11-12 00:00:00' AND '2023-11-12 23:59:59'   AND `is_pay` = 1 LIMIT 1 [ RunTime:0.000575s ]
[2023-11-18T12:02:26+08:00][sql] SELECT COUNT(*) AS think_count FROM `nianbao_order` WHERE  `create_time` BETWEEN '2023-11-13 00:00:00' AND '2023-11-13 23:59:59'   AND `is_pay` = 1 LIMIT 1 [ RunTime:0.000575s ]
[2023-11-18T12:02:26+08:00][sql] SELECT COUNT(*) AS think_count FROM `nianbao_order` WHERE  `create_time` BETWEEN '2023-11-14 00:00:00' AND '2023-11-14 23:59:59'   AND `is_pay` = 1 LIMIT 1 [ RunTime:0.000571s ]
[2023-11-18T12:02:26+08:00][sql] SELECT COUNT(*) AS think_count FROM `nianbao_order` WHERE  `create_time` BETWEEN '2023-11-15 00:00:00' AND '2023-11-15 23:59:59'   AND `is_pay` = 1 LIMIT 1 [ RunTime:0.000569s ]
[2023-11-18T12:02:26+08:00][sql] SELECT COUNT(*) AS think_count FROM `nianbao_order` WHERE  `create_time` BETWEEN '2023-11-16 00:00:00' AND '2023-11-16 23:59:59'   AND `is_pay` = 1 LIMIT 1 [ RunTime:0.000571s ]
[2023-11-18T12:02:26+08:00][sql] SELECT COUNT(*) AS think_count FROM `nianbao_order` WHERE  `create_time` BETWEEN '2023-11-17 00:00:00' AND '2023-11-17 23:59:59'   AND `is_pay` = 1 LIMIT 1 [ RunTime:0.000566s ]
[2023-11-18T12:02:26+08:00][sql] SELECT COUNT(*) AS think_count FROM `nianbao_order` WHERE  `create_time` BETWEEN '2023-11-18 00:00:00' AND '2023-11-18 23:59:59'   AND `is_pay` = 1 LIMIT 1 [ RunTime:0.000569s ]
[2023-11-18T12:02:26+08:00][sql] SELECT COUNT(*) AS think_count FROM `nianbao_order` WHERE  `create_time` BETWEEN '2023-11-19 00:00:00' AND '2023-11-19 23:59:59'   AND `is_pay` = 1 LIMIT 1 [ RunTime:0.000575s ]
[2023-11-18T12:02:26+08:00][sql] SELECT COUNT(*) AS think_count FROM `nianbao_order` WHERE  `create_time` BETWEEN '2023-11-20 00:00:00' AND '2023-11-20 23:59:59'   AND `is_pay` = 1 LIMIT 1 [ RunTime:0.000570s ]
[2023-11-18T12:02:26+08:00][sql] SELECT COUNT(*) AS think_count FROM `nianbao_order` WHERE  `create_time` BETWEEN '2023-11-21 00:00:00' AND '2023-11-21 23:59:59'   AND `is_pay` = 1 LIMIT 1 [ RunTime:0.000565s ]
[2023-11-18T12:02:26+08:00][sql] SELECT COUNT(*) AS think_count FROM `nianbao_order` WHERE  `create_time` BETWEEN '2023-11-22 00:00:00' AND '2023-11-22 23:59:59'   AND `is_pay` = 1 LIMIT 1 [ RunTime:0.000571s ]
[2023-11-18T12:02:26+08:00][sql] SELECT COUNT(*) AS think_count FROM `nianbao_order` WHERE  `create_time` BETWEEN '2023-11-23 00:00:00' AND '2023-11-23 23:59:59'   AND `is_pay` = 1 LIMIT 1 [ RunTime:0.000571s ]
[2023-11-18T12:02:26+08:00][sql] SELECT COUNT(*) AS think_count FROM `nianbao_order` WHERE  `create_time` BETWEEN '2023-11-24 00:00:00' AND '2023-11-24 23:59:59'   AND `is_pay` = 1 LIMIT 1 [ RunTime:0.000562s ]
[2023-11-18T12:02:26+08:00][sql] SELECT COUNT(*) AS think_count FROM `nianbao_order` WHERE  `create_time` BETWEEN '2023-11-25 00:00:00' AND '2023-11-25 23:59:59'   AND `is_pay` = 1 LIMIT 1 [ RunTime:0.000564s ]
[2023-11-18T12:02:26+08:00][sql] SELECT COUNT(*) AS think_count FROM `nianbao_order` WHERE  `create_time` BETWEEN '2023-11-26 00:00:00' AND '2023-11-26 23:59:59'   AND `is_pay` = 1 LIMIT 1 [ RunTime:0.000570s ]
[2023-11-18T12:02:26+08:00][sql] SELECT COUNT(*) AS think_count FROM `nianbao_order` WHERE  `create_time` BETWEEN '2023-11-27 00:00:00' AND '2023-11-27 23:59:59'   AND `is_pay` = 1 LIMIT 1 [ RunTime:0.000567s ]
[2023-11-18T12:02:26+08:00][sql] SELECT COUNT(*) AS think_count FROM `nianbao_order` WHERE  `create_time` BETWEEN '2023-11-28 00:00:00' AND '2023-11-28 23:59:59'   AND `is_pay` = 1 LIMIT 1 [ RunTime:0.000587s ]
[2023-11-18T12:02:26+08:00][sql] SELECT COUNT(*) AS think_count FROM `nianbao_order` WHERE  `create_time` BETWEEN '2023-11-29 00:00:00' AND '2023-11-29 23:59:59'   AND `is_pay` = 1 LIMIT 1 [ RunTime:0.000579s ]
[2023-11-18T12:02:26+08:00][sql] SELECT COUNT(*) AS think_count FROM `nianbao_order` WHERE  `create_time` BETWEEN '2023-11-30 00:00:00' AND '2023-11-30 23:59:59'   AND `is_pay` = 1 LIMIT 1 [ RunTime:0.000553s ]
[2023-11-18T12:02:26+08:00][sql] SHOW FULL COLUMNS FROM `nianbao_member` [ RunTime:0.000499s ]
[2023-11-18T12:02:26+08:00][sql] SELECT COUNT(*) AS think_count FROM `nianbao_member` WHERE  `create_time` BETWEEN '2023-11-01 00:00:00' AND '2023-11-30 23:59:59'  LIMIT 1 [ RunTime:0.000905s ]
[2023-11-18T12:02:26+08:00][sql] SELECT COUNT(*) AS think_count FROM `nianbao_order` WHERE  `create_time` BETWEEN '2023-11-01 00:00:00' AND '2023-11-30 23:59:59'   AND `is_pay` = 1 LIMIT 1 [ RunTime:0.000603s ]
[2023-11-18T12:02:26+08:00][sql] SELECT SUM(`total_price`) AS think_sum FROM `nianbao_order` WHERE  `create_time` BETWEEN '2023-11-01 00:00:00' AND '2023-11-30 23:59:59'   AND `is_pay` = 1 LIMIT 1 [ RunTime:0.000614s ]
[2023-11-18T12:02:26+08:00][sql] SELECT COUNT(*) AS think_count FROM `nianbao_order` WHERE  `refund_time` BETWEEN '2023-11-01 00:00:00' AND '2023-11-30 23:59:59'   AND `is_pay` = 1  AND `is_refund` = '1' LIMIT 1 [ RunTime:0.000596s ]
[2023-11-18T12:02:26+08:00][sql] SELECT COUNT(*) AS think_count FROM `nianbao_member` WHERE  `create_time` BETWEEN '2023-11-18 00:00:00' AND '2023-11-18 23:59:59'  LIMIT 1 [ RunTime:0.000561s ]
[2023-11-18T12:02:26+08:00][sql] SELECT COUNT(*) AS think_count FROM `nianbao_order` WHERE  `create_time` BETWEEN '2023-11-18 00:00:00' AND '2023-11-18 23:59:59'   AND `is_pay` = 1 LIMIT 1 [ RunTime:0.000562s ]
[2023-11-18T12:02:26+08:00][sql] SELECT SUM(`total_price`) AS think_sum FROM `nianbao_order` WHERE  `create_time` BETWEEN '2023-11-18 00:00:00' AND '2023-11-18 23:59:59'   AND `is_pay` = 1 LIMIT 1 [ RunTime:0.000596s ]
[2023-11-18T12:02:26+08:00][sql] SELECT COUNT(*) AS think_count FROM `nianbao_order` WHERE  `refund_time` BETWEEN '2023-11-18 00:00:00' AND '2023-11-18 23:59:59'   AND `is_pay` = 1  AND `is_refund` = '1' LIMIT 1 [ RunTime:0.000572s ]
[2023-11-18T12:02:37+08:00][sql] CONNECT:[ UseTime:0.000352s ] mysql:host=127.0.0.1;port=3306;dbname=nianbao;charset=utf8
[2023-11-18T12:02:37+08:00][sql] SHOW FULL COLUMNS FROM `nianbao_order` [ RunTime:0.000632s ]
[2023-11-18T12:02:37+08:00][sql] SELECT COUNT(*) AS think_count FROM `nianbao_order` WHERE  `is_pay` = 1  AND `is_delete` = 0 LIMIT 1 [ RunTime:0.000664s ]
[2023-11-18T12:02:37+08:00][sql] SELECT * FROM `nianbao_order` WHERE  `is_pay` = 1  AND `is_delete` = 0 ORDER BY `id` DESC LIMIT 0,20 [ RunTime:0.001607s ]
[2023-11-18T12:02:37+08:00][sql] SHOW FULL COLUMNS FROM `nianbao_pay` [ RunTime:0.000539s ]
[2023-11-18T12:02:37+08:00][sql] SELECT * FROM `nianbao_pay` WHERE  `id` = 2 LIMIT 1 [ RunTime:0.000266s ]
[2023-11-18T12:02:37+08:00][sql] SELECT * FROM `nianbao_pay` WHERE  `id` = 2 LIMIT 1 [ RunTime:0.000185s ]
[2023-11-18T12:02:37+08:00][sql] SELECT * FROM `nianbao_pay` WHERE  `id` = 2 LIMIT 1 [ RunTime:0.000180s ]
[2023-11-18T12:04:51+08:00][sql] CONNECT:[ UseTime:0.000337s ] mysql:host=127.0.0.1;port=3306;dbname=nianbao;charset=utf8
[2023-11-18T12:04:51+08:00][sql] SHOW FULL COLUMNS FROM `nianbao_base_config` [ RunTime:0.000506s ]
[2023-11-18T12:04:51+08:00][sql] SELECT * FROM `nianbao_base_config` [ RunTime:0.000292s ]
[2023-11-18T12:05:01+08:00][sql] CONNECT:[ UseTime:0.000377s ] mysql:host=127.0.0.1;port=3306;dbname=nianbao;charset=utf8
[2023-11-18T12:05:01+08:00][sql] SHOW FULL COLUMNS FROM `nianbao_admin_user` [ RunTime:0.000578s ]
[2023-11-18T12:05:01+08:00][sql] SELECT `a`.`user_id`,`a`.`name`,a.user as username,`a`.`status`,a.role_id as user_role_ids,`b`.`role_id`,b.name as role_name,b.status as role_status,`b`.`access` FROM `nianbao_admin_user` `a` INNER JOIN `nianbao_role` `b` ON a.role_id in(b.role_id) WHERE  `a`.`user` = 'admin'  AND `a`.`pwd` = 'c4ceeb4b1fe20766657ea78a10ee3679' LIMIT 1 [ RunTime:0.000362s ]
[2023-11-18T12:05:01+08:00][sql] SHOW FULL COLUMNS FROM `nianbao_log` [ RunTime:0.000427s ]
[2023-11-18T12:05:01+08:00][sql] INSERT INTO `nianbao_log` SET `application_name` = 'admin' , `username` = 'admin' , `url` = 'https://ss.xyaa.vip/admin/Login/index.html' , `ip` = '49.93.53.226' , `useragent` = 'Mozilla/5.0 (iPhone; CPU iPhone OS 15_4_1 like Mac OS X) AppleWebKit/605.1.15 (KHTML, like Gecko) Version/15.4 Mobile/15E148 Safari/604.1' , `create_time` = 1700280301 , `type` = 1 [ RunTime:0.004282s ]
[2023-11-18T12:05:02+08:00][sql] CONNECT:[ UseTime:0.000412s ] mysql:host=127.0.0.1;port=3306;dbname=nianbao;charset=utf8
[2023-11-18T12:05:02+08:00][sql] SHOW FULL COLUMNS FROM `nianbao_node` [ RunTime:0.000582s ]
[2023-11-18T12:05:02+08:00][sql] SELECT `node_id`,`pid`,`title`,`status`,`icon`,`sortid`,`path` FROM `nianbao_node` WHERE  `status` = 1  AND `type` = 1 ORDER BY `sortid` ASC [ RunTime:0.000357s ]
[2023-11-18T12:05:03+08:00][sql] CONNECT:[ UseTime:0.000421s ] mysql:host=127.0.0.1;port=3306;dbname=nianbao;charset=utf8
[2023-11-18T12:05:03+08:00][sql] SHOW FULL COLUMNS FROM `nianbao_order` [ RunTime:0.000635s ]
[2023-11-18T12:05:03+08:00][sql] SELECT COUNT(*) AS think_count FROM `nianbao_order` WHERE  `create_time` BETWEEN '2023-11-01 00:00:00' AND '2023-11-01 23:59:59'   AND `is_pay` = 1 LIMIT 1 [ RunTime:0.000715s ]
[2023-11-18T12:05:03+08:00][sql] SELECT COUNT(*) AS think_count FROM `nianbao_order` WHERE  `create_time` BETWEEN '2023-11-02 00:00:00' AND '2023-11-02 23:59:59'   AND `is_pay` = 1 LIMIT 1 [ RunTime:0.000607s ]
[2023-11-18T12:05:03+08:00][sql] SELECT COUNT(*) AS think_count FROM `nianbao_order` WHERE  `create_time` BETWEEN '2023-11-03 00:00:00' AND '2023-11-03 23:59:59'   AND `is_pay` = 1 LIMIT 1 [ RunTime:0.000612s ]
[2023-11-18T12:05:03+08:00][sql] SELECT COUNT(*) AS think_count FROM `nianbao_order` WHERE  `create_time` BETWEEN '2023-11-04 00:00:00' AND '2023-11-04 23:59:59'   AND `is_pay` = 1 LIMIT 1 [ RunTime:0.000588s ]
[2023-11-18T12:05:03+08:00][sql] SELECT COUNT(*) AS think_count FROM `nianbao_order` WHERE  `create_time` BETWEEN '2023-11-05 00:00:00' AND '2023-11-05 23:59:59'   AND `is_pay` = 1 LIMIT 1 [ RunTime:0.000560s ]
[2023-11-18T12:05:03+08:00][sql] SELECT COUNT(*) AS think_count FROM `nianbao_order` WHERE  `create_time` BETWEEN '2023-11-06 00:00:00' AND '2023-11-06 23:59:59'   AND `is_pay` = 1 LIMIT 1 [ RunTime:0.000561s ]
[2023-11-18T12:05:03+08:00][sql] SELECT COUNT(*) AS think_count FROM `nianbao_order` WHERE  `create_time` BETWEEN '2023-11-07 00:00:00' AND '2023-11-07 23:59:59'   AND `is_pay` = 1 LIMIT 1 [ RunTime:0.000578s ]
[2023-11-18T12:05:03+08:00][sql] SELECT COUNT(*) AS think_count FROM `nianbao_order` WHERE  `create_time` BETWEEN '2023-11-08 00:00:00' AND '2023-11-08 23:59:59'   AND `is_pay` = 1 LIMIT 1 [ RunTime:0.000561s ]
[2023-11-18T12:05:03+08:00][sql] SELECT COUNT(*) AS think_count FROM `nianbao_order` WHERE  `create_time` BETWEEN '2023-11-09 00:00:00' AND '2023-11-09 23:59:59'   AND `is_pay` = 1 LIMIT 1 [ RunTime:0.000562s ]
[2023-11-18T12:05:03+08:00][sql] SELECT COUNT(*) AS think_count FROM `nianbao_order` WHERE  `create_time` BETWEEN '2023-11-10 00:00:00' AND '2023-11-10 23:59:59'   AND `is_pay` = 1 LIMIT 1 [ RunTime:0.000572s ]
[2023-11-18T12:05:03+08:00][sql] SELECT COUNT(*) AS think_count FROM `nianbao_order` WHERE  `create_time` BETWEEN '2023-11-11 00:00:00' AND '2023-11-11 23:59:59'   AND `is_pay` = 1 LIMIT 1 [ RunTime:0.000566s ]
[2023-11-18T12:05:03+08:00][sql] SELECT COUNT(*) AS think_count FROM `nianbao_order` WHERE  `create_time` BETWEEN '2023-11-12 00:00:00' AND '2023-11-12 23:59:59'   AND `is_pay` = 1 LIMIT 1 [ RunTime:0.000578s ]
[2023-11-18T12:05:03+08:00][sql] SELECT COUNT(*) AS think_count FROM `nianbao_order` WHERE  `create_time` BETWEEN '2023-11-13 00:00:00' AND '2023-11-13 23:59:59'   AND `is_pay` = 1 LIMIT 1 [ RunTime:0.000566s ]
[2023-11-18T12:05:03+08:00][sql] SELECT COUNT(*) AS think_count FROM `nianbao_order` WHERE  `create_time` BETWEEN '2023-11-14 00:00:00' AND '2023-11-14 23:59:59'   AND `is_pay` = 1 LIMIT 1 [ RunTime:0.000567s ]
[2023-11-18T12:05:03+08:00][sql] SELECT COUNT(*) AS think_count FROM `nianbao_order` WHERE  `create_time` BETWEEN '2023-11-15 00:00:00' AND '2023-11-15 23:59:59'   AND `is_pay` = 1 LIMIT 1 [ RunTime:0.000561s ]
[2023-11-18T12:05:03+08:00][sql] SELECT COUNT(*) AS think_count FROM `nianbao_order` WHERE  `create_time` BETWEEN '2023-11-16 00:00:00' AND '2023-11-16 23:59:59'   AND `is_pay` = 1 LIMIT 1 [ RunTime:0.000577s ]
[2023-11-18T12:05:03+08:00][sql] SELECT COUNT(*) AS think_count FROM `nianbao_order` WHERE  `create_time` BETWEEN '2023-11-17 00:00:00' AND '2023-11-17 23:59:59'   AND `is_pay` = 1 LIMIT 1 [ RunTime:0.000576s ]
[2023-11-18T12:05:03+08:00][sql] SELECT COUNT(*) AS think_count FROM `nianbao_order` WHERE  `create_time` BETWEEN '2023-11-18 00:00:00' AND '2023-11-18 23:59:59'   AND `is_pay` = 1 LIMIT 1 [ RunTime:0.000576s ]
[2023-11-18T12:05:03+08:00][sql] SELECT COUNT(*) AS think_count FROM `nianbao_order` WHERE  `create_time` BETWEEN '2023-11-19 00:00:00' AND '2023-11-19 23:59:59'   AND `is_pay` = 1 LIMIT 1 [ RunTime:0.000572s ]
[2023-11-18T12:05:03+08:00][sql] SELECT COUNT(*) AS think_count FROM `nianbao_order` WHERE  `create_time` BETWEEN '2023-11-20 00:00:00' AND '2023-11-20 23:59:59'   AND `is_pay` = 1 LIMIT 1 [ RunTime:0.000556s ]
[2023-11-18T12:05:03+08:00][sql] SELECT COUNT(*) AS think_count FROM `nianbao_order` WHERE  `create_time` BETWEEN '2023-11-21 00:00:00' AND '2023-11-21 23:59:59'   AND `is_pay` = 1 LIMIT 1 [ RunTime:0.000571s ]
[2023-11-18T12:05:03+08:00][sql] SELECT COUNT(*) AS think_count FROM `nianbao_order` WHERE  `create_time` BETWEEN '2023-11-22 00:00:00' AND '2023-11-22 23:59:59'   AND `is_pay` = 1 LIMIT 1 [ RunTime:0.000575s ]
[2023-11-18T12:05:03+08:00][sql] SELECT COUNT(*) AS think_count FROM `nianbao_order` WHERE  `create_time` BETWEEN '2023-11-23 00:00:00' AND '2023-11-23 23:59:59'   AND `is_pay` = 1 LIMIT 1 [ RunTime:0.000580s ]
[2023-11-18T12:05:03+08:00][sql] SELECT COUNT(*) AS think_count FROM `nianbao_order` WHERE  `create_time` BETWEEN '2023-11-24 00:00:00' AND '2023-11-24 23:59:59'   AND `is_pay` = 1 LIMIT 1 [ RunTime:0.000567s ]
[2023-11-18T12:05:03+08:00][sql] SELECT COUNT(*) AS think_count FROM `nianbao_order` WHERE  `create_time` BETWEEN '2023-11-25 00:00:00' AND '2023-11-25 23:59:59'   AND `is_pay` = 1 LIMIT 1 [ RunTime:0.000579s ]
[2023-11-18T12:05:03+08:00][sql] SELECT COUNT(*) AS think_count FROM `nianbao_order` WHERE  `create_time` BETWEEN '2023-11-26 00:00:00' AND '2023-11-26 23:59:59'   AND `is_pay` = 1 LIMIT 1 [ RunTime:0.000571s ]
[2023-11-18T12:05:03+08:00][sql] SELECT COUNT(*) AS think_count FROM `nianbao_order` WHERE  `create_time` BETWEEN '2023-11-27 00:00:00' AND '2023-11-27 23:59:59'   AND `is_pay` = 1 LIMIT 1 [ RunTime:0.000565s ]
[2023-11-18T12:05:03+08:00][sql] SELECT COUNT(*) AS think_count FROM `nianbao_order` WHERE  `create_time` BETWEEN '2023-11-28 00:00:00' AND '2023-11-28 23:59:59'   AND `is_pay` = 1 LIMIT 1 [ RunTime:0.000604s ]
[2023-11-18T12:05:03+08:00][sql] SELECT COUNT(*) AS think_count FROM `nianbao_order` WHERE  `create_time` BETWEEN '2023-11-29 00:00:00' AND '2023-11-29 23:59:59'   AND `is_pay` = 1 LIMIT 1 [ RunTime:0.000569s ]
[2023-11-18T12:05:03+08:00][sql] SELECT COUNT(*) AS think_count FROM `nianbao_order` WHERE  `create_time` BETWEEN '2023-11-30 00:00:00' AND '2023-11-30 23:59:59'   AND `is_pay` = 1 LIMIT 1 [ RunTime:0.000562s ]
[2023-11-18T12:05:03+08:00][sql] SHOW FULL COLUMNS FROM `nianbao_member` [ RunTime:0.000540s ]
[2023-11-18T12:05:03+08:00][sql] SELECT COUNT(*) AS think_count FROM `nianbao_member` WHERE  `create_time` BETWEEN '2023-11-01 00:00:00' AND '2023-11-30 23:59:59'  LIMIT 1 [ RunTime:0.000597s ]
[2023-11-18T12:05:03+08:00][sql] SELECT COUNT(*) AS think_count FROM `nianbao_order` WHERE  `create_time` BETWEEN '2023-11-01 00:00:00' AND '2023-11-30 23:59:59'   AND `is_pay` = 1 LIMIT 1 [ RunTime:0.000577s ]
[2023-11-18T12:05:03+08:00][sql] SELECT SUM(`total_price`) AS think_sum FROM `nianbao_order` WHERE  `create_time` BETWEEN '2023-11-01 00:00:00' AND '2023-11-30 23:59:59'   AND `is_pay` = 1 LIMIT 1 [ RunTime:0.000616s ]
[2023-11-18T12:05:03+08:00][sql] SELECT COUNT(*) AS think_count FROM `nianbao_order` WHERE  `refund_time` BETWEEN '2023-11-01 00:00:00' AND '2023-11-30 23:59:59'   AND `is_pay` = 1  AND `is_refund` = '1' LIMIT 1 [ RunTime:0.000562s ]
[2023-11-18T12:05:03+08:00][sql] SELECT COUNT(*) AS think_count FROM `nianbao_member` WHERE  `create_time` BETWEEN '2023-11-18 00:00:00' AND '2023-11-18 23:59:59'  LIMIT 1 [ RunTime:0.000570s ]
[2023-11-18T12:05:03+08:00][sql] SELECT COUNT(*) AS think_count FROM `nianbao_order` WHERE  `create_time` BETWEEN '2023-11-18 00:00:00' AND '2023-11-18 23:59:59'   AND `is_pay` = 1 LIMIT 1 [ RunTime:0.000577s ]
[2023-11-18T12:05:03+08:00][sql] SELECT SUM(`total_price`) AS think_sum FROM `nianbao_order` WHERE  `create_time` BETWEEN '2023-11-18 00:00:00' AND '2023-11-18 23:59:59'   AND `is_pay` = 1 LIMIT 1 [ RunTime:0.000620s ]
[2023-11-18T12:05:03+08:00][sql] SELECT COUNT(*) AS think_count FROM `nianbao_order` WHERE  `refund_time` BETWEEN '2023-11-18 00:00:00' AND '2023-11-18 23:59:59'   AND `is_pay` = 1  AND `is_refund` = '1' LIMIT 1 [ RunTime:0.000582s ]
[2023-11-18T12:05:37+08:00][sql] CONNECT:[ UseTime:0.000357s ] mysql:host=127.0.0.1;port=3306;dbname=nianbao;charset=utf8
[2023-11-18T12:05:37+08:00][sql] SHOW FULL COLUMNS FROM `nianbao_order` [ RunTime:0.000592s ]
[2023-11-18T12:05:37+08:00][sql] SELECT COUNT(*) AS think_count FROM `nianbao_order` WHERE  `is_pay` = 1  AND `is_delete` = 0 LIMIT 1 [ RunTime:0.000636s ]
[2023-11-18T12:05:37+08:00][sql] SELECT * FROM `nianbao_order` WHERE  `is_pay` = 1  AND `is_delete` = 0 ORDER BY `id` DESC LIMIT 0,20 [ RunTime:0.001645s ]
[2023-11-18T12:05:37+08:00][sql] SHOW FULL COLUMNS FROM `nianbao_pay` [ RunTime:0.000573s ]
[2023-11-18T12:05:37+08:00][sql] SELECT * FROM `nianbao_pay` WHERE  `id` = 2 LIMIT 1 [ RunTime:0.000246s ]
[2023-11-18T12:05:37+08:00][sql] SELECT * FROM `nianbao_pay` WHERE  `id` = 2 LIMIT 1 [ RunTime:0.000181s ]
[2023-11-18T12:05:37+08:00][sql] SELECT * FROM `nianbao_pay` WHERE  `id` = 2 LIMIT 1 [ RunTime:0.000171s ]
[2023-11-18T12:10:47+08:00][sql] CONNECT:[ UseTime:0.000337s ] mysql:host=127.0.0.1;port=3306;dbname=nianbao;charset=utf8
[2023-11-18T12:10:47+08:00][sql] SHOW FULL COLUMNS FROM `nianbao_base_config` [ RunTime:0.000607s ]
[2023-11-18T12:10:47+08:00][sql] SELECT * FROM `nianbao_base_config` [ RunTime:0.000275s ]
[2023-11-18T12:11:13+08:00][sql] CONNECT:[ UseTime:0.000374s ] mysql:host=127.0.0.1;port=3306;dbname=nianbao;charset=utf8
[2023-11-18T12:11:13+08:00][sql] SHOW FULL COLUMNS FROM `nianbao_admin_user` [ RunTime:0.000570s ]
[2023-11-18T12:11:13+08:00][sql] SELECT `a`.`user_id`,`a`.`name`,a.user as username,`a`.`status`,a.role_id as user_role_ids,`b`.`role_id`,b.name as role_name,b.status as role_status,`b`.`access` FROM `nianbao_admin_user` `a` INNER JOIN `nianbao_role` `b` ON a.role_id in(b.role_id) WHERE  `a`.`user` = 'admin'  AND `a`.`pwd` = '7b2ad4e307d5b3ec9e786054225d0985' LIMIT 1 [ RunTime:0.000347s ]
[2023-11-18T12:11:34+08:00][sql] CONNECT:[ UseTime:0.000394s ] mysql:host=127.0.0.1;port=3306;dbname=nianbao;charset=utf8
[2023-11-18T12:11:34+08:00][sql] SHOW FULL COLUMNS FROM `nianbao_admin_user` [ RunTime:0.000537s ]
[2023-11-18T12:11:34+08:00][sql] SELECT `a`.`user_id`,`a`.`name`,a.user as username,`a`.`status`,a.role_id as user_role_ids,`b`.`role_id`,b.name as role_name,b.status as role_status,`b`.`access` FROM `nianbao_admin_user` `a` INNER JOIN `nianbao_role` `b` ON a.role_id in(b.role_id) WHERE  `a`.`user` = 'admin'  AND `a`.`pwd` = '7b2ad4e307d5b3ec9e786054225d0985' LIMIT 1 [ RunTime:0.000361s ]
[2023-11-18T12:12:23+08:00][sql] CONNECT:[ UseTime:0.000383s ] mysql:host=127.0.0.1;port=3306;dbname=nianbao;charset=utf8
[2023-11-18T12:12:23+08:00][sql] SHOW FULL COLUMNS FROM `nianbao_base_config` [ RunTime:0.000521s ]
[2023-11-18T12:12:23+08:00][sql] SELECT * FROM `nianbao_base_config` [ RunTime:0.000279s ]
[2023-11-18T12:12:23+08:00][sql] SHOW FULL COLUMNS FROM `nianbao_admin_user` [ RunTime:0.000433s ]
[2023-11-18T12:12:23+08:00][sql] SELECT `a`.`user_id`,`a`.`name`,a.user as username,`a`.`status`,a.role_id as user_role_ids,`b`.`role_id`,b.name as role_name,b.status as role_status,`b`.`access` FROM `nianbao_admin_user` `a` INNER JOIN `nianbao_role` `b` ON a.role_id in(b.role_id) WHERE  `a`.`user` = 'admin'  AND `a`.`pwd` = '7b2ad4e307d5b3ec9e786054225d0985' LIMIT 1 [ RunTime:0.000406s ]
[2023-11-18T12:13:18+08:00][sql] CONNECT:[ UseTime:0.000334s ] mysql:host=127.0.0.1;port=3306;dbname=nianbao;charset=utf8
[2023-11-18T12:13:18+08:00][sql] SHOW FULL COLUMNS FROM `nianbao_admin_user` [ RunTime:0.000545s ]
[2023-11-18T12:13:18+08:00][sql] SELECT `a`.`user_id`,`a`.`name`,a.user as username,`a`.`status`,a.role_id as user_role_ids,`b`.`role_id`,b.name as role_name,b.status as role_status,`b`.`access` FROM `nianbao_admin_user` `a` INNER JOIN `nianbao_role` `b` ON a.role_id in(b.role_id) WHERE  `a`.`user` = 'admin'  AND `a`.`pwd` = 'c4ceeb4b1fe20766657ea78a10ee3679' LIMIT 1 [ RunTime:0.000386s ]
[2023-11-18T12:13:18+08:00][sql] SHOW FULL COLUMNS FROM `nianbao_log` [ RunTime:0.000496s ]
[2023-11-18T12:13:18+08:00][sql] INSERT INTO `nianbao_log` SET `application_name` = 'admin' , `username` = 'admin' , `url` = 'https://ss.xyaa.vip/admin/Login/index.html' , `ip` = '112.235.233.159' , `useragent` = 'Mozilla/5.0 (Windows NT 10.0; Win64; x64) AppleWebKit/537.36 (KHTML, like Gecko) Chrome/119.0.0.0 Safari/537.36 Edg/119.0.0.0' , `create_time` = 1700280798 , `type` = 1 [ RunTime:0.003891s ]
[2023-11-18T12:13:19+08:00][sql] CONNECT:[ UseTime:0.000359s ] mysql:host=127.0.0.1;port=3306;dbname=nianbao;charset=utf8
[2023-11-18T12:13:19+08:00][sql] SHOW FULL COLUMNS FROM `nianbao_node` [ RunTime:0.000627s ]
[2023-11-18T12:13:19+08:00][sql] SELECT `node_id`,`pid`,`title`,`status`,`icon`,`sortid`,`path` FROM `nianbao_node` WHERE  `status` = 1  AND `type` = 1 ORDER BY `sortid` ASC [ RunTime:0.000306s ]
[2023-11-18T12:13:20+08:00][sql] CONNECT:[ UseTime:0.000320s ] mysql:host=127.0.0.1;port=3306;dbname=nianbao;charset=utf8
[2023-11-18T12:13:20+08:00][sql] SHOW FULL COLUMNS FROM `nianbao_order` [ RunTime:0.000666s ]
[2023-11-18T12:13:20+08:00][sql] SELECT COUNT(*) AS think_count FROM `nianbao_order` WHERE  `create_time` BETWEEN '2023-11-01 00:00:00' AND '2023-11-01 23:59:59'   AND `is_pay` = 1 LIMIT 1 [ RunTime:0.000685s ]
[2023-11-18T12:13:20+08:00][sql] SELECT COUNT(*) AS think_count FROM `nianbao_order` WHERE  `create_time` BETWEEN '2023-11-02 00:00:00' AND '2023-11-02 23:59:59'   AND `is_pay` = 1 LIMIT 1 [ RunTime:0.000590s ]
[2023-11-18T12:13:20+08:00][sql] SELECT COUNT(*) AS think_count FROM `nianbao_order` WHERE  `create_time` BETWEEN '2023-11-03 00:00:00' AND '2023-11-03 23:59:59'   AND `is_pay` = 1 LIMIT 1 [ RunTime:0.000564s ]
[2023-11-18T12:13:20+08:00][sql] SELECT COUNT(*) AS think_count FROM `nianbao_order` WHERE  `create_time` BETWEEN '2023-11-04 00:00:00' AND '2023-11-04 23:59:59'   AND `is_pay` = 1 LIMIT 1 [ RunTime:0.000562s ]
[2023-11-18T12:13:20+08:00][sql] SELECT COUNT(*) AS think_count FROM `nianbao_order` WHERE  `create_time` BETWEEN '2023-11-05 00:00:00' AND '2023-11-05 23:59:59'   AND `is_pay` = 1 LIMIT 1 [ RunTime:0.000580s ]
[2023-11-18T12:13:20+08:00][sql] SELECT COUNT(*) AS think_count FROM `nianbao_order` WHERE  `create_time` BETWEEN '2023-11-06 00:00:00' AND '2023-11-06 23:59:59'   AND `is_pay` = 1 LIMIT 1 [ RunTime:0.000553s ]
[2023-11-18T12:13:20+08:00][sql] SELECT COUNT(*) AS think_count FROM `nianbao_order` WHERE  `create_time` BETWEEN '2023-11-07 00:00:00' AND '2023-11-07 23:59:59'   AND `is_pay` = 1 LIMIT 1 [ RunTime:0.000554s ]
[2023-11-18T12:13:20+08:00][sql] SELECT COUNT(*) AS think_count FROM `nianbao_order` WHERE  `create_time` BETWEEN '2023-11-08 00:00:00' AND '2023-11-08 23:59:59'   AND `is_pay` = 1 LIMIT 1 [ RunTime:0.000565s ]
[2023-11-18T12:13:20+08:00][sql] SELECT COUNT(*) AS think_count FROM `nianbao_order` WHERE  `create_time` BETWEEN '2023-11-09 00:00:00' AND '2023-11-09 23:59:59'   AND `is_pay` = 1 LIMIT 1 [ RunTime:0.000559s ]
[2023-11-18T12:13:20+08:00][sql] SELECT COUNT(*) AS think_count FROM `nianbao_order` WHERE  `create_time` BETWEEN '2023-11-10 00:00:00' AND '2023-11-10 23:59:59'   AND `is_pay` = 1 LIMIT 1 [ RunTime:0.000572s ]
[2023-11-18T12:13:20+08:00][sql] SELECT COUNT(*) AS think_count FROM `nianbao_order` WHERE  `create_time` BETWEEN '2023-11-11 00:00:00' AND '2023-11-11 23:59:59'   AND `is_pay` = 1 LIMIT 1 [ RunTime:0.000609s ]
[2023-11-18T12:13:20+08:00][sql] SELECT COUNT(*) AS think_count FROM `nianbao_order` WHERE  `create_time` BETWEEN '2023-11-12 00:00:00' AND '2023-11-12 23:59:59'   AND `is_pay` = 1 LIMIT 1 [ RunTime:0.000584s ]
[2023-11-18T12:13:20+08:00][sql] SELECT COUNT(*) AS think_count FROM `nianbao_order` WHERE  `create_time` BETWEEN '2023-11-13 00:00:00' AND '2023-11-13 23:59:59'   AND `is_pay` = 1 LIMIT 1 [ RunTime:0.000566s ]
[2023-11-18T12:13:20+08:00][sql] SELECT COUNT(*) AS think_count FROM `nianbao_order` WHERE  `create_time` BETWEEN '2023-11-14 00:00:00' AND '2023-11-14 23:59:59'   AND `is_pay` = 1 LIMIT 1 [ RunTime:0.000574s ]
[2023-11-18T12:13:20+08:00][sql] SELECT COUNT(*) AS think_count FROM `nianbao_order` WHERE  `create_time` BETWEEN '2023-11-15 00:00:00' AND '2023-11-15 23:59:59'   AND `is_pay` = 1 LIMIT 1 [ RunTime:0.000580s ]
[2023-11-18T12:13:20+08:00][sql] SELECT COUNT(*) AS think_count FROM `nianbao_order` WHERE  `create_time` BETWEEN '2023-11-16 00:00:00' AND '2023-11-16 23:59:59'   AND `is_pay` = 1 LIMIT 1 [ RunTime:0.000574s ]
[2023-11-18T12:13:20+08:00][sql] SELECT COUNT(*) AS think_count FROM `nianbao_order` WHERE  `create_time` BETWEEN '2023-11-17 00:00:00' AND '2023-11-17 23:59:59'   AND `is_pay` = 1 LIMIT 1 [ RunTime:0.000580s ]
[2023-11-18T12:13:20+08:00][sql] SELECT COUNT(*) AS think_count FROM `nianbao_order` WHERE  `create_time` BETWEEN '2023-11-18 00:00:00' AND '2023-11-18 23:59:59'   AND `is_pay` = 1 LIMIT 1 [ RunTime:0.000556s ]
[2023-11-18T12:13:20+08:00][sql] SELECT COUNT(*) AS think_count FROM `nianbao_order` WHERE  `create_time` BETWEEN '2023-11-19 00:00:00' AND '2023-11-19 23:59:59'   AND `is_pay` = 1 LIMIT 1 [ RunTime:0.000567s ]
[2023-11-18T12:13:20+08:00][sql] SELECT COUNT(*) AS think_count FROM `nianbao_order` WHERE  `create_time` BETWEEN '2023-11-20 00:00:00' AND '2023-11-20 23:59:59'   AND `is_pay` = 1 LIMIT 1 [ RunTime:0.000581s ]
[2023-11-18T12:13:20+08:00][sql] SELECT COUNT(*) AS think_count FROM `nianbao_order` WHERE  `create_time` BETWEEN '2023-11-21 00:00:00' AND '2023-11-21 23:59:59'   AND `is_pay` = 1 LIMIT 1 [ RunTime:0.000594s ]
[2023-11-18T12:13:20+08:00][sql] SELECT COUNT(*) AS think_count FROM `nianbao_order` WHERE  `create_time` BETWEEN '2023-11-22 00:00:00' AND '2023-11-22 23:59:59'   AND `is_pay` = 1 LIMIT 1 [ RunTime:0.000567s ]
[2023-11-18T12:13:20+08:00][sql] SELECT COUNT(*) AS think_count FROM `nianbao_order` WHERE  `create_time` BETWEEN '2023-11-23 00:00:00' AND '2023-11-23 23:59:59'   AND `is_pay` = 1 LIMIT 1 [ RunTime:0.000555s ]
[2023-11-18T12:13:20+08:00][sql] SELECT COUNT(*) AS think_count FROM `nianbao_order` WHERE  `create_time` BETWEEN '2023-11-24 00:00:00' AND '2023-11-24 23:59:59'   AND `is_pay` = 1 LIMIT 1 [ RunTime:0.000560s ]
[2023-11-18T12:13:20+08:00][sql] SELECT COUNT(*) AS think_count FROM `nianbao_order` WHERE  `create_time` BETWEEN '2023-11-25 00:00:00' AND '2023-11-25 23:59:59'   AND `is_pay` = 1 LIMIT 1 [ RunTime:0.000580s ]
[2023-11-18T12:13:20+08:00][sql] SELECT COUNT(*) AS think_count FROM `nianbao_order` WHERE  `create_time` BETWEEN '2023-11-26 00:00:00' AND '2023-11-26 23:59:59'   AND `is_pay` = 1 LIMIT 1 [ RunTime:0.000561s ]
[2023-11-18T12:13:20+08:00][sql] SELECT COUNT(*) AS think_count FROM `nianbao_order` WHERE  `create_time` BETWEEN '2023-11-27 00:00:00' AND '2023-11-27 23:59:59'   AND `is_pay` = 1 LIMIT 1 [ RunTime:0.000596s ]
[2023-11-18T12:13:20+08:00][sql] SELECT COUNT(*) AS think_count FROM `nianbao_order` WHERE  `create_time` BETWEEN '2023-11-28 00:00:00' AND '2023-11-28 23:59:59'   AND `is_pay` = 1 LIMIT 1 [ RunTime:0.000557s ]
[2023-11-18T12:13:20+08:00][sql] SELECT COUNT(*) AS think_count FROM `nianbao_order` WHERE  `create_time` BETWEEN '2023-11-29 00:00:00' AND '2023-11-29 23:59:59'   AND `is_pay` = 1 LIMIT 1 [ RunTime:0.000562s ]
[2023-11-18T12:13:20+08:00][sql] SELECT COUNT(*) AS think_count FROM `nianbao_order` WHERE  `create_time` BETWEEN '2023-11-30 00:00:00' AND '2023-11-30 23:59:59'   AND `is_pay` = 1 LIMIT 1 [ RunTime:0.000572s ]
[2023-11-18T12:13:20+08:00][sql] SHOW FULL COLUMNS FROM `nianbao_member` [ RunTime:0.000510s ]
[2023-11-18T12:13:20+08:00][sql] SELECT COUNT(*) AS think_count FROM `nianbao_member` WHERE  `create_time` BETWEEN '2023-11-01 00:00:00' AND '2023-11-30 23:59:59'  LIMIT 1 [ RunTime:0.000592s ]
[2023-11-18T12:13:20+08:00][sql] SELECT COUNT(*) AS think_count FROM `nianbao_order` WHERE  `create_time` BETWEEN '2023-11-01 00:00:00' AND '2023-11-30 23:59:59'   AND `is_pay` = 1 LIMIT 1 [ RunTime:0.000564s ]
[2023-11-18T12:13:20+08:00][sql] SELECT SUM(`total_price`) AS think_sum FROM `nianbao_order` WHERE  `create_time` BETWEEN '2023-11-01 00:00:00' AND '2023-11-30 23:59:59'   AND `is_pay` = 1 LIMIT 1 [ RunTime:0.000593s ]
[2023-11-18T12:13:20+08:00][sql] SELECT COUNT(*) AS think_count FROM `nianbao_order` WHERE  `refund_time` BETWEEN '2023-11-01 00:00:00' AND '2023-11-30 23:59:59'   AND `is_pay` = 1  AND `is_refund` = '1' LIMIT 1 [ RunTime:0.000576s ]
[2023-11-18T12:13:20+08:00][sql] SELECT COUNT(*) AS think_count FROM `nianbao_member` WHERE  `create_time` BETWEEN '2023-11-18 00:00:00' AND '2023-11-18 23:59:59'  LIMIT 1 [ RunTime:0.000549s ]
[2023-11-18T12:13:20+08:00][sql] SELECT COUNT(*) AS think_count FROM `nianbao_order` WHERE  `create_time` BETWEEN '2023-11-18 00:00:00' AND '2023-11-18 23:59:59'   AND `is_pay` = 1 LIMIT 1 [ RunTime:0.000544s ]
[2023-11-18T12:13:20+08:00][sql] SELECT SUM(`total_price`) AS think_sum FROM `nianbao_order` WHERE  `create_time` BETWEEN '2023-11-18 00:00:00' AND '2023-11-18 23:59:59'   AND `is_pay` = 1 LIMIT 1 [ RunTime:0.000578s ]
[2023-11-18T12:13:20+08:00][sql] SELECT COUNT(*) AS think_count FROM `nianbao_order` WHERE  `refund_time` BETWEEN '2023-11-18 00:00:00' AND '2023-11-18 23:59:59'   AND `is_pay` = 1  AND `is_refund` = '1' LIMIT 1 [ RunTime:0.000583s ]
[2023-11-18T12:13:24+08:00][sql] CONNECT:[ UseTime:0.000370s ] mysql:host=127.0.0.1;port=3306;dbname=nianbao;charset=utf8
[2023-11-18T12:13:24+08:00][sql] SHOW FULL COLUMNS FROM `nianbao_base_config` [ RunTime:0.000503s ]
[2023-11-18T12:13:24+08:00][sql] SELECT * FROM `nianbao_base_config` [ RunTime:0.000273s ]
[2023-11-18T12:13:24+08:00][sql] SHOW FULL COLUMNS FROM `nianbao_order` [ RunTime:0.000496s ]
[2023-11-18T12:13:24+08:00][sql] SELECT COUNT(*) AS think_count FROM `nianbao_order` WHERE  `is_pay` = 1  AND `is_delete` = 0 LIMIT 1 [ RunTime:0.000613s ]
[2023-11-18T12:13:24+08:00][sql] SELECT * FROM `nianbao_order` WHERE  `is_pay` = 1  AND `is_delete` = 0 ORDER BY `id` DESC LIMIT 0,20 [ RunTime:0.001658s ]
[2023-11-18T12:13:24+08:00][sql] SHOW FULL COLUMNS FROM `nianbao_pay` [ RunTime:0.000545s ]
[2023-11-18T12:13:24+08:00][sql] SELECT * FROM `nianbao_pay` WHERE  `id` = 2 LIMIT 1 [ RunTime:0.000217s ]
[2023-11-18T12:13:24+08:00][sql] SELECT * FROM `nianbao_pay` WHERE  `id` = 2 LIMIT 1 [ RunTime:0.000184s ]
[2023-11-18T12:13:24+08:00][sql] SELECT * FROM `nianbao_pay` WHERE  `id` = 2 LIMIT 1 [ RunTime:0.000183s ]
[2023-11-18T12:13:57+08:00][sql] CONNECT:[ UseTime:0.000340s ] mysql:host=127.0.0.1;port=3306;dbname=nianbao;charset=utf8
[2023-11-18T12:13:57+08:00][sql] SHOW FULL COLUMNS FROM `nianbao_member` [ RunTime:0.000529s ]
[2023-11-18T12:13:57+08:00][sql] SELECT COUNT(*) AS think_count FROM `nianbao_member` LIMIT 1 [ RunTime:0.000306s ]
[2023-11-18T12:13:57+08:00][sql] SELECT `id`,`nickname`,`openid`,`avatar`,`mobile`,`is_delete`,`create_time` FROM `nianbao_member` ORDER BY `id` DESC LIMIT 0,20 [ RunTime:0.000204s ]
[2023-11-18T12:14:54+08:00][sql] CONNECT:[ UseTime:0.000333s ] mysql:host=127.0.0.1;port=3306;dbname=nianbao;charset=utf8
[2023-11-18T12:14:54+08:00][sql] SHOW FULL COLUMNS FROM `nianbao_base_config` [ RunTime:0.000481s ]
[2023-11-18T12:14:54+08:00][sql] SELECT * FROM `nianbao_base_config` [ RunTime:0.000284s ]
[2023-11-18T12:14:54+08:00][sql] CONNECT:[ UseTime:0.000362s ] mysql:host=127.0.0.1;port=3306;dbname=nianbao;charset=utf8
[2023-11-18T12:14:54+08:00][sql] SHOW FULL COLUMNS FROM `nianbao_enterprise` [ RunTime:0.000713s ]
[2023-11-18T12:14:54+08:00][sql] SELECT COUNT(*) AS think_count FROM `nianbao_enterprise` WHERE  `status` <> 3 LIMIT 1 [ RunTime:0.003894s ]
[2023-11-18T12:14:54+08:00][sql] SELECT * FROM `nianbao_enterprise` WHERE  `status` <> 3 ORDER BY `id` DESC LIMIT 0,20 [ RunTime:0.000252s ]
[2023-11-18T12:15:06+08:00][sql] CONNECT:[ UseTime:0.000341s ] mysql:host=127.0.0.1;port=3306;dbname=nianbao;charset=utf8
[2023-11-18T12:15:06+08:00][sql] SHOW FULL COLUMNS FROM `nianbao_enterprise` [ RunTime:0.000519s ]
[2023-11-18T12:15:06+08:00][sql] SELECT COUNT(*) AS think_count FROM `nianbao_enterprise` WHERE  `enterprise_name` = '吕新华'  AND `status` <> 3 LIMIT 1 [ RunTime:0.003660s ]
[2023-11-18T12:15:42+08:00][sql] CONNECT:[ UseTime:0.000378s ] mysql:host=127.0.0.1;port=3306;dbname=nianbao;charset=utf8
[2023-11-18T12:15:42+08:00][sql] SHOW FULL COLUMNS FROM `nianbao_enterprise` [ RunTime:0.000510s ]
[2023-11-18T12:15:42+08:00][sql] SELECT COUNT(*) AS think_count FROM `nianbao_enterprise` WHERE  `enterprise_name` = '吕新华'  AND `status` <> 3 LIMIT 1 [ RunTime:0.003701s ]
[2023-11-18T19:07:38+08:00][sql] CONNECT:[ UseTime:0.000355s ] mysql:host=127.0.0.1;port=3306;dbname=nianbao;charset=utf8
[2023-11-18T19:07:38+08:00][sql] SHOW FULL COLUMNS FROM `nianbao_base_config` [ RunTime:0.000599s ]
[2023-11-18T19:07:38+08:00][sql] SELECT * FROM `nianbao_base_config` [ RunTime:0.000346s ]
