[2023-11-20T00:04:44+08:00][sql] CONNECT:[ UseTime:0.000378s ] mysql:host=127.0.0.1;port=3306;dbname=nianbao;charset=utf8
[2023-11-20T00:04:44+08:00][sql] SHOW FULL COLUMNS FROM `nianbao_base_config` [ RunTime:0.000582s ]
[2023-11-20T00:04:44+08:00][sql] SELECT * FROM `nianbao_base_config` [ RunTime:0.000294s ]
[2023-11-20T12:28:00+08:00][sql] CONNECT:[ UseTime:0.000344s ] mysql:host=127.0.0.1;port=3306;dbname=nianbao;charset=utf8
[2023-11-20T12:28:00+08:00][sql] SHOW FULL COLUMNS FROM `nianbao_base_config` [ RunTime:0.000641s ]
[2023-11-20T12:28:00+08:00][sql] SELECT * FROM `nianbao_base_config` [ RunTime:0.000329s ]
[2023-11-20T12:28:05+08:00][sql] CONNECT:[ UseTime:0.000366s ] mysql:host=127.0.0.1;port=3306;dbname=nianbao;charset=utf8
[2023-11-20T12:28:05+08:00][sql] SHOW FULL COLUMNS FROM `nianbao_admin_user` [ RunTime:0.001145s ]
[2023-11-20T12:28:05+08:00][sql] SELECT `a`.`user_id`,`a`.`name`,a.user as username,`a`.`status`,a.role_id as user_role_ids,`b`.`role_id`,b.name as role_name,b.status as role_status,`b`.`access` FROM `nianbao_admin_user` `a` INNER JOIN `nianbao_role` `b` ON a.role_id in(b.role_id) WHERE  `a`.`user` = 'admin'  AND `a`.`pwd` = 'c4ceeb4b1fe20766657ea78a10ee3679' LIMIT 1 [ RunTime:0.000881s ]
[2023-11-20T12:28:05+08:00][sql] SHOW FULL COLUMNS FROM `nianbao_log` [ RunTime:0.001184s ]
[2023-11-20T12:28:05+08:00][sql] INSERT INTO `nianbao_log` SET `application_name` = 'admin' , `username` = 'admin' , `url` = 'https://ss.xyaa.vip/admin/Login/index.html' , `ip` = '101.27.38.104' , `useragent` = 'Mozilla/5.0 (Windows NT 10.0; Win64; x64) AppleWebKit/537.36 (KHTML, like Gecko) Chrome/119.0.0.0 Safari/537.36 Edg/119.0.0.0' , `create_time` = 1700454485 , `type` = 1 [ RunTime:0.004327s ]
[2023-11-20T12:28:12+08:00][sql] CONNECT:[ UseTime:0.000374s ] mysql:host=127.0.0.1;port=3306;dbname=nianbao;charset=utf8
[2023-11-20T12:28:12+08:00][sql] SHOW FULL COLUMNS FROM `nianbao_admin_user` [ RunTime:0.000578s ]
[2023-11-20T12:28:12+08:00][sql] SELECT `a`.`user_id`,`a`.`name`,a.user as username,`a`.`status`,a.role_id as user_role_ids,`b`.`role_id`,b.name as role_name,b.status as role_status,`b`.`access` FROM `nianbao_admin_user` `a` INNER JOIN `nianbao_role` `b` ON a.role_id in(b.role_id) WHERE  `a`.`user` = 'admin'  AND `a`.`pwd` = 'c4ceeb4b1fe20766657ea78a10ee3679' LIMIT 1 [ RunTime:0.000361s ]
[2023-11-20T12:28:12+08:00][sql] SHOW FULL COLUMNS FROM `nianbao_log` [ RunTime:0.000400s ]
[2023-11-20T12:28:12+08:00][sql] INSERT INTO `nianbao_log` SET `application_name` = 'admin' , `username` = 'admin' , `url` = 'https://ss.xyaa.vip/admin/Login/index.html' , `ip` = '101.27.38.104' , `useragent` = 'Mozilla/5.0 (Windows NT 10.0; Win64; x64) AppleWebKit/537.36 (KHTML, like Gecko) Chrome/119.0.0.0 Safari/537.36 Edg/119.0.0.0' , `create_time` = 1700454492 , `type` = 1 [ RunTime:0.005618s ]
[2023-11-20T12:28:13+08:00][sql] CONNECT:[ UseTime:0.000331s ] mysql:host=127.0.0.1;port=3306;dbname=nianbao;charset=utf8
[2023-11-20T12:28:13+08:00][sql] SHOW FULL COLUMNS FROM `nianbao_node` [ RunTime:0.002806s ]
[2023-11-20T12:28:13+08:00][sql] SELECT `node_id`,`pid`,`title`,`status`,`icon`,`sortid`,`path` FROM `nianbao_node` WHERE  `status` = 1  AND `type` = 1 ORDER BY `sortid` ASC [ RunTime:0.000368s ]
[2023-11-20T12:28:14+08:00][sql] CONNECT:[ UseTime:0.000350s ] mysql:host=127.0.0.1;port=3306;dbname=nianbao;charset=utf8
[2023-11-20T12:28:14+08:00][sql] SHOW FULL COLUMNS FROM `nianbao_order` [ RunTime:0.002280s ]
[2023-11-20T12:28:14+08:00][sql] SELECT COUNT(*) AS think_count FROM `nianbao_order` WHERE  `create_time` BETWEEN '2023-11-01 00:00:00' AND '2023-11-01 23:59:59'   AND `is_pay` = 1 LIMIT 1 [ RunTime:0.000856s ]
[2023-11-20T12:28:14+08:00][sql] SELECT COUNT(*) AS think_count FROM `nianbao_order` WHERE  `create_time` BETWEEN '2023-11-02 00:00:00' AND '2023-11-02 23:59:59'   AND `is_pay` = 1 LIMIT 1 [ RunTime:0.000634s ]
[2023-11-20T12:28:14+08:00][sql] SELECT COUNT(*) AS think_count FROM `nianbao_order` WHERE  `create_time` BETWEEN '2023-11-03 00:00:00' AND '2023-11-03 23:59:59'   AND `is_pay` = 1 LIMIT 1 [ RunTime:0.000604s ]
[2023-11-20T12:28:14+08:00][sql] SELECT COUNT(*) AS think_count FROM `nianbao_order` WHERE  `create_time` BETWEEN '2023-11-04 00:00:00' AND '2023-11-04 23:59:59'   AND `is_pay` = 1 LIMIT 1 [ RunTime:0.000589s ]
[2023-11-20T12:28:14+08:00][sql] SELECT COUNT(*) AS think_count FROM `nianbao_order` WHERE  `create_time` BETWEEN '2023-11-05 00:00:00' AND '2023-11-05 23:59:59'   AND `is_pay` = 1 LIMIT 1 [ RunTime:0.000562s ]
[2023-11-20T12:28:14+08:00][sql] SELECT COUNT(*) AS think_count FROM `nianbao_order` WHERE  `create_time` BETWEEN '2023-11-06 00:00:00' AND '2023-11-06 23:59:59'   AND `is_pay` = 1 LIMIT 1 [ RunTime:0.000586s ]
[2023-11-20T12:28:14+08:00][sql] SELECT COUNT(*) AS think_count FROM `nianbao_order` WHERE  `create_time` BETWEEN '2023-11-07 00:00:00' AND '2023-11-07 23:59:59'   AND `is_pay` = 1 LIMIT 1 [ RunTime:0.000604s ]
[2023-11-20T12:28:14+08:00][sql] SELECT COUNT(*) AS think_count FROM `nianbao_order` WHERE  `create_time` BETWEEN '2023-11-08 00:00:00' AND '2023-11-08 23:59:59'   AND `is_pay` = 1 LIMIT 1 [ RunTime:0.000592s ]
[2023-11-20T12:28:14+08:00][sql] SELECT COUNT(*) AS think_count FROM `nianbao_order` WHERE  `create_time` BETWEEN '2023-11-09 00:00:00' AND '2023-11-09 23:59:59'   AND `is_pay` = 1 LIMIT 1 [ RunTime:0.000586s ]
[2023-11-20T12:28:14+08:00][sql] SELECT COUNT(*) AS think_count FROM `nianbao_order` WHERE  `create_time` BETWEEN '2023-11-10 00:00:00' AND '2023-11-10 23:59:59'   AND `is_pay` = 1 LIMIT 1 [ RunTime:0.000594s ]
[2023-11-20T12:28:14+08:00][sql] SELECT COUNT(*) AS think_count FROM `nianbao_order` WHERE  `create_time` BETWEEN '2023-11-11 00:00:00' AND '2023-11-11 23:59:59'   AND `is_pay` = 1 LIMIT 1 [ RunTime:0.000572s ]
[2023-11-20T12:28:14+08:00][sql] SELECT COUNT(*) AS think_count FROM `nianbao_order` WHERE  `create_time` BETWEEN '2023-11-12 00:00:00' AND '2023-11-12 23:59:59'   AND `is_pay` = 1 LIMIT 1 [ RunTime:0.000570s ]
[2023-11-20T12:28:14+08:00][sql] SELECT COUNT(*) AS think_count FROM `nianbao_order` WHERE  `create_time` BETWEEN '2023-11-13 00:00:00' AND '2023-11-13 23:59:59'   AND `is_pay` = 1 LIMIT 1 [ RunTime:0.000588s ]
[2023-11-20T12:28:14+08:00][sql] SELECT COUNT(*) AS think_count FROM `nianbao_order` WHERE  `create_time` BETWEEN '2023-11-14 00:00:00' AND '2023-11-14 23:59:59'   AND `is_pay` = 1 LIMIT 1 [ RunTime:0.000585s ]
[2023-11-20T12:28:14+08:00][sql] SELECT COUNT(*) AS think_count FROM `nianbao_order` WHERE  `create_time` BETWEEN '2023-11-15 00:00:00' AND '2023-11-15 23:59:59'   AND `is_pay` = 1 LIMIT 1 [ RunTime:0.000581s ]
[2023-11-20T12:28:14+08:00][sql] SELECT COUNT(*) AS think_count FROM `nianbao_order` WHERE  `create_time` BETWEEN '2023-11-16 00:00:00' AND '2023-11-16 23:59:59'   AND `is_pay` = 1 LIMIT 1 [ RunTime:0.000572s ]
[2023-11-20T12:28:14+08:00][sql] SELECT COUNT(*) AS think_count FROM `nianbao_order` WHERE  `create_time` BETWEEN '2023-11-17 00:00:00' AND '2023-11-17 23:59:59'   AND `is_pay` = 1 LIMIT 1 [ RunTime:0.000576s ]
[2023-11-20T12:28:14+08:00][sql] SELECT COUNT(*) AS think_count FROM `nianbao_order` WHERE  `create_time` BETWEEN '2023-11-18 00:00:00' AND '2023-11-18 23:59:59'   AND `is_pay` = 1 LIMIT 1 [ RunTime:0.000591s ]
[2023-11-20T12:28:14+08:00][sql] SELECT COUNT(*) AS think_count FROM `nianbao_order` WHERE  `create_time` BETWEEN '2023-11-19 00:00:00' AND '2023-11-19 23:59:59'   AND `is_pay` = 1 LIMIT 1 [ RunTime:0.000588s ]
[2023-11-20T12:28:14+08:00][sql] SELECT COUNT(*) AS think_count FROM `nianbao_order` WHERE  `create_time` BETWEEN '2023-11-20 00:00:00' AND '2023-11-20 23:59:59'   AND `is_pay` = 1 LIMIT 1 [ RunTime:0.000579s ]
[2023-11-20T12:28:14+08:00][sql] SELECT COUNT(*) AS think_count FROM `nianbao_order` WHERE  `create_time` BETWEEN '2023-11-21 00:00:00' AND '2023-11-21 23:59:59'   AND `is_pay` = 1 LIMIT 1 [ RunTime:0.000580s ]
[2023-11-20T12:28:14+08:00][sql] SELECT COUNT(*) AS think_count FROM `nianbao_order` WHERE  `create_time` BETWEEN '2023-11-22 00:00:00' AND '2023-11-22 23:59:59'   AND `is_pay` = 1 LIMIT 1 [ RunTime:0.000569s ]
[2023-11-20T12:28:14+08:00][sql] SELECT COUNT(*) AS think_count FROM `nianbao_order` WHERE  `create_time` BETWEEN '2023-11-23 00:00:00' AND '2023-11-23 23:59:59'   AND `is_pay` = 1 LIMIT 1 [ RunTime:0.000581s ]
[2023-11-20T12:28:14+08:00][sql] SELECT COUNT(*) AS think_count FROM `nianbao_order` WHERE  `create_time` BETWEEN '2023-11-24 00:00:00' AND '2023-11-24 23:59:59'   AND `is_pay` = 1 LIMIT 1 [ RunTime:0.000587s ]
[2023-11-20T12:28:14+08:00][sql] SELECT COUNT(*) AS think_count FROM `nianbao_order` WHERE  `create_time` BETWEEN '2023-11-25 00:00:00' AND '2023-11-25 23:59:59'   AND `is_pay` = 1 LIMIT 1 [ RunTime:0.000595s ]
[2023-11-20T12:28:14+08:00][sql] SELECT COUNT(*) AS think_count FROM `nianbao_order` WHERE  `create_time` BETWEEN '2023-11-26 00:00:00' AND '2023-11-26 23:59:59'   AND `is_pay` = 1 LIMIT 1 [ RunTime:0.000579s ]
[2023-11-20T12:28:14+08:00][sql] SELECT COUNT(*) AS think_count FROM `nianbao_order` WHERE  `create_time` BETWEEN '2023-11-27 00:00:00' AND '2023-11-27 23:59:59'   AND `is_pay` = 1 LIMIT 1 [ RunTime:0.000565s ]
[2023-11-20T12:28:14+08:00][sql] SELECT COUNT(*) AS think_count FROM `nianbao_order` WHERE  `create_time` BETWEEN '2023-11-28 00:00:00' AND '2023-11-28 23:59:59'   AND `is_pay` = 1 LIMIT 1 [ RunTime:0.000576s ]
[2023-11-20T12:28:14+08:00][sql] SELECT COUNT(*) AS think_count FROM `nianbao_order` WHERE  `create_time` BETWEEN '2023-11-29 00:00:00' AND '2023-11-29 23:59:59'   AND `is_pay` = 1 LIMIT 1 [ RunTime:0.000591s ]
[2023-11-20T12:28:14+08:00][sql] SELECT COUNT(*) AS think_count FROM `nianbao_order` WHERE  `create_time` BETWEEN '2023-11-30 00:00:00' AND '2023-11-30 23:59:59'   AND `is_pay` = 1 LIMIT 1 [ RunTime:0.000716s ]
[2023-11-20T12:28:14+08:00][sql] SHOW FULL COLUMNS FROM `nianbao_member` [ RunTime:0.000552s ]
[2023-11-20T12:28:14+08:00][sql] SELECT COUNT(*) AS think_count FROM `nianbao_member` WHERE  `create_time` BETWEEN '2023-11-01 00:00:00' AND '2023-11-30 23:59:59'  LIMIT 1 [ RunTime:0.000747s ]
[2023-11-20T12:28:14+08:00][sql] SELECT COUNT(*) AS think_count FROM `nianbao_order` WHERE  `create_time` BETWEEN '2023-11-01 00:00:00' AND '2023-11-30 23:59:59'   AND `is_pay` = 1 LIMIT 1 [ RunTime:0.000607s ]
[2023-11-20T12:28:14+08:00][sql] SELECT SUM(`total_price`) AS think_sum FROM `nianbao_order` WHERE  `create_time` BETWEEN '2023-11-01 00:00:00' AND '2023-11-30 23:59:59'   AND `is_pay` = 1 LIMIT 1 [ RunTime:0.000638s ]
[2023-11-20T12:28:14+08:00][sql] SELECT COUNT(*) AS think_count FROM `nianbao_order` WHERE  `refund_time` BETWEEN '2023-11-01 00:00:00' AND '2023-11-30 23:59:59'   AND `is_pay` = 1  AND `is_refund` = '1' LIMIT 1 [ RunTime:0.000568s ]
[2023-11-20T12:28:14+08:00][sql] SELECT COUNT(*) AS think_count FROM `nianbao_member` WHERE  `create_time` BETWEEN '2023-11-20 00:00:00' AND '2023-11-20 23:59:59'  LIMIT 1 [ RunTime:0.000573s ]
[2023-11-20T12:28:14+08:00][sql] SELECT COUNT(*) AS think_count FROM `nianbao_order` WHERE  `create_time` BETWEEN '2023-11-20 00:00:00' AND '2023-11-20 23:59:59'   AND `is_pay` = 1 LIMIT 1 [ RunTime:0.000576s ]
[2023-11-20T12:28:14+08:00][sql] SELECT SUM(`total_price`) AS think_sum FROM `nianbao_order` WHERE  `create_time` BETWEEN '2023-11-20 00:00:00' AND '2023-11-20 23:59:59'   AND `is_pay` = 1 LIMIT 1 [ RunTime:0.000615s ]
[2023-11-20T12:28:14+08:00][sql] SELECT COUNT(*) AS think_count FROM `nianbao_order` WHERE  `refund_time` BETWEEN '2023-11-20 00:00:00' AND '2023-11-20 23:59:59'   AND `is_pay` = 1  AND `is_refund` = '1' LIMIT 1 [ RunTime:0.000594s ]
[2023-11-20T12:28:16+08:00][sql] CONNECT:[ UseTime:0.000394s ] mysql:host=127.0.0.1;port=3306;dbname=nianbao;charset=utf8
[2023-11-20T12:28:16+08:00][sql] SHOW FULL COLUMNS FROM `nianbao_pay` [ RunTime:0.017657s ]
[2023-11-20T12:28:16+08:00][sql] SELECT COUNT(*) AS think_count FROM `nianbao_pay` LIMIT 1 [ RunTime:0.000252s ]
[2023-11-20T12:28:16+08:00][sql] SELECT `id`,`type`,`status` FROM `nianbao_pay` ORDER BY `id` DESC LIMIT 0,20 [ RunTime:0.000166s ]
[2023-11-20T12:28:18+08:00][sql] CONNECT:[ UseTime:0.000383s ] mysql:host=127.0.0.1;port=3306;dbname=nianbao;charset=utf8
[2023-11-20T12:28:18+08:00][sql] SHOW FULL COLUMNS FROM `nianbao_pay` [ RunTime:0.000535s ]
[2023-11-20T12:28:18+08:00][sql] SELECT `id`,`type`,`mch_id`,`pay_secretkey`,`cert_path`,`key_path`,`orgid`,`mno`,`privatekey`,`sxfpublic`,`status` FROM `nianbao_pay` WHERE  `id` = 2 LIMIT 1 [ RunTime:0.000286s ]
[2023-11-20T12:28:22+08:00][sql] CONNECT:[ UseTime:0.000340s ] mysql:host=127.0.0.1;port=3306;dbname=nianbao;charset=utf8
[2023-11-20T12:28:22+08:00][sql] SHOW FULL COLUMNS FROM `nianbao_order` [ RunTime:0.000591s ]
[2023-11-20T12:28:22+08:00][sql] SELECT COUNT(*) AS think_count FROM `nianbao_order` WHERE  `create_time` BETWEEN '2023-11-01 00:00:00' AND '2023-11-01 23:59:59'   AND `is_pay` = 1 LIMIT 1 [ RunTime:0.000658s ]
[2023-11-20T12:28:22+08:00][sql] SELECT COUNT(*) AS think_count FROM `nianbao_order` WHERE  `create_time` BETWEEN '2023-11-02 00:00:00' AND '2023-11-02 23:59:59'   AND `is_pay` = 1 LIMIT 1 [ RunTime:0.000579s ]
[2023-11-20T12:28:22+08:00][sql] SELECT COUNT(*) AS think_count FROM `nianbao_order` WHERE  `create_time` BETWEEN '2023-11-03 00:00:00' AND '2023-11-03 23:59:59'   AND `is_pay` = 1 LIMIT 1 [ RunTime:0.000556s ]
[2023-11-20T12:28:22+08:00][sql] SELECT COUNT(*) AS think_count FROM `nianbao_order` WHERE  `create_time` BETWEEN '2023-11-04 00:00:00' AND '2023-11-04 23:59:59'   AND `is_pay` = 1 LIMIT 1 [ RunTime:0.000570s ]
[2023-11-20T12:28:22+08:00][sql] SELECT COUNT(*) AS think_count FROM `nianbao_order` WHERE  `create_time` BETWEEN '2023-11-05 00:00:00' AND '2023-11-05 23:59:59'   AND `is_pay` = 1 LIMIT 1 [ RunTime:0.000565s ]
[2023-11-20T12:28:22+08:00][sql] SELECT COUNT(*) AS think_count FROM `nianbao_order` WHERE  `create_time` BETWEEN '2023-11-06 00:00:00' AND '2023-11-06 23:59:59'   AND `is_pay` = 1 LIMIT 1 [ RunTime:0.000553s ]
[2023-11-20T12:28:22+08:00][sql] SELECT COUNT(*) AS think_count FROM `nianbao_order` WHERE  `create_time` BETWEEN '2023-11-07 00:00:00' AND '2023-11-07 23:59:59'   AND `is_pay` = 1 LIMIT 1 [ RunTime:0.000545s ]
[2023-11-20T12:28:22+08:00][sql] SELECT COUNT(*) AS think_count FROM `nianbao_order` WHERE  `create_time` BETWEEN '2023-11-08 00:00:00' AND '2023-11-08 23:59:59'   AND `is_pay` = 1 LIMIT 1 [ RunTime:0.000570s ]
[2023-11-20T12:28:22+08:00][sql] SELECT COUNT(*) AS think_count FROM `nianbao_order` WHERE  `create_time` BETWEEN '2023-11-09 00:00:00' AND '2023-11-09 23:59:59'   AND `is_pay` = 1 LIMIT 1 [ RunTime:0.000574s ]
[2023-11-20T12:28:22+08:00][sql] SELECT COUNT(*) AS think_count FROM `nianbao_order` WHERE  `create_time` BETWEEN '2023-11-10 00:00:00' AND '2023-11-10 23:59:59'   AND `is_pay` = 1 LIMIT 1 [ RunTime:0.000576s ]
[2023-11-20T12:28:22+08:00][sql] SELECT COUNT(*) AS think_count FROM `nianbao_order` WHERE  `create_time` BETWEEN '2023-11-11 00:00:00' AND '2023-11-11 23:59:59'   AND `is_pay` = 1 LIMIT 1 [ RunTime:0.000568s ]
[2023-11-20T12:28:22+08:00][sql] SELECT COUNT(*) AS think_count FROM `nianbao_order` WHERE  `create_time` BETWEEN '2023-11-12 00:00:00' AND '2023-11-12 23:59:59'   AND `is_pay` = 1 LIMIT 1 [ RunTime:0.000554s ]
[2023-11-20T12:28:22+08:00][sql] SELECT COUNT(*) AS think_count FROM `nianbao_order` WHERE  `create_time` BETWEEN '2023-11-13 00:00:00' AND '2023-11-13 23:59:59'   AND `is_pay` = 1 LIMIT 1 [ RunTime:0.000552s ]
[2023-11-20T12:28:22+08:00][sql] SELECT COUNT(*) AS think_count FROM `nianbao_order` WHERE  `create_time` BETWEEN '2023-11-14 00:00:00' AND '2023-11-14 23:59:59'   AND `is_pay` = 1 LIMIT 1 [ RunTime:0.000588s ]
[2023-11-20T12:28:22+08:00][sql] SELECT COUNT(*) AS think_count FROM `nianbao_order` WHERE  `create_time` BETWEEN '2023-11-15 00:00:00' AND '2023-11-15 23:59:59'   AND `is_pay` = 1 LIMIT 1 [ RunTime:0.000580s ]
[2023-11-20T12:28:22+08:00][sql] SELECT COUNT(*) AS think_count FROM `nianbao_order` WHERE  `create_time` BETWEEN '2023-11-16 00:00:00' AND '2023-11-16 23:59:59'   AND `is_pay` = 1 LIMIT 1 [ RunTime:0.000578s ]
[2023-11-20T12:28:22+08:00][sql] SELECT COUNT(*) AS think_count FROM `nianbao_order` WHERE  `create_time` BETWEEN '2023-11-17 00:00:00' AND '2023-11-17 23:59:59'   AND `is_pay` = 1 LIMIT 1 [ RunTime:0.000552s ]
[2023-11-20T12:28:22+08:00][sql] SELECT COUNT(*) AS think_count FROM `nianbao_order` WHERE  `create_time` BETWEEN '2023-11-18 00:00:00' AND '2023-11-18 23:59:59'   AND `is_pay` = 1 LIMIT 1 [ RunTime:0.000589s ]
[2023-11-20T12:28:22+08:00][sql] SELECT COUNT(*) AS think_count FROM `nianbao_order` WHERE  `create_time` BETWEEN '2023-11-19 00:00:00' AND '2023-11-19 23:59:59'   AND `is_pay` = 1 LIMIT 1 [ RunTime:0.000578s ]
[2023-11-20T12:28:22+08:00][sql] SELECT COUNT(*) AS think_count FROM `nianbao_order` WHERE  `create_time` BETWEEN '2023-11-20 00:00:00' AND '2023-11-20 23:59:59'   AND `is_pay` = 1 LIMIT 1 [ RunTime:0.000574s ]
[2023-11-20T12:28:22+08:00][sql] SELECT COUNT(*) AS think_count FROM `nianbao_order` WHERE  `create_time` BETWEEN '2023-11-21 00:00:00' AND '2023-11-21 23:59:59'   AND `is_pay` = 1 LIMIT 1 [ RunTime:0.000594s ]
[2023-11-20T12:28:22+08:00][sql] SELECT COUNT(*) AS think_count FROM `nianbao_order` WHERE  `create_time` BETWEEN '2023-11-22 00:00:00' AND '2023-11-22 23:59:59'   AND `is_pay` = 1 LIMIT 1 [ RunTime:0.000559s ]
[2023-11-20T12:28:22+08:00][sql] SELECT COUNT(*) AS think_count FROM `nianbao_order` WHERE  `create_time` BETWEEN '2023-11-23 00:00:00' AND '2023-11-23 23:59:59'   AND `is_pay` = 1 LIMIT 1 [ RunTime:0.000557s ]
[2023-11-20T12:28:22+08:00][sql] SELECT COUNT(*) AS think_count FROM `nianbao_order` WHERE  `create_time` BETWEEN '2023-11-24 00:00:00' AND '2023-11-24 23:59:59'   AND `is_pay` = 1 LIMIT 1 [ RunTime:0.000574s ]
[2023-11-20T12:28:22+08:00][sql] SELECT COUNT(*) AS think_count FROM `nianbao_order` WHERE  `create_time` BETWEEN '2023-11-25 00:00:00' AND '2023-11-25 23:59:59'   AND `is_pay` = 1 LIMIT 1 [ RunTime:0.000573s ]
[2023-11-20T12:28:22+08:00][sql] SELECT COUNT(*) AS think_count FROM `nianbao_order` WHERE  `create_time` BETWEEN '2023-11-26 00:00:00' AND '2023-11-26 23:59:59'   AND `is_pay` = 1 LIMIT 1 [ RunTime:0.000574s ]
[2023-11-20T12:28:22+08:00][sql] SELECT COUNT(*) AS think_count FROM `nianbao_order` WHERE  `create_time` BETWEEN '2023-11-27 00:00:00' AND '2023-11-27 23:59:59'   AND `is_pay` = 1 LIMIT 1 [ RunTime:0.000550s ]
[2023-11-20T12:28:22+08:00][sql] SELECT COUNT(*) AS think_count FROM `nianbao_order` WHERE  `create_time` BETWEEN '2023-11-28 00:00:00' AND '2023-11-28 23:59:59'   AND `is_pay` = 1 LIMIT 1 [ RunTime:0.000558s ]
[2023-11-20T12:28:22+08:00][sql] SELECT COUNT(*) AS think_count FROM `nianbao_order` WHERE  `create_time` BETWEEN '2023-11-29 00:00:00' AND '2023-11-29 23:59:59'   AND `is_pay` = 1 LIMIT 1 [ RunTime:0.000576s ]
[2023-11-20T12:28:22+08:00][sql] SELECT COUNT(*) AS think_count FROM `nianbao_order` WHERE  `create_time` BETWEEN '2023-11-30 00:00:00' AND '2023-11-30 23:59:59'   AND `is_pay` = 1 LIMIT 1 [ RunTime:0.000571s ]
[2023-11-20T12:28:22+08:00][sql] SHOW FULL COLUMNS FROM `nianbao_member` [ RunTime:0.000442s ]
[2023-11-20T12:28:22+08:00][sql] SELECT COUNT(*) AS think_count FROM `nianbao_member` WHERE  `create_time` BETWEEN '2023-11-01 00:00:00' AND '2023-11-30 23:59:59'  LIMIT 1 [ RunTime:0.000602s ]
[2023-11-20T12:28:22+08:00][sql] SELECT COUNT(*) AS think_count FROM `nianbao_order` WHERE  `create_time` BETWEEN '2023-11-01 00:00:00' AND '2023-11-30 23:59:59'   AND `is_pay` = 1 LIMIT 1 [ RunTime:0.000578s ]
[2023-11-20T12:28:22+08:00][sql] SELECT SUM(`total_price`) AS think_sum FROM `nianbao_order` WHERE  `create_time` BETWEEN '2023-11-01 00:00:00' AND '2023-11-30 23:59:59'   AND `is_pay` = 1 LIMIT 1 [ RunTime:0.000630s ]
[2023-11-20T12:28:22+08:00][sql] SELECT COUNT(*) AS think_count FROM `nianbao_order` WHERE  `refund_time` BETWEEN '2023-11-01 00:00:00' AND '2023-11-30 23:59:59'   AND `is_pay` = 1  AND `is_refund` = '1' LIMIT 1 [ RunTime:0.000580s ]
[2023-11-20T12:28:22+08:00][sql] SELECT COUNT(*) AS think_count FROM `nianbao_member` WHERE  `create_time` BETWEEN '2023-11-20 00:00:00' AND '2023-11-20 23:59:59'  LIMIT 1 [ RunTime:0.000579s ]
[2023-11-20T12:28:22+08:00][sql] SELECT COUNT(*) AS think_count FROM `nianbao_order` WHERE  `create_time` BETWEEN '2023-11-20 00:00:00' AND '2023-11-20 23:59:59'   AND `is_pay` = 1 LIMIT 1 [ RunTime:0.000545s ]
[2023-11-20T12:28:22+08:00][sql] SELECT SUM(`total_price`) AS think_sum FROM `nianbao_order` WHERE  `create_time` BETWEEN '2023-11-20 00:00:00' AND '2023-11-20 23:59:59'   AND `is_pay` = 1 LIMIT 1 [ RunTime:0.000592s ]
[2023-11-20T12:28:22+08:00][sql] SELECT COUNT(*) AS think_count FROM `nianbao_order` WHERE  `refund_time` BETWEEN '2023-11-20 00:00:00' AND '2023-11-20 23:59:59'   AND `is_pay` = 1  AND `is_refund` = '1' LIMIT 1 [ RunTime:0.000570s ]
