[2023-11-19T10:31:00+08:00][sql] CONNECT:[ UseTime:0.000383s ] mysql:host=127.0.0.1;port=3306;dbname=nianbao;charset=utf8
[2023-11-19T10:31:00+08:00][sql] SHOW FULL COLUMNS FROM `nianbao_base_config` [ RunTime:0.000650s ]
[2023-11-19T10:31:00+08:00][sql] SELECT * FROM `nianbao_base_config` [ RunTime:0.000364s ]
[2023-11-19T10:31:13+08:00][sql] CONNECT:[ UseTime:0.000337s ] mysql:host=127.0.0.1;port=3306;dbname=nianbao;charset=utf8
[2023-11-19T10:31:13+08:00][sql] SHOW FULL COLUMNS FROM `nianbao_admin_user` [ RunTime:0.000636s ]
[2023-11-19T10:31:13+08:00][sql] SELECT `a`.`user_id`,`a`.`name`,a.user as username,`a`.`status`,a.role_id as user_role_ids,`b`.`role_id`,b.name as role_name,b.status as role_status,`b`.`access` FROM `nianbao_admin_user` `a` INNER JOIN `nianbao_role` `b` ON a.role_id in(b.role_id) WHERE  `a`.`user` = 'admin'  AND `a`.`pwd` = 'c4ceeb4b1fe20766657ea78a10ee3679' LIMIT 1 [ RunTime:0.000446s ]
[2023-11-19T10:31:13+08:00][sql] SHOW FULL COLUMNS FROM `nianbao_log` [ RunTime:0.001722s ]
[2023-11-19T10:31:13+08:00][sql] INSERT INTO `nianbao_log` SET `application_name` = 'admin' , `username` = 'admin' , `url` = 'https://ss.xyaa.vip/admin/Login/index.html' , `ip` = '140.250.235.244' , `useragent` = 'Mozilla/5.0 (iPhone; CPU iPhone OS 15_4_1 like Mac OS X) AppleWebKit/605.1.15 (KHTML, like Gecko) Version/15.4 Mobile/15E148 Safari/604.1' , `create_time` = 1700361073 , `type` = 1 [ RunTime:0.004105s ]
[2023-11-19T10:31:14+08:00][sql] CONNECT:[ UseTime:0.000373s ] mysql:host=127.0.0.1;port=3306;dbname=nianbao;charset=utf8
[2023-11-19T10:31:14+08:00][sql] SHOW FULL COLUMNS FROM `nianbao_node` [ RunTime:0.001349s ]
[2023-11-19T10:31:14+08:00][sql] SELECT `node_id`,`pid`,`title`,`status`,`icon`,`sortid`,`path` FROM `nianbao_node` WHERE  `status` = 1  AND `type` = 1 ORDER BY `sortid` ASC [ RunTime:0.000362s ]
[2023-11-19T10:31:15+08:00][sql] CONNECT:[ UseTime:0.000346s ] mysql:host=127.0.0.1;port=3306;dbname=nianbao;charset=utf8
[2023-11-19T10:31:15+08:00][sql] SHOW FULL COLUMNS FROM `nianbao_order` [ RunTime:0.000796s ]
[2023-11-19T10:31:15+08:00][sql] SELECT COUNT(*) AS think_count FROM `nianbao_order` WHERE  `create_time` BETWEEN '2023-11-01 00:00:00' AND '2023-11-01 23:59:59'   AND `is_pay` = 1 LIMIT 1 [ RunTime:0.000743s ]
[2023-11-19T10:31:15+08:00][sql] SELECT COUNT(*) AS think_count FROM `nianbao_order` WHERE  `create_time` BETWEEN '2023-11-02 00:00:00' AND '2023-11-02 23:59:59'   AND `is_pay` = 1 LIMIT 1 [ RunTime:0.000672s ]
[2023-11-19T10:31:15+08:00][sql] SELECT COUNT(*) AS think_count FROM `nianbao_order` WHERE  `create_time` BETWEEN '2023-11-03 00:00:00' AND '2023-11-03 23:59:59'   AND `is_pay` = 1 LIMIT 1 [ RunTime:0.000632s ]
[2023-11-19T10:31:15+08:00][sql] SELECT COUNT(*) AS think_count FROM `nianbao_order` WHERE  `create_time` BETWEEN '2023-11-04 00:00:00' AND '2023-11-04 23:59:59'   AND `is_pay` = 1 LIMIT 1 [ RunTime:0.000627s ]
[2023-11-19T10:31:15+08:00][sql] SELECT COUNT(*) AS think_count FROM `nianbao_order` WHERE  `create_time` BETWEEN '2023-11-05 00:00:00' AND '2023-11-05 23:59:59'   AND `is_pay` = 1 LIMIT 1 [ RunTime:0.000643s ]
[2023-11-19T10:31:15+08:00][sql] SELECT COUNT(*) AS think_count FROM `nianbao_order` WHERE  `create_time` BETWEEN '2023-11-06 00:00:00' AND '2023-11-06 23:59:59'   AND `is_pay` = 1 LIMIT 1 [ RunTime:0.000647s ]
[2023-11-19T10:31:15+08:00][sql] SELECT COUNT(*) AS think_count FROM `nianbao_order` WHERE  `create_time` BETWEEN '2023-11-07 00:00:00' AND '2023-11-07 23:59:59'   AND `is_pay` = 1 LIMIT 1 [ RunTime:0.000648s ]
[2023-11-19T10:31:15+08:00][sql] SELECT COUNT(*) AS think_count FROM `nianbao_order` WHERE  `create_time` BETWEEN '2023-11-08 00:00:00' AND '2023-11-08 23:59:59'   AND `is_pay` = 1 LIMIT 1 [ RunTime:0.000647s ]
[2023-11-19T10:31:15+08:00][sql] SELECT COUNT(*) AS think_count FROM `nianbao_order` WHERE  `create_time` BETWEEN '2023-11-09 00:00:00' AND '2023-11-09 23:59:59'   AND `is_pay` = 1 LIMIT 1 [ RunTime:0.000633s ]
[2023-11-19T10:31:15+08:00][sql] SELECT COUNT(*) AS think_count FROM `nianbao_order` WHERE  `create_time` BETWEEN '2023-11-10 00:00:00' AND '2023-11-10 23:59:59'   AND `is_pay` = 1 LIMIT 1 [ RunTime:0.000636s ]
[2023-11-19T10:31:15+08:00][sql] SELECT COUNT(*) AS think_count FROM `nianbao_order` WHERE  `create_time` BETWEEN '2023-11-11 00:00:00' AND '2023-11-11 23:59:59'   AND `is_pay` = 1 LIMIT 1 [ RunTime:0.000633s ]
[2023-11-19T10:31:15+08:00][sql] SELECT COUNT(*) AS think_count FROM `nianbao_order` WHERE  `create_time` BETWEEN '2023-11-12 00:00:00' AND '2023-11-12 23:59:59'   AND `is_pay` = 1 LIMIT 1 [ RunTime:0.000644s ]
[2023-11-19T10:31:15+08:00][sql] SELECT COUNT(*) AS think_count FROM `nianbao_order` WHERE  `create_time` BETWEEN '2023-11-13 00:00:00' AND '2023-11-13 23:59:59'   AND `is_pay` = 1 LIMIT 1 [ RunTime:0.000641s ]
[2023-11-19T10:31:15+08:00][sql] SELECT COUNT(*) AS think_count FROM `nianbao_order` WHERE  `create_time` BETWEEN '2023-11-14 00:00:00' AND '2023-11-14 23:59:59'   AND `is_pay` = 1 LIMIT 1 [ RunTime:0.000653s ]
[2023-11-19T10:31:15+08:00][sql] SELECT COUNT(*) AS think_count FROM `nianbao_order` WHERE  `create_time` BETWEEN '2023-11-15 00:00:00' AND '2023-11-15 23:59:59'   AND `is_pay` = 1 LIMIT 1 [ RunTime:0.000674s ]
[2023-11-19T10:31:15+08:00][sql] SELECT COUNT(*) AS think_count FROM `nianbao_order` WHERE  `create_time` BETWEEN '2023-11-16 00:00:00' AND '2023-11-16 23:59:59'   AND `is_pay` = 1 LIMIT 1 [ RunTime:0.000654s ]
[2023-11-19T10:31:15+08:00][sql] SELECT COUNT(*) AS think_count FROM `nianbao_order` WHERE  `create_time` BETWEEN '2023-11-17 00:00:00' AND '2023-11-17 23:59:59'   AND `is_pay` = 1 LIMIT 1 [ RunTime:0.000654s ]
[2023-11-19T10:31:15+08:00][sql] SELECT COUNT(*) AS think_count FROM `nianbao_order` WHERE  `create_time` BETWEEN '2023-11-18 00:00:00' AND '2023-11-18 23:59:59'   AND `is_pay` = 1 LIMIT 1 [ RunTime:0.000652s ]
[2023-11-19T10:31:15+08:00][sql] SELECT COUNT(*) AS think_count FROM `nianbao_order` WHERE  `create_time` BETWEEN '2023-11-19 00:00:00' AND '2023-11-19 23:59:59'   AND `is_pay` = 1 LIMIT 1 [ RunTime:0.000645s ]
[2023-11-19T10:31:15+08:00][sql] SELECT COUNT(*) AS think_count FROM `nianbao_order` WHERE  `create_time` BETWEEN '2023-11-20 00:00:00' AND '2023-11-20 23:59:59'   AND `is_pay` = 1 LIMIT 1 [ RunTime:0.000641s ]
[2023-11-19T10:31:15+08:00][sql] SELECT COUNT(*) AS think_count FROM `nianbao_order` WHERE  `create_time` BETWEEN '2023-11-21 00:00:00' AND '2023-11-21 23:59:59'   AND `is_pay` = 1 LIMIT 1 [ RunTime:0.000631s ]
[2023-11-19T10:31:15+08:00][sql] SELECT COUNT(*) AS think_count FROM `nianbao_order` WHERE  `create_time` BETWEEN '2023-11-22 00:00:00' AND '2023-11-22 23:59:59'   AND `is_pay` = 1 LIMIT 1 [ RunTime:0.000642s ]
[2023-11-19T10:31:15+08:00][sql] SELECT COUNT(*) AS think_count FROM `nianbao_order` WHERE  `create_time` BETWEEN '2023-11-23 00:00:00' AND '2023-11-23 23:59:59'   AND `is_pay` = 1 LIMIT 1 [ RunTime:0.000644s ]
[2023-11-19T10:31:15+08:00][sql] SELECT COUNT(*) AS think_count FROM `nianbao_order` WHERE  `create_time` BETWEEN '2023-11-24 00:00:00' AND '2023-11-24 23:59:59'   AND `is_pay` = 1 LIMIT 1 [ RunTime:0.000651s ]
[2023-11-19T10:31:15+08:00][sql] SELECT COUNT(*) AS think_count FROM `nianbao_order` WHERE  `create_time` BETWEEN '2023-11-25 00:00:00' AND '2023-11-25 23:59:59'   AND `is_pay` = 1 LIMIT 1 [ RunTime:0.000650s ]
[2023-11-19T10:31:15+08:00][sql] SELECT COUNT(*) AS think_count FROM `nianbao_order` WHERE  `create_time` BETWEEN '2023-11-26 00:00:00' AND '2023-11-26 23:59:59'   AND `is_pay` = 1 LIMIT 1 [ RunTime:0.000652s ]
[2023-11-19T10:31:15+08:00][sql] SELECT COUNT(*) AS think_count FROM `nianbao_order` WHERE  `create_time` BETWEEN '2023-11-27 00:00:00' AND '2023-11-27 23:59:59'   AND `is_pay` = 1 LIMIT 1 [ RunTime:0.000652s ]
[2023-11-19T10:31:15+08:00][sql] SELECT COUNT(*) AS think_count FROM `nianbao_order` WHERE  `create_time` BETWEEN '2023-11-28 00:00:00' AND '2023-11-28 23:59:59'   AND `is_pay` = 1 LIMIT 1 [ RunTime:0.000652s ]
[2023-11-19T10:31:15+08:00][sql] SELECT COUNT(*) AS think_count FROM `nianbao_order` WHERE  `create_time` BETWEEN '2023-11-29 00:00:00' AND '2023-11-29 23:59:59'   AND `is_pay` = 1 LIMIT 1 [ RunTime:0.000641s ]
[2023-11-19T10:31:15+08:00][sql] SELECT COUNT(*) AS think_count FROM `nianbao_order` WHERE  `create_time` BETWEEN '2023-11-30 00:00:00' AND '2023-11-30 23:59:59'   AND `is_pay` = 1 LIMIT 1 [ RunTime:0.000639s ]
[2023-11-19T10:31:15+08:00][sql] SHOW FULL COLUMNS FROM `nianbao_member` [ RunTime:0.000564s ]
[2023-11-19T10:31:15+08:00][sql] SELECT COUNT(*) AS think_count FROM `nianbao_member` WHERE  `create_time` BETWEEN '2023-11-01 00:00:00' AND '2023-11-30 23:59:59'  LIMIT 1 [ RunTime:0.000741s ]
[2023-11-19T10:31:15+08:00][sql] SELECT COUNT(*) AS think_count FROM `nianbao_order` WHERE  `create_time` BETWEEN '2023-11-01 00:00:00' AND '2023-11-30 23:59:59'   AND `is_pay` = 1 LIMIT 1 [ RunTime:0.000630s ]
[2023-11-19T10:31:15+08:00][sql] SELECT SUM(`total_price`) AS think_sum FROM `nianbao_order` WHERE  `create_time` BETWEEN '2023-11-01 00:00:00' AND '2023-11-30 23:59:59'   AND `is_pay` = 1 LIMIT 1 [ RunTime:0.000676s ]
[2023-11-19T10:31:15+08:00][sql] SELECT COUNT(*) AS think_count FROM `nianbao_order` WHERE  `refund_time` BETWEEN '2023-11-01 00:00:00' AND '2023-11-30 23:59:59'   AND `is_pay` = 1  AND `is_refund` = '1' LIMIT 1 [ RunTime:0.000657s ]
[2023-11-19T10:31:15+08:00][sql] SELECT COUNT(*) AS think_count FROM `nianbao_member` WHERE  `create_time` BETWEEN '2023-11-19 00:00:00' AND '2023-11-19 23:59:59'  LIMIT 1 [ RunTime:0.000646s ]
[2023-11-19T10:31:15+08:00][sql] SELECT COUNT(*) AS think_count FROM `nianbao_order` WHERE  `create_time` BETWEEN '2023-11-19 00:00:00' AND '2023-11-19 23:59:59'   AND `is_pay` = 1 LIMIT 1 [ RunTime:0.000646s ]
[2023-11-19T10:31:15+08:00][sql] SELECT SUM(`total_price`) AS think_sum FROM `nianbao_order` WHERE  `create_time` BETWEEN '2023-11-19 00:00:00' AND '2023-11-19 23:59:59'   AND `is_pay` = 1 LIMIT 1 [ RunTime:0.000651s ]
[2023-11-19T10:31:15+08:00][sql] SELECT COUNT(*) AS think_count FROM `nianbao_order` WHERE  `refund_time` BETWEEN '2023-11-19 00:00:00' AND '2023-11-19 23:59:59'   AND `is_pay` = 1  AND `is_refund` = '1' LIMIT 1 [ RunTime:0.000617s ]
[2023-11-19T10:31:37+08:00][sql] CONNECT:[ UseTime:0.000323s ] mysql:host=127.0.0.1;port=3306;dbname=nianbao;charset=utf8
[2023-11-19T10:31:37+08:00][sql] SHOW FULL COLUMNS FROM `nianbao_node` [ RunTime:0.000458s ]
[2023-11-19T10:31:37+08:00][sql] SELECT `node_id`,`pid`,`title`,`status`,`icon`,`sortid`,`path` FROM `nianbao_node` WHERE  `status` = 1  AND `type` = 1 ORDER BY `sortid` ASC [ RunTime:0.000323s ]
[2023-11-19T10:31:37+08:00][sql] CONNECT:[ UseTime:0.000389s ] mysql:host=127.0.0.1;port=3306;dbname=nianbao;charset=utf8
[2023-11-19T10:31:37+08:00][sql] SHOW FULL COLUMNS FROM `nianbao_order` [ RunTime:0.000644s ]
[2023-11-19T10:31:37+08:00][sql] SELECT COUNT(*) AS think_count FROM `nianbao_order` WHERE  `create_time` BETWEEN '2023-11-01 00:00:00' AND '2023-11-01 23:59:59'   AND `is_pay` = 1 LIMIT 1 [ RunTime:0.000717s ]
[2023-11-19T10:31:37+08:00][sql] SELECT COUNT(*) AS think_count FROM `nianbao_order` WHERE  `create_time` BETWEEN '2023-11-02 00:00:00' AND '2023-11-02 23:59:59'   AND `is_pay` = 1 LIMIT 1 [ RunTime:0.000624s ]
[2023-11-19T10:31:37+08:00][sql] SELECT COUNT(*) AS think_count FROM `nianbao_order` WHERE  `create_time` BETWEEN '2023-11-03 00:00:00' AND '2023-11-03 23:59:59'   AND `is_pay` = 1 LIMIT 1 [ RunTime:0.000577s ]
[2023-11-19T10:31:37+08:00][sql] SELECT COUNT(*) AS think_count FROM `nianbao_order` WHERE  `create_time` BETWEEN '2023-11-04 00:00:00' AND '2023-11-04 23:59:59'   AND `is_pay` = 1 LIMIT 1 [ RunTime:0.000572s ]
[2023-11-19T10:31:37+08:00][sql] SELECT COUNT(*) AS think_count FROM `nianbao_order` WHERE  `create_time` BETWEEN '2023-11-05 00:00:00' AND '2023-11-05 23:59:59'   AND `is_pay` = 1 LIMIT 1 [ RunTime:0.000547s ]
[2023-11-19T10:31:37+08:00][sql] SELECT COUNT(*) AS think_count FROM `nianbao_order` WHERE  `create_time` BETWEEN '2023-11-06 00:00:00' AND '2023-11-06 23:59:59'   AND `is_pay` = 1 LIMIT 1 [ RunTime:0.000553s ]
[2023-11-19T10:31:37+08:00][sql] SELECT COUNT(*) AS think_count FROM `nianbao_order` WHERE  `create_time` BETWEEN '2023-11-07 00:00:00' AND '2023-11-07 23:59:59'   AND `is_pay` = 1 LIMIT 1 [ RunTime:0.000560s ]
[2023-11-19T10:31:37+08:00][sql] SELECT COUNT(*) AS think_count FROM `nianbao_order` WHERE  `create_time` BETWEEN '2023-11-08 00:00:00' AND '2023-11-08 23:59:59'   AND `is_pay` = 1 LIMIT 1 [ RunTime:0.000552s ]
[2023-11-19T10:31:37+08:00][sql] SELECT COUNT(*) AS think_count FROM `nianbao_order` WHERE  `create_time` BETWEEN '2023-11-09 00:00:00' AND '2023-11-09 23:59:59'   AND `is_pay` = 1 LIMIT 1 [ RunTime:0.000571s ]
[2023-11-19T10:31:37+08:00][sql] SELECT COUNT(*) AS think_count FROM `nianbao_order` WHERE  `create_time` BETWEEN '2023-11-10 00:00:00' AND '2023-11-10 23:59:59'   AND `is_pay` = 1 LIMIT 1 [ RunTime:0.000560s ]
[2023-11-19T10:31:37+08:00][sql] SELECT COUNT(*) AS think_count FROM `nianbao_order` WHERE  `create_time` BETWEEN '2023-11-11 00:00:00' AND '2023-11-11 23:59:59'   AND `is_pay` = 1 LIMIT 1 [ RunTime:0.000558s ]
[2023-11-19T10:31:37+08:00][sql] SELECT COUNT(*) AS think_count FROM `nianbao_order` WHERE  `create_time` BETWEEN '2023-11-12 00:00:00' AND '2023-11-12 23:59:59'   AND `is_pay` = 1 LIMIT 1 [ RunTime:0.000593s ]
[2023-11-19T10:31:37+08:00][sql] SELECT COUNT(*) AS think_count FROM `nianbao_order` WHERE  `create_time` BETWEEN '2023-11-13 00:00:00' AND '2023-11-13 23:59:59'   AND `is_pay` = 1 LIMIT 1 [ RunTime:0.000598s ]
[2023-11-19T10:31:37+08:00][sql] SELECT COUNT(*) AS think_count FROM `nianbao_order` WHERE  `create_time` BETWEEN '2023-11-14 00:00:00' AND '2023-11-14 23:59:59'   AND `is_pay` = 1 LIMIT 1 [ RunTime:0.000574s ]
[2023-11-19T10:31:37+08:00][sql] SELECT COUNT(*) AS think_count FROM `nianbao_order` WHERE  `create_time` BETWEEN '2023-11-15 00:00:00' AND '2023-11-15 23:59:59'   AND `is_pay` = 1 LIMIT 1 [ RunTime:0.000566s ]
[2023-11-19T10:31:37+08:00][sql] SELECT COUNT(*) AS think_count FROM `nianbao_order` WHERE  `create_time` BETWEEN '2023-11-16 00:00:00' AND '2023-11-16 23:59:59'   AND `is_pay` = 1 LIMIT 1 [ RunTime:0.000573s ]
[2023-11-19T10:31:37+08:00][sql] SELECT COUNT(*) AS think_count FROM `nianbao_order` WHERE  `create_time` BETWEEN '2023-11-17 00:00:00' AND '2023-11-17 23:59:59'   AND `is_pay` = 1 LIMIT 1 [ RunTime:0.000570s ]
[2023-11-19T10:31:37+08:00][sql] SELECT COUNT(*) AS think_count FROM `nianbao_order` WHERE  `create_time` BETWEEN '2023-11-18 00:00:00' AND '2023-11-18 23:59:59'   AND `is_pay` = 1 LIMIT 1 [ RunTime:0.000584s ]
[2023-11-19T10:31:37+08:00][sql] SELECT COUNT(*) AS think_count FROM `nianbao_order` WHERE  `create_time` BETWEEN '2023-11-19 00:00:00' AND '2023-11-19 23:59:59'   AND `is_pay` = 1 LIMIT 1 [ RunTime:0.000567s ]
[2023-11-19T10:31:37+08:00][sql] SELECT COUNT(*) AS think_count FROM `nianbao_order` WHERE  `create_time` BETWEEN '2023-11-20 00:00:00' AND '2023-11-20 23:59:59'   AND `is_pay` = 1 LIMIT 1 [ RunTime:0.000570s ]
[2023-11-19T10:31:37+08:00][sql] SELECT COUNT(*) AS think_count FROM `nianbao_order` WHERE  `create_time` BETWEEN '2023-11-21 00:00:00' AND '2023-11-21 23:59:59'   AND `is_pay` = 1 LIMIT 1 [ RunTime:0.000591s ]
[2023-11-19T10:31:37+08:00][sql] SELECT COUNT(*) AS think_count FROM `nianbao_order` WHERE  `create_time` BETWEEN '2023-11-22 00:00:00' AND '2023-11-22 23:59:59'   AND `is_pay` = 1 LIMIT 1 [ RunTime:0.000614s ]
[2023-11-19T10:31:37+08:00][sql] SELECT COUNT(*) AS think_count FROM `nianbao_order` WHERE  `create_time` BETWEEN '2023-11-23 00:00:00' AND '2023-11-23 23:59:59'   AND `is_pay` = 1 LIMIT 1 [ RunTime:0.000587s ]
[2023-11-19T10:31:37+08:00][sql] SELECT COUNT(*) AS think_count FROM `nianbao_order` WHERE  `create_time` BETWEEN '2023-11-24 00:00:00' AND '2023-11-24 23:59:59'   AND `is_pay` = 1 LIMIT 1 [ RunTime:0.000582s ]
[2023-11-19T10:31:37+08:00][sql] SELECT COUNT(*) AS think_count FROM `nianbao_order` WHERE  `create_time` BETWEEN '2023-11-25 00:00:00' AND '2023-11-25 23:59:59'   AND `is_pay` = 1 LIMIT 1 [ RunTime:0.000621s ]
[2023-11-19T10:31:37+08:00][sql] SELECT COUNT(*) AS think_count FROM `nianbao_order` WHERE  `create_time` BETWEEN '2023-11-26 00:00:00' AND '2023-11-26 23:59:59'   AND `is_pay` = 1 LIMIT 1 [ RunTime:0.000572s ]
[2023-11-19T10:31:37+08:00][sql] SELECT COUNT(*) AS think_count FROM `nianbao_order` WHERE  `create_time` BETWEEN '2023-11-27 00:00:00' AND '2023-11-27 23:59:59'   AND `is_pay` = 1 LIMIT 1 [ RunTime:0.000553s ]
[2023-11-19T10:31:37+08:00][sql] SELECT COUNT(*) AS think_count FROM `nianbao_order` WHERE  `create_time` BETWEEN '2023-11-28 00:00:00' AND '2023-11-28 23:59:59'   AND `is_pay` = 1 LIMIT 1 [ RunTime:0.000564s ]
[2023-11-19T10:31:37+08:00][sql] SELECT COUNT(*) AS think_count FROM `nianbao_order` WHERE  `create_time` BETWEEN '2023-11-29 00:00:00' AND '2023-11-29 23:59:59'   AND `is_pay` = 1 LIMIT 1 [ RunTime:0.000572s ]
[2023-11-19T10:31:37+08:00][sql] SELECT COUNT(*) AS think_count FROM `nianbao_order` WHERE  `create_time` BETWEEN '2023-11-30 00:00:00' AND '2023-11-30 23:59:59'   AND `is_pay` = 1 LIMIT 1 [ RunTime:0.000559s ]
[2023-11-19T10:31:37+08:00][sql] SHOW FULL COLUMNS FROM `nianbao_member` [ RunTime:0.000456s ]
[2023-11-19T10:31:37+08:00][sql] SELECT COUNT(*) AS think_count FROM `nianbao_member` WHERE  `create_time` BETWEEN '2023-11-01 00:00:00' AND '2023-11-30 23:59:59'  LIMIT 1 [ RunTime:0.000599s ]
[2023-11-19T10:31:37+08:00][sql] SELECT COUNT(*) AS think_count FROM `nianbao_order` WHERE  `create_time` BETWEEN '2023-11-01 00:00:00' AND '2023-11-30 23:59:59'   AND `is_pay` = 1 LIMIT 1 [ RunTime:0.000561s ]
[2023-11-19T10:31:37+08:00][sql] SELECT SUM(`total_price`) AS think_sum FROM `nianbao_order` WHERE  `create_time` BETWEEN '2023-11-01 00:00:00' AND '2023-11-30 23:59:59'   AND `is_pay` = 1 LIMIT 1 [ RunTime:0.000614s ]
[2023-11-19T10:31:37+08:00][sql] SELECT COUNT(*) AS think_count FROM `nianbao_order` WHERE  `refund_time` BETWEEN '2023-11-01 00:00:00' AND '2023-11-30 23:59:59'   AND `is_pay` = 1  AND `is_refund` = '1' LIMIT 1 [ RunTime:0.000575s ]
[2023-11-19T10:31:37+08:00][sql] SELECT COUNT(*) AS think_count FROM `nianbao_member` WHERE  `create_time` BETWEEN '2023-11-19 00:00:00' AND '2023-11-19 23:59:59'  LIMIT 1 [ RunTime:0.000557s ]
[2023-11-19T10:31:37+08:00][sql] SELECT COUNT(*) AS think_count FROM `nianbao_order` WHERE  `create_time` BETWEEN '2023-11-19 00:00:00' AND '2023-11-19 23:59:59'   AND `is_pay` = 1 LIMIT 1 [ RunTime:0.000570s ]
[2023-11-19T10:31:37+08:00][sql] SELECT SUM(`total_price`) AS think_sum FROM `nianbao_order` WHERE  `create_time` BETWEEN '2023-11-19 00:00:00' AND '2023-11-19 23:59:59'   AND `is_pay` = 1 LIMIT 1 [ RunTime:0.000611s ]
[2023-11-19T10:31:37+08:00][sql] SELECT COUNT(*) AS think_count FROM `nianbao_order` WHERE  `refund_time` BETWEEN '2023-11-19 00:00:00' AND '2023-11-19 23:59:59'   AND `is_pay` = 1  AND `is_refund` = '1' LIMIT 1 [ RunTime:0.000638s ]
[2023-11-19T10:37:58+08:00][sql] CONNECT:[ UseTime:0.000340s ] mysql:host=127.0.0.1;port=3306;dbname=nianbao;charset=utf8
[2023-11-19T10:37:58+08:00][sql] SHOW FULL COLUMNS FROM `nianbao_base_config` [ RunTime:0.000583s ]
[2023-11-19T10:37:58+08:00][sql] SELECT * FROM `nianbao_base_config` [ RunTime:0.000288s ]
[2023-11-19T10:38:06+08:00][sql] CONNECT:[ UseTime:0.000352s ] mysql:host=127.0.0.1;port=3306;dbname=nianbao;charset=utf8
[2023-11-19T10:38:06+08:00][sql] SHOW FULL COLUMNS FROM `nianbao_admin_user` [ RunTime:0.000549s ]
[2023-11-19T10:38:06+08:00][sql] SELECT `a`.`user_id`,`a`.`name`,a.user as username,`a`.`status`,a.role_id as user_role_ids,`b`.`role_id`,b.name as role_name,b.status as role_status,`b`.`access` FROM `nianbao_admin_user` `a` INNER JOIN `nianbao_role` `b` ON a.role_id in(b.role_id) WHERE  `a`.`user` = 'admin'  AND `a`.`pwd` = 'c4ceeb4b1fe20766657ea78a10ee3679' LIMIT 1 [ RunTime:0.000391s ]
[2023-11-19T10:38:06+08:00][sql] SHOW FULL COLUMNS FROM `nianbao_log` [ RunTime:0.000492s ]
[2023-11-19T10:38:06+08:00][sql] INSERT INTO `nianbao_log` SET `application_name` = 'admin' , `username` = 'admin' , `url` = 'https://ss.xyaa.vip/admin/Login/index.html' , `ip` = '140.250.235.244' , `useragent` = 'Mozilla/5.0 (Windows NT 10.0; Win64; x64) AppleWebKit/537.36 (KHTML, like Gecko) Chrome/119.0.0.0 Safari/537.36 Edg/119.0.0.0' , `create_time` = 1700361486 , `type` = 1 [ RunTime:0.004504s ]
[2023-11-19T10:38:07+08:00][sql] CONNECT:[ UseTime:0.000361s ] mysql:host=127.0.0.1;port=3306;dbname=nianbao;charset=utf8
[2023-11-19T10:38:07+08:00][sql] SHOW FULL COLUMNS FROM `nianbao_node` [ RunTime:0.000604s ]
[2023-11-19T10:38:07+08:00][sql] SELECT `node_id`,`pid`,`title`,`status`,`icon`,`sortid`,`path` FROM `nianbao_node` WHERE  `status` = 1  AND `type` = 1 ORDER BY `sortid` ASC [ RunTime:0.000328s ]
[2023-11-19T10:38:08+08:00][sql] CONNECT:[ UseTime:0.000333s ] mysql:host=127.0.0.1;port=3306;dbname=nianbao;charset=utf8
[2023-11-19T10:38:08+08:00][sql] SHOW FULL COLUMNS FROM `nianbao_order` [ RunTime:0.000637s ]
[2023-11-19T10:38:08+08:00][sql] SELECT COUNT(*) AS think_count FROM `nianbao_order` WHERE  `create_time` BETWEEN '2023-11-01 00:00:00' AND '2023-11-01 23:59:59'   AND `is_pay` = 1 LIMIT 1 [ RunTime:0.000646s ]
[2023-11-19T10:38:08+08:00][sql] SELECT COUNT(*) AS think_count FROM `nianbao_order` WHERE  `create_time` BETWEEN '2023-11-02 00:00:00' AND '2023-11-02 23:59:59'   AND `is_pay` = 1 LIMIT 1 [ RunTime:0.000604s ]
[2023-11-19T10:38:08+08:00][sql] SELECT COUNT(*) AS think_count FROM `nianbao_order` WHERE  `create_time` BETWEEN '2023-11-03 00:00:00' AND '2023-11-03 23:59:59'   AND `is_pay` = 1 LIMIT 1 [ RunTime:0.000579s ]
[2023-11-19T10:38:08+08:00][sql] SELECT COUNT(*) AS think_count FROM `nianbao_order` WHERE  `create_time` BETWEEN '2023-11-04 00:00:00' AND '2023-11-04 23:59:59'   AND `is_pay` = 1 LIMIT 1 [ RunTime:0.000570s ]
[2023-11-19T10:38:08+08:00][sql] SELECT COUNT(*) AS think_count FROM `nianbao_order` WHERE  `create_time` BETWEEN '2023-11-05 00:00:00' AND '2023-11-05 23:59:59'   AND `is_pay` = 1 LIMIT 1 [ RunTime:0.000564s ]
[2023-11-19T10:38:08+08:00][sql] SELECT COUNT(*) AS think_count FROM `nianbao_order` WHERE  `create_time` BETWEEN '2023-11-06 00:00:00' AND '2023-11-06 23:59:59'   AND `is_pay` = 1 LIMIT 1 [ RunTime:0.000559s ]
[2023-11-19T10:38:08+08:00][sql] SELECT COUNT(*) AS think_count FROM `nianbao_order` WHERE  `create_time` BETWEEN '2023-11-07 00:00:00' AND '2023-11-07 23:59:59'   AND `is_pay` = 1 LIMIT 1 [ RunTime:0.000563s ]
[2023-11-19T10:38:08+08:00][sql] SELECT COUNT(*) AS think_count FROM `nianbao_order` WHERE  `create_time` BETWEEN '2023-11-08 00:00:00' AND '2023-11-08 23:59:59'   AND `is_pay` = 1 LIMIT 1 [ RunTime:0.000573s ]
[2023-11-19T10:38:08+08:00][sql] SELECT COUNT(*) AS think_count FROM `nianbao_order` WHERE  `create_time` BETWEEN '2023-11-09 00:00:00' AND '2023-11-09 23:59:59'   AND `is_pay` = 1 LIMIT 1 [ RunTime:0.000567s ]
[2023-11-19T10:38:08+08:00][sql] SELECT COUNT(*) AS think_count FROM `nianbao_order` WHERE  `create_time` BETWEEN '2023-11-10 00:00:00' AND '2023-11-10 23:59:59'   AND `is_pay` = 1 LIMIT 1 [ RunTime:0.000563s ]
[2023-11-19T10:38:08+08:00][sql] SELECT COUNT(*) AS think_count FROM `nianbao_order` WHERE  `create_time` BETWEEN '2023-11-11 00:00:00' AND '2023-11-11 23:59:59'   AND `is_pay` = 1 LIMIT 1 [ RunTime:0.000566s ]
[2023-11-19T10:38:08+08:00][sql] SELECT COUNT(*) AS think_count FROM `nianbao_order` WHERE  `create_time` BETWEEN '2023-11-12 00:00:00' AND '2023-11-12 23:59:59'   AND `is_pay` = 1 LIMIT 1 [ RunTime:0.000573s ]
[2023-11-19T10:38:08+08:00][sql] SELECT COUNT(*) AS think_count FROM `nianbao_order` WHERE  `create_time` BETWEEN '2023-11-13 00:00:00' AND '2023-11-13 23:59:59'   AND `is_pay` = 1 LIMIT 1 [ RunTime:0.000579s ]
[2023-11-19T10:38:08+08:00][sql] SELECT COUNT(*) AS think_count FROM `nianbao_order` WHERE  `create_time` BETWEEN '2023-11-14 00:00:00' AND '2023-11-14 23:59:59'   AND `is_pay` = 1 LIMIT 1 [ RunTime:0.000571s ]
[2023-11-19T10:38:08+08:00][sql] SELECT COUNT(*) AS think_count FROM `nianbao_order` WHERE  `create_time` BETWEEN '2023-11-15 00:00:00' AND '2023-11-15 23:59:59'   AND `is_pay` = 1 LIMIT 1 [ RunTime:0.000590s ]
[2023-11-19T10:38:08+08:00][sql] SELECT COUNT(*) AS think_count FROM `nianbao_order` WHERE  `create_time` BETWEEN '2023-11-16 00:00:00' AND '2023-11-16 23:59:59'   AND `is_pay` = 1 LIMIT 1 [ RunTime:0.000569s ]
[2023-11-19T10:38:08+08:00][sql] SELECT COUNT(*) AS think_count FROM `nianbao_order` WHERE  `create_time` BETWEEN '2023-11-17 00:00:00' AND '2023-11-17 23:59:59'   AND `is_pay` = 1 LIMIT 1 [ RunTime:0.000574s ]
[2023-11-19T10:38:08+08:00][sql] SELECT COUNT(*) AS think_count FROM `nianbao_order` WHERE  `create_time` BETWEEN '2023-11-18 00:00:00' AND '2023-11-18 23:59:59'   AND `is_pay` = 1 LIMIT 1 [ RunTime:0.000579s ]
[2023-11-19T10:38:08+08:00][sql] SELECT COUNT(*) AS think_count FROM `nianbao_order` WHERE  `create_time` BETWEEN '2023-11-19 00:00:00' AND '2023-11-19 23:59:59'   AND `is_pay` = 1 LIMIT 1 [ RunTime:0.000580s ]
[2023-11-19T10:38:08+08:00][sql] SELECT COUNT(*) AS think_count FROM `nianbao_order` WHERE  `create_time` BETWEEN '2023-11-20 00:00:00' AND '2023-11-20 23:59:59'   AND `is_pay` = 1 LIMIT 1 [ RunTime:0.000570s ]
[2023-11-19T10:38:08+08:00][sql] SELECT COUNT(*) AS think_count FROM `nianbao_order` WHERE  `create_time` BETWEEN '2023-11-21 00:00:00' AND '2023-11-21 23:59:59'   AND `is_pay` = 1 LIMIT 1 [ RunTime:0.000567s ]
[2023-11-19T10:38:08+08:00][sql] SELECT COUNT(*) AS think_count FROM `nianbao_order` WHERE  `create_time` BETWEEN '2023-11-22 00:00:00' AND '2023-11-22 23:59:59'   AND `is_pay` = 1 LIMIT 1 [ RunTime:0.000564s ]
[2023-11-19T10:38:08+08:00][sql] SELECT COUNT(*) AS think_count FROM `nianbao_order` WHERE  `create_time` BETWEEN '2023-11-23 00:00:00' AND '2023-11-23 23:59:59'   AND `is_pay` = 1 LIMIT 1 [ RunTime:0.000576s ]
[2023-11-19T10:38:08+08:00][sql] SELECT COUNT(*) AS think_count FROM `nianbao_order` WHERE  `create_time` BETWEEN '2023-11-24 00:00:00' AND '2023-11-24 23:59:59'   AND `is_pay` = 1 LIMIT 1 [ RunTime:0.000588s ]
[2023-11-19T10:38:08+08:00][sql] SELECT COUNT(*) AS think_count FROM `nianbao_order` WHERE  `create_time` BETWEEN '2023-11-25 00:00:00' AND '2023-11-25 23:59:59'   AND `is_pay` = 1 LIMIT 1 [ RunTime:0.000564s ]
[2023-11-19T10:38:08+08:00][sql] SELECT COUNT(*) AS think_count FROM `nianbao_order` WHERE  `create_time` BETWEEN '2023-11-26 00:00:00' AND '2023-11-26 23:59:59'   AND `is_pay` = 1 LIMIT 1 [ RunTime:0.000565s ]
[2023-11-19T10:38:08+08:00][sql] SELECT COUNT(*) AS think_count FROM `nianbao_order` WHERE  `create_time` BETWEEN '2023-11-27 00:00:00' AND '2023-11-27 23:59:59'   AND `is_pay` = 1 LIMIT 1 [ RunTime:0.000589s ]
[2023-11-19T10:38:08+08:00][sql] SELECT COUNT(*) AS think_count FROM `nianbao_order` WHERE  `create_time` BETWEEN '2023-11-28 00:00:00' AND '2023-11-28 23:59:59'   AND `is_pay` = 1 LIMIT 1 [ RunTime:0.000594s ]
[2023-11-19T10:38:08+08:00][sql] SELECT COUNT(*) AS think_count FROM `nianbao_order` WHERE  `create_time` BETWEEN '2023-11-29 00:00:00' AND '2023-11-29 23:59:59'   AND `is_pay` = 1 LIMIT 1 [ RunTime:0.000581s ]
[2023-11-19T10:38:08+08:00][sql] SELECT COUNT(*) AS think_count FROM `nianbao_order` WHERE  `create_time` BETWEEN '2023-11-30 00:00:00' AND '2023-11-30 23:59:59'   AND `is_pay` = 1 LIMIT 1 [ RunTime:0.000565s ]
[2023-11-19T10:38:08+08:00][sql] SHOW FULL COLUMNS FROM `nianbao_member` [ RunTime:0.000487s ]
[2023-11-19T10:38:08+08:00][sql] SELECT COUNT(*) AS think_count FROM `nianbao_member` WHERE  `create_time` BETWEEN '2023-11-01 00:00:00' AND '2023-11-30 23:59:59'  LIMIT 1 [ RunTime:0.000603s ]
[2023-11-19T10:38:08+08:00][sql] SELECT COUNT(*) AS think_count FROM `nianbao_order` WHERE  `create_time` BETWEEN '2023-11-01 00:00:00' AND '2023-11-30 23:59:59'   AND `is_pay` = 1 LIMIT 1 [ RunTime:0.000585s ]
[2023-11-19T10:38:08+08:00][sql] SELECT SUM(`total_price`) AS think_sum FROM `nianbao_order` WHERE  `create_time` BETWEEN '2023-11-01 00:00:00' AND '2023-11-30 23:59:59'   AND `is_pay` = 1 LIMIT 1 [ RunTime:0.000614s ]
[2023-11-19T10:38:08+08:00][sql] SELECT COUNT(*) AS think_count FROM `nianbao_order` WHERE  `refund_time` BETWEEN '2023-11-01 00:00:00' AND '2023-11-30 23:59:59'   AND `is_pay` = 1  AND `is_refund` = '1' LIMIT 1 [ RunTime:0.000573s ]
[2023-11-19T10:38:08+08:00][sql] SELECT COUNT(*) AS think_count FROM `nianbao_member` WHERE  `create_time` BETWEEN '2023-11-19 00:00:00' AND '2023-11-19 23:59:59'  LIMIT 1 [ RunTime:0.000561s ]
[2023-11-19T10:38:08+08:00][sql] SELECT COUNT(*) AS think_count FROM `nianbao_order` WHERE  `create_time` BETWEEN '2023-11-19 00:00:00' AND '2023-11-19 23:59:59'   AND `is_pay` = 1 LIMIT 1 [ RunTime:0.000557s ]
[2023-11-19T10:38:08+08:00][sql] SELECT SUM(`total_price`) AS think_sum FROM `nianbao_order` WHERE  `create_time` BETWEEN '2023-11-19 00:00:00' AND '2023-11-19 23:59:59'   AND `is_pay` = 1 LIMIT 1 [ RunTime:0.000594s ]
[2023-11-19T10:38:08+08:00][sql] SELECT COUNT(*) AS think_count FROM `nianbao_order` WHERE  `refund_time` BETWEEN '2023-11-19 00:00:00' AND '2023-11-19 23:59:59'   AND `is_pay` = 1  AND `is_refund` = '1' LIMIT 1 [ RunTime:0.000661s ]
[2023-11-19T10:38:17+08:00][sql] CONNECT:[ UseTime:0.000328s ] mysql:host=127.0.0.1;port=3306;dbname=nianbao;charset=utf8
[2023-11-19T10:38:17+08:00][sql] SHOW FULL COLUMNS FROM `nianbao_enterprise` [ RunTime:0.000566s ]
[2023-11-19T10:38:17+08:00][sql] SELECT COUNT(*) AS think_count FROM `nianbao_enterprise` WHERE  `status` <> 3 LIMIT 1 [ RunTime:0.003950s ]
[2023-11-19T10:38:17+08:00][sql] SELECT * FROM `nianbao_enterprise` WHERE  `status` <> 3 ORDER BY `id` DESC LIMIT 0,20 [ RunTime:0.000276s ]
[2023-11-19T10:38:19+08:00][sql] CONNECT:[ UseTime:0.000369s ] mysql:host=127.0.0.1;port=3306;dbname=nianbao;charset=utf8
[2023-11-19T10:38:19+08:00][sql] SHOW FULL COLUMNS FROM `nianbao_enterprise` [ RunTime:0.000543s ]
[2023-11-19T10:38:19+08:00][sql] SELECT COUNT(*) AS think_count FROM `nianbao_enterprise` WHERE  `status` <> 3 LIMIT 1 [ RunTime:0.003309s ]
[2023-11-19T10:38:19+08:00][sql] SELECT * FROM `nianbao_enterprise` WHERE  `status` <> 3 ORDER BY `id` DESC LIMIT 100,20 [ RunTime:0.000317s ]
[2023-11-19T10:38:20+08:00][sql] CONNECT:[ UseTime:0.000366s ] mysql:host=127.0.0.1;port=3306;dbname=nianbao;charset=utf8
[2023-11-19T10:38:20+08:00][sql] SHOW FULL COLUMNS FROM `nianbao_enterprise` [ RunTime:0.000511s ]
[2023-11-19T10:38:20+08:00][sql] SELECT COUNT(*) AS think_count FROM `nianbao_enterprise` WHERE  `status` <> 3 LIMIT 1 [ RunTime:0.003089s ]
[2023-11-19T10:38:20+08:00][sql] SELECT * FROM `nianbao_enterprise` WHERE  `status` <> 3 ORDER BY `id` DESC LIMIT 13980,20 [ RunTime:0.005724s ]
[2023-11-19T10:38:22+08:00][sql] CONNECT:[ UseTime:0.000365s ] mysql:host=127.0.0.1;port=3306;dbname=nianbao;charset=utf8
[2023-11-19T10:38:22+08:00][sql] SHOW FULL COLUMNS FROM `nianbao_enterprise` [ RunTime:0.000520s ]
[2023-11-19T10:38:22+08:00][sql] SELECT COUNT(*) AS think_count FROM `nianbao_enterprise` WHERE  `status` <> 3 LIMIT 1 [ RunTime:0.003010s ]
[2023-11-19T10:38:22+08:00][sql] SELECT * FROM `nianbao_enterprise` WHERE  `status` <> 3 ORDER BY `id` DESC LIMIT 13900,20 [ RunTime:0.005723s ]
[2023-11-19T10:38:27+08:00][sql] CONNECT:[ UseTime:0.000367s ] mysql:host=127.0.0.1;port=3306;dbname=nianbao;charset=utf8
[2023-11-19T10:38:27+08:00][sql] SHOW FULL COLUMNS FROM `nianbao_order` [ RunTime:0.000630s ]
[2023-11-19T10:38:27+08:00][sql] SELECT COUNT(*) AS think_count FROM `nianbao_order` WHERE  `is_pay` = 1  AND `is_delete` = 0 LIMIT 1 [ RunTime:0.000672s ]
[2023-11-19T10:38:27+08:00][sql] SELECT * FROM `nianbao_order` WHERE  `is_pay` = 1  AND `is_delete` = 0 ORDER BY `id` DESC LIMIT 0,20 [ RunTime:0.001671s ]
[2023-11-19T10:38:27+08:00][sql] SHOW FULL COLUMNS FROM `nianbao_pay` [ RunTime:0.000547s ]
[2023-11-19T10:38:27+08:00][sql] SELECT * FROM `nianbao_pay` WHERE  `id` = 2 LIMIT 1 [ RunTime:0.000230s ]
[2023-11-19T10:38:27+08:00][sql] SELECT * FROM `nianbao_pay` WHERE  `id` = 2 LIMIT 1 [ RunTime:0.000186s ]
[2023-11-19T10:38:27+08:00][sql] SELECT * FROM `nianbao_pay` WHERE  `id` = 2 LIMIT 1 [ RunTime:0.000197s ]
[2023-11-19T10:38:52+08:00][sql] CONNECT:[ UseTime:0.000356s ] mysql:host=127.0.0.1;port=3306;dbname=nianbao;charset=utf8
[2023-11-19T10:38:52+08:00][sql] SHOW FULL COLUMNS FROM `nianbao_area` [ RunTime:0.000794s ]
[2023-11-19T10:38:52+08:00][sql] SELECT COUNT(*) AS think_count FROM `nianbao_area` LIMIT 1 [ RunTime:0.000221s ]
[2023-11-19T10:38:58+08:00][sql] CONNECT:[ UseTime:0.000388s ] mysql:host=127.0.0.1;port=3306;dbname=nianbao;charset=utf8
[2023-11-19T10:38:58+08:00][sql] SHOW FULL COLUMNS FROM `nianbao_pay` [ RunTime:0.000526s ]
[2023-11-19T10:38:58+08:00][sql] SELECT COUNT(*) AS think_count FROM `nianbao_pay` LIMIT 1 [ RunTime:0.000205s ]
[2023-11-19T10:38:58+08:00][sql] SELECT `id`,`type`,`status` FROM `nianbao_pay` ORDER BY `id` DESC LIMIT 0,20 [ RunTime:0.000142s ]
[2023-11-19T10:39:08+08:00][sql] CONNECT:[ UseTime:0.000300s ] mysql:host=127.0.0.1;port=3306;dbname=nianbao;charset=utf8
[2023-11-19T10:39:08+08:00][sql] SHOW FULL COLUMNS FROM `nianbao_base_config` [ RunTime:0.000448s ]
[2023-11-19T10:39:08+08:00][sql] SELECT * FROM `nianbao_base_config` [ RunTime:0.000268s ]
[2023-11-19T10:39:08+08:00][sql] CONNECT:[ UseTime:0.000300s ] mysql:host=127.0.0.1;port=3306;dbname=nianbao;charset=utf8
[2023-11-19T10:39:08+08:00][sql] SHOW FULL COLUMNS FROM `nianbao_base_config` [ RunTime:0.000418s ]
[2023-11-19T10:39:08+08:00][sql] SELECT `data`,`name` FROM `nianbao_base_config` [ RunTime:0.000244s ]
[2023-11-19T10:39:57+08:00][sql] CONNECT:[ UseTime:0.000353s ] mysql:host=127.0.0.1;port=3306;dbname=nianbao;charset=utf8
[2023-11-19T10:39:57+08:00][sql] SHOW FULL COLUMNS FROM `nianbao_node` [ RunTime:0.000499s ]
[2023-11-19T10:39:57+08:00][sql] SELECT COUNT(*) AS think_count FROM `nianbao_node` LIMIT 1 [ RunTime:0.000192s ]
[2023-11-19T10:39:57+08:00][sql] SELECT `node_id`,`title`,`type`,`path`,`status`,`icon`,`sortid`,`pid` FROM `nianbao_node` ORDER BY `sortid` ASC LIMIT 0,1000 [ RunTime:0.000278s ]
[2023-11-19T10:39:57+08:00][sql] select node_id,title,pid from nianbao_node order by sortid asc [ RunTime:0.000218s ]
