[2024-04-10T03:41:33+08:00][error] 错误信息:controller not exists:app\controller\favicon\Ico
[2024-04-10T03:41:41+08:00][error] 错误信息:controller not exists:app\controller\favicon\Ico
[2024-04-10T03:45:07+08:00][error] 错误信息:controller not exists:app\controller\favicon\Ico
[2024-04-10T03:47:55+08:00][error] 错误信息:controller not exists:app\controller\favicon\Ico
[2024-04-10T03:48:04+08:00][error] 错误信息:controller not exists:app\controller\favicon\Ico
[2024-04-10T03:48:34+08:00][error] 错误信息:controller not exists:app\controller\favicon\Ico
[2024-04-10T03:48:36+08:00][error] 错误信息:controller not exists:app\controller\favicon\Ico
[2024-04-10T03:48:50+08:00][error] 错误信息:controller not exists:app\controller\favicon\Ico
[2024-04-10T03:49:50+08:00][error] 错误信息:controller not exists:app\controller\favicon\Ico
[2024-04-10T03:58:59+08:00][error] 错误信息:controller not exists:app\controller\favicon\Ico
[2024-04-10T04:09:47+08:00][error] 错误信息:controller not exists:app\controller\favicon\Ico
[2024-04-10T04:09:53+08:00][error] 错误信息:controller not exists:app\controller\favicon\Ico
[2024-04-10T04:10:52+08:00][error] 错误信息:controller not exists:app\controller\favicon\Ico
[2024-04-10T04:10:52+08:00][error] 错误信息:controller not exists:app\controller\Server
[2024-04-10T04:10:53+08:00][error] 错误信息:controller not exists:.vscode
[2024-04-10T04:10:53+08:00][error] 错误信息:controller not exists:app\controller\About
[2024-04-10T04:10:54+08:00][error] 错误信息:controller not exists:app\controller\Debug
[2024-04-10T04:10:54+08:00][error] 错误信息:controller not exists:app\controller\V2
[2024-04-10T04:10:55+08:00][error] 错误信息:controller not exists:app\controller\Ecp
[2024-04-10T04:10:55+08:00][error] 错误信息:controller not exists:server-status
[2024-04-10T04:10:56+08:00][error] 错误信息:controller not exists:app\controller\login\Action
[2024-04-10T04:10:56+08:00][error] 错误信息:controller not exists:_all_dbs
[2024-04-10T04:10:57+08:00][error] 错误信息:controller not exists:.DS_Store
[2024-04-10T04:10:58+08:00][error] 错误信息:controller not exists:app\controller\S
[2024-04-10T04:10:58+08:00][error] 错误信息:controller not exists:app\controller\config\Json
[2024-04-10T04:10:59+08:00][error] 错误信息:controller not exists:app\controller\Telescope
[2024-04-10T04:11:02+08:00][error] 错误信息:controller not exists:app\controller\favicon\Ico
[2024-04-10T04:11:39+08:00][error] 错误信息:controller not exists:app\controller\favicon\Ico
[2024-04-10T04:11:45+08:00][error] 错误信息:controller not exists:app\controller\favicon\Ico
[2024-04-10T04:12:02+08:00][error] 错误信息:controller not exists:app\controller\favicon\Ico
[2024-04-10T04:12:20+08:00][error] 错误信息:controller not exists:app\controller\favicon\Ico
[2024-04-10T04:13:09+08:00][error] 错误信息:controller not exists:app\controller\favicon\Ico
[2024-04-10T04:13:12+08:00][error] 错误信息:controller not exists:app\controller\favicon\Ico
[2024-04-10T16:29:13+08:00][error] 错误信息:controller not exists:app\controller\favicon\Ico
[2024-04-10T16:29:21+08:00][error] 错误信息:controller not exists:app\controller\favicon\Ico
