[2023-10-20T20:22:26+08:00][sql] CONNECT:[ UseTime:0.000366s ] mysql:host=127.0.0.1;port=3306;dbname=nianbao;charset=utf8
[2023-10-20T20:22:26+08:00][sql] SHOW FULL COLUMNS FROM `nianbao_base_config` [ RunTime:0.000579s ]
[2023-10-20T20:22:26+08:00][sql] SELECT `data`,`name` FROM `nianbao_base_config` [ RunTime:0.000294s ]
[2023-10-20T20:22:27+08:00][sql] CONNECT:[ UseTime:0.000410s ] mysql:host=127.0.0.1;port=3306;dbname=nianbao;charset=utf8
[2023-10-20T20:22:27+08:00][sql] SHOW FULL COLUMNS FROM `nianbao_base_config` [ RunTime:0.000480s ]
[2023-10-20T20:22:27+08:00][sql] SELECT `data`,`name` FROM `nianbao_base_config` [ RunTime:0.000265s ]
[2023-10-20T20:22:27+08:00][sql] SHOW FULL COLUMNS FROM `nianbao_member` [ RunTime:0.000678s ]
[2023-10-20T20:22:27+08:00][sql] SELECT * FROM `nianbao_member` WHERE  `openid` = 'o3XKG60TqVRf6mZ93jx2tHSvdL_Q' LIMIT 1 [ RunTime:0.000324s ]
[2023-10-20T20:22:27+08:00][sql] INSERT INTO `nianbao_member` SET `openid` = 'o3XKG60TqVRf6mZ93jx2tHSvdL_Q' , `nickname` = '1922DRWOSH' , `avatar` = 'https://thirdwx.qlogo.cn/mmopen/vi_32/POgEwh4mIHO4nibH0KlMECNjjGxQUq24ZEaGT4poC6icRiccVGKSyXwibcPq4BWmiaIGuG1icwxaQX6grC9VemZoJ8rg/132' , `unionid` = 'o3XKG60TqVRf6mZ93jx2tHSvdL_Q' , `create_time` = '2023-10-20 20:22:27' [ RunTime:0.000250s ]
[2023-10-20T20:22:27+08:00][sql] SELECT * FROM `nianbao_member` WHERE  `id` = 1 LIMIT 1 [ RunTime:0.000268s ]
[2023-10-20T20:22:27+08:00][sql] UPDATE `nianbao_member`  SET `access_token` = 'MTY5NzgwNDU0NzE='  WHERE  `id` = 1 [ RunTime:0.000250s ]
[2023-10-20T20:22:33+08:00][sql] CONNECT:[ UseTime:0.000370s ] mysql:host=127.0.0.1;port=3306;dbname=nianbao;charset=utf8
[2023-10-20T20:22:33+08:00][sql] SHOW FULL COLUMNS FROM `nianbao_base_config` [ RunTime:0.000556s ]
[2023-10-20T20:22:33+08:00][sql] SELECT `data`,`name` FROM `nianbao_base_config` [ RunTime:0.000275s ]
[2023-10-20T20:22:34+08:00][sql] CONNECT:[ UseTime:0.000366s ] mysql:host=127.0.0.1;port=3306;dbname=nianbao;charset=utf8
[2023-10-20T20:22:34+08:00][sql] SHOW FULL COLUMNS FROM `nianbao_base_config` [ RunTime:0.000484s ]
[2023-10-20T20:22:34+08:00][sql] SELECT `data`,`name` FROM `nianbao_base_config` [ RunTime:0.000284s ]
[2023-10-20T20:22:34+08:00][sql] SHOW FULL COLUMNS FROM `nianbao_member` [ RunTime:0.000630s ]
[2023-10-20T20:22:34+08:00][sql] SELECT * FROM `nianbao_member` WHERE  `openid` = 'o3XKG60TqVRf6mZ93jx2tHSvdL_Q' LIMIT 1 [ RunTime:0.000314s ]
[2023-10-20T20:22:43+08:00][sql] CONNECT:[ UseTime:0.000402s ] mysql:host=127.0.0.1;port=3306;dbname=nianbao;charset=utf8
[2023-10-20T20:22:43+08:00][sql] SHOW FULL COLUMNS FROM `nianbao_member` [ RunTime:0.000545s ]
[2023-10-20T20:22:43+08:00][sql] SELECT * FROM `nianbao_member` WHERE  `id` = 1 LIMIT 1 [ RunTime:0.000259s ]
[2023-10-20T20:22:43+08:00][sql] SHOW FULL COLUMNS FROM `nianbao_base_config` [ RunTime:0.000347s ]
[2023-10-20T20:22:43+08:00][sql] SELECT `data`,`name` FROM `nianbao_base_config` [ RunTime:0.000229s ]
[2023-10-20T20:22:43+08:00][sql] SELECT * FROM `nianbao_member` WHERE  `id` = 1 LIMIT 1 [ RunTime:0.000434s ]
[2023-10-20T20:22:43+08:00][sql] UPDATE `nianbao_member`  SET `mobile` = '13731247136'  WHERE  `id` = 1 [ RunTime:0.000260s ]
[2023-10-20T20:22:43+08:00][sql] CONNECT:[ UseTime:0.000415s ] mysql:host=127.0.0.1;port=3306;dbname=nianbao;charset=utf8
[2023-10-20T20:22:43+08:00][sql] SHOW FULL COLUMNS FROM `nianbao_base_config` [ RunTime:0.000480s ]
[2023-10-20T20:22:43+08:00][sql] SELECT `data`,`name` FROM `nianbao_base_config` [ RunTime:0.000286s ]
[2023-10-20T20:22:43+08:00][sql] CONNECT:[ UseTime:0.000352s ] mysql:host=127.0.0.1;port=3306;dbname=nianbao;charset=utf8
[2023-10-20T20:22:43+08:00][sql] SHOW FULL COLUMNS FROM `nianbao_member` [ RunTime:0.000549s ]
[2023-10-20T20:22:43+08:00][sql] SELECT * FROM `nianbao_member` WHERE  `mobile` = '13731247136' LIMIT 1 [ RunTime:0.000265s ]
[2023-10-20T20:22:43+08:00][sql] SHOW FULL COLUMNS FROM `nianbao_member_enterprise` [ RunTime:0.000491s ]
[2023-10-20T20:22:43+08:00][sql] SELECT * FROM `nianbao_member_enterprise` WHERE  `member_mobile` = '13731247136' ORDER BY `id` DESC LIMIT 1 [ RunTime:0.000204s ]
[2023-10-20T20:22:43+08:00][sql] SHOW FULL COLUMNS FROM `nianbao_enterprise` [ RunTime:0.000533s ]
[2023-10-20T20:22:43+08:00][sql] SELECT * FROM `nianbao_enterprise` WHERE  `mobile` = '13731247136' LIMIT 1 [ RunTime:0.000646s ]
[2023-10-20T20:22:43+08:00][sql] CONNECT:[ UseTime:0.000246s ] mysql:host=127.0.0.1;port=3306;dbname=nianbao;charset=utf8
[2023-10-20T20:22:43+08:00][sql] SHOW FULL COLUMNS FROM `nianbao_member` [ RunTime:0.000557s ]
[2023-10-20T20:22:43+08:00][sql] SELECT * FROM `nianbao_member` WHERE  `mobile` = '13731247136' LIMIT 1 [ RunTime:0.000251s ]
[2023-10-20T20:22:43+08:00][sql] SHOW FULL COLUMNS FROM `nianbao_member_enterprise` [ RunTime:0.000362s ]
[2023-10-20T20:22:43+08:00][sql] SELECT * FROM `nianbao_member_enterprise` WHERE  `member_mobile` = '13731247136' ORDER BY `id` DESC [ RunTime:0.000175s ]
[2023-10-20T20:22:55+08:00][sql] CONNECT:[ UseTime:0.000300s ] mysql:host=127.0.0.1;port=3306;dbname=nianbao;charset=utf8
[2023-10-20T20:22:55+08:00][sql] SHOW FULL COLUMNS FROM `nianbao_member` [ RunTime:0.000513s ]
[2023-10-20T20:22:55+08:00][sql] SELECT * FROM `nianbao_member` WHERE  `mobile` = '13731247136' LIMIT 1 [ RunTime:0.000238s ]
[2023-10-20T20:22:55+08:00][sql] SHOW FULL COLUMNS FROM `nianbao_enterprise` [ RunTime:0.000439s ]
[2023-10-20T20:22:55+08:00][sql] SELECT * FROM `nianbao_enterprise` WHERE  `enterprise_name` LIKE '%河北%' [ RunTime:0.000742s ]
[2023-10-20T20:22:55+08:00][sql] SHOW FULL COLUMNS FROM `nianbao_enterprise_report` [ RunTime:0.000470s ]
[2023-10-20T20:22:55+08:00][sql] SELECT * FROM `nianbao_enterprise_report` WHERE  `enterprise_code` = '911354489846884854'  AND `report_year` = '2022' LIMIT 1 [ RunTime:0.000220s ]
[2023-10-20T20:22:55+08:00][sql] SELECT * FROM `nianbao_enterprise_report` WHERE  `enterprise_code` = '911354248648979855'  AND `report_year` = '2022' LIMIT 1 [ RunTime:0.000181s ]
[2023-10-20T20:23:01+08:00][sql] CONNECT:[ UseTime:0.000378s ] mysql:host=127.0.0.1;port=3306;dbname=nianbao;charset=utf8
[2023-10-20T20:23:01+08:00][sql] SHOW FULL COLUMNS FROM `nianbao_member` [ RunTime:0.000550s ]
[2023-10-20T20:23:01+08:00][sql] SELECT * FROM `nianbao_member` WHERE  `mobile` = '13731247136' LIMIT 1 [ RunTime:0.000285s ]
[2023-10-20T20:23:01+08:00][sql] SHOW FULL COLUMNS FROM `nianbao_enterprise` [ RunTime:0.000395s ]
[2023-10-20T20:23:01+08:00][sql] SELECT * FROM `nianbao_enterprise` WHERE  `enterprise_code` = '911354489846884854' LIMIT 1 [ RunTime:0.000199s ]
[2023-10-20T20:23:01+08:00][sql] SHOW FULL COLUMNS FROM `nianbao_member_enterprise` [ RunTime:0.000343s ]
[2023-10-20T20:23:01+08:00][sql] SELECT * FROM `nianbao_member_enterprise` WHERE  `enterprise_id` = 1  AND `member_mobile` = '13731247136' LIMIT 1 [ RunTime:0.000200s ]
[2023-10-20T20:23:01+08:00][sql] SHOW FULL COLUMNS FROM `nianbao_enterprise_report` [ RunTime:0.000329s ]
[2023-10-20T20:23:01+08:00][sql] SELECT * FROM `nianbao_enterprise_report` WHERE  `enterprise_code` = '911354489846884854'  AND `report_year` = '2022' LIMIT 1 [ RunTime:0.000198s ]
[2023-10-20T20:23:01+08:00][sql] INSERT INTO `nianbao_member_enterprise` SET `member_id` = 1 , `enterprise_id` = 1 , `member_mobile` = '13731247136' , `status` = 1 [ RunTime:0.000184s ]
[2023-10-20T20:23:01+08:00][sql] CONNECT:[ UseTime:0.000367s ] mysql:host=127.0.0.1;port=3306;dbname=nianbao;charset=utf8
[2023-10-20T20:23:01+08:00][sql] SHOW FULL COLUMNS FROM `nianbao_member` [ RunTime:0.000501s ]
[2023-10-20T20:23:01+08:00][sql] SELECT * FROM `nianbao_member` WHERE  `mobile` = '13731247136' LIMIT 1 [ RunTime:0.000282s ]
[2023-10-20T20:23:01+08:00][sql] SHOW FULL COLUMNS FROM `nianbao_member_enterprise` [ RunTime:0.000382s ]
[2023-10-20T20:23:01+08:00][sql] SELECT * FROM `nianbao_member_enterprise` WHERE  `member_mobile` = '13731247136' ORDER BY `id` DESC LIMIT 1 [ RunTime:0.000194s ]
[2023-10-20T20:23:01+08:00][sql] SHOW FULL COLUMNS FROM `nianbao_enterprise` [ RunTime:0.000342s ]
[2023-10-20T20:23:01+08:00][sql] SELECT * FROM `nianbao_enterprise` WHERE  `id` = 1 LIMIT 1 [ RunTime:0.000193s ]
[2023-10-20T20:23:01+08:00][sql] SHOW FULL COLUMNS FROM `nianbao_enterprise_report` [ RunTime:0.000339s ]
[2023-10-20T20:23:01+08:00][sql] SELECT * FROM `nianbao_enterprise_report` WHERE  `enterprise_code` = '911354489846884854'  AND `report_year` = '2022' LIMIT 1 [ RunTime:0.000185s ]
[2023-10-20T20:23:01+08:00][sql] CONNECT:[ UseTime:0.000244s ] mysql:host=127.0.0.1;port=3306;dbname=nianbao;charset=utf8
[2023-10-20T20:23:01+08:00][sql] SHOW FULL COLUMNS FROM `nianbao_member` [ RunTime:0.000514s ]
[2023-10-20T20:23:01+08:00][sql] SELECT * FROM `nianbao_member` WHERE  `mobile` = '13731247136' LIMIT 1 [ RunTime:0.000251s ]
[2023-10-20T20:23:01+08:00][sql] SHOW FULL COLUMNS FROM `nianbao_member_enterprise` [ RunTime:0.000344s ]
[2023-10-20T20:23:01+08:00][sql] SELECT * FROM `nianbao_member_enterprise` WHERE  `member_mobile` = '13731247136' ORDER BY `id` DESC [ RunTime:0.000183s ]
[2023-10-20T20:23:01+08:00][sql] SHOW FULL COLUMNS FROM `nianbao_enterprise` [ RunTime:0.000407s ]
[2023-10-20T20:23:01+08:00][sql] SELECT * FROM `nianbao_enterprise` WHERE  `id` = 1 LIMIT 1 [ RunTime:0.000196s ]
[2023-10-20T20:23:01+08:00][sql] SHOW FULL COLUMNS FROM `nianbao_enterprise_report` [ RunTime:0.000356s ]
[2023-10-20T20:23:01+08:00][sql] SELECT * FROM `nianbao_enterprise_report` WHERE  `enterprise_code` = '911354489846884854'  AND `report_year` = '2022' LIMIT 1 [ RunTime:0.000200s ]
[2023-10-20T20:23:02+08:00][sql] CONNECT:[ UseTime:0.000366s ] mysql:host=127.0.0.1;port=3306;dbname=nianbao;charset=utf8
[2023-10-20T20:23:02+08:00][sql] SHOW FULL COLUMNS FROM `nianbao_member` [ RunTime:0.000531s ]
[2023-10-20T20:23:02+08:00][sql] SELECT * FROM `nianbao_member` WHERE  `mobile` = '13731247136' LIMIT 1 [ RunTime:0.000277s ]
[2023-10-20T20:23:02+08:00][sql] SHOW FULL COLUMNS FROM `nianbao_member_enterprise` [ RunTime:0.000380s ]
[2023-10-20T20:23:02+08:00][sql] SELECT * FROM `nianbao_member_enterprise` WHERE  `id` = 1 LIMIT 1 [ RunTime:0.000206s ]
[2023-10-20T20:23:02+08:00][sql] SHOW FULL COLUMNS FROM `nianbao_enterprise` [ RunTime:0.000386s ]
[2023-10-20T20:23:02+08:00][sql] SELECT * FROM `nianbao_enterprise` WHERE  `id` = 1 LIMIT 1 [ RunTime:0.000202s ]
[2023-10-20T20:23:02+08:00][sql] SHOW FULL COLUMNS FROM `nianbao_enterprise_report` [ RunTime:0.000346s ]
[2023-10-20T20:23:02+08:00][sql] SELECT * FROM `nianbao_enterprise_report` WHERE  `enterprise_code` = '911354489846884854'  AND `report_year` = '2022' LIMIT 1 [ RunTime:0.000227s ]
[2023-10-20T20:23:02+08:00][sql] SHOW FULL COLUMNS FROM `nianbao_base_config` [ RunTime:0.000320s ]
[2023-10-20T20:23:02+08:00][sql] SELECT `data`,`name` FROM `nianbao_base_config` [ RunTime:0.000230s ]
[2023-10-20T20:25:34+08:00][sql] CONNECT:[ UseTime:0.000379s ] mysql:host=127.0.0.1;port=3306;dbname=nianbao;charset=utf8
[2023-10-20T20:25:34+08:00][sql] SHOW FULL COLUMNS FROM `nianbao_base_config` [ RunTime:0.000559s ]
[2023-10-20T20:25:34+08:00][sql] SELECT `data`,`name` FROM `nianbao_base_config` [ RunTime:0.000348s ]
[2023-10-20T20:25:34+08:00][sql] CONNECT:[ UseTime:0.000277s ] mysql:host=127.0.0.1;port=3306;dbname=nianbao;charset=utf8
[2023-10-20T20:25:34+08:00][sql] SHOW FULL COLUMNS FROM `nianbao_member` [ RunTime:0.000457s ]
[2023-10-20T20:25:34+08:00][sql] SELECT * FROM `nianbao_member` WHERE  `mobile` = '13731247136' LIMIT 1 [ RunTime:0.000262s ]
[2023-10-20T20:25:34+08:00][sql] SHOW FULL COLUMNS FROM `nianbao_member_enterprise` [ RunTime:0.000354s ]
[2023-10-20T20:25:34+08:00][sql] SELECT * FROM `nianbao_member_enterprise` WHERE  `member_mobile` = '13731247136' ORDER BY `id` DESC [ RunTime:0.000193s ]
[2023-10-20T20:25:34+08:00][sql] SHOW FULL COLUMNS FROM `nianbao_enterprise` [ RunTime:0.000374s ]
[2023-10-20T20:25:34+08:00][sql] SELECT * FROM `nianbao_enterprise` WHERE  `id` = 1 LIMIT 1 [ RunTime:0.000200s ]
[2023-10-20T20:25:34+08:00][sql] SHOW FULL COLUMNS FROM `nianbao_enterprise_report` [ RunTime:0.000343s ]
[2023-10-20T20:25:34+08:00][sql] SELECT * FROM `nianbao_enterprise_report` WHERE  `enterprise_code` = '911354489846884854'  AND `report_year` = '2022' LIMIT 1 [ RunTime:0.000192s ]
[2023-10-20T20:25:36+08:00][sql] CONNECT:[ UseTime:0.000387s ] mysql:host=127.0.0.1;port=3306;dbname=nianbao;charset=utf8
[2023-10-20T20:25:36+08:00][sql] SHOW FULL COLUMNS FROM `nianbao_member` [ RunTime:0.000522s ]
[2023-10-20T20:25:36+08:00][sql] SELECT * FROM `nianbao_member` WHERE  `mobile` = '13731247136' LIMIT 1 [ RunTime:0.000269s ]
[2023-10-20T20:25:36+08:00][sql] SHOW FULL COLUMNS FROM `nianbao_member_enterprise` [ RunTime:0.000337s ]
[2023-10-20T20:25:36+08:00][sql] SELECT * FROM `nianbao_member_enterprise` WHERE  `id` = 1 LIMIT 1 [ RunTime:0.000193s ]
[2023-10-20T20:25:36+08:00][sql] SHOW FULL COLUMNS FROM `nianbao_enterprise` [ RunTime:0.000321s ]
[2023-10-20T20:25:36+08:00][sql] SELECT * FROM `nianbao_enterprise` WHERE  `id` = 1 LIMIT 1 [ RunTime:0.000189s ]
[2023-10-20T20:25:36+08:00][sql] SHOW FULL COLUMNS FROM `nianbao_enterprise_report` [ RunTime:0.000305s ]
[2023-10-20T20:25:36+08:00][sql] SELECT * FROM `nianbao_enterprise_report` WHERE  `enterprise_code` = '911354489846884854'  AND `report_year` = '2022' LIMIT 1 [ RunTime:0.000193s ]
[2023-10-20T20:25:36+08:00][sql] SHOW FULL COLUMNS FROM `nianbao_base_config` [ RunTime:0.000334s ]
[2023-10-20T20:25:36+08:00][sql] SELECT `data`,`name` FROM `nianbao_base_config` [ RunTime:0.000228s ]
[2023-10-20T20:32:12+08:00][sql] CONNECT:[ UseTime:0.000359s ] mysql:host=127.0.0.1;port=3306;dbname=nianbao;charset=utf8
[2023-10-20T20:32:12+08:00][sql] SHOW FULL COLUMNS FROM `nianbao_base_config` [ RunTime:0.000555s ]
[2023-10-20T20:32:12+08:00][sql] SELECT `data`,`name` FROM `nianbao_base_config` [ RunTime:0.000276s ]
[2023-10-20T20:32:12+08:00][sql] CONNECT:[ UseTime:0.000286s ] mysql:host=127.0.0.1;port=3306;dbname=nianbao;charset=utf8
[2023-10-20T20:32:12+08:00][sql] SHOW FULL COLUMNS FROM `nianbao_member` [ RunTime:0.000606s ]
[2023-10-20T20:32:12+08:00][sql] SELECT * FROM `nianbao_member` WHERE  `mobile` = '13731247136' LIMIT 1 [ RunTime:0.000282s ]
[2023-10-20T20:32:12+08:00][sql] SHOW FULL COLUMNS FROM `nianbao_member_enterprise` [ RunTime:0.000454s ]
[2023-10-20T20:32:12+08:00][sql] SELECT * FROM `nianbao_member_enterprise` WHERE  `member_mobile` = '13731247136' ORDER BY `id` DESC [ RunTime:0.000202s ]
[2023-10-20T20:32:12+08:00][sql] SHOW FULL COLUMNS FROM `nianbao_enterprise` [ RunTime:0.000417s ]
[2023-10-20T20:32:12+08:00][sql] SELECT * FROM `nianbao_enterprise` WHERE  `id` = 1 LIMIT 1 [ RunTime:0.000199s ]
[2023-10-20T20:32:12+08:00][sql] SHOW FULL COLUMNS FROM `nianbao_enterprise_report` [ RunTime:0.000397s ]
[2023-10-20T20:32:12+08:00][sql] SELECT * FROM `nianbao_enterprise_report` WHERE  `enterprise_code` = '911354489846884854'  AND `report_year` = '2022' LIMIT 1 [ RunTime:0.000197s ]
[2023-10-20T20:32:14+08:00][sql] CONNECT:[ UseTime:0.000379s ] mysql:host=127.0.0.1;port=3306;dbname=nianbao;charset=utf8
[2023-10-20T20:32:14+08:00][sql] SHOW FULL COLUMNS FROM `nianbao_member` [ RunTime:0.000572s ]
[2023-10-20T20:32:14+08:00][sql] SELECT * FROM `nianbao_member` WHERE  `mobile` = '13731247136' LIMIT 1 [ RunTime:0.000278s ]
[2023-10-20T20:32:14+08:00][sql] SHOW FULL COLUMNS FROM `nianbao_member_enterprise` [ RunTime:0.000377s ]
[2023-10-20T20:32:14+08:00][sql] SELECT * FROM `nianbao_member_enterprise` WHERE  `id` = 1 LIMIT 1 [ RunTime:0.000192s ]
[2023-10-20T20:32:14+08:00][sql] SHOW FULL COLUMNS FROM `nianbao_enterprise` [ RunTime:0.000354s ]
[2023-10-20T20:32:14+08:00][sql] SELECT * FROM `nianbao_enterprise` WHERE  `id` = 1 LIMIT 1 [ RunTime:0.000185s ]
[2023-10-20T20:32:14+08:00][sql] SHOW FULL COLUMNS FROM `nianbao_enterprise_report` [ RunTime:0.000349s ]
[2023-10-20T20:32:14+08:00][sql] SELECT * FROM `nianbao_enterprise_report` WHERE  `enterprise_code` = '911354489846884854'  AND `report_year` = '2022' LIMIT 1 [ RunTime:0.000216s ]
[2023-10-20T20:32:14+08:00][sql] SHOW FULL COLUMNS FROM `nianbao_base_config` [ RunTime:0.000325s ]
[2023-10-20T20:32:14+08:00][sql] SELECT `data`,`name` FROM `nianbao_base_config` [ RunTime:0.000226s ]
[2023-10-20T20:33:43+08:00][sql] CONNECT:[ UseTime:0.000393s ] mysql:host=127.0.0.1;port=3306;dbname=nianbao;charset=utf8
[2023-10-20T20:33:43+08:00][sql] SHOW FULL COLUMNS FROM `nianbao_base_config` [ RunTime:0.000537s ]
[2023-10-20T20:33:43+08:00][sql] SELECT `data`,`name` FROM `nianbao_base_config` [ RunTime:0.000360s ]
[2023-10-20T20:33:43+08:00][sql] CONNECT:[ UseTime:0.000267s ] mysql:host=127.0.0.1;port=3306;dbname=nianbao;charset=utf8
[2023-10-20T20:33:43+08:00][sql] SHOW FULL COLUMNS FROM `nianbao_member` [ RunTime:0.000461s ]
[2023-10-20T20:33:43+08:00][sql] SELECT * FROM `nianbao_member` WHERE  `mobile` = '13731247136' LIMIT 1 [ RunTime:0.000245s ]
[2023-10-20T20:33:43+08:00][sql] SHOW FULL COLUMNS FROM `nianbao_member_enterprise` [ RunTime:0.000362s ]
[2023-10-20T20:33:43+08:00][sql] SELECT * FROM `nianbao_member_enterprise` WHERE  `member_mobile` = '13731247136' ORDER BY `id` DESC [ RunTime:0.000188s ]
[2023-10-20T20:33:43+08:00][sql] SHOW FULL COLUMNS FROM `nianbao_enterprise` [ RunTime:0.000349s ]
[2023-10-20T20:33:43+08:00][sql] SELECT * FROM `nianbao_enterprise` WHERE  `id` = 1 LIMIT 1 [ RunTime:0.000197s ]
[2023-10-20T20:33:43+08:00][sql] SHOW FULL COLUMNS FROM `nianbao_enterprise_report` [ RunTime:0.000348s ]
[2023-10-20T20:33:43+08:00][sql] SELECT * FROM `nianbao_enterprise_report` WHERE  `enterprise_code` = '911354489846884854'  AND `report_year` = '2022' LIMIT 1 [ RunTime:0.000196s ]
[2023-10-20T20:33:44+08:00][sql] CONNECT:[ UseTime:0.000369s ] mysql:host=127.0.0.1;port=3306;dbname=nianbao;charset=utf8
[2023-10-20T20:33:44+08:00][sql] SHOW FULL COLUMNS FROM `nianbao_member` [ RunTime:0.000557s ]
[2023-10-20T20:33:44+08:00][sql] SELECT * FROM `nianbao_member` WHERE  `mobile` = '13731247136' LIMIT 1 [ RunTime:0.000330s ]
[2023-10-20T20:33:44+08:00][sql] SHOW FULL COLUMNS FROM `nianbao_member_enterprise` [ RunTime:0.000410s ]
[2023-10-20T20:33:44+08:00][sql] SELECT * FROM `nianbao_member_enterprise` WHERE  `id` = 1 LIMIT 1 [ RunTime:0.000206s ]
[2023-10-20T20:33:44+08:00][sql] SHOW FULL COLUMNS FROM `nianbao_enterprise` [ RunTime:0.000353s ]
[2023-10-20T20:33:44+08:00][sql] SELECT * FROM `nianbao_enterprise` WHERE  `id` = 1 LIMIT 1 [ RunTime:0.000202s ]
[2023-10-20T20:33:44+08:00][sql] SHOW FULL COLUMNS FROM `nianbao_enterprise_report` [ RunTime:0.000373s ]
[2023-10-20T20:33:44+08:00][sql] SELECT * FROM `nianbao_enterprise_report` WHERE  `enterprise_code` = '911354489846884854'  AND `report_year` = '2022' LIMIT 1 [ RunTime:0.000209s ]
[2023-10-20T20:33:44+08:00][sql] SHOW FULL COLUMNS FROM `nianbao_base_config` [ RunTime:0.000323s ]
[2023-10-20T20:33:44+08:00][sql] SELECT `data`,`name` FROM `nianbao_base_config` [ RunTime:0.000242s ]
[2023-10-20T20:34:26+08:00][sql] CONNECT:[ UseTime:0.000399s ] mysql:host=127.0.0.1;port=3306;dbname=nianbao;charset=utf8
[2023-10-20T20:34:26+08:00][sql] SHOW FULL COLUMNS FROM `nianbao_base_config` [ RunTime:0.000496s ]
[2023-10-20T20:34:26+08:00][sql] SELECT `data`,`name` FROM `nianbao_base_config` [ RunTime:0.000270s ]
[2023-10-20T20:34:26+08:00][sql] CONNECT:[ UseTime:0.000399s ] mysql:host=127.0.0.1;port=3306;dbname=nianbao;charset=utf8
[2023-10-20T20:34:26+08:00][sql] SHOW FULL COLUMNS FROM `nianbao_member` [ RunTime:0.000596s ]
[2023-10-20T20:34:26+08:00][sql] SELECT * FROM `nianbao_member` WHERE  `mobile` = '13731247136' LIMIT 1 [ RunTime:0.000363s ]
[2023-10-20T20:34:26+08:00][sql] SHOW FULL COLUMNS FROM `nianbao_member_enterprise` [ RunTime:0.000438s ]
[2023-10-20T20:34:26+08:00][sql] SELECT * FROM `nianbao_member_enterprise` WHERE  `member_mobile` = '13731247136' ORDER BY `id` DESC [ RunTime:0.000248s ]
[2023-10-20T20:34:26+08:00][sql] SHOW FULL COLUMNS FROM `nianbao_enterprise` [ RunTime:0.000435s ]
[2023-10-20T20:34:26+08:00][sql] SELECT * FROM `nianbao_enterprise` WHERE  `id` = 1 LIMIT 1 [ RunTime:0.000262s ]
[2023-10-20T20:34:26+08:00][sql] SHOW FULL COLUMNS FROM `nianbao_enterprise_report` [ RunTime:0.000402s ]
[2023-10-20T20:34:26+08:00][sql] SELECT * FROM `nianbao_enterprise_report` WHERE  `enterprise_code` = '911354489846884854'  AND `report_year` = '2022' LIMIT 1 [ RunTime:0.000260s ]
[2023-10-20T20:34:29+08:00][sql] CONNECT:[ UseTime:0.000432s ] mysql:host=127.0.0.1;port=3306;dbname=nianbao;charset=utf8
[2023-10-20T20:34:29+08:00][sql] SHOW FULL COLUMNS FROM `nianbao_member` [ RunTime:0.000553s ]
[2023-10-20T20:34:29+08:00][sql] SELECT * FROM `nianbao_member` WHERE  `mobile` = '13731247136' LIMIT 1 [ RunTime:0.000319s ]
[2023-10-20T20:34:29+08:00][sql] SHOW FULL COLUMNS FROM `nianbao_member_enterprise` [ RunTime:0.000403s ]
[2023-10-20T20:34:29+08:00][sql] SELECT * FROM `nianbao_member_enterprise` WHERE  `id` = 1 LIMIT 1 [ RunTime:0.000197s ]
[2023-10-20T20:34:29+08:00][sql] SHOW FULL COLUMNS FROM `nianbao_enterprise` [ RunTime:0.000378s ]
[2023-10-20T20:34:29+08:00][sql] SELECT * FROM `nianbao_enterprise` WHERE  `id` = 1 LIMIT 1 [ RunTime:0.000195s ]
[2023-10-20T20:34:29+08:00][sql] SHOW FULL COLUMNS FROM `nianbao_enterprise_report` [ RunTime:0.000366s ]
[2023-10-20T20:34:29+08:00][sql] SELECT * FROM `nianbao_enterprise_report` WHERE  `enterprise_code` = '911354489846884854'  AND `report_year` = '2022' LIMIT 1 [ RunTime:0.000240s ]
[2023-10-20T20:34:29+08:00][sql] SHOW FULL COLUMNS FROM `nianbao_base_config` [ RunTime:0.000355s ]
[2023-10-20T20:34:29+08:00][sql] SELECT `data`,`name` FROM `nianbao_base_config` [ RunTime:0.000228s ]
[2023-10-20T20:34:49+08:00][sql] CONNECT:[ UseTime:0.000407s ] mysql:host=127.0.0.1;port=3306;dbname=nianbao;charset=utf8
[2023-10-20T20:34:49+08:00][sql] SHOW FULL COLUMNS FROM `nianbao_base_config` [ RunTime:0.000499s ]
[2023-10-20T20:34:49+08:00][sql] SELECT `data`,`name` FROM `nianbao_base_config` [ RunTime:0.000278s ]
[2023-10-20T20:34:49+08:00][sql] CONNECT:[ UseTime:0.000318s ] mysql:host=127.0.0.1;port=3306;dbname=nianbao;charset=utf8
[2023-10-20T20:34:49+08:00][sql] SHOW FULL COLUMNS FROM `nianbao_member` [ RunTime:0.000486s ]
[2023-10-20T20:34:49+08:00][sql] SELECT * FROM `nianbao_member` WHERE  `mobile` = '13731247136' LIMIT 1 [ RunTime:0.000265s ]
[2023-10-20T20:34:49+08:00][sql] SHOW FULL COLUMNS FROM `nianbao_member_enterprise` [ RunTime:0.000372s ]
[2023-10-20T20:34:49+08:00][sql] SELECT * FROM `nianbao_member_enterprise` WHERE  `member_mobile` = '13731247136' ORDER BY `id` DESC [ RunTime:0.000209s ]
[2023-10-20T20:34:49+08:00][sql] SHOW FULL COLUMNS FROM `nianbao_enterprise` [ RunTime:0.000374s ]
[2023-10-20T20:34:49+08:00][sql] SELECT * FROM `nianbao_enterprise` WHERE  `id` = 1 LIMIT 1 [ RunTime:0.000193s ]
[2023-10-20T20:34:49+08:00][sql] SHOW FULL COLUMNS FROM `nianbao_enterprise_report` [ RunTime:0.000353s ]
[2023-10-20T20:34:49+08:00][sql] SELECT * FROM `nianbao_enterprise_report` WHERE  `enterprise_code` = '911354489846884854'  AND `report_year` = '2022' LIMIT 1 [ RunTime:0.000197s ]
[2023-10-20T20:34:51+08:00][sql] CONNECT:[ UseTime:0.000389s ] mysql:host=127.0.0.1;port=3306;dbname=nianbao;charset=utf8
[2023-10-20T20:34:51+08:00][sql] SHOW FULL COLUMNS FROM `nianbao_member` [ RunTime:0.000529s ]
[2023-10-20T20:34:51+08:00][sql] SELECT * FROM `nianbao_member` WHERE  `mobile` = '13731247136' LIMIT 1 [ RunTime:0.000276s ]
[2023-10-20T20:34:51+08:00][sql] SHOW FULL COLUMNS FROM `nianbao_member_enterprise` [ RunTime:0.000345s ]
[2023-10-20T20:34:51+08:00][sql] SELECT * FROM `nianbao_member_enterprise` WHERE  `id` = 1 LIMIT 1 [ RunTime:0.000190s ]
[2023-10-20T20:34:51+08:00][sql] SHOW FULL COLUMNS FROM `nianbao_enterprise` [ RunTime:0.000392s ]
[2023-10-20T20:34:51+08:00][sql] SELECT * FROM `nianbao_enterprise` WHERE  `id` = 1 LIMIT 1 [ RunTime:0.000200s ]
[2023-10-20T20:34:51+08:00][sql] SHOW FULL COLUMNS FROM `nianbao_enterprise_report` [ RunTime:0.000342s ]
[2023-10-20T20:34:51+08:00][sql] SELECT * FROM `nianbao_enterprise_report` WHERE  `enterprise_code` = '911354489846884854'  AND `report_year` = '2022' LIMIT 1 [ RunTime:0.000190s ]
[2023-10-20T20:34:51+08:00][sql] SHOW FULL COLUMNS FROM `nianbao_base_config` [ RunTime:0.000315s ]
[2023-10-20T20:34:51+08:00][sql] SELECT `data`,`name` FROM `nianbao_base_config` [ RunTime:0.000225s ]
[2023-10-20T20:36:07+08:00][sql] CONNECT:[ UseTime:0.000381s ] mysql:host=127.0.0.1;port=3306;dbname=nianbao;charset=utf8
[2023-10-20T20:36:07+08:00][sql] SHOW FULL COLUMNS FROM `nianbao_base_config` [ RunTime:0.000498s ]
[2023-10-20T20:36:07+08:00][sql] SELECT `data`,`name` FROM `nianbao_base_config` [ RunTime:0.000254s ]
[2023-10-20T20:36:07+08:00][sql] CONNECT:[ UseTime:0.000294s ] mysql:host=127.0.0.1;port=3306;dbname=nianbao;charset=utf8
[2023-10-20T20:36:07+08:00][sql] SHOW FULL COLUMNS FROM `nianbao_member` [ RunTime:0.000476s ]
[2023-10-20T20:36:07+08:00][sql] SELECT * FROM `nianbao_member` WHERE  `mobile` = '13731247136' LIMIT 1 [ RunTime:0.000252s ]
[2023-10-20T20:36:07+08:00][sql] SHOW FULL COLUMNS FROM `nianbao_member_enterprise` [ RunTime:0.000356s ]
[2023-10-20T20:36:07+08:00][sql] SELECT * FROM `nianbao_member_enterprise` WHERE  `member_mobile` = '13731247136' ORDER BY `id` DESC [ RunTime:0.000190s ]
[2023-10-20T20:36:07+08:00][sql] SHOW FULL COLUMNS FROM `nianbao_enterprise` [ RunTime:0.000326s ]
[2023-10-20T20:36:07+08:00][sql] SELECT * FROM `nianbao_enterprise` WHERE  `id` = 1 LIMIT 1 [ RunTime:0.000188s ]
[2023-10-20T20:36:07+08:00][sql] SHOW FULL COLUMNS FROM `nianbao_enterprise_report` [ RunTime:0.000305s ]
[2023-10-20T20:36:07+08:00][sql] SELECT * FROM `nianbao_enterprise_report` WHERE  `enterprise_code` = '911354489846884854'  AND `report_year` = '2022' LIMIT 1 [ RunTime:0.000190s ]
[2023-10-20T20:36:08+08:00][sql] CONNECT:[ UseTime:0.000353s ] mysql:host=127.0.0.1;port=3306;dbname=nianbao;charset=utf8
[2023-10-20T20:36:08+08:00][sql] SHOW FULL COLUMNS FROM `nianbao_member` [ RunTime:0.000549s ]
[2023-10-20T20:36:08+08:00][sql] SELECT * FROM `nianbao_member` WHERE  `mobile` = '13731247136' LIMIT 1 [ RunTime:0.000254s ]
[2023-10-20T20:36:08+08:00][sql] SHOW FULL COLUMNS FROM `nianbao_member_enterprise` [ RunTime:0.000346s ]
[2023-10-20T20:36:08+08:00][sql] SELECT * FROM `nianbao_member_enterprise` WHERE  `id` = 1 LIMIT 1 [ RunTime:0.000192s ]
[2023-10-20T20:36:08+08:00][sql] SHOW FULL COLUMNS FROM `nianbao_enterprise` [ RunTime:0.000329s ]
[2023-10-20T20:36:08+08:00][sql] SELECT * FROM `nianbao_enterprise` WHERE  `id` = 1 LIMIT 1 [ RunTime:0.000183s ]
[2023-10-20T20:36:08+08:00][sql] SHOW FULL COLUMNS FROM `nianbao_enterprise_report` [ RunTime:0.000319s ]
[2023-10-20T20:36:08+08:00][sql] SELECT * FROM `nianbao_enterprise_report` WHERE  `enterprise_code` = '911354489846884854'  AND `report_year` = '2022' LIMIT 1 [ RunTime:0.000197s ]
[2023-10-20T20:36:08+08:00][sql] SHOW FULL COLUMNS FROM `nianbao_base_config` [ RunTime:0.000320s ]
[2023-10-20T20:36:08+08:00][sql] SELECT `data`,`name` FROM `nianbao_base_config` [ RunTime:0.000222s ]
[2023-10-20T20:38:04+08:00][sql] CONNECT:[ UseTime:0.000355s ] mysql:host=127.0.0.1;port=3306;dbname=nianbao;charset=utf8
[2023-10-20T20:38:04+08:00][sql] SHOW FULL COLUMNS FROM `nianbao_base_config` [ RunTime:0.000474s ]
[2023-10-20T20:38:04+08:00][sql] SELECT `data`,`name` FROM `nianbao_base_config` [ RunTime:0.000253s ]
[2023-10-20T20:38:04+08:00][sql] CONNECT:[ UseTime:0.000331s ] mysql:host=127.0.0.1;port=3306;dbname=nianbao;charset=utf8
[2023-10-20T20:38:04+08:00][sql] SHOW FULL COLUMNS FROM `nianbao_member` [ RunTime:0.000507s ]
[2023-10-20T20:38:04+08:00][sql] SELECT * FROM `nianbao_member` WHERE  `mobile` = '13731247136' LIMIT 1 [ RunTime:0.000258s ]
[2023-10-20T20:38:04+08:00][sql] SHOW FULL COLUMNS FROM `nianbao_member_enterprise` [ RunTime:0.000377s ]
[2023-10-20T20:38:04+08:00][sql] SELECT * FROM `nianbao_member_enterprise` WHERE  `member_mobile` = '13731247136' ORDER BY `id` DESC [ RunTime:0.000210s ]
[2023-10-20T20:38:04+08:00][sql] SHOW FULL COLUMNS FROM `nianbao_enterprise` [ RunTime:0.000359s ]
[2023-10-20T20:38:04+08:00][sql] SELECT * FROM `nianbao_enterprise` WHERE  `id` = 1 LIMIT 1 [ RunTime:0.000193s ]
[2023-10-20T20:38:04+08:00][sql] SHOW FULL COLUMNS FROM `nianbao_enterprise_report` [ RunTime:0.000344s ]
[2023-10-20T20:38:04+08:00][sql] SELECT * FROM `nianbao_enterprise_report` WHERE  `enterprise_code` = '911354489846884854'  AND `report_year` = '2022' LIMIT 1 [ RunTime:0.000198s ]
[2023-10-20T20:38:06+08:00][sql] CONNECT:[ UseTime:0.000389s ] mysql:host=127.0.0.1;port=3306;dbname=nianbao;charset=utf8
[2023-10-20T20:38:06+08:00][sql] SHOW FULL COLUMNS FROM `nianbao_member` [ RunTime:0.000559s ]
[2023-10-20T20:38:06+08:00][sql] SELECT * FROM `nianbao_member` WHERE  `mobile` = '13731247136' LIMIT 1 [ RunTime:0.000273s ]
[2023-10-20T20:38:06+08:00][sql] SHOW FULL COLUMNS FROM `nianbao_member_enterprise` [ RunTime:0.000376s ]
[2023-10-20T20:38:06+08:00][sql] SELECT * FROM `nianbao_member_enterprise` WHERE  `id` = 1 LIMIT 1 [ RunTime:0.000193s ]
[2023-10-20T20:38:06+08:00][sql] SHOW FULL COLUMNS FROM `nianbao_enterprise` [ RunTime:0.000359s ]
[2023-10-20T20:38:06+08:00][sql] SELECT * FROM `nianbao_enterprise` WHERE  `id` = 1 LIMIT 1 [ RunTime:0.000179s ]
[2023-10-20T20:38:06+08:00][sql] SHOW FULL COLUMNS FROM `nianbao_enterprise_report` [ RunTime:0.000340s ]
[2023-10-20T20:38:06+08:00][sql] SELECT * FROM `nianbao_enterprise_report` WHERE  `enterprise_code` = '911354489846884854'  AND `report_year` = '2022' LIMIT 1 [ RunTime:0.000192s ]
[2023-10-20T20:38:06+08:00][sql] SHOW FULL COLUMNS FROM `nianbao_base_config` [ RunTime:0.000304s ]
[2023-10-20T20:38:06+08:00][sql] SELECT `data`,`name` FROM `nianbao_base_config` [ RunTime:0.000223s ]
[2023-10-20T20:38:28+08:00][sql] CONNECT:[ UseTime:0.000421s ] mysql:host=127.0.0.1;port=3306;dbname=nianbao;charset=utf8
[2023-10-20T20:38:28+08:00][sql] SHOW FULL COLUMNS FROM `nianbao_base_config` [ RunTime:0.000678s ]
[2023-10-20T20:38:28+08:00][sql] SELECT `data`,`name` FROM `nianbao_base_config` [ RunTime:0.000369s ]
[2023-10-20T20:38:28+08:00][sql] CONNECT:[ UseTime:0.000330s ] mysql:host=127.0.0.1;port=3306;dbname=nianbao;charset=utf8
[2023-10-20T20:38:28+08:00][sql] SHOW FULL COLUMNS FROM `nianbao_member` [ RunTime:0.000471s ]
[2023-10-20T20:38:28+08:00][sql] SELECT * FROM `nianbao_member` WHERE  `mobile` = '13731247136' LIMIT 1 [ RunTime:0.000282s ]
[2023-10-20T20:38:28+08:00][sql] SHOW FULL COLUMNS FROM `nianbao_member_enterprise` [ RunTime:0.000388s ]
[2023-10-20T20:38:28+08:00][sql] SELECT * FROM `nianbao_member_enterprise` WHERE  `member_mobile` = '13731247136' ORDER BY `id` DESC [ RunTime:0.000196s ]
[2023-10-20T20:38:28+08:00][sql] SHOW FULL COLUMNS FROM `nianbao_enterprise` [ RunTime:0.000357s ]
[2023-10-20T20:38:28+08:00][sql] SELECT * FROM `nianbao_enterprise` WHERE  `id` = 1 LIMIT 1 [ RunTime:0.000192s ]
[2023-10-20T20:38:28+08:00][sql] SHOW FULL COLUMNS FROM `nianbao_enterprise_report` [ RunTime:0.000345s ]
[2023-10-20T20:38:28+08:00][sql] SELECT * FROM `nianbao_enterprise_report` WHERE  `enterprise_code` = '911354489846884854'  AND `report_year` = '2022' LIMIT 1 [ RunTime:0.000207s ]
[2023-10-20T20:38:50+08:00][sql] CONNECT:[ UseTime:0.000347s ] mysql:host=127.0.0.1;port=3306;dbname=nianbao;charset=utf8
[2023-10-20T20:38:50+08:00][sql] SHOW FULL COLUMNS FROM `nianbao_base_config` [ RunTime:0.000478s ]
[2023-10-20T20:38:50+08:00][sql] SELECT `data`,`name` FROM `nianbao_base_config` [ RunTime:0.000255s ]
[2023-10-20T20:38:50+08:00][sql] CONNECT:[ UseTime:0.000288s ] mysql:host=127.0.0.1;port=3306;dbname=nianbao;charset=utf8
[2023-10-20T20:38:50+08:00][sql] SHOW FULL COLUMNS FROM `nianbao_member` [ RunTime:0.000493s ]
[2023-10-20T20:38:50+08:00][sql] SELECT * FROM `nianbao_member` WHERE  `mobile` = '13731247136' LIMIT 1 [ RunTime:0.000278s ]
[2023-10-20T20:38:50+08:00][sql] SHOW FULL COLUMNS FROM `nianbao_member_enterprise` [ RunTime:0.000369s ]
[2023-10-20T20:38:50+08:00][sql] SELECT * FROM `nianbao_member_enterprise` WHERE  `member_mobile` = '13731247136' ORDER BY `id` DESC [ RunTime:0.000202s ]
[2023-10-20T20:38:50+08:00][sql] SHOW FULL COLUMNS FROM `nianbao_enterprise` [ RunTime:0.000356s ]
[2023-10-20T20:38:50+08:00][sql] SELECT * FROM `nianbao_enterprise` WHERE  `id` = 1 LIMIT 1 [ RunTime:0.000200s ]
[2023-10-20T20:38:50+08:00][sql] SHOW FULL COLUMNS FROM `nianbao_enterprise_report` [ RunTime:0.000351s ]
[2023-10-20T20:38:50+08:00][sql] SELECT * FROM `nianbao_enterprise_report` WHERE  `enterprise_code` = '911354489846884854'  AND `report_year` = '2022' LIMIT 1 [ RunTime:0.000200s ]
[2023-10-20T20:38:52+08:00][sql] CONNECT:[ UseTime:0.000373s ] mysql:host=127.0.0.1;port=3306;dbname=nianbao;charset=utf8
[2023-10-20T20:38:52+08:00][sql] SHOW FULL COLUMNS FROM `nianbao_member` [ RunTime:0.000499s ]
[2023-10-20T20:38:52+08:00][sql] SELECT * FROM `nianbao_member` WHERE  `mobile` = '13731247136' LIMIT 1 [ RunTime:0.000263s ]
[2023-10-20T20:38:52+08:00][sql] SHOW FULL COLUMNS FROM `nianbao_member_enterprise` [ RunTime:0.000348s ]
[2023-10-20T20:38:52+08:00][sql] SELECT * FROM `nianbao_member_enterprise` WHERE  `id` = 1 LIMIT 1 [ RunTime:0.000184s ]
[2023-10-20T20:38:52+08:00][sql] SHOW FULL COLUMNS FROM `nianbao_enterprise` [ RunTime:0.000333s ]
[2023-10-20T20:38:52+08:00][sql] SELECT * FROM `nianbao_enterprise` WHERE  `id` = 1 LIMIT 1 [ RunTime:0.000178s ]
[2023-10-20T20:38:52+08:00][sql] SHOW FULL COLUMNS FROM `nianbao_enterprise_report` [ RunTime:0.000313s ]
[2023-10-20T20:38:52+08:00][sql] SELECT * FROM `nianbao_enterprise_report` WHERE  `enterprise_code` = '911354489846884854'  AND `report_year` = '2022' LIMIT 1 [ RunTime:0.000185s ]
[2023-10-20T20:38:52+08:00][sql] SHOW FULL COLUMNS FROM `nianbao_base_config` [ RunTime:0.000282s ]
[2023-10-20T20:38:52+08:00][sql] SELECT `data`,`name` FROM `nianbao_base_config` [ RunTime:0.000215s ]
[2023-10-20T20:39:21+08:00][sql] CONNECT:[ UseTime:0.000387s ] mysql:host=127.0.0.1;port=3306;dbname=nianbao;charset=utf8
[2023-10-20T20:39:21+08:00][sql] SHOW FULL COLUMNS FROM `nianbao_base_config` [ RunTime:0.000491s ]
[2023-10-20T20:39:21+08:00][sql] SELECT `data`,`name` FROM `nianbao_base_config` [ RunTime:0.000280s ]
[2023-10-20T20:39:21+08:00][sql] CONNECT:[ UseTime:0.000363s ] mysql:host=127.0.0.1;port=3306;dbname=nianbao;charset=utf8
[2023-10-20T20:39:21+08:00][sql] SHOW FULL COLUMNS FROM `nianbao_member` [ RunTime:0.000478s ]
[2023-10-20T20:39:21+08:00][sql] SELECT * FROM `nianbao_member` WHERE  `mobile` = '13731247136' LIMIT 1 [ RunTime:0.000267s ]
[2023-10-20T20:39:21+08:00][sql] SHOW FULL COLUMNS FROM `nianbao_member_enterprise` [ RunTime:0.000385s ]
[2023-10-20T20:39:21+08:00][sql] SELECT * FROM `nianbao_member_enterprise` WHERE  `member_mobile` = '13731247136' ORDER BY `id` DESC [ RunTime:0.000193s ]
[2023-10-20T20:39:21+08:00][sql] SHOW FULL COLUMNS FROM `nianbao_enterprise` [ RunTime:0.000340s ]
[2023-10-20T20:39:21+08:00][sql] SELECT * FROM `nianbao_enterprise` WHERE  `id` = 1 LIMIT 1 [ RunTime:0.000188s ]
[2023-10-20T20:39:21+08:00][sql] SHOW FULL COLUMNS FROM `nianbao_enterprise_report` [ RunTime:0.000340s ]
[2023-10-20T20:39:21+08:00][sql] SELECT * FROM `nianbao_enterprise_report` WHERE  `enterprise_code` = '911354489846884854'  AND `report_year` = '2022' LIMIT 1 [ RunTime:0.000191s ]
[2023-10-20T20:39:23+08:00][sql] CONNECT:[ UseTime:0.000379s ] mysql:host=127.0.0.1;port=3306;dbname=nianbao;charset=utf8
[2023-10-20T20:39:23+08:00][sql] SHOW FULL COLUMNS FROM `nianbao_member` [ RunTime:0.000529s ]
[2023-10-20T20:39:23+08:00][sql] SELECT * FROM `nianbao_member` WHERE  `mobile` = '13731247136' LIMIT 1 [ RunTime:0.000285s ]
[2023-10-20T20:39:23+08:00][sql] SHOW FULL COLUMNS FROM `nianbao_member_enterprise` [ RunTime:0.000375s ]
[2023-10-20T20:39:23+08:00][sql] SELECT * FROM `nianbao_member_enterprise` WHERE  `id` = 1 LIMIT 1 [ RunTime:0.000203s ]
[2023-10-20T20:39:23+08:00][sql] SHOW FULL COLUMNS FROM `nianbao_enterprise` [ RunTime:0.000351s ]
[2023-10-20T20:39:23+08:00][sql] SELECT * FROM `nianbao_enterprise` WHERE  `id` = 1 LIMIT 1 [ RunTime:0.000179s ]
[2023-10-20T20:39:23+08:00][sql] SHOW FULL COLUMNS FROM `nianbao_enterprise_report` [ RunTime:0.000329s ]
[2023-10-20T20:39:23+08:00][sql] SELECT * FROM `nianbao_enterprise_report` WHERE  `enterprise_code` = '911354489846884854'  AND `report_year` = '2022' LIMIT 1 [ RunTime:0.000188s ]
[2023-10-20T20:39:23+08:00][sql] SHOW FULL COLUMNS FROM `nianbao_base_config` [ RunTime:0.000286s ]
[2023-10-20T20:39:23+08:00][sql] SELECT `data`,`name` FROM `nianbao_base_config` [ RunTime:0.000230s ]
[2023-10-20T20:39:49+08:00][sql] CONNECT:[ UseTime:0.000348s ] mysql:host=127.0.0.1;port=3306;dbname=nianbao;charset=utf8
[2023-10-20T20:39:49+08:00][sql] SHOW FULL COLUMNS FROM `nianbao_base_config` [ RunTime:0.000455s ]
[2023-10-20T20:39:49+08:00][sql] SELECT `data`,`name` FROM `nianbao_base_config` [ RunTime:0.000253s ]
[2023-10-20T20:39:49+08:00][sql] CONNECT:[ UseTime:0.000316s ] mysql:host=127.0.0.1;port=3306;dbname=nianbao;charset=utf8
[2023-10-20T20:39:49+08:00][sql] SHOW FULL COLUMNS FROM `nianbao_member` [ RunTime:0.000463s ]
[2023-10-20T20:39:49+08:00][sql] SELECT * FROM `nianbao_member` WHERE  `mobile` = '13731247136' LIMIT 1 [ RunTime:0.000263s ]
[2023-10-20T20:39:49+08:00][sql] SHOW FULL COLUMNS FROM `nianbao_member_enterprise` [ RunTime:0.000347s ]
[2023-10-20T20:39:49+08:00][sql] SELECT * FROM `nianbao_member_enterprise` WHERE  `member_mobile` = '13731247136' ORDER BY `id` DESC [ RunTime:0.000203s ]
[2023-10-20T20:39:49+08:00][sql] SHOW FULL COLUMNS FROM `nianbao_enterprise` [ RunTime:0.000359s ]
[2023-10-20T20:39:49+08:00][sql] SELECT * FROM `nianbao_enterprise` WHERE  `id` = 1 LIMIT 1 [ RunTime:0.000200s ]
[2023-10-20T20:39:49+08:00][sql] SHOW FULL COLUMNS FROM `nianbao_enterprise_report` [ RunTime:0.000324s ]
[2023-10-20T20:39:49+08:00][sql] SELECT * FROM `nianbao_enterprise_report` WHERE  `enterprise_code` = '911354489846884854'  AND `report_year` = '2022' LIMIT 1 [ RunTime:0.000206s ]
[2023-10-20T20:39:51+08:00][sql] CONNECT:[ UseTime:0.000387s ] mysql:host=127.0.0.1;port=3306;dbname=nianbao;charset=utf8
[2023-10-20T20:39:51+08:00][sql] SHOW FULL COLUMNS FROM `nianbao_member` [ RunTime:0.000528s ]
[2023-10-20T20:39:51+08:00][sql] SELECT * FROM `nianbao_member` WHERE  `mobile` = '13731247136' LIMIT 1 [ RunTime:0.000285s ]
[2023-10-20T20:39:51+08:00][sql] SHOW FULL COLUMNS FROM `nianbao_member_enterprise` [ RunTime:0.000379s ]
[2023-10-20T20:39:51+08:00][sql] SELECT * FROM `nianbao_member_enterprise` WHERE  `id` = 1 LIMIT 1 [ RunTime:0.000193s ]
[2023-10-20T20:39:51+08:00][sql] SHOW FULL COLUMNS FROM `nianbao_enterprise` [ RunTime:0.000362s ]
[2023-10-20T20:39:51+08:00][sql] SELECT * FROM `nianbao_enterprise` WHERE  `id` = 1 LIMIT 1 [ RunTime:0.000188s ]
[2023-10-20T20:39:51+08:00][sql] SHOW FULL COLUMNS FROM `nianbao_enterprise_report` [ RunTime:0.000340s ]
[2023-10-20T20:39:51+08:00][sql] SELECT * FROM `nianbao_enterprise_report` WHERE  `enterprise_code` = '911354489846884854'  AND `report_year` = '2022' LIMIT 1 [ RunTime:0.000194s ]
[2023-10-20T20:39:51+08:00][sql] SHOW FULL COLUMNS FROM `nianbao_base_config` [ RunTime:0.000307s ]
[2023-10-20T20:39:51+08:00][sql] SELECT `data`,`name` FROM `nianbao_base_config` [ RunTime:0.000221s ]
[2023-10-20T20:40:13+08:00][sql] CONNECT:[ UseTime:0.000411s ] mysql:host=127.0.0.1;port=3306;dbname=nianbao;charset=utf8
[2023-10-20T20:40:13+08:00][sql] SHOW FULL COLUMNS FROM `nianbao_base_config` [ RunTime:0.000489s ]
[2023-10-20T20:40:13+08:00][sql] SELECT `data`,`name` FROM `nianbao_base_config` [ RunTime:0.000306s ]
[2023-10-20T20:40:13+08:00][sql] CONNECT:[ UseTime:0.000306s ] mysql:host=127.0.0.1;port=3306;dbname=nianbao;charset=utf8
[2023-10-20T20:40:13+08:00][sql] SHOW FULL COLUMNS FROM `nianbao_member` [ RunTime:0.000479s ]
[2023-10-20T20:40:13+08:00][sql] SELECT * FROM `nianbao_member` WHERE  `mobile` = '13731247136' LIMIT 1 [ RunTime:0.000318s ]
[2023-10-20T20:40:13+08:00][sql] SHOW FULL COLUMNS FROM `nianbao_member_enterprise` [ RunTime:0.000419s ]
[2023-10-20T20:40:13+08:00][sql] SELECT * FROM `nianbao_member_enterprise` WHERE  `member_mobile` = '13731247136' ORDER BY `id` DESC [ RunTime:0.000243s ]
[2023-10-20T20:40:13+08:00][sql] SHOW FULL COLUMNS FROM `nianbao_enterprise` [ RunTime:0.000411s ]
[2023-10-20T20:40:13+08:00][sql] SELECT * FROM `nianbao_enterprise` WHERE  `id` = 1 LIMIT 1 [ RunTime:0.000243s ]
[2023-10-20T20:40:13+08:00][sql] SHOW FULL COLUMNS FROM `nianbao_enterprise_report` [ RunTime:0.000381s ]
[2023-10-20T20:40:13+08:00][sql] SELECT * FROM `nianbao_enterprise_report` WHERE  `enterprise_code` = '911354489846884854'  AND `report_year` = '2022' LIMIT 1 [ RunTime:0.000257s ]
[2023-10-20T20:40:18+08:00][sql] CONNECT:[ UseTime:0.000407s ] mysql:host=127.0.0.1;port=3306;dbname=nianbao;charset=utf8
[2023-10-20T20:40:18+08:00][sql] SHOW FULL COLUMNS FROM `nianbao_member` [ RunTime:0.000535s ]
[2023-10-20T20:40:18+08:00][sql] SELECT * FROM `nianbao_member` WHERE  `mobile` = '13731247136' LIMIT 1 [ RunTime:0.000281s ]
[2023-10-20T20:40:18+08:00][sql] SHOW FULL COLUMNS FROM `nianbao_member_enterprise` [ RunTime:0.000401s ]
[2023-10-20T20:40:18+08:00][sql] SELECT * FROM `nianbao_member_enterprise` WHERE  `id` = 1 LIMIT 1 [ RunTime:0.000193s ]
[2023-10-20T20:40:18+08:00][sql] SHOW FULL COLUMNS FROM `nianbao_enterprise` [ RunTime:0.000364s ]
[2023-10-20T20:40:18+08:00][sql] SELECT * FROM `nianbao_enterprise` WHERE  `id` = 1 LIMIT 1 [ RunTime:0.000195s ]
[2023-10-20T20:40:18+08:00][sql] SHOW FULL COLUMNS FROM `nianbao_enterprise_report` [ RunTime:0.000360s ]
[2023-10-20T20:40:18+08:00][sql] SELECT * FROM `nianbao_enterprise_report` WHERE  `enterprise_code` = '911354489846884854'  AND `report_year` = '2022' LIMIT 1 [ RunTime:0.000200s ]
[2023-10-20T20:40:18+08:00][sql] SHOW FULL COLUMNS FROM `nianbao_base_config` [ RunTime:0.000327s ]
[2023-10-20T20:40:18+08:00][sql] SELECT `data`,`name` FROM `nianbao_base_config` [ RunTime:0.000228s ]
[2023-10-20T20:40:50+08:00][sql] CONNECT:[ UseTime:0.000357s ] mysql:host=127.0.0.1;port=3306;dbname=nianbao;charset=utf8
[2023-10-20T20:40:50+08:00][sql] SHOW FULL COLUMNS FROM `nianbao_base_config` [ RunTime:0.000460s ]
[2023-10-20T20:40:50+08:00][sql] SELECT `data`,`name` FROM `nianbao_base_config` [ RunTime:0.000255s ]
[2023-10-20T20:40:50+08:00][sql] CONNECT:[ UseTime:0.000362s ] mysql:host=127.0.0.1;port=3306;dbname=nianbao;charset=utf8
[2023-10-20T20:40:50+08:00][sql] SHOW FULL COLUMNS FROM `nianbao_base_config` [ RunTime:0.000509s ]
[2023-10-20T20:40:50+08:00][sql] SELECT `data`,`name` FROM `nianbao_base_config` [ RunTime:0.000258s ]
[2023-10-20T20:40:50+08:00][sql] SHOW FULL COLUMNS FROM `nianbao_member` [ RunTime:0.000651s ]
[2023-10-20T20:40:50+08:00][sql] SELECT * FROM `nianbao_member` WHERE  `openid` = 'o3XKG60TqVRf6mZ93jx2tHSvdL_Q' LIMIT 1 [ RunTime:0.000313s ]
[2023-10-20T20:40:58+08:00][sql] CONNECT:[ UseTime:0.000364s ] mysql:host=127.0.0.1;port=3306;dbname=nianbao;charset=utf8
[2023-10-20T20:40:58+08:00][sql] SHOW FULL COLUMNS FROM `nianbao_member` [ RunTime:0.000534s ]
[2023-10-20T20:40:58+08:00][sql] SELECT * FROM `nianbao_member` WHERE  `id` = 1 LIMIT 1 [ RunTime:0.000265s ]
[2023-10-20T20:40:58+08:00][sql] SHOW FULL COLUMNS FROM `nianbao_base_config` [ RunTime:0.000355s ]
[2023-10-20T20:40:58+08:00][sql] SELECT `data`,`name` FROM `nianbao_base_config` [ RunTime:0.000230s ]
[2023-10-20T20:40:58+08:00][sql] SELECT * FROM `nianbao_member` WHERE  `id` = 1 LIMIT 1 [ RunTime:0.000421s ]
[2023-10-20T20:40:58+08:00][sql] CONNECT:[ UseTime:0.000354s ] mysql:host=127.0.0.1;port=3306;dbname=nianbao;charset=utf8
[2023-10-20T20:40:58+08:00][sql] SHOW FULL COLUMNS FROM `nianbao_base_config` [ RunTime:0.000498s ]
[2023-10-20T20:40:58+08:00][sql] SELECT `data`,`name` FROM `nianbao_base_config` [ RunTime:0.000281s ]
[2023-10-20T20:40:58+08:00][sql] CONNECT:[ UseTime:0.000348s ] mysql:host=127.0.0.1;port=3306;dbname=nianbao;charset=utf8
[2023-10-20T20:40:58+08:00][sql] SHOW FULL COLUMNS FROM `nianbao_member` [ RunTime:0.000508s ]
[2023-10-20T20:40:58+08:00][sql] SELECT * FROM `nianbao_member` WHERE  `mobile` = '13731247136' LIMIT 1 [ RunTime:0.000258s ]
[2023-10-20T20:40:58+08:00][sql] SHOW FULL COLUMNS FROM `nianbao_member_enterprise` [ RunTime:0.000375s ]
[2023-10-20T20:40:58+08:00][sql] SELECT * FROM `nianbao_member_enterprise` WHERE  `member_mobile` = '13731247136' ORDER BY `id` DESC LIMIT 1 [ RunTime:0.000195s ]
[2023-10-20T20:40:58+08:00][sql] SHOW FULL COLUMNS FROM `nianbao_enterprise` [ RunTime:0.000361s ]
[2023-10-20T20:40:58+08:00][sql] SELECT * FROM `nianbao_enterprise` WHERE  `id` = 1 LIMIT 1 [ RunTime:0.000192s ]
[2023-10-20T20:40:58+08:00][sql] SHOW FULL COLUMNS FROM `nianbao_enterprise_report` [ RunTime:0.000381s ]
[2023-10-20T20:40:58+08:00][sql] SELECT * FROM `nianbao_enterprise_report` WHERE  `enterprise_code` = '911354489846884854'  AND `report_year` = '2022' LIMIT 1 [ RunTime:0.000200s ]
[2023-10-20T20:40:58+08:00][sql] CONNECT:[ UseTime:0.000274s ] mysql:host=127.0.0.1;port=3306;dbname=nianbao;charset=utf8
[2023-10-20T20:40:58+08:00][sql] SHOW FULL COLUMNS FROM `nianbao_member` [ RunTime:0.000430s ]
[2023-10-20T20:40:58+08:00][sql] SELECT * FROM `nianbao_member` WHERE  `mobile` = '13731247136' LIMIT 1 [ RunTime:0.000261s ]
[2023-10-20T20:40:58+08:00][sql] SHOW FULL COLUMNS FROM `nianbao_member_enterprise` [ RunTime:0.000356s ]
[2023-10-20T20:40:58+08:00][sql] SELECT * FROM `nianbao_member_enterprise` WHERE  `member_mobile` = '13731247136' ORDER BY `id` DESC [ RunTime:0.000201s ]
[2023-10-20T20:40:58+08:00][sql] SHOW FULL COLUMNS FROM `nianbao_enterprise` [ RunTime:0.000383s ]
[2023-10-20T20:40:58+08:00][sql] SELECT * FROM `nianbao_enterprise` WHERE  `id` = 1 LIMIT 1 [ RunTime:0.000182s ]
[2023-10-20T20:40:58+08:00][sql] SHOW FULL COLUMNS FROM `nianbao_enterprise_report` [ RunTime:0.000353s ]
[2023-10-20T20:40:58+08:00][sql] SELECT * FROM `nianbao_enterprise_report` WHERE  `enterprise_code` = '911354489846884854'  AND `report_year` = '2022' LIMIT 1 [ RunTime:0.000205s ]
[2023-10-20T20:41:00+08:00][sql] CONNECT:[ UseTime:0.000362s ] mysql:host=127.0.0.1;port=3306;dbname=nianbao;charset=utf8
[2023-10-20T20:41:00+08:00][sql] SHOW FULL COLUMNS FROM `nianbao_member` [ RunTime:0.000524s ]
[2023-10-20T20:41:00+08:00][sql] SELECT * FROM `nianbao_member` WHERE  `mobile` = '13731247136' LIMIT 1 [ RunTime:0.000285s ]
[2023-10-20T20:41:00+08:00][sql] SHOW FULL COLUMNS FROM `nianbao_member_enterprise` [ RunTime:0.000367s ]
[2023-10-20T20:41:00+08:00][sql] SELECT * FROM `nianbao_member_enterprise` WHERE  `id` = 1 LIMIT 1 [ RunTime:0.000196s ]
[2023-10-20T20:41:00+08:00][sql] SHOW FULL COLUMNS FROM `nianbao_enterprise` [ RunTime:0.000340s ]
[2023-10-20T20:41:00+08:00][sql] SELECT * FROM `nianbao_enterprise` WHERE  `id` = 1 LIMIT 1 [ RunTime:0.000188s ]
[2023-10-20T20:41:00+08:00][sql] SHOW FULL COLUMNS FROM `nianbao_enterprise_report` [ RunTime:0.000314s ]
[2023-10-20T20:41:00+08:00][sql] SELECT * FROM `nianbao_enterprise_report` WHERE  `enterprise_code` = '911354489846884854'  AND `report_year` = '2022' LIMIT 1 [ RunTime:0.000200s ]
[2023-10-20T20:41:00+08:00][sql] SHOW FULL COLUMNS FROM `nianbao_base_config` [ RunTime:0.000288s ]
[2023-10-20T20:41:00+08:00][sql] SELECT `data`,`name` FROM `nianbao_base_config` [ RunTime:0.000246s ]
[2023-10-20T20:41:46+08:00][sql] CONNECT:[ UseTime:0.000444s ] mysql:host=127.0.0.1;port=3306;dbname=nianbao;charset=utf8
[2023-10-20T20:41:46+08:00][sql] SHOW FULL COLUMNS FROM `nianbao_base_config` [ RunTime:0.000500s ]
[2023-10-20T20:41:46+08:00][sql] SELECT `data`,`name` FROM `nianbao_base_config` [ RunTime:0.000276s ]
[2023-10-20T20:41:46+08:00][sql] CONNECT:[ UseTime:0.000286s ] mysql:host=127.0.0.1;port=3306;dbname=nianbao;charset=utf8
[2023-10-20T20:41:46+08:00][sql] SHOW FULL COLUMNS FROM `nianbao_member` [ RunTime:0.000599s ]
[2023-10-20T20:41:46+08:00][sql] SELECT * FROM `nianbao_member` WHERE  `mobile` = '13731247136' LIMIT 1 [ RunTime:0.000252s ]
[2023-10-20T20:41:46+08:00][sql] SHOW FULL COLUMNS FROM `nianbao_member_enterprise` [ RunTime:0.000353s ]
[2023-10-20T20:41:46+08:00][sql] SELECT * FROM `nianbao_member_enterprise` WHERE  `member_mobile` = '13731247136' ORDER BY `id` DESC [ RunTime:0.000186s ]
[2023-10-20T20:41:46+08:00][sql] SHOW FULL COLUMNS FROM `nianbao_enterprise` [ RunTime:0.000347s ]
[2023-10-20T20:41:46+08:00][sql] SELECT * FROM `nianbao_enterprise` WHERE  `id` = 1 LIMIT 1 [ RunTime:0.000202s ]
[2023-10-20T20:41:46+08:00][sql] SHOW FULL COLUMNS FROM `nianbao_enterprise_report` [ RunTime:0.000333s ]
[2023-10-20T20:41:46+08:00][sql] SELECT * FROM `nianbao_enterprise_report` WHERE  `enterprise_code` = '911354489846884854'  AND `report_year` = '2022' LIMIT 1 [ RunTime:0.000190s ]
[2023-10-20T20:41:48+08:00][sql] CONNECT:[ UseTime:0.000385s ] mysql:host=127.0.0.1;port=3306;dbname=nianbao;charset=utf8
[2023-10-20T20:41:48+08:00][sql] SHOW FULL COLUMNS FROM `nianbao_member` [ RunTime:0.000573s ]
[2023-10-20T20:41:48+08:00][sql] SELECT * FROM `nianbao_member` WHERE  `mobile` = '13731247136' LIMIT 1 [ RunTime:0.000273s ]
[2023-10-20T20:41:48+08:00][sql] SHOW FULL COLUMNS FROM `nianbao_member_enterprise` [ RunTime:0.000375s ]
[2023-10-20T20:41:48+08:00][sql] SELECT * FROM `nianbao_member_enterprise` WHERE  `id` = 1 LIMIT 1 [ RunTime:0.000216s ]
[2023-10-20T20:41:48+08:00][sql] SHOW FULL COLUMNS FROM `nianbao_enterprise` [ RunTime:0.000334s ]
[2023-10-20T20:41:48+08:00][sql] SELECT * FROM `nianbao_enterprise` WHERE  `id` = 1 LIMIT 1 [ RunTime:0.000191s ]
[2023-10-20T20:41:48+08:00][sql] SHOW FULL COLUMNS FROM `nianbao_enterprise_report` [ RunTime:0.000314s ]
[2023-10-20T20:41:48+08:00][sql] SELECT * FROM `nianbao_enterprise_report` WHERE  `enterprise_code` = '911354489846884854'  AND `report_year` = '2022' LIMIT 1 [ RunTime:0.000199s ]
[2023-10-20T20:41:48+08:00][sql] SHOW FULL COLUMNS FROM `nianbao_base_config` [ RunTime:0.000281s ]
[2023-10-20T20:41:48+08:00][sql] SELECT `data`,`name` FROM `nianbao_base_config` [ RunTime:0.000215s ]
[2023-10-20T20:41:57+08:00][sql] CONNECT:[ UseTime:0.000347s ] mysql:host=127.0.0.1;port=3306;dbname=nianbao;charset=utf8
[2023-10-20T20:41:57+08:00][sql] SHOW FULL COLUMNS FROM `nianbao_base_config` [ RunTime:0.000495s ]
[2023-10-20T20:41:57+08:00][sql] SELECT `data`,`name` FROM `nianbao_base_config` [ RunTime:0.000259s ]
[2023-10-20T20:41:57+08:00][sql] CONNECT:[ UseTime:0.000305s ] mysql:host=127.0.0.1;port=3306;dbname=nianbao;charset=utf8
[2023-10-20T20:41:57+08:00][sql] SHOW FULL COLUMNS FROM `nianbao_member` [ RunTime:0.000485s ]
[2023-10-20T20:41:57+08:00][sql] SELECT * FROM `nianbao_member` WHERE  `mobile` = '13731247136' LIMIT 1 [ RunTime:0.000254s ]
[2023-10-20T20:41:57+08:00][sql] SHOW FULL COLUMNS FROM `nianbao_member_enterprise` [ RunTime:0.000410s ]
[2023-10-20T20:41:57+08:00][sql] SELECT * FROM `nianbao_member_enterprise` WHERE  `member_mobile` = '13731247136' ORDER BY `id` DESC [ RunTime:0.000201s ]
[2023-10-20T20:41:57+08:00][sql] SHOW FULL COLUMNS FROM `nianbao_enterprise` [ RunTime:0.000372s ]
[2023-10-20T20:41:57+08:00][sql] SELECT * FROM `nianbao_enterprise` WHERE  `id` = 1 LIMIT 1 [ RunTime:0.000214s ]
[2023-10-20T20:41:57+08:00][sql] SHOW FULL COLUMNS FROM `nianbao_enterprise_report` [ RunTime:0.000307s ]
[2023-10-20T20:41:57+08:00][sql] SELECT * FROM `nianbao_enterprise_report` WHERE  `enterprise_code` = '911354489846884854'  AND `report_year` = '2022' LIMIT 1 [ RunTime:0.000200s ]
[2023-10-20T20:42:02+08:00][sql] CONNECT:[ UseTime:0.000398s ] mysql:host=127.0.0.1;port=3306;dbname=nianbao;charset=utf8
[2023-10-20T20:42:02+08:00][sql] SHOW FULL COLUMNS FROM `nianbao_member` [ RunTime:0.000557s ]
[2023-10-20T20:42:02+08:00][sql] SELECT * FROM `nianbao_member` WHERE  `mobile` = '13731247136' LIMIT 1 [ RunTime:0.000271s ]
[2023-10-20T20:42:02+08:00][sql] SHOW FULL COLUMNS FROM `nianbao_member_enterprise` [ RunTime:0.000373s ]
[2023-10-20T20:42:02+08:00][sql] SELECT * FROM `nianbao_member_enterprise` WHERE  `id` = 1 LIMIT 1 [ RunTime:0.000200s ]
[2023-10-20T20:42:02+08:00][sql] SHOW FULL COLUMNS FROM `nianbao_enterprise` [ RunTime:0.000344s ]
[2023-10-20T20:42:02+08:00][sql] SELECT * FROM `nianbao_enterprise` WHERE  `id` = 1 LIMIT 1 [ RunTime:0.000196s ]
[2023-10-20T20:42:02+08:00][sql] SHOW FULL COLUMNS FROM `nianbao_enterprise_report` [ RunTime:0.000328s ]
[2023-10-20T20:42:02+08:00][sql] SELECT * FROM `nianbao_enterprise_report` WHERE  `enterprise_code` = '911354489846884854'  AND `report_year` = '2022' LIMIT 1 [ RunTime:0.000208s ]
[2023-10-20T20:42:02+08:00][sql] SHOW FULL COLUMNS FROM `nianbao_base_config` [ RunTime:0.000307s ]
[2023-10-20T20:42:02+08:00][sql] SELECT `data`,`name` FROM `nianbao_base_config` [ RunTime:0.000226s ]
[2023-10-20T20:46:20+08:00][sql] CONNECT:[ UseTime:0.000387s ] mysql:host=127.0.0.1;port=3306;dbname=nianbao;charset=utf8
[2023-10-20T20:46:20+08:00][sql] SHOW FULL COLUMNS FROM `nianbao_member` [ RunTime:0.000635s ]
[2023-10-20T20:46:20+08:00][sql] SELECT * FROM `nianbao_member` WHERE  `mobile` = '13731247136' LIMIT 1 [ RunTime:0.000280s ]
[2023-10-20T20:46:20+08:00][sql] SHOW FULL COLUMNS FROM `nianbao_member_enterprise` [ RunTime:0.000556s ]
[2023-10-20T20:46:20+08:00][sql] SELECT * FROM `nianbao_member_enterprise` WHERE  `id` = 1 LIMIT 1 [ RunTime:0.000205s ]
[2023-10-20T20:46:20+08:00][sql] SHOW FULL COLUMNS FROM `nianbao_enterprise` [ RunTime:0.000423s ]
[2023-10-20T20:46:20+08:00][sql] SELECT * FROM `nianbao_enterprise` WHERE  `id` = 1 LIMIT 1 [ RunTime:0.000213s ]
[2023-10-20T20:46:20+08:00][sql] SHOW FULL COLUMNS FROM `nianbao_enterprise_report` [ RunTime:0.000404s ]
[2023-10-20T20:46:20+08:00][sql] SELECT * FROM `nianbao_enterprise_report` WHERE  `enterprise_code` = '911354489846884854'  AND `report_year` = '2022' LIMIT 1 [ RunTime:0.000195s ]
[2023-10-20T20:46:20+08:00][sql] SHOW FULL COLUMNS FROM `nianbao_base_config` [ RunTime:0.000385s ]
[2023-10-20T20:46:20+08:00][sql] SELECT `data`,`name` FROM `nianbao_base_config` [ RunTime:0.000224s ]
[2023-10-20T20:49:50+08:00][sql] CONNECT:[ UseTime:0.000390s ] mysql:host=127.0.0.1;port=3306;dbname=nianbao;charset=utf8
[2023-10-20T20:49:50+08:00][sql] SHOW FULL COLUMNS FROM `nianbao_base_config` [ RunTime:0.000617s ]
[2023-10-20T20:49:50+08:00][sql] SELECT `data`,`name` FROM `nianbao_base_config` [ RunTime:0.000258s ]
[2023-10-20T20:49:50+08:00][sql] CONNECT:[ UseTime:0.000277s ] mysql:host=127.0.0.1;port=3306;dbname=nianbao;charset=utf8
[2023-10-20T20:49:50+08:00][sql] SHOW FULL COLUMNS FROM `nianbao_member` [ RunTime:0.000589s ]
[2023-10-20T20:49:50+08:00][sql] SELECT * FROM `nianbao_member` WHERE  `mobile` = '13731247136' LIMIT 1 [ RunTime:0.000254s ]
[2023-10-20T20:49:50+08:00][sql] SHOW FULL COLUMNS FROM `nianbao_member_enterprise` [ RunTime:0.000441s ]
[2023-10-20T20:49:50+08:00][sql] SELECT * FROM `nianbao_member_enterprise` WHERE  `member_mobile` = '13731247136' ORDER BY `id` DESC [ RunTime:0.000197s ]
[2023-10-20T20:49:50+08:00][sql] SHOW FULL COLUMNS FROM `nianbao_enterprise` [ RunTime:0.000472s ]
[2023-10-20T20:49:50+08:00][sql] SELECT * FROM `nianbao_enterprise` WHERE  `id` = 1 LIMIT 1 [ RunTime:0.000199s ]
[2023-10-20T20:49:50+08:00][sql] SHOW FULL COLUMNS FROM `nianbao_enterprise_report` [ RunTime:0.000426s ]
[2023-10-20T20:49:50+08:00][sql] SELECT * FROM `nianbao_enterprise_report` WHERE  `enterprise_code` = '911354489846884854'  AND `report_year` = '2022' LIMIT 1 [ RunTime:0.000201s ]
[2023-10-20T20:49:54+08:00][sql] CONNECT:[ UseTime:0.000408s ] mysql:host=127.0.0.1;port=3306;dbname=nianbao;charset=utf8
[2023-10-20T20:49:54+08:00][sql] SHOW FULL COLUMNS FROM `nianbao_member` [ RunTime:0.000569s ]
[2023-10-20T20:49:54+08:00][sql] SELECT * FROM `nianbao_member` WHERE  `mobile` = '13731247136' LIMIT 1 [ RunTime:0.000275s ]
[2023-10-20T20:49:54+08:00][sql] SHOW FULL COLUMNS FROM `nianbao_member_enterprise` [ RunTime:0.000374s ]
[2023-10-20T20:49:54+08:00][sql] SELECT * FROM `nianbao_member_enterprise` WHERE  `id` = 1 LIMIT 1 [ RunTime:0.000201s ]
[2023-10-20T20:49:54+08:00][sql] SHOW FULL COLUMNS FROM `nianbao_enterprise` [ RunTime:0.000348s ]
[2023-10-20T20:49:54+08:00][sql] SELECT * FROM `nianbao_enterprise` WHERE  `id` = 1 LIMIT 1 [ RunTime:0.000185s ]
[2023-10-20T20:49:54+08:00][sql] SHOW FULL COLUMNS FROM `nianbao_enterprise_report` [ RunTime:0.000341s ]
[2023-10-20T20:49:54+08:00][sql] SELECT * FROM `nianbao_enterprise_report` WHERE  `enterprise_code` = '911354489846884854'  AND `report_year` = '2022' LIMIT 1 [ RunTime:0.000196s ]
[2023-10-20T20:49:54+08:00][sql] SHOW FULL COLUMNS FROM `nianbao_base_config` [ RunTime:0.000322s ]
[2023-10-20T20:49:54+08:00][sql] SELECT `data`,`name` FROM `nianbao_base_config` [ RunTime:0.000234s ]
[2023-10-20T20:50:49+08:00][sql] CONNECT:[ UseTime:0.000378s ] mysql:host=127.0.0.1;port=3306;dbname=nianbao;charset=utf8
[2023-10-20T20:50:49+08:00][sql] SHOW FULL COLUMNS FROM `nianbao_base_config` [ RunTime:0.000644s ]
[2023-10-20T20:50:49+08:00][sql] SELECT `data`,`name` FROM `nianbao_base_config` [ RunTime:0.000289s ]
[2023-10-20T20:50:49+08:00][sql] CONNECT:[ UseTime:0.000264s ] mysql:host=127.0.0.1;port=3306;dbname=nianbao;charset=utf8
[2023-10-20T20:50:49+08:00][sql] SHOW FULL COLUMNS FROM `nianbao_member` [ RunTime:0.000538s ]
[2023-10-20T20:50:49+08:00][sql] SELECT * FROM `nianbao_member` WHERE  `mobile` = '13731247136' LIMIT 1 [ RunTime:0.000253s ]
[2023-10-20T20:50:49+08:00][sql] SHOW FULL COLUMNS FROM `nianbao_member_enterprise` [ RunTime:0.000409s ]
[2023-10-20T20:50:49+08:00][sql] SELECT * FROM `nianbao_member_enterprise` WHERE  `member_mobile` = '13731247136' ORDER BY `id` DESC [ RunTime:0.000190s ]
[2023-10-20T20:50:49+08:00][sql] SHOW FULL COLUMNS FROM `nianbao_enterprise` [ RunTime:0.000438s ]
[2023-10-20T20:50:49+08:00][sql] SELECT * FROM `nianbao_enterprise` WHERE  `id` = 1 LIMIT 1 [ RunTime:0.000238s ]
[2023-10-20T20:50:49+08:00][sql] SHOW FULL COLUMNS FROM `nianbao_enterprise_report` [ RunTime:0.000422s ]
[2023-10-20T20:50:49+08:00][sql] SELECT * FROM `nianbao_enterprise_report` WHERE  `enterprise_code` = '911354489846884854'  AND `report_year` = '2022' LIMIT 1 [ RunTime:0.000197s ]
[2023-10-20T20:50:51+08:00][sql] CONNECT:[ UseTime:0.000375s ] mysql:host=127.0.0.1;port=3306;dbname=nianbao;charset=utf8
[2023-10-20T20:50:51+08:00][sql] SHOW FULL COLUMNS FROM `nianbao_member` [ RunTime:0.000735s ]
[2023-10-20T20:50:51+08:00][sql] SELECT * FROM `nianbao_member` WHERE  `mobile` = '13731247136' LIMIT 1 [ RunTime:0.000295s ]
[2023-10-20T20:50:51+08:00][sql] SHOW FULL COLUMNS FROM `nianbao_member_enterprise` [ RunTime:0.000410s ]
[2023-10-20T20:50:51+08:00][sql] SELECT * FROM `nianbao_member_enterprise` WHERE  `id` = 1 LIMIT 1 [ RunTime:0.000202s ]
[2023-10-20T20:50:51+08:00][sql] SHOW FULL COLUMNS FROM `nianbao_enterprise` [ RunTime:0.000360s ]
[2023-10-20T20:50:51+08:00][sql] SELECT * FROM `nianbao_enterprise` WHERE  `id` = 1 LIMIT 1 [ RunTime:0.000200s ]
[2023-10-20T20:50:51+08:00][sql] SHOW FULL COLUMNS FROM `nianbao_enterprise_report` [ RunTime:0.000348s ]
[2023-10-20T20:50:51+08:00][sql] SELECT * FROM `nianbao_enterprise_report` WHERE  `enterprise_code` = '911354489846884854'  AND `report_year` = '2022' LIMIT 1 [ RunTime:0.000196s ]
[2023-10-20T20:50:51+08:00][sql] SHOW FULL COLUMNS FROM `nianbao_base_config` [ RunTime:0.000319s ]
[2023-10-20T20:50:51+08:00][sql] SELECT `data`,`name` FROM `nianbao_base_config` [ RunTime:0.000219s ]
[2023-10-20T20:52:07+08:00][sql] CONNECT:[ UseTime:0.000362s ] mysql:host=127.0.0.1;port=3306;dbname=nianbao;charset=utf8
[2023-10-20T20:52:07+08:00][sql] SHOW FULL COLUMNS FROM `nianbao_base_config` [ RunTime:0.000611s ]
[2023-10-20T20:52:07+08:00][sql] SELECT `data`,`name` FROM `nianbao_base_config` [ RunTime:0.000283s ]
[2023-10-20T20:52:07+08:00][sql] CONNECT:[ UseTime:0.000308s ] mysql:host=127.0.0.1;port=3306;dbname=nianbao;charset=utf8
[2023-10-20T20:52:07+08:00][sql] SHOW FULL COLUMNS FROM `nianbao_member` [ RunTime:0.000711s ]
[2023-10-20T20:52:07+08:00][sql] SELECT * FROM `nianbao_member` WHERE  `mobile` = '13731247136' LIMIT 1 [ RunTime:0.000307s ]
[2023-10-20T20:52:07+08:00][sql] SHOW FULL COLUMNS FROM `nianbao_member_enterprise` [ RunTime:0.000547s ]
[2023-10-20T20:52:07+08:00][sql] SELECT * FROM `nianbao_member_enterprise` WHERE  `member_mobile` = '13731247136' ORDER BY `id` DESC [ RunTime:0.000252s ]
[2023-10-20T20:52:07+08:00][sql] SHOW FULL COLUMNS FROM `nianbao_enterprise` [ RunTime:0.000470s ]
[2023-10-20T20:52:07+08:00][sql] SELECT * FROM `nianbao_enterprise` WHERE  `id` = 1 LIMIT 1 [ RunTime:0.000243s ]
[2023-10-20T20:52:07+08:00][sql] SHOW FULL COLUMNS FROM `nianbao_enterprise_report` [ RunTime:0.000454s ]
[2023-10-20T20:52:07+08:00][sql] SELECT * FROM `nianbao_enterprise_report` WHERE  `enterprise_code` = '911354489846884854'  AND `report_year` = '2022' LIMIT 1 [ RunTime:0.000203s ]
[2023-10-20T20:52:08+08:00][sql] CONNECT:[ UseTime:0.000365s ] mysql:host=127.0.0.1;port=3306;dbname=nianbao;charset=utf8
[2023-10-20T20:52:08+08:00][sql] SHOW FULL COLUMNS FROM `nianbao_member` [ RunTime:0.000562s ]
[2023-10-20T20:52:08+08:00][sql] SELECT * FROM `nianbao_member` WHERE  `mobile` = '13731247136' LIMIT 1 [ RunTime:0.000262s ]
[2023-10-20T20:52:08+08:00][sql] SHOW FULL COLUMNS FROM `nianbao_member_enterprise` [ RunTime:0.000382s ]
[2023-10-20T20:52:08+08:00][sql] SELECT * FROM `nianbao_member_enterprise` WHERE  `id` = 1 LIMIT 1 [ RunTime:0.000200s ]
[2023-10-20T20:52:08+08:00][sql] SHOW FULL COLUMNS FROM `nianbao_enterprise` [ RunTime:0.000342s ]
[2023-10-20T20:52:08+08:00][sql] SELECT * FROM `nianbao_enterprise` WHERE  `id` = 1 LIMIT 1 [ RunTime:0.000194s ]
[2023-10-20T20:52:08+08:00][sql] SHOW FULL COLUMNS FROM `nianbao_enterprise_report` [ RunTime:0.000338s ]
[2023-10-20T20:52:08+08:00][sql] SELECT * FROM `nianbao_enterprise_report` WHERE  `enterprise_code` = '911354489846884854'  AND `report_year` = '2022' LIMIT 1 [ RunTime:0.000208s ]
[2023-10-20T20:52:08+08:00][sql] SHOW FULL COLUMNS FROM `nianbao_base_config` [ RunTime:0.000324s ]
[2023-10-20T20:52:08+08:00][sql] SELECT `data`,`name` FROM `nianbao_base_config` [ RunTime:0.000236s ]
[2023-10-20T20:52:58+08:00][sql] CONNECT:[ UseTime:0.000419s ] mysql:host=127.0.0.1;port=3306;dbname=nianbao;charset=utf8
[2023-10-20T20:52:58+08:00][sql] SHOW FULL COLUMNS FROM `nianbao_base_config` [ RunTime:0.000510s ]
[2023-10-20T20:52:58+08:00][sql] SELECT `data`,`name` FROM `nianbao_base_config` [ RunTime:0.000312s ]
[2023-10-20T20:52:58+08:00][sql] CONNECT:[ UseTime:0.000319s ] mysql:host=127.0.0.1;port=3306;dbname=nianbao;charset=utf8
[2023-10-20T20:52:58+08:00][sql] SHOW FULL COLUMNS FROM `nianbao_member` [ RunTime:0.000571s ]
[2023-10-20T20:52:58+08:00][sql] SELECT * FROM `nianbao_member` WHERE  `mobile` = '13731247136' LIMIT 1 [ RunTime:0.000317s ]
[2023-10-20T20:52:58+08:00][sql] SHOW FULL COLUMNS FROM `nianbao_member_enterprise` [ RunTime:0.000607s ]
[2023-10-20T20:52:58+08:00][sql] SELECT * FROM `nianbao_member_enterprise` WHERE  `member_mobile` = '13731247136' ORDER BY `id` DESC [ RunTime:0.000263s ]
[2023-10-20T20:52:58+08:00][sql] SHOW FULL COLUMNS FROM `nianbao_enterprise` [ RunTime:0.000503s ]
[2023-10-20T20:52:58+08:00][sql] SELECT * FROM `nianbao_enterprise` WHERE  `id` = 1 LIMIT 1 [ RunTime:0.000228s ]
[2023-10-20T20:52:58+08:00][sql] SHOW FULL COLUMNS FROM `nianbao_enterprise_report` [ RunTime:0.000349s ]
[2023-10-20T20:52:58+08:00][sql] SELECT * FROM `nianbao_enterprise_report` WHERE  `enterprise_code` = '911354489846884854'  AND `report_year` = '2022' LIMIT 1 [ RunTime:0.000198s ]
[2023-10-20T20:52:59+08:00][sql] CONNECT:[ UseTime:0.000383s ] mysql:host=127.0.0.1;port=3306;dbname=nianbao;charset=utf8
[2023-10-20T20:52:59+08:00][sql] SHOW FULL COLUMNS FROM `nianbao_member` [ RunTime:0.000536s ]
[2023-10-20T20:52:59+08:00][sql] SELECT * FROM `nianbao_member` WHERE  `mobile` = '13731247136' LIMIT 1 [ RunTime:0.000266s ]
[2023-10-20T20:52:59+08:00][sql] SHOW FULL COLUMNS FROM `nianbao_member_enterprise` [ RunTime:0.000353s ]
[2023-10-20T20:52:59+08:00][sql] SELECT * FROM `nianbao_member_enterprise` WHERE  `id` = 1 LIMIT 1 [ RunTime:0.000197s ]
[2023-10-20T20:52:59+08:00][sql] SHOW FULL COLUMNS FROM `nianbao_enterprise` [ RunTime:0.000349s ]
[2023-10-20T20:52:59+08:00][sql] SELECT * FROM `nianbao_enterprise` WHERE  `id` = 1 LIMIT 1 [ RunTime:0.000211s ]
[2023-10-20T20:52:59+08:00][sql] SHOW FULL COLUMNS FROM `nianbao_enterprise_report` [ RunTime:0.000325s ]
[2023-10-20T20:52:59+08:00][sql] SELECT * FROM `nianbao_enterprise_report` WHERE  `enterprise_code` = '911354489846884854'  AND `report_year` = '2022' LIMIT 1 [ RunTime:0.000204s ]
[2023-10-20T20:52:59+08:00][sql] SHOW FULL COLUMNS FROM `nianbao_base_config` [ RunTime:0.000315s ]
[2023-10-20T20:52:59+08:00][sql] SELECT `data`,`name` FROM `nianbao_base_config` [ RunTime:0.000217s ]
[2023-10-20T20:53:33+08:00][sql] CONNECT:[ UseTime:0.000403s ] mysql:host=127.0.0.1;port=3306;dbname=nianbao;charset=utf8
[2023-10-20T20:53:33+08:00][sql] SHOW FULL COLUMNS FROM `nianbao_member` [ RunTime:0.000677s ]
[2023-10-20T20:53:33+08:00][sql] SELECT * FROM `nianbao_member` WHERE  `id` = 1 LIMIT 1 [ RunTime:0.000270s ]
[2023-10-20T20:53:33+08:00][sql] SHOW FULL COLUMNS FROM `nianbao_enterprise` [ RunTime:0.000427s ]
[2023-10-20T20:53:33+08:00][sql] SELECT * FROM `nianbao_enterprise` WHERE  `id` = 1 LIMIT 1 [ RunTime:0.000198s ]
[2023-10-20T20:53:33+08:00][sql] SHOW FULL COLUMNS FROM `nianbao_base_config` [ RunTime:0.000379s ]
[2023-10-20T20:53:33+08:00][sql] SELECT `data`,`name` FROM `nianbao_base_config` [ RunTime:0.000224s ]
[2023-10-20T20:53:33+08:00][sql] SHOW FULL COLUMNS FROM `nianbao_order` [ RunTime:0.000469s ]
[2023-10-20T20:53:33+08:00][sql] INSERT INTO `nianbao_order` SET `member_id` = 1 , `enterprise_id` = 1 , `mobile` = '13731247136' , `title` = '2022年报代报服务费' , `idcard` = '111111111111111111' , `fmobile` = '11111111111' , `order_no` = '20231020205333837642' , `total_price` = '90' , `enterprise_name` = '河北建工集团' , `enterprise_code` = '911354489846884854' , `report_year` = '2022' , `is_declaration` = 0 , `is_success` = 0 , `is_pay` = 0 , `pay_type` = 0 , `create_time` = '2023-10-20 20:53:33' [ RunTime:0.000251s ]
[2023-10-20T20:55:15+08:00][sql] CONNECT:[ UseTime:0.000354s ] mysql:host=127.0.0.1;port=3306;dbname=nianbao;charset=utf8
[2023-10-20T20:55:15+08:00][sql] SHOW FULL COLUMNS FROM `nianbao_base_config` [ RunTime:0.000482s ]
[2023-10-20T20:55:15+08:00][sql] SELECT `data`,`name` FROM `nianbao_base_config` [ RunTime:0.000321s ]
[2023-10-20T20:55:15+08:00][sql] CONNECT:[ UseTime:0.000278s ] mysql:host=127.0.0.1;port=3306;dbname=nianbao;charset=utf8
[2023-10-20T20:55:15+08:00][sql] SHOW FULL COLUMNS FROM `nianbao_member` [ RunTime:0.000475s ]
[2023-10-20T20:55:15+08:00][sql] SELECT * FROM `nianbao_member` WHERE  `mobile` = '13731247136' LIMIT 1 [ RunTime:0.000248s ]
[2023-10-20T20:55:15+08:00][sql] SHOW FULL COLUMNS FROM `nianbao_member_enterprise` [ RunTime:0.000454s ]
[2023-10-20T20:55:15+08:00][sql] SELECT * FROM `nianbao_member_enterprise` WHERE  `member_mobile` = '13731247136' ORDER BY `id` DESC [ RunTime:0.000209s ]
[2023-10-20T20:55:15+08:00][sql] SHOW FULL COLUMNS FROM `nianbao_enterprise` [ RunTime:0.000357s ]
[2023-10-20T20:55:15+08:00][sql] SELECT * FROM `nianbao_enterprise` WHERE  `id` = 1 LIMIT 1 [ RunTime:0.000197s ]
[2023-10-20T20:55:15+08:00][sql] SHOW FULL COLUMNS FROM `nianbao_enterprise_report` [ RunTime:0.000393s ]
[2023-10-20T20:55:15+08:00][sql] SELECT * FROM `nianbao_enterprise_report` WHERE  `enterprise_code` = '911354489846884854'  AND `report_year` = '2022' LIMIT 1 [ RunTime:0.000208s ]
[2023-10-20T20:55:18+08:00][sql] CONNECT:[ UseTime:0.000373s ] mysql:host=127.0.0.1;port=3306;dbname=nianbao;charset=utf8
[2023-10-20T20:55:18+08:00][sql] SHOW FULL COLUMNS FROM `nianbao_member` [ RunTime:0.000529s ]
[2023-10-20T20:55:18+08:00][sql] SELECT * FROM `nianbao_member` WHERE  `mobile` = '13731247136' LIMIT 1 [ RunTime:0.000282s ]
[2023-10-20T20:55:18+08:00][sql] SHOW FULL COLUMNS FROM `nianbao_member_enterprise` [ RunTime:0.000380s ]
[2023-10-20T20:55:18+08:00][sql] SELECT * FROM `nianbao_member_enterprise` WHERE  `id` = 1 LIMIT 1 [ RunTime:0.000211s ]
[2023-10-20T20:55:18+08:00][sql] SHOW FULL COLUMNS FROM `nianbao_enterprise` [ RunTime:0.000340s ]
[2023-10-20T20:55:18+08:00][sql] SELECT * FROM `nianbao_enterprise` WHERE  `id` = 1 LIMIT 1 [ RunTime:0.000199s ]
[2023-10-20T20:55:18+08:00][sql] SHOW FULL COLUMNS FROM `nianbao_enterprise_report` [ RunTime:0.000343s ]
[2023-10-20T20:55:18+08:00][sql] SELECT * FROM `nianbao_enterprise_report` WHERE  `enterprise_code` = '911354489846884854'  AND `report_year` = '2022' LIMIT 1 [ RunTime:0.000209s ]
[2023-10-20T20:55:18+08:00][sql] SHOW FULL COLUMNS FROM `nianbao_base_config` [ RunTime:0.000332s ]
[2023-10-20T20:55:18+08:00][sql] SELECT `data`,`name` FROM `nianbao_base_config` [ RunTime:0.000246s ]
[2023-10-20T20:55:48+08:00][sql] CONNECT:[ UseTime:0.000368s ] mysql:host=127.0.0.1;port=3306;dbname=nianbao;charset=utf8
[2023-10-20T20:55:48+08:00][sql] SHOW FULL COLUMNS FROM `nianbao_base_config` [ RunTime:0.000484s ]
[2023-10-20T20:55:48+08:00][sql] SELECT `data`,`name` FROM `nianbao_base_config` [ RunTime:0.000277s ]
[2023-10-20T20:55:48+08:00][sql] CONNECT:[ UseTime:0.000321s ] mysql:host=127.0.0.1;port=3306;dbname=nianbao;charset=utf8
[2023-10-20T20:55:48+08:00][sql] SHOW FULL COLUMNS FROM `nianbao_member` [ RunTime:0.000500s ]
[2023-10-20T20:55:48+08:00][sql] SELECT * FROM `nianbao_member` WHERE  `mobile` = '13731247136' LIMIT 1 [ RunTime:0.000253s ]
[2023-10-20T20:55:48+08:00][sql] SHOW FULL COLUMNS FROM `nianbao_member_enterprise` [ RunTime:0.000347s ]
[2023-10-20T20:55:48+08:00][sql] SELECT * FROM `nianbao_member_enterprise` WHERE  `member_mobile` = '13731247136' ORDER BY `id` DESC [ RunTime:0.000204s ]
[2023-10-20T20:55:48+08:00][sql] SHOW FULL COLUMNS FROM `nianbao_enterprise` [ RunTime:0.000352s ]
[2023-10-20T20:55:48+08:00][sql] SELECT * FROM `nianbao_enterprise` WHERE  `id` = 1 LIMIT 1 [ RunTime:0.000187s ]
[2023-10-20T20:55:48+08:00][sql] SHOW FULL COLUMNS FROM `nianbao_enterprise_report` [ RunTime:0.000319s ]
[2023-10-20T20:55:48+08:00][sql] SELECT * FROM `nianbao_enterprise_report` WHERE  `enterprise_code` = '911354489846884854'  AND `report_year` = '2022' LIMIT 1 [ RunTime:0.000184s ]
[2023-10-20T20:56:01+08:00][sql] CONNECT:[ UseTime:0.000478s ] mysql:host=127.0.0.1;port=3306;dbname=nianbao;charset=utf8
[2023-10-20T20:56:01+08:00][sql] SHOW FULL COLUMNS FROM `nianbao_base_config` [ RunTime:0.000496s ]
[2023-10-20T20:56:01+08:00][sql] SELECT `data`,`name` FROM `nianbao_base_config` [ RunTime:0.000267s ]
[2023-10-20T20:56:01+08:00][sql] CONNECT:[ UseTime:0.000316s ] mysql:host=127.0.0.1;port=3306;dbname=nianbao;charset=utf8
[2023-10-20T20:56:01+08:00][sql] SHOW FULL COLUMNS FROM `nianbao_member` [ RunTime:0.000482s ]
[2023-10-20T20:56:01+08:00][sql] SELECT * FROM `nianbao_member` WHERE  `mobile` = '13731247136' LIMIT 1 [ RunTime:0.000272s ]
[2023-10-20T20:56:01+08:00][sql] SHOW FULL COLUMNS FROM `nianbao_member_enterprise` [ RunTime:0.000396s ]
[2023-10-20T20:56:01+08:00][sql] SELECT * FROM `nianbao_member_enterprise` WHERE  `member_mobile` = '13731247136' ORDER BY `id` DESC [ RunTime:0.000198s ]
[2023-10-20T20:56:01+08:00][sql] SHOW FULL COLUMNS FROM `nianbao_enterprise` [ RunTime:0.000356s ]
[2023-10-20T20:56:01+08:00][sql] SELECT * FROM `nianbao_enterprise` WHERE  `id` = 1 LIMIT 1 [ RunTime:0.000190s ]
[2023-10-20T20:56:01+08:00][sql] SHOW FULL COLUMNS FROM `nianbao_enterprise_report` [ RunTime:0.000336s ]
[2023-10-20T20:56:01+08:00][sql] SELECT * FROM `nianbao_enterprise_report` WHERE  `enterprise_code` = '911354489846884854'  AND `report_year` = '2022' LIMIT 1 [ RunTime:0.000190s ]
[2023-10-20T20:56:03+08:00][sql] CONNECT:[ UseTime:0.000403s ] mysql:host=127.0.0.1;port=3306;dbname=nianbao;charset=utf8
[2023-10-20T20:56:03+08:00][sql] SHOW FULL COLUMNS FROM `nianbao_member` [ RunTime:0.000526s ]
[2023-10-20T20:56:03+08:00][sql] SELECT * FROM `nianbao_member` WHERE  `mobile` = '13731247136' LIMIT 1 [ RunTime:0.000296s ]
[2023-10-20T20:56:03+08:00][sql] SHOW FULL COLUMNS FROM `nianbao_member_enterprise` [ RunTime:0.000392s ]
[2023-10-20T20:56:03+08:00][sql] SELECT * FROM `nianbao_member_enterprise` WHERE  `id` = 1 LIMIT 1 [ RunTime:0.000185s ]
[2023-10-20T20:56:03+08:00][sql] SHOW FULL COLUMNS FROM `nianbao_enterprise` [ RunTime:0.000370s ]
[2023-10-20T20:56:03+08:00][sql] SELECT * FROM `nianbao_enterprise` WHERE  `id` = 1 LIMIT 1 [ RunTime:0.000188s ]
[2023-10-20T20:56:03+08:00][sql] SHOW FULL COLUMNS FROM `nianbao_enterprise_report` [ RunTime:0.000351s ]
[2023-10-20T20:56:03+08:00][sql] SELECT * FROM `nianbao_enterprise_report` WHERE  `enterprise_code` = '911354489846884854'  AND `report_year` = '2022' LIMIT 1 [ RunTime:0.000185s ]
[2023-10-20T20:56:03+08:00][sql] SHOW FULL COLUMNS FROM `nianbao_base_config` [ RunTime:0.000324s ]
[2023-10-20T20:56:03+08:00][sql] SELECT `data`,`name` FROM `nianbao_base_config` [ RunTime:0.000221s ]
[2023-10-20T21:30:17+08:00][sql] CONNECT:[ UseTime:0.000368s ] mysql:host=127.0.0.1;port=3306;dbname=nianbao;charset=utf8
[2023-10-20T21:30:17+08:00][sql] SHOW FULL COLUMNS FROM `nianbao_base_config` [ RunTime:0.000590s ]
[2023-10-20T21:30:17+08:00][sql] SELECT `data`,`name` FROM `nianbao_base_config` [ RunTime:0.000259s ]
[2023-10-20T21:30:17+08:00][sql] CONNECT:[ UseTime:0.000349s ] mysql:host=127.0.0.1;port=3306;dbname=nianbao;charset=utf8
[2023-10-20T21:30:17+08:00][sql] SHOW FULL COLUMNS FROM `nianbao_base_config` [ RunTime:0.000500s ]
[2023-10-20T21:30:17+08:00][sql] SELECT `data`,`name` FROM `nianbao_base_config` [ RunTime:0.000252s ]
[2023-10-20T21:30:17+08:00][sql] SHOW FULL COLUMNS FROM `nianbao_member` [ RunTime:0.000672s ]
[2023-10-20T21:30:17+08:00][sql] SELECT * FROM `nianbao_member` WHERE  `openid` = 'o3XKG64NwapM-BjaAgpMazIsuX9w' LIMIT 1 [ RunTime:0.000296s ]
[2023-10-20T21:30:17+08:00][sql] INSERT INTO `nianbao_member` SET `openid` = 'o3XKG64NwapM-BjaAgpMazIsuX9w' , `nickname` = '8892JKWQW1' , `avatar` = 'https://thirdwx.qlogo.cn/mmopen/vi_32/POgEwh4mIHO4nibH0KlMECNjjGxQUq24ZEaGT4poC6icRiccVGKSyXwibcPq4BWmiaIGuG1icwxaQX6grC9VemZoJ8rg/132' , `unionid` = 'o3XKG64NwapM-BjaAgpMazIsuX9w' , `create_time` = '2023-10-20 21:30:17' [ RunTime:0.000226s ]
[2023-10-20T21:30:17+08:00][sql] SELECT * FROM `nianbao_member` WHERE  `id` = 2 LIMIT 1 [ RunTime:0.000244s ]
[2023-10-20T21:30:17+08:00][sql] UPDATE `nianbao_member`  SET `access_token` = 'MTY5NzgwODYxNzI='  WHERE  `id` = 2 [ RunTime:0.000274s ]
[2023-10-20T21:30:44+08:00][sql] CONNECT:[ UseTime:0.000346s ] mysql:host=127.0.0.1;port=3306;dbname=nianbao;charset=utf8
[2023-10-20T21:30:44+08:00][sql] SHOW FULL COLUMNS FROM `nianbao_member` [ RunTime:0.000539s ]
[2023-10-20T21:30:44+08:00][sql] SELECT * FROM `nianbao_member` WHERE  `id` = 2 LIMIT 1 [ RunTime:0.000272s ]
[2023-10-20T21:30:44+08:00][sql] SHOW FULL COLUMNS FROM `nianbao_base_config` [ RunTime:0.000351s ]
[2023-10-20T21:30:44+08:00][sql] SELECT `data`,`name` FROM `nianbao_base_config` [ RunTime:0.000264s ]
[2023-10-20T21:30:44+08:00][sql] SELECT * FROM `nianbao_member` WHERE  `id` = 2 LIMIT 1 [ RunTime:0.000440s ]
[2023-10-20T21:30:44+08:00][sql] UPDATE `nianbao_member`  SET `mobile` = '18713793568'  WHERE  `id` = 2 [ RunTime:0.000268s ]
[2023-10-20T21:30:44+08:00][sql] CONNECT:[ UseTime:0.000339s ] mysql:host=127.0.0.1;port=3306;dbname=nianbao;charset=utf8
[2023-10-20T21:30:44+08:00][sql] SHOW FULL COLUMNS FROM `nianbao_base_config` [ RunTime:0.000509s ]
[2023-10-20T21:30:44+08:00][sql] SELECT `data`,`name` FROM `nianbao_base_config` [ RunTime:0.000265s ]
[2023-10-20T21:30:45+08:00][sql] CONNECT:[ UseTime:0.000303s ] mysql:host=127.0.0.1;port=3306;dbname=nianbao;charset=utf8
[2023-10-20T21:30:45+08:00][sql] SHOW FULL COLUMNS FROM `nianbao_member` [ RunTime:0.000543s ]
[2023-10-20T21:30:45+08:00][sql] SELECT * FROM `nianbao_member` WHERE  `mobile` = '18713793568' LIMIT 1 [ RunTime:0.000271s ]
[2023-10-20T21:30:45+08:00][sql] SHOW FULL COLUMNS FROM `nianbao_member_enterprise` [ RunTime:0.000526s ]
[2023-10-20T21:30:45+08:00][sql] SELECT * FROM `nianbao_member_enterprise` WHERE  `member_mobile` = '18713793568' ORDER BY `id` DESC [ RunTime:0.000212s ]
[2023-10-20T21:30:45+08:00][sql] CONNECT:[ UseTime:0.000373s ] mysql:host=127.0.0.1;port=3306;dbname=nianbao;charset=utf8
[2023-10-20T21:30:45+08:00][sql] SHOW FULL COLUMNS FROM `nianbao_member` [ RunTime:0.000516s ]
[2023-10-20T21:30:45+08:00][sql] SELECT * FROM `nianbao_member` WHERE  `mobile` = '18713793568' LIMIT 1 [ RunTime:0.000267s ]
[2023-10-20T21:30:45+08:00][sql] SHOW FULL COLUMNS FROM `nianbao_member_enterprise` [ RunTime:0.000515s ]
[2023-10-20T21:30:45+08:00][sql] SELECT * FROM `nianbao_member_enterprise` WHERE  `member_mobile` = '18713793568' ORDER BY `id` DESC LIMIT 1 [ RunTime:0.000201s ]
[2023-10-20T21:30:45+08:00][sql] SHOW FULL COLUMNS FROM `nianbao_enterprise` [ RunTime:0.000391s ]
[2023-10-20T21:30:45+08:00][sql] SELECT * FROM `nianbao_enterprise` WHERE  `mobile` = '18713793568' LIMIT 1 [ RunTime:0.000572s ]
[2023-10-20T21:31:13+08:00][sql] CONNECT:[ UseTime:0.000395s ] mysql:host=127.0.0.1;port=3306;dbname=nianbao;charset=utf8
[2023-10-20T21:31:13+08:00][sql] SHOW FULL COLUMNS FROM `nianbao_member` [ RunTime:0.000504s ]
[2023-10-20T21:31:13+08:00][sql] SELECT * FROM `nianbao_member` WHERE  `mobile` = '18713793568' LIMIT 1 [ RunTime:0.000287s ]
[2023-10-20T21:31:13+08:00][sql] SHOW FULL COLUMNS FROM `nianbao_enterprise` [ RunTime:0.000374s ]
[2023-10-20T21:31:13+08:00][sql] SELECT * FROM `nianbao_enterprise` WHERE  `enterprise_name` LIKE '%齐%' [ RunTime:0.000670s ]
[2023-10-20T21:31:13+08:00][sql] SHOW FULL COLUMNS FROM `nianbao_enterprise_report` [ RunTime:0.000476s ]
[2023-10-20T21:31:13+08:00][sql] SELECT * FROM `nianbao_enterprise_report` WHERE  `enterprise_code` = '913707056996694280'  AND `report_year` = '2022' LIMIT 1 [ RunTime:0.000251s ]
[2023-10-20T21:31:26+08:00][sql] CONNECT:[ UseTime:0.000378s ] mysql:host=127.0.0.1;port=3306;dbname=nianbao;charset=utf8
[2023-10-20T21:31:26+08:00][sql] SHOW FULL COLUMNS FROM `nianbao_member` [ RunTime:0.000546s ]
[2023-10-20T21:31:26+08:00][sql] SELECT * FROM `nianbao_member` WHERE  `mobile` = '18713793568' LIMIT 1 [ RunTime:0.000261s ]
[2023-10-20T21:31:26+08:00][sql] SHOW FULL COLUMNS FROM `nianbao_enterprise` [ RunTime:0.000375s ]
[2023-10-20T21:31:26+08:00][sql] SELECT * FROM `nianbao_enterprise` WHERE  `enterprise_name` LIKE '%河%' [ RunTime:0.000671s ]
[2023-10-20T21:31:26+08:00][sql] SHOW FULL COLUMNS FROM `nianbao_enterprise_report` [ RunTime:0.000397s ]
[2023-10-20T21:31:26+08:00][sql] SELECT * FROM `nianbao_enterprise_report` WHERE  `enterprise_code` = '911354489846884854'  AND `report_year` = '2022' LIMIT 1 [ RunTime:0.000205s ]
[2023-10-20T21:31:26+08:00][sql] SELECT * FROM `nianbao_enterprise_report` WHERE  `enterprise_code` = '911354248648979855'  AND `report_year` = '2022' LIMIT 1 [ RunTime:0.000186s ]
[2023-10-20T21:31:26+08:00][sql] SELECT * FROM `nianbao_enterprise_report` WHERE  `enterprise_code` = '91370725571696881N'  AND `report_year` = '2022' LIMIT 1 [ RunTime:0.000311s ]
[2023-10-20T21:31:26+08:00][sql] SELECT * FROM `nianbao_enterprise_report` WHERE  `enterprise_code` = '91320382137031385C'  AND `report_year` = '2022' LIMIT 1 [ RunTime:0.000434s ]
[2023-10-20T21:31:26+08:00][sql] SELECT * FROM `nianbao_enterprise_report` WHERE  `enterprise_code` = '91370800493950716R'  AND `report_year` = '2022' LIMIT 1 [ RunTime:0.000481s ]
[2023-10-20T21:31:37+08:00][sql] CONNECT:[ UseTime:0.000406s ] mysql:host=127.0.0.1;port=3306;dbname=nianbao;charset=utf8
[2023-10-20T21:31:37+08:00][sql] SHOW FULL COLUMNS FROM `nianbao_member` [ RunTime:0.000509s ]
[2023-10-20T21:31:37+08:00][sql] SELECT * FROM `nianbao_member` WHERE  `mobile` = '18713793568' LIMIT 1 [ RunTime:0.000260s ]
[2023-10-20T21:31:37+08:00][sql] SHOW FULL COLUMNS FROM `nianbao_enterprise` [ RunTime:0.000382s ]
[2023-10-20T21:31:37+08:00][sql] SELECT * FROM `nianbao_enterprise` WHERE  `enterprise_code` = '911354489846884854' LIMIT 1 [ RunTime:0.000194s ]
[2023-10-20T21:31:37+08:00][sql] SHOW FULL COLUMNS FROM `nianbao_member_enterprise` [ RunTime:0.000342s ]
[2023-10-20T21:31:37+08:00][sql] SELECT * FROM `nianbao_member_enterprise` WHERE  `enterprise_id` = 1  AND `member_mobile` = '18713793568' LIMIT 1 [ RunTime:0.000208s ]
[2023-10-20T21:31:37+08:00][sql] SHOW FULL COLUMNS FROM `nianbao_enterprise_report` [ RunTime:0.000354s ]
[2023-10-20T21:31:37+08:00][sql] SELECT * FROM `nianbao_enterprise_report` WHERE  `enterprise_code` = '911354489846884854'  AND `report_year` = '2022' LIMIT 1 [ RunTime:0.000193s ]
[2023-10-20T21:31:37+08:00][sql] INSERT INTO `nianbao_member_enterprise` SET `member_id` = 2 , `enterprise_id` = 1 , `member_mobile` = '18713793568' , `status` = 1 [ RunTime:0.000184s ]
[2023-10-20T21:31:37+08:00][sql] CONNECT:[ UseTime:0.000370s ] mysql:host=127.0.0.1;port=3306;dbname=nianbao;charset=utf8
[2023-10-20T21:31:37+08:00][sql] SHOW FULL COLUMNS FROM `nianbao_member` [ RunTime:0.000533s ]
[2023-10-20T21:31:37+08:00][sql] SELECT * FROM `nianbao_member` WHERE  `mobile` = '18713793568' LIMIT 1 [ RunTime:0.000283s ]
[2023-10-20T21:31:37+08:00][sql] SHOW FULL COLUMNS FROM `nianbao_member_enterprise` [ RunTime:0.000408s ]
[2023-10-20T21:31:37+08:00][sql] SELECT * FROM `nianbao_member_enterprise` WHERE  `member_mobile` = '18713793568' ORDER BY `id` DESC [ RunTime:0.000200s ]
[2023-10-20T21:31:37+08:00][sql] SHOW FULL COLUMNS FROM `nianbao_enterprise` [ RunTime:0.000485s ]
[2023-10-20T21:31:37+08:00][sql] SELECT * FROM `nianbao_enterprise` WHERE  `id` = 1 LIMIT 1 [ RunTime:0.000210s ]
[2023-10-20T21:31:37+08:00][sql] SHOW FULL COLUMNS FROM `nianbao_enterprise_report` [ RunTime:0.000347s ]
[2023-10-20T21:31:37+08:00][sql] SELECT * FROM `nianbao_enterprise_report` WHERE  `enterprise_code` = '911354489846884854'  AND `report_year` = '2022' LIMIT 1 [ RunTime:0.000212s ]
[2023-10-20T21:31:37+08:00][sql] CONNECT:[ UseTime:0.000299s ] mysql:host=127.0.0.1;port=3306;dbname=nianbao;charset=utf8
[2023-10-20T21:31:37+08:00][sql] SHOW FULL COLUMNS FROM `nianbao_member` [ RunTime:0.000428s ]
[2023-10-20T21:31:37+08:00][sql] SELECT * FROM `nianbao_member` WHERE  `mobile` = '18713793568' LIMIT 1 [ RunTime:0.000246s ]
[2023-10-20T21:31:37+08:00][sql] SHOW FULL COLUMNS FROM `nianbao_member_enterprise` [ RunTime:0.000329s ]
[2023-10-20T21:31:37+08:00][sql] SELECT * FROM `nianbao_member_enterprise` WHERE  `member_mobile` = '18713793568' ORDER BY `id` DESC LIMIT 1 [ RunTime:0.000196s ]
[2023-10-20T21:31:37+08:00][sql] SHOW FULL COLUMNS FROM `nianbao_enterprise` [ RunTime:0.000304s ]
[2023-10-20T21:31:37+08:00][sql] SELECT * FROM `nianbao_enterprise` WHERE  `id` = 1 LIMIT 1 [ RunTime:0.000193s ]
[2023-10-20T21:31:37+08:00][sql] SHOW FULL COLUMNS FROM `nianbao_enterprise_report` [ RunTime:0.000294s ]
[2023-10-20T21:31:37+08:00][sql] SELECT * FROM `nianbao_enterprise_report` WHERE  `enterprise_code` = '911354489846884854'  AND `report_year` = '2022' LIMIT 1 [ RunTime:0.000205s ]
[2023-10-20T21:31:40+08:00][sql] CONNECT:[ UseTime:0.000338s ] mysql:host=127.0.0.1;port=3306;dbname=nianbao;charset=utf8
[2023-10-20T21:31:40+08:00][sql] SHOW FULL COLUMNS FROM `nianbao_member` [ RunTime:0.000465s ]
[2023-10-20T21:31:40+08:00][sql] SELECT * FROM `nianbao_member` WHERE  `mobile` = '18713793568' LIMIT 1 [ RunTime:0.000281s ]
[2023-10-20T21:31:40+08:00][sql] SHOW FULL COLUMNS FROM `nianbao_member_enterprise` [ RunTime:0.000383s ]
[2023-10-20T21:31:40+08:00][sql] SELECT * FROM `nianbao_member_enterprise` WHERE  `id` = 2 LIMIT 1 [ RunTime:0.000209s ]
[2023-10-20T21:31:40+08:00][sql] SHOW FULL COLUMNS FROM `nianbao_enterprise` [ RunTime:0.000356s ]
[2023-10-20T21:31:40+08:00][sql] SELECT * FROM `nianbao_enterprise` WHERE  `id` = 1 LIMIT 1 [ RunTime:0.000182s ]
[2023-10-20T21:31:40+08:00][sql] SHOW FULL COLUMNS FROM `nianbao_enterprise_report` [ RunTime:0.000342s ]
[2023-10-20T21:31:40+08:00][sql] SELECT * FROM `nianbao_enterprise_report` WHERE  `enterprise_code` = '911354489846884854'  AND `report_year` = '2022' LIMIT 1 [ RunTime:0.000187s ]
[2023-10-20T21:31:40+08:00][sql] SHOW FULL COLUMNS FROM `nianbao_base_config` [ RunTime:0.000305s ]
[2023-10-20T21:31:40+08:00][sql] SELECT `data`,`name` FROM `nianbao_base_config` [ RunTime:0.000216s ]
[2023-10-20T21:32:32+08:00][sql] CONNECT:[ UseTime:0.000352s ] mysql:host=127.0.0.1;port=3306;dbname=nianbao;charset=utf8
[2023-10-20T21:32:32+08:00][sql] SHOW FULL COLUMNS FROM `nianbao_member` [ RunTime:0.000553s ]
[2023-10-20T21:32:32+08:00][sql] SELECT * FROM `nianbao_member` WHERE  `id` = 2 LIMIT 1 [ RunTime:0.000285s ]
[2023-10-20T21:32:32+08:00][sql] SHOW FULL COLUMNS FROM `nianbao_enterprise` [ RunTime:0.000391s ]
[2023-10-20T21:32:32+08:00][sql] SELECT * FROM `nianbao_enterprise` WHERE  `id` = 1 LIMIT 1 [ RunTime:0.000229s ]
[2023-10-20T21:32:32+08:00][sql] SHOW FULL COLUMNS FROM `nianbao_base_config` [ RunTime:0.000322s ]
[2023-10-20T21:32:32+08:00][sql] SELECT `data`,`name` FROM `nianbao_base_config` [ RunTime:0.000231s ]
[2023-10-20T21:32:32+08:00][sql] SHOW FULL COLUMNS FROM `nianbao_order` [ RunTime:0.000486s ]
[2023-10-20T21:32:32+08:00][sql] INSERT INTO `nianbao_order` SET `member_id` = 2 , `enterprise_id` = 1 , `mobile` = '18713793568' , `title` = '2022年报代报服务费' , `idcard` = '130877414481844451' , `fmobile` = '15555555555' , `order_no` = '20231020213231548351' , `total_price` = '90' , `enterprise_name` = '河北建工集团' , `enterprise_code` = '911354489846884854' , `report_year` = '2022' , `is_declaration` = 0 , `is_success` = 0 , `is_pay` = 0 , `pay_type` = 0 , `create_time` = '2023-10-20 21:32:31' [ RunTime:0.000256s ]
[2023-10-20T21:32:43+08:00][sql] CONNECT:[ UseTime:0.000403s ] mysql:host=127.0.0.1;port=3306;dbname=nianbao;charset=utf8
[2023-10-20T21:32:43+08:00][sql] SHOW FULL COLUMNS FROM `nianbao_member` [ RunTime:0.000640s ]
[2023-10-20T21:32:43+08:00][sql] SELECT * FROM `nianbao_member` WHERE  `id` = 2 LIMIT 1 [ RunTime:0.000332s ]
[2023-10-20T21:32:43+08:00][sql] SHOW FULL COLUMNS FROM `nianbao_enterprise` [ RunTime:0.000481s ]
[2023-10-20T21:32:43+08:00][sql] SELECT * FROM `nianbao_enterprise` WHERE  `id` = 1 LIMIT 1 [ RunTime:0.000258s ]
[2023-10-20T21:32:43+08:00][sql] SHOW FULL COLUMNS FROM `nianbao_base_config` [ RunTime:0.000746s ]
[2023-10-20T21:32:43+08:00][sql] SELECT `data`,`name` FROM `nianbao_base_config` [ RunTime:0.000344s ]
[2023-10-20T21:32:43+08:00][sql] SHOW FULL COLUMNS FROM `nianbao_order` [ RunTime:0.000546s ]
[2023-10-20T21:32:43+08:00][sql] INSERT INTO `nianbao_order` SET `member_id` = 2 , `enterprise_id` = 1 , `mobile` = '18713793568' , `title` = '2022年报代报服务费' , `idcard` = '130877414481844451' , `fmobile` = '15555555555' , `order_no` = '20231020213243135135' , `total_price` = '90' , `enterprise_name` = '河北建工集团' , `enterprise_code` = '911354489846884854' , `report_year` = '2022' , `is_declaration` = 0 , `is_success` = 0 , `is_pay` = 0 , `pay_type` = 0 , `create_time` = '2023-10-20 21:32:43' [ RunTime:0.000390s ]
