[2023-10-28T21:32:25+08:00][sql] CONNECT:[ UseTime:0.000377s ] mysql:host=127.0.0.1;port=3306;dbname=nianbao;charset=utf8
[2023-10-28T21:32:25+08:00][sql] SHOW FULL COLUMNS FROM `nianbao_base_config` [ RunTime:0.000589s ]
[2023-10-28T21:32:25+08:00][sql] SELECT `data`,`name` FROM `nianbao_base_config` [ RunTime:0.000281s ]
[2023-10-28T21:32:25+08:00][sql] CONNECT:[ UseTime:0.000397s ] mysql:host=127.0.0.1;port=3306;dbname=nianbao;charset=utf8
[2023-10-28T21:32:25+08:00][sql] SHOW FULL COLUMNS FROM `nianbao_base_config` [ RunTime:0.000540s ]
[2023-10-28T21:32:25+08:00][sql] SELECT `data`,`name` FROM `nianbao_base_config` [ RunTime:0.000453s ]
[2023-10-28T21:32:25+08:00][sql] SHOW FULL COLUMNS FROM `nianbao_member` [ RunTime:0.000648s ]
[2023-10-28T21:32:25+08:00][sql] SELECT * FROM `nianbao_member` WHERE  `openid` = 'o3XKG60HIdAK33RmK4IXIETGXlaQ' LIMIT 1 [ RunTime:0.000327s ]
[2023-10-28T21:32:25+08:00][sql] INSERT INTO `nianbao_member` SET `openid` = 'o3XKG60HIdAK33RmK4IXIETGXlaQ' , `nickname` = '7796OWMZRY' , `avatar` = 'https://thirdwx.qlogo.cn/mmopen/vi_32/POgEwh4mIHO4nibH0KlMECNjjGxQUq24ZEaGT4poC6icRiccVGKSyXwibcPq4BWmiaIGuG1icwxaQX6grC9VemZoJ8rg/132' , `unionid` = 'o3XKG60HIdAK33RmK4IXIETGXlaQ' , `create_time` = '2023-10-28 21:32:25' [ RunTime:0.000237s ]
[2023-10-28T21:32:25+08:00][sql] SELECT * FROM `nianbao_member` WHERE  `id` = 54 LIMIT 1 [ RunTime:0.000270s ]
[2023-10-28T21:32:25+08:00][sql] UPDATE `nianbao_member`  SET `access_token` = 'MTY5ODQ5OTk0NTU0'  WHERE  `id` = 54 [ RunTime:0.000261s ]
[2023-10-28T21:36:27+08:00][sql] CONNECT:[ UseTime:0.000356s ] mysql:host=127.0.0.1;port=3306;dbname=nianbao;charset=utf8
[2023-10-28T21:36:27+08:00][sql] SHOW FULL COLUMNS FROM `nianbao_base_config` [ RunTime:0.000512s ]
[2023-10-28T21:36:27+08:00][sql] SELECT `data`,`name` FROM `nianbao_base_config` [ RunTime:0.000268s ]
[2023-10-28T21:36:27+08:00][sql] CONNECT:[ UseTime:0.000363s ] mysql:host=127.0.0.1;port=3306;dbname=nianbao;charset=utf8
[2023-10-28T21:36:27+08:00][sql] SHOW FULL COLUMNS FROM `nianbao_base_config` [ RunTime:0.000441s ]
[2023-10-28T21:36:27+08:00][sql] SELECT `data`,`name` FROM `nianbao_base_config` [ RunTime:0.000262s ]
[2023-10-28T21:36:27+08:00][sql] SHOW FULL COLUMNS FROM `nianbao_member` [ RunTime:0.000640s ]
[2023-10-28T21:36:27+08:00][sql] SELECT * FROM `nianbao_member` WHERE  `openid` = 'o3XKG6-cVbJykd-sJhShM5MssIV0' LIMIT 1 [ RunTime:0.000302s ]
[2023-10-28T21:36:27+08:00][sql] INSERT INTO `nianbao_member` SET `openid` = 'o3XKG6-cVbJykd-sJhShM5MssIV0' , `nickname` = '60479QR6A1' , `avatar` = 'https://thirdwx.qlogo.cn/mmopen/vi_32/POgEwh4mIHO4nibH0KlMECNjjGxQUq24ZEaGT4poC6icRiccVGKSyXwibcPq4BWmiaIGuG1icwxaQX6grC9VemZoJ8rg/132' , `unionid` = 'o3XKG6-cVbJykd-sJhShM5MssIV0' , `create_time` = '2023-10-28 21:36:27' [ RunTime:0.000221s ]
[2023-10-28T21:36:27+08:00][sql] SELECT * FROM `nianbao_member` WHERE  `id` = 55 LIMIT 1 [ RunTime:0.000261s ]
[2023-10-28T21:36:27+08:00][sql] UPDATE `nianbao_member`  SET `access_token` = 'MTY5ODUwMDE4NzU1'  WHERE  `id` = 55 [ RunTime:0.000237s ]
[2023-10-28T21:36:36+08:00][sql] CONNECT:[ UseTime:0.000367s ] mysql:host=127.0.0.1;port=3306;dbname=nianbao;charset=utf8
[2023-10-28T21:36:36+08:00][sql] SHOW FULL COLUMNS FROM `nianbao_member` [ RunTime:0.000544s ]
[2023-10-28T21:36:36+08:00][sql] SELECT * FROM `nianbao_member` WHERE  `id` = 55 LIMIT 1 [ RunTime:0.000269s ]
[2023-10-28T21:36:36+08:00][sql] SHOW FULL COLUMNS FROM `nianbao_base_config` [ RunTime:0.000345s ]
[2023-10-28T21:36:36+08:00][sql] SELECT `data`,`name` FROM `nianbao_base_config` [ RunTime:0.000247s ]
[2023-10-28T21:36:36+08:00][sql] SELECT * FROM `nianbao_member` WHERE  `id` = 55 LIMIT 1 [ RunTime:0.000471s ]
[2023-10-28T21:36:36+08:00][sql] UPDATE `nianbao_member`  SET `mobile` = '16678910555'  WHERE  `id` = 55 [ RunTime:0.000322s ]
[2023-10-28T21:36:36+08:00][sql] CONNECT:[ UseTime:0.000395s ] mysql:host=127.0.0.1;port=3306;dbname=nianbao;charset=utf8
[2023-10-28T21:36:36+08:00][sql] SHOW FULL COLUMNS FROM `nianbao_base_config` [ RunTime:0.000644s ]
[2023-10-28T21:36:36+08:00][sql] SELECT `data`,`name` FROM `nianbao_base_config` [ RunTime:0.000379s ]
[2023-10-28T21:36:36+08:00][sql] CONNECT:[ UseTime:0.000298s ] mysql:host=127.0.0.1;port=3306;dbname=nianbao;charset=utf8
[2023-10-28T21:36:36+08:00][sql] SHOW FULL COLUMNS FROM `nianbao_member` [ RunTime:0.000532s ]
[2023-10-28T21:36:36+08:00][sql] SELECT * FROM `nianbao_member` WHERE  `mobile` = '16678910555' LIMIT 1 [ RunTime:0.000343s ]
[2023-10-28T21:36:36+08:00][sql] SHOW FULL COLUMNS FROM `nianbao_member_enterprise` [ RunTime:0.000579s ]
[2023-10-28T21:36:36+08:00][sql] SELECT * FROM `nianbao_member_enterprise` WHERE  `member_mobile` = '16678910555' ORDER BY `id` DESC LIMIT 1 [ RunTime:0.000331s ]
[2023-10-28T21:36:36+08:00][sql] SHOW FULL COLUMNS FROM `nianbao_enterprise` [ RunTime:0.000666s ]
[2023-10-28T21:36:36+08:00][sql] SELECT * FROM `nianbao_enterprise` WHERE  `mobile` = '16678910555' LIMIT 1 [ RunTime:0.001506s ]
[2023-10-28T21:36:36+08:00][sql] CONNECT:[ UseTime:0.000291s ] mysql:host=127.0.0.1;port=3306;dbname=nianbao;charset=utf8
[2023-10-28T21:36:36+08:00][sql] SHOW FULL COLUMNS FROM `nianbao_member` [ RunTime:0.000475s ]
[2023-10-28T21:36:36+08:00][sql] SELECT * FROM `nianbao_member` WHERE  `mobile` = '16678910555' LIMIT 1 [ RunTime:0.000278s ]
[2023-10-28T21:36:36+08:00][sql] SHOW FULL COLUMNS FROM `nianbao_member_enterprise` [ RunTime:0.000367s ]
[2023-10-28T21:36:36+08:00][sql] SELECT * FROM `nianbao_member_enterprise` WHERE  `member_mobile` = '16678910555' ORDER BY `id` DESC [ RunTime:0.000194s ]
[2023-10-28T21:36:43+08:00][sql] CONNECT:[ UseTime:0.000226s ] mysql:host=127.0.0.1;port=3306;dbname=nianbao;charset=utf8
[2023-10-28T21:36:43+08:00][sql] SHOW FULL COLUMNS FROM `nianbao_base_config` [ RunTime:0.000497s ]
[2023-10-28T21:36:43+08:00][sql] SELECT `data`,`name` FROM `nianbao_base_config` [ RunTime:0.000258s ]
[2023-10-28T21:36:43+08:00][sql] CONNECT:[ UseTime:0.000377s ] mysql:host=127.0.0.1;port=3306;dbname=nianbao;charset=utf8
[2023-10-28T21:36:43+08:00][sql] SHOW FULL COLUMNS FROM `nianbao_member` [ RunTime:0.000528s ]
[2023-10-28T21:36:43+08:00][sql] SELECT * FROM `nianbao_member` WHERE  `mobile` = '15668132677' LIMIT 1 [ RunTime:0.000281s ]
[2023-10-28T21:36:43+08:00][sql] SHOW FULL COLUMNS FROM `nianbao_member_enterprise` [ RunTime:0.000389s ]
[2023-10-28T21:36:43+08:00][sql] SELECT * FROM `nianbao_member_enterprise` WHERE  `member_mobile` = '15668132677' ORDER BY `id` DESC [ RunTime:0.000210s ]
[2023-10-28T21:36:43+08:00][sql] SHOW FULL COLUMNS FROM `nianbao_enterprise` [ RunTime:0.000384s ]
[2023-10-28T21:36:43+08:00][sql] SELECT * FROM `nianbao_enterprise` WHERE  `id` = 19 LIMIT 1 [ RunTime:0.000217s ]
[2023-10-28T21:36:43+08:00][sql] SHOW FULL COLUMNS FROM `nianbao_enterprise_report` [ RunTime:0.000506s ]
[2023-10-28T21:36:43+08:00][sql] SELECT * FROM `nianbao_enterprise_report` WHERE  `enterprise_code` = '913707834939611409'  AND `report_year` = '2022' LIMIT 1 [ RunTime:0.000258s ]
[2023-10-28T21:36:43+08:00][sql] SELECT * FROM `nianbao_enterprise` WHERE  `id` = 3 LIMIT 1 [ RunTime:0.000180s ]
[2023-10-28T21:36:43+08:00][sql] SELECT * FROM `nianbao_enterprise_report` WHERE  `enterprise_code` = '91370702MA3D6XQH1R'  AND `report_year` = '2022' LIMIT 1 [ RunTime:0.000202s ]
[2023-10-28T21:36:43+08:00][sql] SELECT * FROM `nianbao_enterprise` WHERE  `id` = 708 LIMIT 1 [ RunTime:0.000166s ]
[2023-10-28T21:36:43+08:00][sql] SELECT * FROM `nianbao_enterprise_report` WHERE  `enterprise_code` = '91320300664936565L'  AND `report_year` = '2022' LIMIT 1 [ RunTime:0.000399s ]
[2023-10-28T21:36:43+08:00][sql] SELECT * FROM `nianbao_enterprise` WHERE  `id` = 1029 LIMIT 1 [ RunTime:0.000177s ]
[2023-10-28T21:36:43+08:00][sql] SELECT * FROM `nianbao_enterprise_report` WHERE  `enterprise_code` = '92370826MA3UYBDB8H'  AND `report_year` = '2022' LIMIT 1 [ RunTime:0.000488s ]
[2023-10-28T22:11:16+08:00][sql] CONNECT:[ UseTime:0.000327s ] mysql:host=127.0.0.1;port=3306;dbname=nianbao;charset=utf8
[2023-10-28T22:11:16+08:00][sql] SHOW FULL COLUMNS FROM `nianbao_base_config` [ RunTime:0.000455s ]
[2023-10-28T22:11:16+08:00][sql] SELECT `data`,`name` FROM `nianbao_base_config` [ RunTime:0.000246s ]
[2023-10-28T22:11:16+08:00][sql] CONNECT:[ UseTime:0.000286s ] mysql:host=127.0.0.1;port=3306;dbname=nianbao;charset=utf8
[2023-10-28T22:11:16+08:00][sql] SHOW FULL COLUMNS FROM `nianbao_member` [ RunTime:0.000479s ]
[2023-10-28T22:11:16+08:00][sql] SELECT * FROM `nianbao_member` WHERE  `mobile` = '15668132677' LIMIT 1 [ RunTime:0.000247s ]
[2023-10-28T22:11:16+08:00][sql] SHOW FULL COLUMNS FROM `nianbao_member_enterprise` [ RunTime:0.000475s ]
[2023-10-28T22:11:16+08:00][sql] SELECT * FROM `nianbao_member_enterprise` WHERE  `member_mobile` = '15668132677' ORDER BY `id` DESC [ RunTime:0.000222s ]
[2023-10-28T22:11:16+08:00][sql] SHOW FULL COLUMNS FROM `nianbao_enterprise` [ RunTime:0.000430s ]
[2023-10-28T22:11:16+08:00][sql] SELECT * FROM `nianbao_enterprise` WHERE  `id` = 19 LIMIT 1 [ RunTime:0.000205s ]
[2023-10-28T22:11:16+08:00][sql] SHOW FULL COLUMNS FROM `nianbao_enterprise_report` [ RunTime:0.000404s ]
[2023-10-28T22:11:16+08:00][sql] SELECT * FROM `nianbao_enterprise_report` WHERE  `enterprise_code` = '913707834939611409'  AND `report_year` = '2022' LIMIT 1 [ RunTime:0.000203s ]
[2023-10-28T22:11:16+08:00][sql] SELECT * FROM `nianbao_enterprise` WHERE  `id` = 3 LIMIT 1 [ RunTime:0.000169s ]
[2023-10-28T22:11:16+08:00][sql] SELECT * FROM `nianbao_enterprise_report` WHERE  `enterprise_code` = '91370702MA3D6XQH1R'  AND `report_year` = '2022' LIMIT 1 [ RunTime:0.000178s ]
[2023-10-28T22:11:16+08:00][sql] SELECT * FROM `nianbao_enterprise` WHERE  `id` = 708 LIMIT 1 [ RunTime:0.000167s ]
[2023-10-28T22:11:16+08:00][sql] SELECT * FROM `nianbao_enterprise_report` WHERE  `enterprise_code` = '91320300664936565L'  AND `report_year` = '2022' LIMIT 1 [ RunTime:0.000384s ]
[2023-10-28T22:11:16+08:00][sql] SELECT * FROM `nianbao_enterprise` WHERE  `id` = 1029 LIMIT 1 [ RunTime:0.000158s ]
[2023-10-28T22:11:16+08:00][sql] SELECT * FROM `nianbao_enterprise_report` WHERE  `enterprise_code` = '92370826MA3UYBDB8H'  AND `report_year` = '2022' LIMIT 1 [ RunTime:0.000460s ]
