[2023-10-29T00:13:38+08:00][sql] CONNECT:[ UseTime:0.000331s ] mysql:host=127.0.0.1;port=3306;dbname=nianbao;charset=utf8
[2023-10-29T00:13:38+08:00][sql] SHOW FULL COLUMNS FROM `nianbao_base_config` [ RunTime:0.000499s ]
[2023-10-29T00:13:38+08:00][sql] SELECT `data`,`name` FROM `nianbao_base_config` [ RunTime:0.000243s ]
[2023-10-29T00:13:38+08:00][sql] CONNECT:[ UseTime:0.000375s ] mysql:host=127.0.0.1;port=3306;dbname=nianbao;charset=utf8
[2023-10-29T00:13:38+08:00][sql] SHOW FULL COLUMNS FROM `nianbao_member` [ RunTime:0.000649s ]
[2023-10-29T00:13:38+08:00][sql] SELECT * FROM `nianbao_member` WHERE  `mobile` = '17712148253' LIMIT 1 [ RunTime:0.000353s ]
[2023-10-29T00:13:38+08:00][sql] SHOW FULL COLUMNS FROM `nianbao_member_enterprise` [ RunTime:0.000638s ]
[2023-10-29T00:13:38+08:00][sql] SELECT * FROM `nianbao_member_enterprise` ORDER BY `id` DESC [ RunTime:0.000294s ]
[2023-10-29T00:13:38+08:00][sql] SHOW FULL COLUMNS FROM `nianbao_enterprise` [ RunTime:0.000599s ]
[2023-10-29T00:13:38+08:00][sql] SELECT * FROM `nianbao_enterprise` WHERE  `id` = 19 LIMIT 1 [ RunTime:0.000252s ]
[2023-10-29T00:13:38+08:00][sql] SHOW FULL COLUMNS FROM `nianbao_enterprise_report` [ RunTime:0.000427s ]
[2023-10-29T00:13:38+08:00][sql] SELECT * FROM `nianbao_enterprise_report` WHERE  `enterprise_code` = '913707834939611409'  AND `report_year` = '2022' LIMIT 1 [ RunTime:0.000237s ]
[2023-10-29T00:13:38+08:00][sql] SELECT * FROM `nianbao_enterprise` WHERE  `id` = 761 LIMIT 1 [ RunTime:0.000175s ]
[2023-10-29T00:13:38+08:00][sql] SELECT * FROM `nianbao_enterprise_report` WHERE  `enterprise_code` = '913203001364236510'  AND `report_year` = '2022' LIMIT 1 [ RunTime:0.000408s ]
[2023-10-29T00:13:38+08:00][sql] SELECT * FROM `nianbao_enterprise` WHERE  `id` = 708 LIMIT 1 [ RunTime:0.000159s ]
[2023-10-29T00:13:38+08:00][sql] SELECT * FROM `nianbao_enterprise_report` WHERE  `enterprise_code` = '91320300664936565L'  AND `report_year` = '2022' LIMIT 1 [ RunTime:0.000378s ]
[2023-10-29T00:13:38+08:00][sql] SELECT * FROM `nianbao_enterprise` WHERE  `id` = 2636 LIMIT 1 [ RunTime:0.000188s ]
[2023-10-29T00:13:38+08:00][sql] SELECT * FROM `nianbao_enterprise_report` WHERE  `enterprise_code` = '92370687MA94ELF49Q'  AND `report_year` = '2022' LIMIT 1 [ RunTime:0.001006s ]
[2023-10-29T00:13:38+08:00][sql] SELECT * FROM `nianbao_enterprise` WHERE  `id` = 708 LIMIT 1 [ RunTime:0.000184s ]
[2023-10-29T00:13:38+08:00][sql] SELECT * FROM `nianbao_enterprise_report` WHERE  `enterprise_code` = '91320300664936565L'  AND `report_year` = '2022' LIMIT 1 [ RunTime:0.000371s ]
[2023-10-29T00:13:38+08:00][sql] SELECT * FROM `nianbao_enterprise` WHERE  `id` = 17 LIMIT 1 [ RunTime:0.000170s ]
[2023-10-29T00:13:38+08:00][sql] SELECT * FROM `nianbao_enterprise_report` WHERE  `enterprise_code` = '913707050523907339'  AND `report_year` = '2022' LIMIT 1 [ RunTime:0.000181s ]
[2023-10-29T00:13:38+08:00][sql] SELECT * FROM `nianbao_enterprise` WHERE  `id` = 3 LIMIT 1 [ RunTime:0.000172s ]
[2023-10-29T00:13:38+08:00][sql] SELECT * FROM `nianbao_enterprise_report` WHERE  `enterprise_code` = '91370702MA3D6XQH1R'  AND `report_year` = '2022' LIMIT 1 [ RunTime:0.000174s ]
[2023-10-29T00:13:38+08:00][sql] SELECT * FROM `nianbao_enterprise` WHERE  `id` = 940 LIMIT 1 [ RunTime:0.000174s ]
[2023-10-29T00:13:38+08:00][sql] SELECT * FROM `nianbao_enterprise_report` WHERE  `enterprise_code` = '913203017206188026'  AND `report_year` = '2022' LIMIT 1 [ RunTime:0.000461s ]
[2023-10-29T00:13:38+08:00][sql] SELECT * FROM `nianbao_enterprise` WHERE  `id` = 8 LIMIT 1 [ RunTime:0.000163s ]
[2023-10-29T00:13:38+08:00][sql] SELECT * FROM `nianbao_enterprise_report` WHERE  `enterprise_code` = '91370783MA3CHMCW4D'  AND `report_year` = '2022' LIMIT 1 [ RunTime:0.000189s ]
[2023-10-29T00:13:38+08:00][sql] SELECT * FROM `nianbao_enterprise` WHERE  `id` = 1 LIMIT 1 [ RunTime:0.000159s ]
[2023-10-29T00:13:38+08:00][sql] SELECT * FROM `nianbao_enterprise_report` WHERE  `enterprise_code` = '911354489846884854'  AND `report_year` = '2022' LIMIT 1 [ RunTime:0.000168s ]
[2023-10-29T00:13:38+08:00][sql] SELECT * FROM `nianbao_enterprise` WHERE  `id` = 708 LIMIT 1 [ RunTime:0.000160s ]
[2023-10-29T00:13:38+08:00][sql] SELECT * FROM `nianbao_enterprise_report` WHERE  `enterprise_code` = '91320300664936565L'  AND `report_year` = '2022' LIMIT 1 [ RunTime:0.000371s ]
[2023-10-29T00:13:38+08:00][sql] SELECT * FROM `nianbao_enterprise` WHERE  `id` = 2573 LIMIT 1 [ RunTime:0.000181s ]
[2023-10-29T00:13:38+08:00][sql] SELECT * FROM `nianbao_enterprise_report` WHERE  `enterprise_code` = '92370634MA94TBLT6M'  AND `report_year` = '2022' LIMIT 1 [ RunTime:0.000925s ]
[2023-10-29T00:13:38+08:00][sql] SELECT * FROM `nianbao_enterprise` WHERE  `id` = 713 LIMIT 1 [ RunTime:0.000179s ]
[2023-10-29T00:13:38+08:00][sql] SELECT * FROM `nianbao_enterprise_report` WHERE  `enterprise_code` = '91320000134750616Q'  AND `report_year` = '2022' LIMIT 1 [ RunTime:0.000401s ]
[2023-10-29T00:13:38+08:00][sql] SELECT * FROM `nianbao_enterprise` WHERE  `id` = 1030 LIMIT 1 [ RunTime:0.000164s ]
[2023-10-29T00:13:38+08:00][sql] SELECT * FROM `nianbao_enterprise_report` WHERE  `enterprise_code` = '91370882562544157p'  AND `report_year` = '2022' LIMIT 1 [ RunTime:0.000483s ]
[2023-10-29T00:13:38+08:00][sql] SELECT * FROM `nianbao_enterprise` WHERE  `id` = 709 LIMIT 1 [ RunTime:0.000165s ]
[2023-10-29T00:13:38+08:00][sql] SELECT * FROM `nianbao_enterprise_report` WHERE  `enterprise_code` = '91320300136442270G'  AND `report_year` = '2022' LIMIT 1 [ RunTime:0.000390s ]
[2023-10-29T00:13:38+08:00][sql] SELECT * FROM `nianbao_enterprise` WHERE  `id` = 710 LIMIT 1 [ RunTime:0.000165s ]
[2023-10-29T00:13:38+08:00][sql] SELECT * FROM `nianbao_enterprise_report` WHERE  `enterprise_code` = '91320300MA1P2FW74J'  AND `report_year` = '2022' LIMIT 1 [ RunTime:0.000387s ]
[2023-10-29T00:13:38+08:00][sql] SELECT * FROM `nianbao_enterprise` WHERE  `id` = 1004 LIMIT 1 [ RunTime:0.000162s ]
[2023-10-29T00:13:38+08:00][sql] SELECT * FROM `nianbao_enterprise_report` WHERE  `enterprise_code` = '91370830746572988Y'  AND `report_year` = '2022' LIMIT 1 [ RunTime:0.000491s ]
[2023-10-29T00:13:38+08:00][sql] SELECT * FROM `nianbao_enterprise` WHERE  `id` = 713 LIMIT 1 [ RunTime:0.000175s ]
[2023-10-29T00:13:38+08:00][sql] SELECT * FROM `nianbao_enterprise_report` WHERE  `enterprise_code` = '91320000134750616Q'  AND `report_year` = '2022' LIMIT 1 [ RunTime:0.000389s ]
[2023-10-29T00:13:38+08:00][sql] SELECT * FROM `nianbao_enterprise` WHERE  `id` = 791 LIMIT 1 [ RunTime:0.000167s ]
[2023-10-29T00:13:38+08:00][sql] SELECT * FROM `nianbao_enterprise_report` WHERE  `enterprise_code` = '91320300565311615W'  AND `report_year` = '2022' LIMIT 1 [ RunTime:0.000408s ]
[2023-10-29T00:13:38+08:00][sql] SELECT * FROM `nianbao_enterprise` WHERE  `id` = 1029 LIMIT 1 [ RunTime:0.000163s ]
[2023-10-29T00:13:38+08:00][sql] SELECT * FROM `nianbao_enterprise_report` WHERE  `enterprise_code` = '92370826MA3UYBDB8H'  AND `report_year` = '2022' LIMIT 1 [ RunTime:0.000450s ]
[2023-10-29T00:13:38+08:00][sql] SELECT * FROM `nianbao_enterprise` WHERE  `id` = 1029 LIMIT 1 [ RunTime:0.000163s ]
[2023-10-29T00:13:38+08:00][sql] SELECT * FROM `nianbao_enterprise_report` WHERE  `enterprise_code` = '92370826MA3UYBDB8H'  AND `report_year` = '2022' LIMIT 1 [ RunTime:0.000448s ]
[2023-10-29T00:13:38+08:00][sql] SELECT * FROM `nianbao_enterprise` WHERE  `id` = 972 LIMIT 1 [ RunTime:0.000163s ]
[2023-10-29T00:13:38+08:00][sql] SELECT * FROM `nianbao_enterprise_report` WHERE  `enterprise_code` = '91370800723876735L'  AND `report_year` = '2022' LIMIT 1 [ RunTime:0.000454s ]
[2023-10-29T00:13:38+08:00][sql] SELECT * FROM `nianbao_enterprise` WHERE  `id` = 121 LIMIT 1 [ RunTime:0.000177s ]
[2023-10-29T00:13:38+08:00][sql] SELECT * FROM `nianbao_enterprise_report` WHERE  `enterprise_code` = '91370702165421372U'  AND `report_year` = '2022' LIMIT 1 [ RunTime:0.000235s ]
[2023-10-29T00:13:38+08:00][sql] SELECT * FROM `nianbao_enterprise` WHERE  `id` = 2 LIMIT 1 [ RunTime:0.000172s ]
[2023-10-29T00:13:38+08:00][sql] SELECT * FROM `nianbao_enterprise_report` WHERE  `enterprise_code` = '911354248648979855'  AND `report_year` = '2022' LIMIT 1 [ RunTime:0.000171s ]
[2023-10-29T00:13:38+08:00][sql] SELECT * FROM `nianbao_enterprise` WHERE  `id` = 1029 LIMIT 1 [ RunTime:0.000156s ]
[2023-10-29T00:13:38+08:00][sql] SELECT * FROM `nianbao_enterprise_report` WHERE  `enterprise_code` = '92370826MA3UYBDB8H'  AND `report_year` = '2022' LIMIT 1 [ RunTime:0.000444s ]
[2023-10-29T00:13:38+08:00][sql] SELECT * FROM `nianbao_enterprise` WHERE  `id` = 2 LIMIT 1 [ RunTime:0.000159s ]
[2023-10-29T00:13:38+08:00][sql] SELECT * FROM `nianbao_enterprise_report` WHERE  `enterprise_code` = '911354248648979855'  AND `report_year` = '2022' LIMIT 1 [ RunTime:0.000173s ]
[2023-10-29T00:13:38+08:00][sql] SELECT * FROM `nianbao_enterprise` WHERE  `id` = 12 LIMIT 1 [ RunTime:0.000156s ]
[2023-10-29T00:13:38+08:00][sql] SELECT * FROM `nianbao_enterprise_report` WHERE  `enterprise_code` = '913707006667156276'  AND `report_year` = '2022' LIMIT 1 [ RunTime:0.000184s ]
[2023-10-29T00:13:38+08:00][sql] SELECT * FROM `nianbao_enterprise` WHERE  `id` = 1 LIMIT 1 [ RunTime:0.000161s ]
[2023-10-29T00:13:38+08:00][sql] SELECT * FROM `nianbao_enterprise_report` WHERE  `enterprise_code` = '911354489846884854'  AND `report_year` = '2022' LIMIT 1 [ RunTime:0.000166s ]
[2023-10-29T00:13:38+08:00][sql] SELECT * FROM `nianbao_enterprise` WHERE  `id` = 971 LIMIT 1 [ RunTime:0.000168s ]
[2023-10-29T00:13:38+08:00][sql] SELECT * FROM `nianbao_enterprise_report` WHERE  `enterprise_code` = '913708006755224216'  AND `report_year` = '2022' LIMIT 1 [ RunTime:0.000442s ]
[2023-10-29T00:13:38+08:00][sql] SELECT * FROM `nianbao_enterprise` WHERE  `id` = 1 LIMIT 1 [ RunTime:0.000177s ]
[2023-10-29T00:13:38+08:00][sql] SELECT * FROM `nianbao_enterprise_report` WHERE  `enterprise_code` = '911354489846884854'  AND `report_year` = '2022' LIMIT 1 [ RunTime:0.000170s ]
[2023-10-29T00:13:38+08:00][sql] SELECT * FROM `nianbao_enterprise` WHERE  `id` = 1 LIMIT 1 [ RunTime:0.000156s ]
[2023-10-29T00:13:38+08:00][sql] SELECT * FROM `nianbao_enterprise_report` WHERE  `enterprise_code` = '911354489846884854'  AND `report_year` = '2022' LIMIT 1 [ RunTime:0.000202s ]
[2023-10-29T15:53:04+08:00][sql] CONNECT:[ UseTime:0.000395s ] mysql:host=127.0.0.1;port=3306;dbname=nianbao;charset=utf8
[2023-10-29T15:53:04+08:00][sql] SHOW FULL COLUMNS FROM `nianbao_base_config` [ RunTime:0.000620s ]
[2023-10-29T15:53:04+08:00][sql] SELECT `data`,`name` FROM `nianbao_base_config` [ RunTime:0.000319s ]
[2023-10-29T15:53:04+08:00][sql] CONNECT:[ UseTime:0.000301s ] mysql:host=127.0.0.1;port=3306;dbname=nianbao;charset=utf8
[2023-10-29T15:53:04+08:00][sql] SHOW FULL COLUMNS FROM `nianbao_member` [ RunTime:0.000542s ]
[2023-10-29T15:53:04+08:00][sql] SELECT * FROM `nianbao_member` WHERE  `mobile` = '15668132677' LIMIT 1 [ RunTime:0.000280s ]
[2023-10-29T15:53:04+08:00][sql] SHOW FULL COLUMNS FROM `nianbao_member_enterprise` [ RunTime:0.000422s ]
[2023-10-29T15:53:04+08:00][sql] SELECT * FROM `nianbao_member_enterprise` WHERE  `member_mobile` = '15668132677' ORDER BY `id` DESC [ RunTime:0.000242s ]
[2023-10-29T15:53:04+08:00][sql] SHOW FULL COLUMNS FROM `nianbao_enterprise` [ RunTime:0.000440s ]
[2023-10-29T15:53:04+08:00][sql] SELECT * FROM `nianbao_enterprise` WHERE  `id` = 19 LIMIT 1 [ RunTime:0.000221s ]
[2023-10-29T15:53:04+08:00][sql] SHOW FULL COLUMNS FROM `nianbao_enterprise_report` [ RunTime:0.000421s ]
[2023-10-29T15:53:04+08:00][sql] SELECT * FROM `nianbao_enterprise_report` WHERE  `enterprise_code` = '913707834939611409'  AND `report_year` = '2022' LIMIT 1 [ RunTime:0.000255s ]
[2023-10-29T15:53:04+08:00][sql] SELECT * FROM `nianbao_enterprise` WHERE  `id` = 3 LIMIT 1 [ RunTime:0.000203s ]
[2023-10-29T15:53:04+08:00][sql] SELECT * FROM `nianbao_enterprise_report` WHERE  `enterprise_code` = '91370702MA3D6XQH1R'  AND `report_year` = '2022' LIMIT 1 [ RunTime:0.000180s ]
[2023-10-29T15:53:04+08:00][sql] SELECT * FROM `nianbao_enterprise` WHERE  `id` = 708 LIMIT 1 [ RunTime:0.000242s ]
[2023-10-29T15:53:04+08:00][sql] SELECT * FROM `nianbao_enterprise_report` WHERE  `enterprise_code` = '91320300664936565L'  AND `report_year` = '2022' LIMIT 1 [ RunTime:0.000415s ]
[2023-10-29T15:53:04+08:00][sql] SELECT * FROM `nianbao_enterprise` WHERE  `id` = 1029 LIMIT 1 [ RunTime:0.000180s ]
[2023-10-29T15:53:04+08:00][sql] SELECT * FROM `nianbao_enterprise_report` WHERE  `enterprise_code` = '92370826MA3UYBDB8H'  AND `report_year` = '2022' LIMIT 1 [ RunTime:0.000466s ]
[2023-10-29T15:53:09+08:00][sql] CONNECT:[ UseTime:0.000274s ] mysql:host=127.0.0.1;port=3306;dbname=nianbao;charset=utf8
[2023-10-29T15:53:09+08:00][sql] SHOW FULL COLUMNS FROM `nianbao_member` [ RunTime:0.000508s ]
[2023-10-29T15:53:09+08:00][sql] SELECT * FROM `nianbao_member` WHERE  `mobile` = '15668132677' LIMIT 1 [ RunTime:0.000269s ]
[2023-10-29T15:53:09+08:00][sql] SHOW FULL COLUMNS FROM `nianbao_enterprise` [ RunTime:0.000427s ]
[2023-10-29T15:53:09+08:00][sql] SELECT * FROM `nianbao_enterprise` WHERE  `enterprise_name` LIKE '%云上%' [ RunTime:0.001707s ]
[2023-10-29T15:53:09+08:00][sql] SHOW FULL COLUMNS FROM `nianbao_enterprise_report` [ RunTime:0.000419s ]
[2023-10-29T15:53:09+08:00][sql] SELECT * FROM `nianbao_enterprise_report` WHERE  `enterprise_code` = '92370826MA3UYBDB8H'  AND `report_year` = '2022' LIMIT 1 [ RunTime:0.000531s ]
[2023-10-29T15:53:11+08:00][sql] CONNECT:[ UseTime:0.000407s ] mysql:host=127.0.0.1;port=3306;dbname=nianbao;charset=utf8
[2023-10-29T15:53:11+08:00][sql] SHOW FULL COLUMNS FROM `nianbao_member` [ RunTime:0.000549s ]
[2023-10-29T15:53:11+08:00][sql] SELECT * FROM `nianbao_member` WHERE  `mobile` = '15668132677' LIMIT 1 [ RunTime:0.000283s ]
[2023-10-29T15:53:11+08:00][sql] SHOW FULL COLUMNS FROM `nianbao_enterprise` [ RunTime:0.000368s ]
[2023-10-29T15:53:11+08:00][sql] SELECT * FROM `nianbao_enterprise` WHERE  `enterprise_code` = '92370826MA3UYBDB8H' LIMIT 1 [ RunTime:0.000643s ]
[2023-10-29T15:53:11+08:00][sql] SHOW FULL COLUMNS FROM `nianbao_member_enterprise` [ RunTime:0.000359s ]
[2023-10-29T15:53:11+08:00][sql] SELECT * FROM `nianbao_member_enterprise` WHERE  `enterprise_id` = 1029  AND `member_mobile` = '15668132677' LIMIT 1 [ RunTime:0.000237s ]
[2023-10-29T15:53:11+08:00][sql] SHOW FULL COLUMNS FROM `nianbao_enterprise_report` [ RunTime:0.000328s ]
[2023-10-29T15:53:11+08:00][sql] SELECT * FROM `nianbao_enterprise_report` WHERE  `enterprise_code` = '92370826MA3UYBDB8H'  AND `report_year` = '2022' LIMIT 1 [ RunTime:0.000536s ]
[2023-10-29T15:53:11+08:00][sql] CONNECT:[ UseTime:0.000335s ] mysql:host=127.0.0.1;port=3306;dbname=nianbao;charset=utf8
[2023-10-29T15:53:11+08:00][sql] SHOW FULL COLUMNS FROM `nianbao_member` [ RunTime:0.000497s ]
[2023-10-29T15:53:11+08:00][sql] SELECT * FROM `nianbao_member` WHERE  `mobile` = '15668132677' LIMIT 1 [ RunTime:0.000277s ]
[2023-10-29T15:53:11+08:00][sql] SHOW FULL COLUMNS FROM `nianbao_member_enterprise` [ RunTime:0.000397s ]
[2023-10-29T15:53:11+08:00][sql] SELECT * FROM `nianbao_member_enterprise` WHERE  `member_mobile` = '15668132677' ORDER BY `id` DESC LIMIT 1 [ RunTime:0.000191s ]
[2023-10-29T15:53:11+08:00][sql] SHOW FULL COLUMNS FROM `nianbao_enterprise` [ RunTime:0.000366s ]
[2023-10-29T15:53:11+08:00][sql] SELECT * FROM `nianbao_enterprise` WHERE  `id` = 19 LIMIT 1 [ RunTime:0.000189s ]
[2023-10-29T15:53:11+08:00][sql] SHOW FULL COLUMNS FROM `nianbao_enterprise_report` [ RunTime:0.000361s ]
[2023-10-29T15:53:11+08:00][sql] SELECT * FROM `nianbao_enterprise_report` WHERE  `enterprise_code` = '913707834939611409'  AND `report_year` = '2022' LIMIT 1 [ RunTime:0.000208s ]
[2023-10-29T15:53:11+08:00][sql] CONNECT:[ UseTime:0.000374s ] mysql:host=127.0.0.1;port=3306;dbname=nianbao;charset=utf8
[2023-10-29T15:53:11+08:00][sql] SHOW FULL COLUMNS FROM `nianbao_member` [ RunTime:0.000576s ]
[2023-10-29T15:53:11+08:00][sql] SELECT * FROM `nianbao_member` WHERE  `mobile` = '15668132677' LIMIT 1 [ RunTime:0.000281s ]
[2023-10-29T15:53:11+08:00][sql] SHOW FULL COLUMNS FROM `nianbao_member_enterprise` [ RunTime:0.000385s ]
[2023-10-29T15:53:11+08:00][sql] SELECT * FROM `nianbao_member_enterprise` WHERE  `member_mobile` = '15668132677' ORDER BY `id` DESC [ RunTime:0.000226s ]
[2023-10-29T15:53:11+08:00][sql] SHOW FULL COLUMNS FROM `nianbao_enterprise` [ RunTime:0.000429s ]
[2023-10-29T15:53:11+08:00][sql] SELECT * FROM `nianbao_enterprise` WHERE  `id` = 19 LIMIT 1 [ RunTime:0.000191s ]
[2023-10-29T15:53:11+08:00][sql] SHOW FULL COLUMNS FROM `nianbao_enterprise_report` [ RunTime:0.000396s ]
[2023-10-29T15:53:11+08:00][sql] SELECT * FROM `nianbao_enterprise_report` WHERE  `enterprise_code` = '913707834939611409'  AND `report_year` = '2022' LIMIT 1 [ RunTime:0.000241s ]
[2023-10-29T15:53:11+08:00][sql] SELECT * FROM `nianbao_enterprise` WHERE  `id` = 3 LIMIT 1 [ RunTime:0.000201s ]
[2023-10-29T15:53:11+08:00][sql] SELECT * FROM `nianbao_enterprise_report` WHERE  `enterprise_code` = '91370702MA3D6XQH1R'  AND `report_year` = '2022' LIMIT 1 [ RunTime:0.000176s ]
[2023-10-29T15:53:11+08:00][sql] SELECT * FROM `nianbao_enterprise` WHERE  `id` = 708 LIMIT 1 [ RunTime:0.000166s ]
[2023-10-29T15:53:11+08:00][sql] SELECT * FROM `nianbao_enterprise_report` WHERE  `enterprise_code` = '91320300664936565L'  AND `report_year` = '2022' LIMIT 1 [ RunTime:0.000375s ]
[2023-10-29T15:53:11+08:00][sql] SELECT * FROM `nianbao_enterprise` WHERE  `id` = 1029 LIMIT 1 [ RunTime:0.000158s ]
[2023-10-29T15:53:11+08:00][sql] SELECT * FROM `nianbao_enterprise_report` WHERE  `enterprise_code` = '92370826MA3UYBDB8H'  AND `report_year` = '2022' LIMIT 1 [ RunTime:0.000468s ]
[2023-10-29T15:53:11+08:00][sql] CONNECT:[ UseTime:0.000390s ] mysql:host=127.0.0.1;port=3306;dbname=nianbao;charset=utf8
[2023-10-29T15:53:11+08:00][sql] SHOW FULL COLUMNS FROM `nianbao_member` [ RunTime:0.000571s ]
[2023-10-29T15:53:11+08:00][sql] SELECT * FROM `nianbao_member` WHERE  `mobile` = '15668132677' LIMIT 1 [ RunTime:0.000277s ]
[2023-10-29T15:53:11+08:00][sql] SHOW FULL COLUMNS FROM `nianbao_member_enterprise` [ RunTime:0.000379s ]
[2023-10-29T15:53:11+08:00][sql] SELECT * FROM `nianbao_member_enterprise` WHERE  `id` = 31 LIMIT 1 [ RunTime:0.000189s ]
[2023-10-29T15:53:11+08:00][sql] SHOW FULL COLUMNS FROM `nianbao_enterprise` [ RunTime:0.000334s ]
[2023-10-29T15:53:11+08:00][sql] SELECT * FROM `nianbao_enterprise` WHERE  `id` = 19 LIMIT 1 [ RunTime:0.000206s ]
[2023-10-29T15:53:11+08:00][sql] SHOW FULL COLUMNS FROM `nianbao_enterprise_report` [ RunTime:0.000373s ]
[2023-10-29T15:53:11+08:00][sql] SELECT * FROM `nianbao_enterprise_report` WHERE  `enterprise_code` = '913707834939611409'  AND `report_year` = '2022' LIMIT 1 [ RunTime:0.000227s ]
[2023-10-29T15:53:11+08:00][sql] SHOW FULL COLUMNS FROM `nianbao_base_config` [ RunTime:0.000445s ]
[2023-10-29T15:53:11+08:00][sql] SELECT `data`,`name` FROM `nianbao_base_config` [ RunTime:0.000241s ]
[2023-10-29T19:13:24+08:00][sql] CONNECT:[ UseTime:0.000354s ] mysql:host=127.0.0.1;port=3306;dbname=nianbao;charset=utf8
[2023-10-29T19:13:24+08:00][sql] SHOW FULL COLUMNS FROM `nianbao_base_config` [ RunTime:0.000627s ]
[2023-10-29T19:13:24+08:00][sql] SELECT `data`,`name` FROM `nianbao_base_config` [ RunTime:0.000311s ]
[2023-10-29T19:13:24+08:00][sql] CONNECT:[ UseTime:0.000285s ] mysql:host=127.0.0.1;port=3306;dbname=nianbao;charset=utf8
[2023-10-29T19:13:24+08:00][sql] SHOW FULL COLUMNS FROM `nianbao_member` [ RunTime:0.000537s ]
[2023-10-29T19:13:24+08:00][sql] SELECT * FROM `nianbao_member` WHERE  `mobile` = '15668132677' LIMIT 1 [ RunTime:0.000352s ]
[2023-10-29T19:13:24+08:00][sql] SHOW FULL COLUMNS FROM `nianbao_member_enterprise` [ RunTime:0.000498s ]
[2023-10-29T19:13:24+08:00][sql] SELECT * FROM `nianbao_member_enterprise` WHERE  `member_mobile` = '15668132677' ORDER BY `id` DESC [ RunTime:0.000246s ]
[2023-10-29T19:13:24+08:00][sql] SHOW FULL COLUMNS FROM `nianbao_enterprise` [ RunTime:0.000453s ]
[2023-10-29T19:13:24+08:00][sql] SELECT * FROM `nianbao_enterprise` WHERE  `id` = 19 LIMIT 1 [ RunTime:0.000247s ]
[2023-10-29T19:13:24+08:00][sql] SHOW FULL COLUMNS FROM `nianbao_enterprise_report` [ RunTime:0.000417s ]
[2023-10-29T19:13:24+08:00][sql] SELECT * FROM `nianbao_enterprise_report` WHERE  `enterprise_code` = '913707834939611409'  AND `report_year` = '2022' LIMIT 1 [ RunTime:0.000249s ]
[2023-10-29T19:13:24+08:00][sql] SELECT * FROM `nianbao_enterprise` WHERE  `id` = 3 LIMIT 1 [ RunTime:0.000199s ]
[2023-10-29T19:13:24+08:00][sql] SELECT * FROM `nianbao_enterprise_report` WHERE  `enterprise_code` = '91370702MA3D6XQH1R'  AND `report_year` = '2022' LIMIT 1 [ RunTime:0.000196s ]
[2023-10-29T19:13:24+08:00][sql] SELECT * FROM `nianbao_enterprise` WHERE  `id` = 708 LIMIT 1 [ RunTime:0.000175s ]
[2023-10-29T19:13:24+08:00][sql] SELECT * FROM `nianbao_enterprise_report` WHERE  `enterprise_code` = '91320300664936565L'  AND `report_year` = '2022' LIMIT 1 [ RunTime:0.000409s ]
[2023-10-29T19:13:24+08:00][sql] SELECT * FROM `nianbao_enterprise` WHERE  `id` = 1029 LIMIT 1 [ RunTime:0.000192s ]
[2023-10-29T19:13:24+08:00][sql] SELECT * FROM `nianbao_enterprise_report` WHERE  `enterprise_code` = '92370826MA3UYBDB8H'  AND `report_year` = '2022' LIMIT 1 [ RunTime:0.000493s ]
[2023-10-29T22:43:09+08:00][sql] CONNECT:[ UseTime:0.000401s ] mysql:host=127.0.0.1;port=3306;dbname=nianbao;charset=utf8
[2023-10-29T22:43:09+08:00][sql] SHOW FULL COLUMNS FROM `nianbao_base_config` [ RunTime:0.000605s ]
[2023-10-29T22:43:09+08:00][sql] SELECT `data`,`name` FROM `nianbao_base_config` [ RunTime:0.000380s ]
[2023-10-29T22:43:10+08:00][sql] CONNECT:[ UseTime:0.000354s ] mysql:host=127.0.0.1;port=3306;dbname=nianbao;charset=utf8
[2023-10-29T22:43:10+08:00][sql] SHOW FULL COLUMNS FROM `nianbao_base_config` [ RunTime:0.000502s ]
[2023-10-29T22:43:10+08:00][sql] SELECT `data`,`name` FROM `nianbao_base_config` [ RunTime:0.000268s ]
[2023-10-29T22:43:10+08:00][sql] SHOW FULL COLUMNS FROM `nianbao_member` [ RunTime:0.000635s ]
[2023-10-29T22:43:10+08:00][sql] SELECT * FROM `nianbao_member` WHERE  `openid` = 'o3XKG60HIdAK33RmK4IXIETGXlaQ' LIMIT 1 [ RunTime:0.000359s ]
[2023-10-29T22:43:20+08:00][sql] CONNECT:[ UseTime:0.000374s ] mysql:host=127.0.0.1;port=3306;dbname=nianbao;charset=utf8
[2023-10-29T22:43:20+08:00][sql] SHOW FULL COLUMNS FROM `nianbao_member` [ RunTime:0.000571s ]
[2023-10-29T22:43:20+08:00][sql] SELECT * FROM `nianbao_member` WHERE  `id` = 54 LIMIT 1 [ RunTime:0.000278s ]
[2023-10-29T22:43:20+08:00][sql] SHOW FULL COLUMNS FROM `nianbao_base_config` [ RunTime:0.000344s ]
[2023-10-29T22:43:20+08:00][sql] SELECT `data`,`name` FROM `nianbao_base_config` [ RunTime:0.000225s ]
[2023-10-29T22:43:20+08:00][sql] SELECT * FROM `nianbao_member` WHERE  `id` = 54 LIMIT 1 [ RunTime:0.000424s ]
[2023-10-29T22:43:20+08:00][sql] UPDATE `nianbao_member`  SET `mobile` = '15945014999'  WHERE  `id` = 54 [ RunTime:0.000253s ]
[2023-10-29T22:43:20+08:00][sql] CONNECT:[ UseTime:0.000366s ] mysql:host=127.0.0.1;port=3306;dbname=nianbao;charset=utf8
[2023-10-29T22:43:20+08:00][sql] SHOW FULL COLUMNS FROM `nianbao_base_config` [ RunTime:0.000530s ]
[2023-10-29T22:43:20+08:00][sql] SELECT `data`,`name` FROM `nianbao_base_config` [ RunTime:0.000281s ]
[2023-10-29T22:43:20+08:00][sql] CONNECT:[ UseTime:0.000434s ] mysql:host=127.0.0.1;port=3306;dbname=nianbao;charset=utf8
[2023-10-29T22:43:20+08:00][sql] SHOW FULL COLUMNS FROM `nianbao_member` [ RunTime:0.000573s ]
[2023-10-29T22:43:20+08:00][sql] SELECT * FROM `nianbao_member` WHERE  `mobile` = '15945014999' LIMIT 1 [ RunTime:0.000337s ]
[2023-10-29T22:43:20+08:00][sql] SHOW FULL COLUMNS FROM `nianbao_member_enterprise` [ RunTime:0.000491s ]
[2023-10-29T22:43:20+08:00][sql] SELECT * FROM `nianbao_member_enterprise` WHERE  `member_mobile` = '15945014999' ORDER BY `id` DESC LIMIT 1 [ RunTime:0.000264s ]
[2023-10-29T22:43:20+08:00][sql] SHOW FULL COLUMNS FROM `nianbao_enterprise` [ RunTime:0.000419s ]
[2023-10-29T22:43:20+08:00][sql] SELECT * FROM `nianbao_enterprise` WHERE  `mobile` = '15945014999' LIMIT 1 [ RunTime:0.001473s ]
[2023-10-29T22:43:20+08:00][sql] CONNECT:[ UseTime:0.000340s ] mysql:host=127.0.0.1;port=3306;dbname=nianbao;charset=utf8
[2023-10-29T22:43:20+08:00][sql] SHOW FULL COLUMNS FROM `nianbao_member` [ RunTime:0.000473s ]
[2023-10-29T22:43:20+08:00][sql] SELECT * FROM `nianbao_member` WHERE  `mobile` = '15945014999' LIMIT 1 [ RunTime:0.000295s ]
[2023-10-29T22:43:20+08:00][sql] SHOW FULL COLUMNS FROM `nianbao_member_enterprise` [ RunTime:0.000383s ]
[2023-10-29T22:43:20+08:00][sql] SELECT * FROM `nianbao_member_enterprise` WHERE  `member_mobile` = '15945014999' ORDER BY `id` DESC [ RunTime:0.000201s ]
