[2023-11-05T10:28:54+08:00][sql] CONNECT:[ UseTime:0.000451s ] mysql:host=127.0.0.1;port=3306;dbname=nianbao;charset=utf8
[2023-11-05T10:28:54+08:00][sql] SHOW FULL COLUMNS FROM `nianbao_base_config` [ RunTime:0.000822s ]
[2023-11-05T10:28:54+08:00][sql] SELECT `data`,`name` FROM `nianbao_base_config` [ RunTime:0.000451s ]
[2023-11-05T10:28:54+08:00][sql] CONNECT:[ UseTime:0.000308s ] mysql:host=127.0.0.1;port=3306;dbname=nianbao;charset=utf8
[2023-11-05T10:28:54+08:00][sql] SHOW FULL COLUMNS FROM `nianbao_member` [ RunTime:0.000589s ]
[2023-11-05T10:28:54+08:00][sql] SELECT * FROM `nianbao_member` WHERE  `mobile` = '13139512386' LIMIT 1 [ RunTime:0.000457s ]
[2023-11-05T10:28:54+08:00][sql] SHOW FULL COLUMNS FROM `nianbao_member_enterprise` [ RunTime:0.000512s ]
[2023-11-05T10:28:54+08:00][sql] SELECT * FROM `nianbao_member_enterprise` WHERE  `member_mobile` = '13139512386' ORDER BY `id` DESC [ RunTime:0.000273s ]
[2023-11-05T10:28:54+08:00][sql] SHOW FULL COLUMNS FROM `nianbao_enterprise` [ RunTime:0.000459s ]
[2023-11-05T10:28:54+08:00][sql] SELECT * FROM `nianbao_enterprise` WHERE  `id` = 10204 LIMIT 1 [ RunTime:0.000246s ]
[2023-11-05T10:28:54+08:00][sql] SHOW FULL COLUMNS FROM `nianbao_enterprise_report` [ RunTime:0.000403s ]
[2023-11-05T10:28:54+08:00][sql] SELECT * FROM `nianbao_enterprise_report` WHERE  `enterprise_code` = '92440101MA130XRQXYXH'  AND `report_year` = '2022' LIMIT 1 [ RunTime:0.003625s ]
[2023-11-05T10:29:06+08:00][sql] CONNECT:[ UseTime:0.000408s ] mysql:host=127.0.0.1;port=3306;dbname=nianbao;charset=utf8
[2023-11-05T10:29:06+08:00][sql] SHOW FULL COLUMNS FROM `nianbao_member` [ RunTime:0.000596s ]
[2023-11-05T10:29:06+08:00][sql] SELECT * FROM `nianbao_member` WHERE  `mobile` = '13139512386' LIMIT 1 [ RunTime:0.000399s ]
[2023-11-05T10:29:06+08:00][sql] SHOW FULL COLUMNS FROM `nianbao_member_enterprise` [ RunTime:0.000394s ]
[2023-11-05T10:29:06+08:00][sql] SELECT * FROM `nianbao_member_enterprise` WHERE  `id` = 80 LIMIT 1 [ RunTime:0.000196s ]
[2023-11-05T10:29:06+08:00][sql] SHOW FULL COLUMNS FROM `nianbao_enterprise` [ RunTime:0.000366s ]
[2023-11-05T10:29:06+08:00][sql] SELECT * FROM `nianbao_enterprise` WHERE  `id` = 10204 LIMIT 1 [ RunTime:0.000188s ]
[2023-11-05T10:29:06+08:00][sql] SHOW FULL COLUMNS FROM `nianbao_enterprise_report` [ RunTime:0.000340s ]
[2023-11-05T10:29:06+08:00][sql] SELECT * FROM `nianbao_enterprise_report` WHERE  `enterprise_code` = '92440101MA130XRQXYXH'  AND `report_year` = '2022' LIMIT 1 [ RunTime:0.003247s ]
[2023-11-05T10:29:06+08:00][sql] SHOW FULL COLUMNS FROM `nianbao_base_config` [ RunTime:0.000368s ]
[2023-11-05T10:29:06+08:00][sql] SELECT `data`,`name` FROM `nianbao_base_config` [ RunTime:0.000232s ]
[2023-11-05T16:58:42+08:00][sql] CONNECT:[ UseTime:0.000268s ] mysql:host=127.0.0.1;port=3306;dbname=nianbao;charset=utf8
[2023-11-05T16:58:42+08:00][sql] SHOW FULL COLUMNS FROM `nianbao_base_config` [ RunTime:0.000599s ]
[2023-11-05T16:58:42+08:00][sql] SELECT `data`,`name` FROM `nianbao_base_config` [ RunTime:0.000315s ]
[2023-11-05T16:58:42+08:00][sql] CONNECT:[ UseTime:0.000347s ] mysql:host=127.0.0.1;port=3306;dbname=nianbao;charset=utf8
[2023-11-05T16:58:42+08:00][sql] SHOW FULL COLUMNS FROM `nianbao_member` [ RunTime:0.000702s ]
[2023-11-05T16:58:42+08:00][sql] SELECT * FROM `nianbao_member` WHERE  `mobile` = '18266749224' LIMIT 1 [ RunTime:0.000454s ]
[2023-11-05T16:58:42+08:00][sql] SHOW FULL COLUMNS FROM `nianbao_member_enterprise` [ RunTime:0.000503s ]
[2023-11-05T16:58:42+08:00][sql] SELECT * FROM `nianbao_member_enterprise` WHERE  `member_mobile` = '18266749224' ORDER BY `id` DESC [ RunTime:0.000298s ]
[2023-11-05T16:58:42+08:00][sql] SHOW FULL COLUMNS FROM `nianbao_enterprise` [ RunTime:0.000549s ]
[2023-11-05T16:58:42+08:00][sql] SELECT * FROM `nianbao_enterprise` WHERE  `id` = 713 LIMIT 1 [ RunTime:0.000300s ]
[2023-11-05T16:58:42+08:00][sql] SHOW FULL COLUMNS FROM `nianbao_enterprise_report` [ RunTime:0.000497s ]
[2023-11-05T16:58:42+08:00][sql] SELECT * FROM `nianbao_enterprise_report` WHERE  `enterprise_code` = '91320000134750616Q'  AND `report_year` = '2022' LIMIT 1 [ RunTime:0.000526s ]
[2023-11-05T16:58:48+08:00][sql] CONNECT:[ UseTime:0.000368s ] mysql:host=127.0.0.1;port=3306;dbname=nianbao;charset=utf8
[2023-11-05T16:58:48+08:00][sql] SHOW FULL COLUMNS FROM `nianbao_member` [ RunTime:0.000570s ]
[2023-11-05T16:58:48+08:00][sql] SELECT * FROM `nianbao_member` WHERE  `mobile` = '18266749224' LIMIT 1 [ RunTime:0.000285s ]
[2023-11-05T16:58:48+08:00][sql] SHOW FULL COLUMNS FROM `nianbao_member_enterprise` [ RunTime:0.000379s ]
[2023-11-05T16:58:48+08:00][sql] SELECT * FROM `nianbao_member_enterprise` WHERE  `id` = 19 LIMIT 1 [ RunTime:0.000205s ]
[2023-11-05T16:58:48+08:00][sql] SHOW FULL COLUMNS FROM `nianbao_enterprise` [ RunTime:0.000433s ]
[2023-11-05T16:58:48+08:00][sql] SELECT * FROM `nianbao_enterprise` WHERE  `id` = 713 LIMIT 1 [ RunTime:0.000196s ]
[2023-11-05T16:58:48+08:00][sql] SHOW FULL COLUMNS FROM `nianbao_enterprise_report` [ RunTime:0.000347s ]
[2023-11-05T16:58:48+08:00][sql] SELECT * FROM `nianbao_enterprise_report` WHERE  `enterprise_code` = '91320000134750616Q'  AND `report_year` = '2022' LIMIT 1 [ RunTime:0.000404s ]
[2023-11-05T16:58:48+08:00][sql] SHOW FULL COLUMNS FROM `nianbao_base_config` [ RunTime:0.000336s ]
[2023-11-05T16:58:48+08:00][sql] SELECT `data`,`name` FROM `nianbao_base_config` [ RunTime:0.000429s ]
[2023-11-05T16:59:12+08:00][sql] CONNECT:[ UseTime:0.000393s ] mysql:host=127.0.0.1;port=3306;dbname=nianbao;charset=utf8
[2023-11-05T16:59:12+08:00][sql] SHOW FULL COLUMNS FROM `nianbao_member` [ RunTime:0.000557s ]
[2023-11-05T16:59:12+08:00][sql] SELECT * FROM `nianbao_member` WHERE  `id` = 19 LIMIT 1 [ RunTime:0.000264s ]
[2023-11-05T16:59:12+08:00][sql] SHOW FULL COLUMNS FROM `nianbao_enterprise` [ RunTime:0.000374s ]
[2023-11-05T16:59:12+08:00][sql] SELECT * FROM `nianbao_enterprise` WHERE  `id` = 713 LIMIT 1 [ RunTime:0.000198s ]
[2023-11-05T16:59:12+08:00][sql] SHOW FULL COLUMNS FROM `nianbao_base_config` [ RunTime:0.000326s ]
[2023-11-05T16:59:12+08:00][sql] SELECT `data`,`name` FROM `nianbao_base_config` [ RunTime:0.000226s ]
[2023-11-05T16:59:12+08:00][sql] SHOW FULL COLUMNS FROM `nianbao_order` [ RunTime:0.000495s ]
[2023-11-05T16:59:12+08:00][sql] SELECT COUNT(*) AS think_count FROM `nianbao_order` WHERE  `pay_id` <> 0 LIMIT 1 [ RunTime:0.000332s ]
[2023-11-05T16:59:12+08:00][sql] SELECT * FROM `nianbao_order` WHERE  `pay_id` <> 0 ORDER BY `id` DESC LIMIT 1 [ RunTime:0.000230s ]
[2023-11-05T16:59:12+08:00][sql] SHOW FULL COLUMNS FROM `nianbao_pay` [ RunTime:0.000475s ]
[2023-11-05T16:59:12+08:00][sql] SELECT COUNT(*) AS think_count FROM `nianbao_pay` WHERE  `status` = 1 LIMIT 1 [ RunTime:0.000199s ]
[2023-11-05T16:59:12+08:00][sql] SELECT * FROM `nianbao_pay` WHERE  `id` = 2  AND `status` = 1 ORDER BY rand() LIMIT 1 [ RunTime:0.000203s ]
[2023-11-05T16:59:12+08:00][sql] INSERT INTO `nianbao_order` SET `member_id` = 19 , `pay_id` = 2 , `enterprise_id` = 713 , `mobile` = '18266749224' , `title` = '2022年报代报服务费' , `order_no` = '20231105165912158117' , `total_price` = '298' , `enterprise_name` = '徐州矿务集团有限公司' , `enterprise_code` = '91320000134750616Q' , `report_year` = '2022' , `idcard` = '320304199910305813' , `is_declaration` = 0 , `is_success` = 0 , `is_pay` = 0 , `pay_type` = 0 , `create_time` = '2023-11-05 16:59:12' [ RunTime:0.000299s ]
[2023-11-05T17:59:09+08:00][sql] CONNECT:[ UseTime:0.000422s ] mysql:host=127.0.0.1;port=3306;dbname=nianbao;charset=utf8
[2023-11-05T17:59:09+08:00][sql] SHOW FULL COLUMNS FROM `nianbao_base_config` [ RunTime:0.000766s ]
[2023-11-05T17:59:09+08:00][sql] SELECT `data`,`name` FROM `nianbao_base_config` [ RunTime:0.000388s ]
[2023-11-05T17:59:09+08:00][sql] CONNECT:[ UseTime:0.000300s ] mysql:host=127.0.0.1;port=3306;dbname=nianbao;charset=utf8
[2023-11-05T17:59:09+08:00][sql] SHOW FULL COLUMNS FROM `nianbao_member` [ RunTime:0.000562s ]
[2023-11-05T17:59:09+08:00][sql] SELECT * FROM `nianbao_member` WHERE  `mobile` = '15010502702' LIMIT 1 [ RunTime:0.000388s ]
[2023-11-05T17:59:09+08:00][sql] SHOW FULL COLUMNS FROM `nianbao_member_enterprise` [ RunTime:0.000424s ]
[2023-11-05T17:59:09+08:00][sql] SELECT * FROM `nianbao_member_enterprise` WHERE  `member_mobile` = '15010502702' ORDER BY `id` DESC [ RunTime:0.000239s ]
[2023-11-05T17:59:09+08:00][sql] SHOW FULL COLUMNS FROM `nianbao_enterprise` [ RunTime:0.000437s ]
[2023-11-05T17:59:09+08:00][sql] SELECT * FROM `nianbao_enterprise` WHERE  `id` = 9696 LIMIT 1 [ RunTime:0.000208s ]
[2023-11-05T17:59:09+08:00][sql] SHOW FULL COLUMNS FROM `nianbao_enterprise_report` [ RunTime:0.000406s ]
[2023-11-05T17:59:09+08:00][sql] SELECT * FROM `nianbao_enterprise_report` WHERE  `enterprise_code` = '92440101MA9W28DG204'  AND `report_year` = '2022' LIMIT 1 [ RunTime:0.003339s ]
[2023-11-05T17:59:12+08:00][sql] CONNECT:[ UseTime:0.000400s ] mysql:host=127.0.0.1;port=3306;dbname=nianbao;charset=utf8
[2023-11-05T17:59:12+08:00][sql] SHOW FULL COLUMNS FROM `nianbao_member` [ RunTime:0.000622s ]
[2023-11-05T17:59:12+08:00][sql] SELECT * FROM `nianbao_member` WHERE  `mobile` = '15010502702' LIMIT 1 [ RunTime:0.000449s ]
[2023-11-05T17:59:12+08:00][sql] SHOW FULL COLUMNS FROM `nianbao_member_enterprise` [ RunTime:0.000475s ]
[2023-11-05T17:59:12+08:00][sql] SELECT * FROM `nianbao_member_enterprise` WHERE  `id` = 91 LIMIT 1 [ RunTime:0.000266s ]
[2023-11-05T17:59:12+08:00][sql] SHOW FULL COLUMNS FROM `nianbao_enterprise` [ RunTime:0.000468s ]
[2023-11-05T17:59:12+08:00][sql] SELECT * FROM `nianbao_enterprise` WHERE  `id` = 9696 LIMIT 1 [ RunTime:0.000250s ]
[2023-11-05T17:59:12+08:00][sql] SHOW FULL COLUMNS FROM `nianbao_enterprise_report` [ RunTime:0.000424s ]
[2023-11-05T17:59:12+08:00][sql] SELECT * FROM `nianbao_enterprise_report` WHERE  `enterprise_code` = '92440101MA9W28DG204'  AND `report_year` = '2022' LIMIT 1 [ RunTime:0.003166s ]
[2023-11-05T17:59:12+08:00][sql] SHOW FULL COLUMNS FROM `nianbao_base_config` [ RunTime:0.000431s ]
[2023-11-05T17:59:12+08:00][sql] SELECT `data`,`name` FROM `nianbao_base_config` [ RunTime:0.000309s ]
[2023-11-05T18:35:36+08:00][sql] CONNECT:[ UseTime:0.000361s ] mysql:host=127.0.0.1;port=3306;dbname=nianbao;charset=utf8
[2023-11-05T18:35:36+08:00][sql] SHOW FULL COLUMNS FROM `nianbao_base_config` [ RunTime:0.000642s ]
[2023-11-05T18:35:36+08:00][sql] SELECT `data`,`name` FROM `nianbao_base_config` [ RunTime:0.000251s ]
[2023-11-05T18:35:36+08:00][sql] CONNECT:[ UseTime:0.000320s ] mysql:host=127.0.0.1;port=3306;dbname=nianbao;charset=utf8
[2023-11-05T18:35:36+08:00][sql] SHOW FULL COLUMNS FROM `nianbao_member` [ RunTime:0.000536s ]
[2023-11-05T18:35:36+08:00][sql] SELECT * FROM `nianbao_member` WHERE  `mobile` = '15010502702' LIMIT 1 [ RunTime:0.000363s ]
[2023-11-05T18:35:36+08:00][sql] SHOW FULL COLUMNS FROM `nianbao_member_enterprise` [ RunTime:0.000446s ]
[2023-11-05T18:35:36+08:00][sql] SELECT * FROM `nianbao_member_enterprise` WHERE  `member_mobile` = '15010502702' ORDER BY `id` DESC [ RunTime:0.000297s ]
[2023-11-05T18:35:36+08:00][sql] SHOW FULL COLUMNS FROM `nianbao_enterprise` [ RunTime:0.000439s ]
[2023-11-05T18:35:36+08:00][sql] SELECT * FROM `nianbao_enterprise` WHERE  `id` = 9696 LIMIT 1 [ RunTime:0.000199s ]
[2023-11-05T18:35:36+08:00][sql] SHOW FULL COLUMNS FROM `nianbao_enterprise_report` [ RunTime:0.000415s ]
[2023-11-05T18:35:36+08:00][sql] SELECT * FROM `nianbao_enterprise_report` WHERE  `enterprise_code` = '92440101MA9W28DG204'  AND `report_year` = '2022' LIMIT 1 [ RunTime:0.003165s ]
[2023-11-05T18:35:44+08:00][sql] CONNECT:[ UseTime:0.000397s ] mysql:host=127.0.0.1;port=3306;dbname=nianbao;charset=utf8
[2023-11-05T18:35:44+08:00][sql] SHOW FULL COLUMNS FROM `nianbao_member` [ RunTime:0.000573s ]
[2023-11-05T18:35:44+08:00][sql] SELECT * FROM `nianbao_member` WHERE  `mobile` = '15010502702' LIMIT 1 [ RunTime:0.000444s ]
[2023-11-05T18:35:44+08:00][sql] SHOW FULL COLUMNS FROM `nianbao_member_enterprise` [ RunTime:0.000442s ]
[2023-11-05T18:35:44+08:00][sql] SELECT * FROM `nianbao_member_enterprise` WHERE  `id` = 91 LIMIT 1 [ RunTime:0.000216s ]
[2023-11-05T18:35:44+08:00][sql] SHOW FULL COLUMNS FROM `nianbao_enterprise` [ RunTime:0.000438s ]
[2023-11-05T18:35:44+08:00][sql] SELECT * FROM `nianbao_enterprise` WHERE  `id` = 9696 LIMIT 1 [ RunTime:0.000221s ]
[2023-11-05T18:35:44+08:00][sql] SHOW FULL COLUMNS FROM `nianbao_enterprise_report` [ RunTime:0.000417s ]
[2023-11-05T18:35:44+08:00][sql] SELECT * FROM `nianbao_enterprise_report` WHERE  `enterprise_code` = '92440101MA9W28DG204'  AND `report_year` = '2022' LIMIT 1 [ RunTime:0.005854s ]
[2023-11-05T18:35:44+08:00][sql] SHOW FULL COLUMNS FROM `nianbao_base_config` [ RunTime:0.000428s ]
[2023-11-05T18:35:44+08:00][sql] SELECT `data`,`name` FROM `nianbao_base_config` [ RunTime:0.000292s ]
[2023-11-05T19:16:34+08:00][sql] CONNECT:[ UseTime:0.000368s ] mysql:host=127.0.0.1;port=3306;dbname=nianbao;charset=utf8
[2023-11-05T19:16:34+08:00][sql] SHOW FULL COLUMNS FROM `nianbao_base_config` [ RunTime:0.000565s ]
[2023-11-05T19:16:34+08:00][sql] SELECT `data`,`name` FROM `nianbao_base_config` [ RunTime:0.000277s ]
[2023-11-05T19:16:34+08:00][sql] CONNECT:[ UseTime:0.000290s ] mysql:host=127.0.0.1;port=3306;dbname=nianbao;charset=utf8
[2023-11-05T19:16:34+08:00][sql] SHOW FULL COLUMNS FROM `nianbao_member` [ RunTime:0.000540s ]
[2023-11-05T19:16:34+08:00][sql] SELECT * FROM `nianbao_member` WHERE  `mobile` = '15010502702' LIMIT 1 [ RunTime:0.000362s ]
[2023-11-05T19:16:34+08:00][sql] SHOW FULL COLUMNS FROM `nianbao_member_enterprise` [ RunTime:0.000433s ]
[2023-11-05T19:16:34+08:00][sql] SELECT * FROM `nianbao_member_enterprise` WHERE  `member_mobile` = '15010502702' ORDER BY `id` DESC [ RunTime:0.000236s ]
[2023-11-05T19:16:34+08:00][sql] SHOW FULL COLUMNS FROM `nianbao_enterprise` [ RunTime:0.000437s ]
[2023-11-05T19:16:34+08:00][sql] SELECT * FROM `nianbao_enterprise` WHERE  `id` = 9696 LIMIT 1 [ RunTime:0.000219s ]
[2023-11-05T19:16:34+08:00][sql] SHOW FULL COLUMNS FROM `nianbao_enterprise_report` [ RunTime:0.000400s ]
[2023-11-05T19:16:34+08:00][sql] SELECT * FROM `nianbao_enterprise_report` WHERE  `enterprise_code` = '92440101MA9W28DG204'  AND `report_year` = '2022' LIMIT 1 [ RunTime:0.003091s ]
[2023-11-05T22:06:37+08:00][sql] CONNECT:[ UseTime:0.000390s ] mysql:host=127.0.0.1;port=3306;dbname=nianbao;charset=utf8
[2023-11-05T22:06:37+08:00][sql] SHOW FULL COLUMNS FROM `nianbao_base_config` [ RunTime:0.000669s ]
[2023-11-05T22:06:37+08:00][sql] SELECT `data`,`name` FROM `nianbao_base_config` [ RunTime:0.000312s ]
[2023-11-05T22:06:37+08:00][sql] CONNECT:[ UseTime:0.000303s ] mysql:host=127.0.0.1;port=3306;dbname=nianbao;charset=utf8
[2023-11-05T22:06:37+08:00][sql] SHOW FULL COLUMNS FROM `nianbao_member` [ RunTime:0.000570s ]
[2023-11-05T22:06:37+08:00][sql] SELECT * FROM `nianbao_member` WHERE  `mobile` = '15010502702' LIMIT 1 [ RunTime:0.000430s ]
[2023-11-05T22:06:37+08:00][sql] SHOW FULL COLUMNS FROM `nianbao_member_enterprise` [ RunTime:0.000475s ]
[2023-11-05T22:06:37+08:00][sql] SELECT * FROM `nianbao_member_enterprise` WHERE  `member_mobile` = '15010502702' ORDER BY `id` DESC [ RunTime:0.000258s ]
[2023-11-05T22:06:37+08:00][sql] SHOW FULL COLUMNS FROM `nianbao_enterprise` [ RunTime:0.000452s ]
[2023-11-05T22:06:37+08:00][sql] SELECT * FROM `nianbao_enterprise` WHERE  `id` = 9696 LIMIT 1 [ RunTime:0.000252s ]
[2023-11-05T22:06:37+08:00][sql] SHOW FULL COLUMNS FROM `nianbao_enterprise_report` [ RunTime:0.000428s ]
[2023-11-05T22:06:37+08:00][sql] SELECT * FROM `nianbao_enterprise_report` WHERE  `enterprise_code` = '92440101MA9W28DG204'  AND `report_year` = '2022' LIMIT 1 [ RunTime:0.003487s ]
[2023-11-05T22:06:42+08:00][sql] CONNECT:[ UseTime:0.000337s ] mysql:host=127.0.0.1;port=3306;dbname=nianbao;charset=utf8
[2023-11-05T22:06:42+08:00][sql] SHOW FULL COLUMNS FROM `nianbao_member` [ RunTime:0.000509s ]
[2023-11-05T22:06:42+08:00][sql] SELECT * FROM `nianbao_member` WHERE  `mobile` = '15010502702' LIMIT 1 [ RunTime:0.000391s ]
[2023-11-05T22:06:42+08:00][sql] SHOW FULL COLUMNS FROM `nianbao_member_enterprise` [ RunTime:0.000415s ]
[2023-11-05T22:06:42+08:00][sql] SELECT * FROM `nianbao_member_enterprise` WHERE  `id` = 91 LIMIT 1 [ RunTime:0.000223s ]
[2023-11-05T22:06:42+08:00][sql] SHOW FULL COLUMNS FROM `nianbao_enterprise` [ RunTime:0.000428s ]
[2023-11-05T22:06:42+08:00][sql] SELECT * FROM `nianbao_enterprise` WHERE  `id` = 9696 LIMIT 1 [ RunTime:0.000220s ]
[2023-11-05T22:06:42+08:00][sql] SHOW FULL COLUMNS FROM `nianbao_enterprise_report` [ RunTime:0.000398s ]
[2023-11-05T22:06:42+08:00][sql] SELECT * FROM `nianbao_enterprise_report` WHERE  `enterprise_code` = '92440101MA9W28DG204'  AND `report_year` = '2022' LIMIT 1 [ RunTime:0.003197s ]
[2023-11-05T22:06:42+08:00][sql] SHOW FULL COLUMNS FROM `nianbao_base_config` [ RunTime:0.000410s ]
[2023-11-05T22:06:42+08:00][sql] SELECT `data`,`name` FROM `nianbao_base_config` [ RunTime:0.000279s ]
[2023-11-05T22:17:00+08:00][sql] CONNECT:[ UseTime:0.000284s ] mysql:host=127.0.0.1;port=3306;dbname=nianbao;charset=utf8
[2023-11-05T22:17:00+08:00][sql] SHOW FULL COLUMNS FROM `nianbao_member` [ RunTime:0.000595s ]
[2023-11-05T22:17:00+08:00][sql] SELECT * FROM `nianbao_member` WHERE  `mobile` = '15010502702' LIMIT 1 [ RunTime:0.000384s ]
[2023-11-05T22:17:00+08:00][sql] SHOW FULL COLUMNS FROM `nianbao_member_enterprise` [ RunTime:0.000509s ]
[2023-11-05T22:17:00+08:00][sql] SELECT * FROM `nianbao_member_enterprise` WHERE  `member_mobile` = '15010502702' ORDER BY `id` DESC LIMIT 1 [ RunTime:0.000228s ]
[2023-11-05T22:17:00+08:00][sql] SHOW FULL COLUMNS FROM `nianbao_enterprise` [ RunTime:0.000479s ]
[2023-11-05T22:17:00+08:00][sql] SELECT * FROM `nianbao_enterprise` WHERE  `id` = 9696 LIMIT 1 [ RunTime:0.000218s ]
[2023-11-05T22:17:00+08:00][sql] SHOW FULL COLUMNS FROM `nianbao_enterprise_report` [ RunTime:0.000458s ]
[2023-11-05T22:17:00+08:00][sql] SELECT * FROM `nianbao_enterprise_report` WHERE  `enterprise_code` = '92440101MA9W28DG204'  AND `report_year` = '2022' LIMIT 1 [ RunTime:0.003150s ]
[2023-11-05T22:17:00+08:00][sql] CONNECT:[ UseTime:0.000331s ] mysql:host=127.0.0.1;port=3306;dbname=nianbao;charset=utf8
[2023-11-05T22:17:00+08:00][sql] SHOW FULL COLUMNS FROM `nianbao_base_config` [ RunTime:0.000454s ]
[2023-11-05T22:17:00+08:00][sql] SELECT `data`,`name` FROM `nianbao_base_config` [ RunTime:0.000267s ]
[2023-11-05T22:17:00+08:00][sql] CONNECT:[ UseTime:0.000288s ] mysql:host=127.0.0.1;port=3306;dbname=nianbao;charset=utf8
[2023-11-05T22:17:00+08:00][sql] SHOW FULL COLUMNS FROM `nianbao_member` [ RunTime:0.000462s ]
[2023-11-05T22:17:00+08:00][sql] SELECT * FROM `nianbao_member` WHERE  `mobile` = '15010502702' LIMIT 1 [ RunTime:0.000321s ]
[2023-11-05T22:17:00+08:00][sql] SHOW FULL COLUMNS FROM `nianbao_member_enterprise` [ RunTime:0.000381s ]
[2023-11-05T22:17:00+08:00][sql] SELECT * FROM `nianbao_member_enterprise` WHERE  `member_mobile` = '15010502702' ORDER BY `id` DESC [ RunTime:0.000247s ]
[2023-11-05T22:17:00+08:00][sql] SHOW FULL COLUMNS FROM `nianbao_enterprise` [ RunTime:0.000381s ]
[2023-11-05T22:17:00+08:00][sql] SELECT * FROM `nianbao_enterprise` WHERE  `id` = 9696 LIMIT 1 [ RunTime:0.000198s ]
[2023-11-05T22:17:00+08:00][sql] SHOW FULL COLUMNS FROM `nianbao_enterprise_report` [ RunTime:0.000370s ]
[2023-11-05T22:17:00+08:00][sql] SELECT * FROM `nianbao_enterprise_report` WHERE  `enterprise_code` = '92440101MA9W28DG204'  AND `report_year` = '2022' LIMIT 1 [ RunTime:0.003145s ]
[2023-11-05T22:18:19+08:00][sql] CONNECT:[ UseTime:0.000311s ] mysql:host=127.0.0.1;port=3306;dbname=nianbao;charset=utf8
[2023-11-05T22:18:19+08:00][sql] SHOW FULL COLUMNS FROM `nianbao_base_config` [ RunTime:0.000650s ]
[2023-11-05T22:18:19+08:00][sql] SELECT `data`,`name` FROM `nianbao_base_config` [ RunTime:0.000292s ]
[2023-11-05T22:18:19+08:00][sql] CONNECT:[ UseTime:0.000316s ] mysql:host=127.0.0.1;port=3306;dbname=nianbao;charset=utf8
[2023-11-05T22:18:19+08:00][sql] SHOW FULL COLUMNS FROM `nianbao_member` [ RunTime:0.000494s ]
[2023-11-05T22:18:19+08:00][sql] SELECT * FROM `nianbao_member` WHERE  `mobile` = '15010502702' LIMIT 1 [ RunTime:0.000338s ]
[2023-11-05T22:18:19+08:00][sql] SHOW FULL COLUMNS FROM `nianbao_member_enterprise` [ RunTime:0.000375s ]
[2023-11-05T22:18:19+08:00][sql] SELECT * FROM `nianbao_member_enterprise` WHERE  `member_mobile` = '15010502702' ORDER BY `id` DESC LIMIT 1 [ RunTime:0.000214s ]
[2023-11-05T22:18:19+08:00][sql] SHOW FULL COLUMNS FROM `nianbao_enterprise` [ RunTime:0.000344s ]
[2023-11-05T22:18:19+08:00][sql] SELECT * FROM `nianbao_enterprise` WHERE  `id` = 9696 LIMIT 1 [ RunTime:0.000204s ]
[2023-11-05T22:18:19+08:00][sql] SHOW FULL COLUMNS FROM `nianbao_enterprise_report` [ RunTime:0.000328s ]
[2023-11-05T22:18:19+08:00][sql] SELECT * FROM `nianbao_enterprise_report` WHERE  `enterprise_code` = '92440101MA9W28DG204'  AND `report_year` = '2022' LIMIT 1 [ RunTime:0.003092s ]
[2023-11-05T22:18:19+08:00][sql] CONNECT:[ UseTime:0.000265s ] mysql:host=127.0.0.1;port=3306;dbname=nianbao;charset=utf8
[2023-11-05T22:18:19+08:00][sql] SHOW FULL COLUMNS FROM `nianbao_member` [ RunTime:0.000441s ]
[2023-11-05T22:18:19+08:00][sql] SELECT * FROM `nianbao_member` WHERE  `mobile` = '15010502702' LIMIT 1 [ RunTime:0.000309s ]
[2023-11-05T22:18:19+08:00][sql] SHOW FULL COLUMNS FROM `nianbao_member_enterprise` [ RunTime:0.000348s ]
[2023-11-05T22:18:19+08:00][sql] SELECT * FROM `nianbao_member_enterprise` WHERE  `member_mobile` = '15010502702' ORDER BY `id` DESC [ RunTime:0.000228s ]
[2023-11-05T22:18:19+08:00][sql] SHOW FULL COLUMNS FROM `nianbao_enterprise` [ RunTime:0.000396s ]
[2023-11-05T22:18:19+08:00][sql] SELECT * FROM `nianbao_enterprise` WHERE  `id` = 9696 LIMIT 1 [ RunTime:0.000203s ]
[2023-11-05T22:18:19+08:00][sql] SHOW FULL COLUMNS FROM `nianbao_enterprise_report` [ RunTime:0.000333s ]
[2023-11-05T22:18:19+08:00][sql] SELECT * FROM `nianbao_enterprise_report` WHERE  `enterprise_code` = '92440101MA9W28DG204'  AND `report_year` = '2022' LIMIT 1 [ RunTime:0.003139s ]
