[2023-10-26T00:07:37+08:00][sql] CONNECT:[ UseTime:0.000366s ] mysql:host=127.0.0.1;port=3306;dbname=nianbao;charset=utf8
[2023-10-26T00:07:37+08:00][sql] SHOW FULL COLUMNS FROM `nianbao_base_config` [ RunTime:0.000508s ]
[2023-10-26T00:07:37+08:00][sql] SELECT * FROM `nianbao_base_config` [ RunTime:0.000272s ]
[2023-10-26T00:07:39+08:00][sql] CONNECT:[ UseTime:0.000324s ] mysql:host=127.0.0.1;port=3306;dbname=nianbao;charset=utf8
[2023-10-26T00:07:39+08:00][sql] SHOW FULL COLUMNS FROM `nianbao_node` [ RunTime:0.000628s ]
[2023-10-26T00:07:39+08:00][sql] SELECT `node_id`,`pid`,`title`,`status`,`icon`,`sortid`,`path` FROM `nianbao_node` WHERE  `status` = 1  AND `type` = 1 ORDER BY `sortid` ASC [ RunTime:0.000315s ]
[2023-10-26T00:07:41+08:00][sql] CONNECT:[ UseTime:0.000363s ] mysql:host=127.0.0.1;port=3306;dbname=nianbao;charset=utf8
[2023-10-26T00:07:41+08:00][sql] SHOW FULL COLUMNS FROM `nianbao_order` [ RunTime:0.000676s ]
[2023-10-26T00:07:41+08:00][sql] SELECT COUNT(*) AS think_count FROM `nianbao_order` WHERE  `create_time` BETWEEN '2023-10-01 00:00:00' AND '2023-10-01 23:59:59'   AND `is_pay` = 1 LIMIT 1 [ RunTime:0.000318s ]
[2023-10-26T00:07:41+08:00][sql] SELECT COUNT(*) AS think_count FROM `nianbao_order` WHERE  `create_time` BETWEEN '2023-10-02 00:00:00' AND '2023-10-02 23:59:59'   AND `is_pay` = 1 LIMIT 1 [ RunTime:0.000207s ]
[2023-10-26T00:07:41+08:00][sql] SELECT COUNT(*) AS think_count FROM `nianbao_order` WHERE  `create_time` BETWEEN '2023-10-03 00:00:00' AND '2023-10-03 23:59:59'   AND `is_pay` = 1 LIMIT 1 [ RunTime:0.000217s ]
[2023-10-26T00:07:41+08:00][sql] SELECT COUNT(*) AS think_count FROM `nianbao_order` WHERE  `create_time` BETWEEN '2023-10-04 00:00:00' AND '2023-10-04 23:59:59'   AND `is_pay` = 1 LIMIT 1 [ RunTime:0.000190s ]
[2023-10-26T00:07:41+08:00][sql] SELECT COUNT(*) AS think_count FROM `nianbao_order` WHERE  `create_time` BETWEEN '2023-10-05 00:00:00' AND '2023-10-05 23:59:59'   AND `is_pay` = 1 LIMIT 1 [ RunTime:0.000195s ]
[2023-10-26T00:07:41+08:00][sql] SELECT COUNT(*) AS think_count FROM `nianbao_order` WHERE  `create_time` BETWEEN '2023-10-06 00:00:00' AND '2023-10-06 23:59:59'   AND `is_pay` = 1 LIMIT 1 [ RunTime:0.000181s ]
[2023-10-26T00:07:41+08:00][sql] SELECT COUNT(*) AS think_count FROM `nianbao_order` WHERE  `create_time` BETWEEN '2023-10-07 00:00:00' AND '2023-10-07 23:59:59'   AND `is_pay` = 1 LIMIT 1 [ RunTime:0.000175s ]
[2023-10-26T00:07:41+08:00][sql] SELECT COUNT(*) AS think_count FROM `nianbao_order` WHERE  `create_time` BETWEEN '2023-10-08 00:00:00' AND '2023-10-08 23:59:59'   AND `is_pay` = 1 LIMIT 1 [ RunTime:0.000201s ]
[2023-10-26T00:07:41+08:00][sql] SELECT COUNT(*) AS think_count FROM `nianbao_order` WHERE  `create_time` BETWEEN '2023-10-09 00:00:00' AND '2023-10-09 23:59:59'   AND `is_pay` = 1 LIMIT 1 [ RunTime:0.000176s ]
[2023-10-26T00:07:41+08:00][sql] SELECT COUNT(*) AS think_count FROM `nianbao_order` WHERE  `create_time` BETWEEN '2023-10-10 00:00:00' AND '2023-10-10 23:59:59'   AND `is_pay` = 1 LIMIT 1 [ RunTime:0.000182s ]
[2023-10-26T00:07:41+08:00][sql] SELECT COUNT(*) AS think_count FROM `nianbao_order` WHERE  `create_time` BETWEEN '2023-10-11 00:00:00' AND '2023-10-11 23:59:59'   AND `is_pay` = 1 LIMIT 1 [ RunTime:0.000178s ]
[2023-10-26T00:07:41+08:00][sql] SELECT COUNT(*) AS think_count FROM `nianbao_order` WHERE  `create_time` BETWEEN '2023-10-12 00:00:00' AND '2023-10-12 23:59:59'   AND `is_pay` = 1 LIMIT 1 [ RunTime:0.000170s ]
[2023-10-26T00:07:41+08:00][sql] SELECT COUNT(*) AS think_count FROM `nianbao_order` WHERE  `create_time` BETWEEN '2023-10-13 00:00:00' AND '2023-10-13 23:59:59'   AND `is_pay` = 1 LIMIT 1 [ RunTime:0.000187s ]
[2023-10-26T00:07:41+08:00][sql] SELECT COUNT(*) AS think_count FROM `nianbao_order` WHERE  `create_time` BETWEEN '2023-10-14 00:00:00' AND '2023-10-14 23:59:59'   AND `is_pay` = 1 LIMIT 1 [ RunTime:0.000172s ]
[2023-10-26T00:07:41+08:00][sql] SELECT COUNT(*) AS think_count FROM `nianbao_order` WHERE  `create_time` BETWEEN '2023-10-15 00:00:00' AND '2023-10-15 23:59:59'   AND `is_pay` = 1 LIMIT 1 [ RunTime:0.000169s ]
[2023-10-26T00:07:41+08:00][sql] SELECT COUNT(*) AS think_count FROM `nianbao_order` WHERE  `create_time` BETWEEN '2023-10-16 00:00:00' AND '2023-10-16 23:59:59'   AND `is_pay` = 1 LIMIT 1 [ RunTime:0.000206s ]
[2023-10-26T00:07:41+08:00][sql] SELECT COUNT(*) AS think_count FROM `nianbao_order` WHERE  `create_time` BETWEEN '2023-10-17 00:00:00' AND '2023-10-17 23:59:59'   AND `is_pay` = 1 LIMIT 1 [ RunTime:0.000182s ]
[2023-10-26T00:07:41+08:00][sql] SELECT COUNT(*) AS think_count FROM `nianbao_order` WHERE  `create_time` BETWEEN '2023-10-18 00:00:00' AND '2023-10-18 23:59:59'   AND `is_pay` = 1 LIMIT 1 [ RunTime:0.000185s ]
[2023-10-26T00:07:41+08:00][sql] SELECT COUNT(*) AS think_count FROM `nianbao_order` WHERE  `create_time` BETWEEN '2023-10-19 00:00:00' AND '2023-10-19 23:59:59'   AND `is_pay` = 1 LIMIT 1 [ RunTime:0.000180s ]
[2023-10-26T00:07:41+08:00][sql] SELECT COUNT(*) AS think_count FROM `nianbao_order` WHERE  `create_time` BETWEEN '2023-10-20 00:00:00' AND '2023-10-20 23:59:59'   AND `is_pay` = 1 LIMIT 1 [ RunTime:0.000201s ]
[2023-10-26T00:07:41+08:00][sql] SELECT COUNT(*) AS think_count FROM `nianbao_order` WHERE  `create_time` BETWEEN '2023-10-21 00:00:00' AND '2023-10-21 23:59:59'   AND `is_pay` = 1 LIMIT 1 [ RunTime:0.000196s ]
[2023-10-26T00:07:41+08:00][sql] SELECT COUNT(*) AS think_count FROM `nianbao_order` WHERE  `create_time` BETWEEN '2023-10-22 00:00:00' AND '2023-10-22 23:59:59'   AND `is_pay` = 1 LIMIT 1 [ RunTime:0.000180s ]
[2023-10-26T00:07:41+08:00][sql] SELECT COUNT(*) AS think_count FROM `nianbao_order` WHERE  `create_time` BETWEEN '2023-10-23 00:00:00' AND '2023-10-23 23:59:59'   AND `is_pay` = 1 LIMIT 1 [ RunTime:0.000236s ]
[2023-10-26T00:07:41+08:00][sql] SELECT COUNT(*) AS think_count FROM `nianbao_order` WHERE  `create_time` BETWEEN '2023-10-24 00:00:00' AND '2023-10-24 23:59:59'   AND `is_pay` = 1 LIMIT 1 [ RunTime:0.000221s ]
[2023-10-26T00:07:41+08:00][sql] SELECT COUNT(*) AS think_count FROM `nianbao_order` WHERE  `create_time` BETWEEN '2023-10-25 00:00:00' AND '2023-10-25 23:59:59'   AND `is_pay` = 1 LIMIT 1 [ RunTime:0.000202s ]
[2023-10-26T00:07:41+08:00][sql] SELECT COUNT(*) AS think_count FROM `nianbao_order` WHERE  `create_time` BETWEEN '2023-10-26 00:00:00' AND '2023-10-26 23:59:59'   AND `is_pay` = 1 LIMIT 1 [ RunTime:0.000181s ]
[2023-10-26T00:07:41+08:00][sql] SELECT COUNT(*) AS think_count FROM `nianbao_order` WHERE  `create_time` BETWEEN '2023-10-27 00:00:00' AND '2023-10-27 23:59:59'   AND `is_pay` = 1 LIMIT 1 [ RunTime:0.000200s ]
[2023-10-26T00:07:41+08:00][sql] SELECT COUNT(*) AS think_count FROM `nianbao_order` WHERE  `create_time` BETWEEN '2023-10-28 00:00:00' AND '2023-10-28 23:59:59'   AND `is_pay` = 1 LIMIT 1 [ RunTime:0.000200s ]
[2023-10-26T00:07:41+08:00][sql] SELECT COUNT(*) AS think_count FROM `nianbao_order` WHERE  `create_time` BETWEEN '2023-10-29 00:00:00' AND '2023-10-29 23:59:59'   AND `is_pay` = 1 LIMIT 1 [ RunTime:0.000187s ]
[2023-10-26T00:07:41+08:00][sql] SELECT COUNT(*) AS think_count FROM `nianbao_order` WHERE  `create_time` BETWEEN '2023-10-30 00:00:00' AND '2023-10-30 23:59:59'   AND `is_pay` = 1 LIMIT 1 [ RunTime:0.000183s ]
[2023-10-26T00:07:41+08:00][sql] SELECT COUNT(*) AS think_count FROM `nianbao_order` WHERE  `create_time` BETWEEN '2023-10-31 00:00:00' AND '2023-10-31 23:59:59'   AND `is_pay` = 1 LIMIT 1 [ RunTime:0.000177s ]
[2023-10-26T00:07:41+08:00][sql] SHOW FULL COLUMNS FROM `nianbao_member` [ RunTime:0.000458s ]
[2023-10-26T00:07:41+08:00][sql] SELECT COUNT(*) AS think_count FROM `nianbao_member` WHERE  `create_time` BETWEEN '2023-10-01 00:00:00' AND '2023-10-31 23:59:59'  LIMIT 1 [ RunTime:0.000246s ]
[2023-10-26T00:07:41+08:00][sql] SELECT COUNT(*) AS think_count FROM `nianbao_order` WHERE  `create_time` BETWEEN '2023-10-01 00:00:00' AND '2023-10-31 23:59:59'   AND `is_pay` = 1 LIMIT 1 [ RunTime:0.000206s ]
[2023-10-26T00:07:41+08:00][sql] SELECT SUM(`total_price`) AS think_sum FROM `nianbao_order` WHERE  `create_time` BETWEEN '2023-10-01 00:00:00' AND '2023-10-31 23:59:59'   AND `is_pay` = 1 LIMIT 1 [ RunTime:0.000199s ]
[2023-10-26T00:07:41+08:00][sql] SELECT COUNT(*) AS think_count FROM `nianbao_member` WHERE  `create_time` BETWEEN '2023-10-26 00:00:00' AND '2023-10-26 23:59:59'  LIMIT 1 [ RunTime:0.000215s ]
[2023-10-26T00:07:41+08:00][sql] SELECT COUNT(*) AS think_count FROM `nianbao_order` WHERE  `create_time` BETWEEN '2023-10-26 00:00:00' AND '2023-10-26 23:59:59'  LIMIT 1 [ RunTime:0.000170s ]
[2023-10-26T00:07:41+08:00][sql] SELECT SUM(`total_price`) AS think_sum FROM `nianbao_order` WHERE  `create_time` BETWEEN '2023-10-26 00:00:00' AND '2023-10-26 23:59:59'   AND `is_pay` = 1 LIMIT 1 [ RunTime:0.000177s ]
[2023-10-26T09:46:44+08:00][sql] CONNECT:[ UseTime:0.000369s ] mysql:host=127.0.0.1;port=3306;dbname=nianbao;charset=utf8
[2023-10-26T09:46:44+08:00][sql] SHOW FULL COLUMNS FROM `nianbao_base_config` [ RunTime:0.000604s ]
[2023-10-26T09:46:44+08:00][sql] SELECT * FROM `nianbao_base_config` [ RunTime:0.000298s ]
[2023-10-26T09:46:53+08:00][sql] CONNECT:[ UseTime:0.000382s ] mysql:host=127.0.0.1;port=3306;dbname=nianbao;charset=utf8
[2023-10-26T09:46:53+08:00][sql] SHOW FULL COLUMNS FROM `nianbao_admin_user` [ RunTime:0.000640s ]
[2023-10-26T09:46:53+08:00][sql] SELECT `a`.`user_id`,`a`.`name`,a.user as username,`a`.`status`,a.role_id as user_role_ids,`b`.`role_id`,b.name as role_name,b.status as role_status,`b`.`access` FROM `nianbao_admin_user` `a` INNER JOIN `nianbao_role` `b` ON a.role_id in(b.role_id) WHERE  `a`.`user` = 'admin'  AND `a`.`pwd` = '7b2ad4e307d5b3ec9e786054225d0985' LIMIT 1 [ RunTime:0.000460s ]
[2023-10-26T09:46:53+08:00][sql] SHOW FULL COLUMNS FROM `nianbao_log` [ RunTime:0.000567s ]
[2023-10-26T09:46:53+08:00][sql] INSERT INTO `nianbao_log` SET `application_name` = 'admin' , `username` = 'admin' , `url` = 'https://ss.xyaa.vip/admin/Login/index.html' , `ip` = '222.187.13.237' , `useragent` = 'Mozilla/5.0 (Windows NT 10.0; Win64; x64) AppleWebKit/537.36 (KHTML, like Gecko) Chrome/107.0.0.0 Safari/537.36 NetType/WIFI MicroMessenger/7.0.20.1781(0x6700143B) WindowsWechat(0x6309071d) XWEB/8447 Flue' , `create_time` = 1698284813 , `type` = 1 [ RunTime:0.007979s ]
[2023-10-26T09:46:55+08:00][sql] CONNECT:[ UseTime:0.000404s ] mysql:host=127.0.0.1;port=3306;dbname=nianbao;charset=utf8
[2023-10-26T09:46:55+08:00][sql] SHOW FULL COLUMNS FROM `nianbao_node` [ RunTime:0.000626s ]
[2023-10-26T09:46:55+08:00][sql] SELECT `node_id`,`pid`,`title`,`status`,`icon`,`sortid`,`path` FROM `nianbao_node` WHERE  `status` = 1  AND `type` = 1 ORDER BY `sortid` ASC [ RunTime:0.000379s ]
[2023-10-26T09:46:55+08:00][sql] CONNECT:[ UseTime:0.000341s ] mysql:host=127.0.0.1;port=3306;dbname=nianbao;charset=utf8
[2023-10-26T09:46:55+08:00][sql] SHOW FULL COLUMNS FROM `nianbao_order` [ RunTime:0.000696s ]
[2023-10-26T09:46:55+08:00][sql] SELECT COUNT(*) AS think_count FROM `nianbao_order` WHERE  `create_time` BETWEEN '2023-10-01 00:00:00' AND '2023-10-01 23:59:59'   AND `is_pay` = 1 LIMIT 1 [ RunTime:0.000380s ]
[2023-10-26T09:46:55+08:00][sql] SELECT COUNT(*) AS think_count FROM `nianbao_order` WHERE  `create_time` BETWEEN '2023-10-02 00:00:00' AND '2023-10-02 23:59:59'   AND `is_pay` = 1 LIMIT 1 [ RunTime:0.000215s ]
[2023-10-26T09:46:55+08:00][sql] SELECT COUNT(*) AS think_count FROM `nianbao_order` WHERE  `create_time` BETWEEN '2023-10-03 00:00:00' AND '2023-10-03 23:59:59'   AND `is_pay` = 1 LIMIT 1 [ RunTime:0.000226s ]
[2023-10-26T09:46:55+08:00][sql] SELECT COUNT(*) AS think_count FROM `nianbao_order` WHERE  `create_time` BETWEEN '2023-10-04 00:00:00' AND '2023-10-04 23:59:59'   AND `is_pay` = 1 LIMIT 1 [ RunTime:0.000184s ]
[2023-10-26T09:46:55+08:00][sql] SELECT COUNT(*) AS think_count FROM `nianbao_order` WHERE  `create_time` BETWEEN '2023-10-05 00:00:00' AND '2023-10-05 23:59:59'   AND `is_pay` = 1 LIMIT 1 [ RunTime:0.000224s ]
[2023-10-26T09:46:55+08:00][sql] SELECT COUNT(*) AS think_count FROM `nianbao_order` WHERE  `create_time` BETWEEN '2023-10-06 00:00:00' AND '2023-10-06 23:59:59'   AND `is_pay` = 1 LIMIT 1 [ RunTime:0.000184s ]
[2023-10-26T09:46:55+08:00][sql] SELECT COUNT(*) AS think_count FROM `nianbao_order` WHERE  `create_time` BETWEEN '2023-10-07 00:00:00' AND '2023-10-07 23:59:59'   AND `is_pay` = 1 LIMIT 1 [ RunTime:0.000176s ]
[2023-10-26T09:46:55+08:00][sql] SELECT COUNT(*) AS think_count FROM `nianbao_order` WHERE  `create_time` BETWEEN '2023-10-08 00:00:00' AND '2023-10-08 23:59:59'   AND `is_pay` = 1 LIMIT 1 [ RunTime:0.000182s ]
[2023-10-26T09:46:55+08:00][sql] SELECT COUNT(*) AS think_count FROM `nianbao_order` WHERE  `create_time` BETWEEN '2023-10-09 00:00:00' AND '2023-10-09 23:59:59'   AND `is_pay` = 1 LIMIT 1 [ RunTime:0.000172s ]
[2023-10-26T09:46:55+08:00][sql] SELECT COUNT(*) AS think_count FROM `nianbao_order` WHERE  `create_time` BETWEEN '2023-10-10 00:00:00' AND '2023-10-10 23:59:59'   AND `is_pay` = 1 LIMIT 1 [ RunTime:0.000195s ]
[2023-10-26T09:46:55+08:00][sql] SELECT COUNT(*) AS think_count FROM `nianbao_order` WHERE  `create_time` BETWEEN '2023-10-11 00:00:00' AND '2023-10-11 23:59:59'   AND `is_pay` = 1 LIMIT 1 [ RunTime:0.000245s ]
[2023-10-26T09:46:55+08:00][sql] SELECT COUNT(*) AS think_count FROM `nianbao_order` WHERE  `create_time` BETWEEN '2023-10-12 00:00:00' AND '2023-10-12 23:59:59'   AND `is_pay` = 1 LIMIT 1 [ RunTime:0.000215s ]
[2023-10-26T09:46:55+08:00][sql] SELECT COUNT(*) AS think_count FROM `nianbao_order` WHERE  `create_time` BETWEEN '2023-10-13 00:00:00' AND '2023-10-13 23:59:59'   AND `is_pay` = 1 LIMIT 1 [ RunTime:0.000182s ]
[2023-10-26T09:46:55+08:00][sql] SELECT COUNT(*) AS think_count FROM `nianbao_order` WHERE  `create_time` BETWEEN '2023-10-14 00:00:00' AND '2023-10-14 23:59:59'   AND `is_pay` = 1 LIMIT 1 [ RunTime:0.000176s ]
[2023-10-26T09:46:55+08:00][sql] SELECT COUNT(*) AS think_count FROM `nianbao_order` WHERE  `create_time` BETWEEN '2023-10-15 00:00:00' AND '2023-10-15 23:59:59'   AND `is_pay` = 1 LIMIT 1 [ RunTime:0.000178s ]
[2023-10-26T09:46:55+08:00][sql] SELECT COUNT(*) AS think_count FROM `nianbao_order` WHERE  `create_time` BETWEEN '2023-10-16 00:00:00' AND '2023-10-16 23:59:59'   AND `is_pay` = 1 LIMIT 1 [ RunTime:0.000169s ]
[2023-10-26T09:46:55+08:00][sql] SELECT COUNT(*) AS think_count FROM `nianbao_order` WHERE  `create_time` BETWEEN '2023-10-17 00:00:00' AND '2023-10-17 23:59:59'   AND `is_pay` = 1 LIMIT 1 [ RunTime:0.000170s ]
[2023-10-26T09:46:55+08:00][sql] SELECT COUNT(*) AS think_count FROM `nianbao_order` WHERE  `create_time` BETWEEN '2023-10-18 00:00:00' AND '2023-10-18 23:59:59'   AND `is_pay` = 1 LIMIT 1 [ RunTime:0.000176s ]
[2023-10-26T09:46:55+08:00][sql] SELECT COUNT(*) AS think_count FROM `nianbao_order` WHERE  `create_time` BETWEEN '2023-10-19 00:00:00' AND '2023-10-19 23:59:59'   AND `is_pay` = 1 LIMIT 1 [ RunTime:0.000171s ]
[2023-10-26T09:46:55+08:00][sql] SELECT COUNT(*) AS think_count FROM `nianbao_order` WHERE  `create_time` BETWEEN '2023-10-20 00:00:00' AND '2023-10-20 23:59:59'   AND `is_pay` = 1 LIMIT 1 [ RunTime:0.000190s ]
[2023-10-26T09:46:55+08:00][sql] SELECT COUNT(*) AS think_count FROM `nianbao_order` WHERE  `create_time` BETWEEN '2023-10-21 00:00:00' AND '2023-10-21 23:59:59'   AND `is_pay` = 1 LIMIT 1 [ RunTime:0.000174s ]
[2023-10-26T09:46:55+08:00][sql] SELECT COUNT(*) AS think_count FROM `nianbao_order` WHERE  `create_time` BETWEEN '2023-10-22 00:00:00' AND '2023-10-22 23:59:59'   AND `is_pay` = 1 LIMIT 1 [ RunTime:0.000178s ]
[2023-10-26T09:46:55+08:00][sql] SELECT COUNT(*) AS think_count FROM `nianbao_order` WHERE  `create_time` BETWEEN '2023-10-23 00:00:00' AND '2023-10-23 23:59:59'   AND `is_pay` = 1 LIMIT 1 [ RunTime:0.000188s ]
[2023-10-26T09:46:55+08:00][sql] SELECT COUNT(*) AS think_count FROM `nianbao_order` WHERE  `create_time` BETWEEN '2023-10-24 00:00:00' AND '2023-10-24 23:59:59'   AND `is_pay` = 1 LIMIT 1 [ RunTime:0.000177s ]
[2023-10-26T09:46:55+08:00][sql] SELECT COUNT(*) AS think_count FROM `nianbao_order` WHERE  `create_time` BETWEEN '2023-10-25 00:00:00' AND '2023-10-25 23:59:59'   AND `is_pay` = 1 LIMIT 1 [ RunTime:0.000178s ]
[2023-10-26T09:46:55+08:00][sql] SELECT COUNT(*) AS think_count FROM `nianbao_order` WHERE  `create_time` BETWEEN '2023-10-26 00:00:00' AND '2023-10-26 23:59:59'   AND `is_pay` = 1 LIMIT 1 [ RunTime:0.000172s ]
[2023-10-26T09:46:55+08:00][sql] SELECT COUNT(*) AS think_count FROM `nianbao_order` WHERE  `create_time` BETWEEN '2023-10-27 00:00:00' AND '2023-10-27 23:59:59'   AND `is_pay` = 1 LIMIT 1 [ RunTime:0.000188s ]
[2023-10-26T09:46:55+08:00][sql] SELECT COUNT(*) AS think_count FROM `nianbao_order` WHERE  `create_time` BETWEEN '2023-10-28 00:00:00' AND '2023-10-28 23:59:59'   AND `is_pay` = 1 LIMIT 1 [ RunTime:0.000185s ]
[2023-10-26T09:46:55+08:00][sql] SELECT COUNT(*) AS think_count FROM `nianbao_order` WHERE  `create_time` BETWEEN '2023-10-29 00:00:00' AND '2023-10-29 23:59:59'   AND `is_pay` = 1 LIMIT 1 [ RunTime:0.000180s ]
[2023-10-26T09:46:55+08:00][sql] SELECT COUNT(*) AS think_count FROM `nianbao_order` WHERE  `create_time` BETWEEN '2023-10-30 00:00:00' AND '2023-10-30 23:59:59'   AND `is_pay` = 1 LIMIT 1 [ RunTime:0.000185s ]
[2023-10-26T09:46:55+08:00][sql] SELECT COUNT(*) AS think_count FROM `nianbao_order` WHERE  `create_time` BETWEEN '2023-10-31 00:00:00' AND '2023-10-31 23:59:59'   AND `is_pay` = 1 LIMIT 1 [ RunTime:0.000178s ]
[2023-10-26T09:46:55+08:00][sql] SHOW FULL COLUMNS FROM `nianbao_member` [ RunTime:0.000539s ]
[2023-10-26T09:46:55+08:00][sql] SELECT COUNT(*) AS think_count FROM `nianbao_member` WHERE  `create_time` BETWEEN '2023-10-01 00:00:00' AND '2023-10-31 23:59:59'  LIMIT 1 [ RunTime:0.000225s ]
[2023-10-26T09:46:55+08:00][sql] SELECT COUNT(*) AS think_count FROM `nianbao_order` WHERE  `create_time` BETWEEN '2023-10-01 00:00:00' AND '2023-10-31 23:59:59'   AND `is_pay` = 1 LIMIT 1 [ RunTime:0.000191s ]
[2023-10-26T09:46:55+08:00][sql] SELECT SUM(`total_price`) AS think_sum FROM `nianbao_order` WHERE  `create_time` BETWEEN '2023-10-01 00:00:00' AND '2023-10-31 23:59:59'   AND `is_pay` = 1 LIMIT 1 [ RunTime:0.000187s ]
[2023-10-26T09:46:55+08:00][sql] SELECT COUNT(*) AS think_count FROM `nianbao_member` WHERE  `create_time` BETWEEN '2023-10-26 00:00:00' AND '2023-10-26 23:59:59'  LIMIT 1 [ RunTime:0.000210s ]
[2023-10-26T09:46:55+08:00][sql] SELECT COUNT(*) AS think_count FROM `nianbao_order` WHERE  `create_time` BETWEEN '2023-10-26 00:00:00' AND '2023-10-26 23:59:59'  LIMIT 1 [ RunTime:0.000168s ]
[2023-10-26T09:46:55+08:00][sql] SELECT SUM(`total_price`) AS think_sum FROM `nianbao_order` WHERE  `create_time` BETWEEN '2023-10-26 00:00:00' AND '2023-10-26 23:59:59'   AND `is_pay` = 1 LIMIT 1 [ RunTime:0.000175s ]
[2023-10-26T09:47:01+08:00][sql] CONNECT:[ UseTime:0.000385s ] mysql:host=127.0.0.1;port=3306;dbname=nianbao;charset=utf8
[2023-10-26T09:47:01+08:00][sql] SHOW FULL COLUMNS FROM `nianbao_order` [ RunTime:0.000624s ]
[2023-10-26T09:47:01+08:00][sql] SELECT COUNT(*) AS think_count FROM `nianbao_order` WHERE  `is_pay` = 1 LIMIT 1 [ RunTime:0.000260s ]
[2023-10-26T09:47:01+08:00][sql] SELECT * FROM `nianbao_order` WHERE  `is_pay` = 1 ORDER BY `id` DESC LIMIT 0,20 [ RunTime:0.000305s ]
[2023-10-26T09:47:25+08:00][sql] CONNECT:[ UseTime:0.000301s ] mysql:host=127.0.0.1;port=3306;dbname=nianbao;charset=utf8
[2023-10-26T09:47:25+08:00][sql] SHOW FULL COLUMNS FROM `nianbao_shop` [ RunTime:0.000734s ]
[2023-10-26T09:47:25+08:00][sql] SELECT COUNT(*) AS think_count FROM `nianbao_shop` `shop` LEFT JOIN `nianbao_shop_type` `shoptype` ON `shop`.`class_id`=`shoptype`.`id` LIMIT 1 [ RunTime:0.000487s ]
[2023-10-26T09:47:25+08:00][sql] select id,class_name from nianbao_shop_type [ RunTime:0.000222s ]
[2023-10-26T09:47:28+08:00][sql] CONNECT:[ UseTime:0.000373s ] mysql:host=127.0.0.1;port=3306;dbname=nianbao;charset=utf8
[2023-10-26T09:47:28+08:00][sql] SHOW FULL COLUMNS FROM `nianbao_shop_type` [ RunTime:0.000564s ]
[2023-10-26T09:47:28+08:00][sql] SELECT COUNT(*) AS think_count FROM `nianbao_shop_type` LIMIT 1 [ RunTime:0.000198s ]
[2023-10-26T09:47:28+08:00][sql] SELECT `id`,`class_name`,`status`,`sortid` FROM `nianbao_shop_type` ORDER BY `id` DESC LIMIT 0,20 [ RunTime:0.000153s ]
[2023-10-26T09:47:37+08:00][sql] CONNECT:[ UseTime:0.000355s ] mysql:host=127.0.0.1;port=3306;dbname=nianbao;charset=utf8
[2023-10-26T09:47:37+08:00][sql] SHOW FULL COLUMNS FROM `nianbao_base_config` [ RunTime:0.000492s ]
[2023-10-26T09:47:37+08:00][sql] SELECT `data`,`name` FROM `nianbao_base_config` [ RunTime:0.000270s ]
[2023-10-26T09:47:41+08:00][sql] CONNECT:[ UseTime:0.000346s ] mysql:host=127.0.0.1;port=3306;dbname=nianbao;charset=utf8
[2023-10-26T09:47:41+08:00][sql] SHOW FULL COLUMNS FROM `nianbao_base_config` [ RunTime:0.000518s ]
[2023-10-26T09:47:41+08:00][sql] SELECT `data`,`name` FROM `nianbao_base_config` [ RunTime:0.000280s ]
[2023-10-26T09:47:43+08:00][sql] CONNECT:[ UseTime:0.000360s ] mysql:host=127.0.0.1;port=3306;dbname=nianbao;charset=utf8
[2023-10-26T09:47:43+08:00][sql] SHOW FULL COLUMNS FROM `nianbao_admin_user` [ RunTime:0.000524s ]
[2023-10-26T09:47:43+08:00][sql] SELECT COUNT(*) AS think_count FROM `nianbao_admin_user` `adminuser` LEFT JOIN `nianbao_role` `role` ON `adminuser`.`role_id`=`role`.`role_id` LIMIT 1 [ RunTime:0.000300s ]
[2023-10-26T09:47:43+08:00][sql] SELECT `adminuser`.`user_id`,`adminuser`.`name`,`adminuser`.`user`,`adminuser`.`note`,`adminuser`.`status`,`adminuser`.`create_time`,`role`.`name` AS `role__name` FROM `nianbao_admin_user` `adminuser` LEFT JOIN `nianbao_role` `role` ON `adminuser`.`role_id`=`role`.`role_id` ORDER BY `user_id` DESC LIMIT 0,20 [ RunTime:0.000204s ]
[2023-10-26T09:47:43+08:00][sql] select role_id,name from nianbao_role [ RunTime:0.000193s ]
[2023-10-26T09:47:47+08:00][sql] CONNECT:[ UseTime:0.000351s ] mysql:host=127.0.0.1;port=3306;dbname=nianbao;charset=utf8
[2023-10-26T09:47:47+08:00][sql] SHOW FULL COLUMNS FROM `nianbao_base_config` [ RunTime:0.000474s ]
[2023-10-26T09:47:47+08:00][sql] SELECT * FROM `nianbao_base_config` [ RunTime:0.000267s ]
[2023-10-26T09:47:48+08:00][sql] CONNECT:[ UseTime:0.000382s ] mysql:host=127.0.0.1;port=3306;dbname=nianbao;charset=utf8
[2023-10-26T09:47:48+08:00][sql] SHOW FULL COLUMNS FROM `nianbao_role` [ RunTime:0.000563s ]
[2023-10-26T09:47:48+08:00][sql] SELECT COUNT(*) AS think_count FROM `nianbao_role` LIMIT 1 [ RunTime:0.000152s ]
[2023-10-26T09:47:48+08:00][sql] SELECT `role_id`,`name`,`status`,`description` FROM `nianbao_role` ORDER BY `role_id` DESC LIMIT 0,20 [ RunTime:0.000166s ]
[2023-10-26T09:47:52+08:00][sql] CONNECT:[ UseTime:0.000357s ] mysql:host=127.0.0.1;port=3306;dbname=nianbao;charset=utf8
[2023-10-26T09:47:52+08:00][sql] SHOW FULL COLUMNS FROM `nianbao_order` [ RunTime:0.000591s ]
[2023-10-26T09:47:52+08:00][sql] SELECT COUNT(*) AS think_count FROM `nianbao_order` WHERE  `is_pay` = 1 LIMIT 1 [ RunTime:0.000267s ]
[2023-10-26T09:47:52+08:00][sql] SELECT * FROM `nianbao_order` WHERE  `is_pay` = 1 ORDER BY `id` DESC LIMIT 0,20 [ RunTime:0.000292s ]
[2023-10-26T20:15:32+08:00][sql] CONNECT:[ UseTime:0.000429s ] mysql:host=127.0.0.1;port=3306;dbname=nianbao;charset=utf8
[2023-10-26T20:15:32+08:00][sql] SHOW FULL COLUMNS FROM `nianbao_base_config` [ RunTime:0.000797s ]
[2023-10-26T20:15:32+08:00][sql] SELECT * FROM `nianbao_base_config` [ RunTime:0.000408s ]
[2023-10-26T20:24:55+08:00][sql] CONNECT:[ UseTime:0.000367s ] mysql:host=127.0.0.1;port=3306;dbname=nianbao;charset=utf8
[2023-10-26T20:24:55+08:00][sql] SHOW FULL COLUMNS FROM `nianbao_base_config` [ RunTime:0.000619s ]
[2023-10-26T20:24:55+08:00][sql] SELECT * FROM `nianbao_base_config` [ RunTime:0.000279s ]
[2023-10-26T20:25:06+08:00][sql] CONNECT:[ UseTime:0.000422s ] mysql:host=127.0.0.1;port=3306;dbname=nianbao;charset=utf8
[2023-10-26T20:25:06+08:00][sql] SHOW FULL COLUMNS FROM `nianbao_admin_user` [ RunTime:0.000596s ]
[2023-10-26T20:25:06+08:00][sql] SELECT `a`.`user_id`,`a`.`name`,a.user as username,`a`.`status`,a.role_id as user_role_ids,`b`.`role_id`,b.name as role_name,b.status as role_status,`b`.`access` FROM `nianbao_admin_user` `a` INNER JOIN `nianbao_role` `b` ON a.role_id in(b.role_id) WHERE  `a`.`user` = 'admin'  AND `a`.`pwd` = '7b2ad4e307d5b3ec9e786054225d0985' LIMIT 1 [ RunTime:0.000412s ]
[2023-10-26T20:25:06+08:00][sql] SHOW FULL COLUMNS FROM `nianbao_log` [ RunTime:0.000556s ]
[2023-10-26T20:25:06+08:00][sql] INSERT INTO `nianbao_log` SET `application_name` = 'admin' , `username` = 'admin' , `url` = 'https://ss.xyaa.vip/admin/Login/index.html' , `ip` = '140.250.227.35' , `useragent` = 'Mozilla/5.0 (Windows NT 10.0; Win64; x64) AppleWebKit/537.36 (KHTML, like Gecko) Chrome/117.0.0.0 Safari/537.36 Edg/117.0.2045.60' , `create_time` = 1698323106 , `type` = 1 [ RunTime:0.007926s ]
[2023-10-26T20:25:07+08:00][sql] CONNECT:[ UseTime:0.000362s ] mysql:host=127.0.0.1;port=3306;dbname=nianbao;charset=utf8
[2023-10-26T20:25:07+08:00][sql] SHOW FULL COLUMNS FROM `nianbao_node` [ RunTime:0.000616s ]
[2023-10-26T20:25:07+08:00][sql] SELECT `node_id`,`pid`,`title`,`status`,`icon`,`sortid`,`path` FROM `nianbao_node` WHERE  `status` = 1  AND `type` = 1 ORDER BY `sortid` ASC [ RunTime:0.000347s ]
[2023-10-26T20:25:08+08:00][sql] CONNECT:[ UseTime:0.000341s ] mysql:host=127.0.0.1;port=3306;dbname=nianbao;charset=utf8
[2023-10-26T20:25:08+08:00][sql] SHOW FULL COLUMNS FROM `nianbao_order` [ RunTime:0.000671s ]
[2023-10-26T20:25:08+08:00][sql] SELECT COUNT(*) AS think_count FROM `nianbao_order` WHERE  `create_time` BETWEEN '2023-10-01 00:00:00' AND '2023-10-01 23:59:59'   AND `is_pay` = 1 LIMIT 1 [ RunTime:0.000333s ]
[2023-10-26T20:25:08+08:00][sql] SELECT COUNT(*) AS think_count FROM `nianbao_order` WHERE  `create_time` BETWEEN '2023-10-02 00:00:00' AND '2023-10-02 23:59:59'   AND `is_pay` = 1 LIMIT 1 [ RunTime:0.000242s ]
[2023-10-26T20:25:08+08:00][sql] SELECT COUNT(*) AS think_count FROM `nianbao_order` WHERE  `create_time` BETWEEN '2023-10-03 00:00:00' AND '2023-10-03 23:59:59'   AND `is_pay` = 1 LIMIT 1 [ RunTime:0.000213s ]
[2023-10-26T20:25:08+08:00][sql] SELECT COUNT(*) AS think_count FROM `nianbao_order` WHERE  `create_time` BETWEEN '2023-10-04 00:00:00' AND '2023-10-04 23:59:59'   AND `is_pay` = 1 LIMIT 1 [ RunTime:0.000191s ]
[2023-10-26T20:25:08+08:00][sql] SELECT COUNT(*) AS think_count FROM `nianbao_order` WHERE  `create_time` BETWEEN '2023-10-05 00:00:00' AND '2023-10-05 23:59:59'   AND `is_pay` = 1 LIMIT 1 [ RunTime:0.000195s ]
[2023-10-26T20:25:08+08:00][sql] SELECT COUNT(*) AS think_count FROM `nianbao_order` WHERE  `create_time` BETWEEN '2023-10-06 00:00:00' AND '2023-10-06 23:59:59'   AND `is_pay` = 1 LIMIT 1 [ RunTime:0.000177s ]
[2023-10-26T20:25:08+08:00][sql] SELECT COUNT(*) AS think_count FROM `nianbao_order` WHERE  `create_time` BETWEEN '2023-10-07 00:00:00' AND '2023-10-07 23:59:59'   AND `is_pay` = 1 LIMIT 1 [ RunTime:0.000182s ]
[2023-10-26T20:25:08+08:00][sql] SELECT COUNT(*) AS think_count FROM `nianbao_order` WHERE  `create_time` BETWEEN '2023-10-08 00:00:00' AND '2023-10-08 23:59:59'   AND `is_pay` = 1 LIMIT 1 [ RunTime:0.000279s ]
[2023-10-26T20:25:08+08:00][sql] SELECT COUNT(*) AS think_count FROM `nianbao_order` WHERE  `create_time` BETWEEN '2023-10-09 00:00:00' AND '2023-10-09 23:59:59'   AND `is_pay` = 1 LIMIT 1 [ RunTime:0.000220s ]
[2023-10-26T20:25:08+08:00][sql] SELECT COUNT(*) AS think_count FROM `nianbao_order` WHERE  `create_time` BETWEEN '2023-10-10 00:00:00' AND '2023-10-10 23:59:59'   AND `is_pay` = 1 LIMIT 1 [ RunTime:0.000206s ]
[2023-10-26T20:25:08+08:00][sql] SELECT COUNT(*) AS think_count FROM `nianbao_order` WHERE  `create_time` BETWEEN '2023-10-11 00:00:00' AND '2023-10-11 23:59:59'   AND `is_pay` = 1 LIMIT 1 [ RunTime:0.000190s ]
[2023-10-26T20:25:08+08:00][sql] SELECT COUNT(*) AS think_count FROM `nianbao_order` WHERE  `create_time` BETWEEN '2023-10-12 00:00:00' AND '2023-10-12 23:59:59'   AND `is_pay` = 1 LIMIT 1 [ RunTime:0.000191s ]
[2023-10-26T20:25:08+08:00][sql] SELECT COUNT(*) AS think_count FROM `nianbao_order` WHERE  `create_time` BETWEEN '2023-10-13 00:00:00' AND '2023-10-13 23:59:59'   AND `is_pay` = 1 LIMIT 1 [ RunTime:0.000193s ]
[2023-10-26T20:25:08+08:00][sql] SELECT COUNT(*) AS think_count FROM `nianbao_order` WHERE  `create_time` BETWEEN '2023-10-14 00:00:00' AND '2023-10-14 23:59:59'   AND `is_pay` = 1 LIMIT 1 [ RunTime:0.000195s ]
[2023-10-26T20:25:08+08:00][sql] SELECT COUNT(*) AS think_count FROM `nianbao_order` WHERE  `create_time` BETWEEN '2023-10-15 00:00:00' AND '2023-10-15 23:59:59'   AND `is_pay` = 1 LIMIT 1 [ RunTime:0.000197s ]
[2023-10-26T20:25:08+08:00][sql] SELECT COUNT(*) AS think_count FROM `nianbao_order` WHERE  `create_time` BETWEEN '2023-10-16 00:00:00' AND '2023-10-16 23:59:59'   AND `is_pay` = 1 LIMIT 1 [ RunTime:0.000182s ]
[2023-10-26T20:25:08+08:00][sql] SELECT COUNT(*) AS think_count FROM `nianbao_order` WHERE  `create_time` BETWEEN '2023-10-17 00:00:00' AND '2023-10-17 23:59:59'   AND `is_pay` = 1 LIMIT 1 [ RunTime:0.000186s ]
[2023-10-26T20:25:08+08:00][sql] SELECT COUNT(*) AS think_count FROM `nianbao_order` WHERE  `create_time` BETWEEN '2023-10-18 00:00:00' AND '2023-10-18 23:59:59'   AND `is_pay` = 1 LIMIT 1 [ RunTime:0.000182s ]
[2023-10-26T20:25:08+08:00][sql] SELECT COUNT(*) AS think_count FROM `nianbao_order` WHERE  `create_time` BETWEEN '2023-10-19 00:00:00' AND '2023-10-19 23:59:59'   AND `is_pay` = 1 LIMIT 1 [ RunTime:0.000193s ]
[2023-10-26T20:25:08+08:00][sql] SELECT COUNT(*) AS think_count FROM `nianbao_order` WHERE  `create_time` BETWEEN '2023-10-20 00:00:00' AND '2023-10-20 23:59:59'   AND `is_pay` = 1 LIMIT 1 [ RunTime:0.000196s ]
[2023-10-26T20:25:08+08:00][sql] SELECT COUNT(*) AS think_count FROM `nianbao_order` WHERE  `create_time` BETWEEN '2023-10-21 00:00:00' AND '2023-10-21 23:59:59'   AND `is_pay` = 1 LIMIT 1 [ RunTime:0.000182s ]
[2023-10-26T20:25:08+08:00][sql] SELECT COUNT(*) AS think_count FROM `nianbao_order` WHERE  `create_time` BETWEEN '2023-10-22 00:00:00' AND '2023-10-22 23:59:59'   AND `is_pay` = 1 LIMIT 1 [ RunTime:0.000193s ]
[2023-10-26T20:25:08+08:00][sql] SELECT COUNT(*) AS think_count FROM `nianbao_order` WHERE  `create_time` BETWEEN '2023-10-23 00:00:00' AND '2023-10-23 23:59:59'   AND `is_pay` = 1 LIMIT 1 [ RunTime:0.000185s ]
[2023-10-26T20:25:08+08:00][sql] SELECT COUNT(*) AS think_count FROM `nianbao_order` WHERE  `create_time` BETWEEN '2023-10-24 00:00:00' AND '2023-10-24 23:59:59'   AND `is_pay` = 1 LIMIT 1 [ RunTime:0.000199s ]
[2023-10-26T20:25:08+08:00][sql] SELECT COUNT(*) AS think_count FROM `nianbao_order` WHERE  `create_time` BETWEEN '2023-10-25 00:00:00' AND '2023-10-25 23:59:59'   AND `is_pay` = 1 LIMIT 1 [ RunTime:0.000183s ]
[2023-10-26T20:25:08+08:00][sql] SELECT COUNT(*) AS think_count FROM `nianbao_order` WHERE  `create_time` BETWEEN '2023-10-26 00:00:00' AND '2023-10-26 23:59:59'   AND `is_pay` = 1 LIMIT 1 [ RunTime:0.000175s ]
[2023-10-26T20:25:08+08:00][sql] SELECT COUNT(*) AS think_count FROM `nianbao_order` WHERE  `create_time` BETWEEN '2023-10-27 00:00:00' AND '2023-10-27 23:59:59'   AND `is_pay` = 1 LIMIT 1 [ RunTime:0.000189s ]
[2023-10-26T20:25:08+08:00][sql] SELECT COUNT(*) AS think_count FROM `nianbao_order` WHERE  `create_time` BETWEEN '2023-10-28 00:00:00' AND '2023-10-28 23:59:59'   AND `is_pay` = 1 LIMIT 1 [ RunTime:0.000181s ]
[2023-10-26T20:25:08+08:00][sql] SELECT COUNT(*) AS think_count FROM `nianbao_order` WHERE  `create_time` BETWEEN '2023-10-29 00:00:00' AND '2023-10-29 23:59:59'   AND `is_pay` = 1 LIMIT 1 [ RunTime:0.000197s ]
[2023-10-26T20:25:08+08:00][sql] SELECT COUNT(*) AS think_count FROM `nianbao_order` WHERE  `create_time` BETWEEN '2023-10-30 00:00:00' AND '2023-10-30 23:59:59'   AND `is_pay` = 1 LIMIT 1 [ RunTime:0.000180s ]
[2023-10-26T20:25:08+08:00][sql] SELECT COUNT(*) AS think_count FROM `nianbao_order` WHERE  `create_time` BETWEEN '2023-10-31 00:00:00' AND '2023-10-31 23:59:59'   AND `is_pay` = 1 LIMIT 1 [ RunTime:0.000177s ]
[2023-10-26T20:25:08+08:00][sql] SHOW FULL COLUMNS FROM `nianbao_member` [ RunTime:0.000568s ]
[2023-10-26T20:25:08+08:00][sql] SELECT COUNT(*) AS think_count FROM `nianbao_member` WHERE  `create_time` BETWEEN '2023-10-01 00:00:00' AND '2023-10-31 23:59:59'  LIMIT 1 [ RunTime:0.000228s ]
[2023-10-26T20:25:08+08:00][sql] SELECT COUNT(*) AS think_count FROM `nianbao_order` WHERE  `create_time` BETWEEN '2023-10-01 00:00:00' AND '2023-10-31 23:59:59'   AND `is_pay` = 1 LIMIT 1 [ RunTime:0.000200s ]
[2023-10-26T20:25:08+08:00][sql] SELECT SUM(`total_price`) AS think_sum FROM `nianbao_order` WHERE  `create_time` BETWEEN '2023-10-01 00:00:00' AND '2023-10-31 23:59:59'   AND `is_pay` = 1 LIMIT 1 [ RunTime:0.000201s ]
[2023-10-26T20:25:08+08:00][sql] SELECT COUNT(*) AS think_count FROM `nianbao_member` WHERE  `create_time` BETWEEN '2023-10-26 00:00:00' AND '2023-10-26 23:59:59'  LIMIT 1 [ RunTime:0.000210s ]
[2023-10-26T20:25:08+08:00][sql] SELECT COUNT(*) AS think_count FROM `nianbao_order` WHERE  `create_time` BETWEEN '2023-10-26 00:00:00' AND '2023-10-26 23:59:59'  LIMIT 1 [ RunTime:0.000169s ]
[2023-10-26T20:25:08+08:00][sql] SELECT SUM(`total_price`) AS think_sum FROM `nianbao_order` WHERE  `create_time` BETWEEN '2023-10-26 00:00:00' AND '2023-10-26 23:59:59'   AND `is_pay` = 1 LIMIT 1 [ RunTime:0.000180s ]
[2023-10-26T20:25:11+08:00][sql] CONNECT:[ UseTime:0.000396s ] mysql:host=127.0.0.1;port=3306;dbname=nianbao;charset=utf8
[2023-10-26T20:25:11+08:00][sql] SHOW FULL COLUMNS FROM `nianbao_enterprise` [ RunTime:0.000630s ]
[2023-10-26T20:25:11+08:00][sql] SELECT COUNT(*) AS think_count FROM `nianbao_enterprise` LIMIT 1 [ RunTime:0.000705s ]
[2023-10-26T20:25:11+08:00][sql] SELECT * FROM `nianbao_enterprise` ORDER BY `id` DESC LIMIT 0,20 [ RunTime:0.000213s ]
[2023-10-26T20:25:14+08:00][sql] CONNECT:[ UseTime:0.000359s ] mysql:host=127.0.0.1;port=3306;dbname=nianbao;charset=utf8
[2023-10-26T20:25:14+08:00][sql] SHOW FULL COLUMNS FROM `nianbao_base_config` [ RunTime:0.000482s ]
[2023-10-26T20:25:14+08:00][sql] SELECT `data`,`name` FROM `nianbao_base_config` [ RunTime:0.000283s ]
[2023-10-26T21:01:43+08:00][sql] CONNECT:[ UseTime:0.000384s ] mysql:host=127.0.0.1;port=3306;dbname=nianbao;charset=utf8
[2023-10-26T21:01:43+08:00][sql] SHOW FULL COLUMNS FROM `nianbao_base_config` [ RunTime:0.000637s ]
[2023-10-26T21:01:43+08:00][sql] SELECT * FROM `nianbao_base_config` [ RunTime:0.000273s ]
[2023-10-26T21:01:45+08:00][sql] CONNECT:[ UseTime:0.000426s ] mysql:host=127.0.0.1;port=3306;dbname=nianbao;charset=utf8
[2023-10-26T21:01:45+08:00][sql] SHOW FULL COLUMNS FROM `nianbao_enterprise` [ RunTime:0.000655s ]
[2023-10-26T21:01:45+08:00][sql] SELECT COUNT(*) AS think_count FROM `nianbao_enterprise` LIMIT 1 [ RunTime:0.000733s ]
[2023-10-26T21:01:45+08:00][sql] SELECT * FROM `nianbao_enterprise` ORDER BY `id` DESC LIMIT 0,20 [ RunTime:0.000215s ]
[2023-10-26T22:46:43+08:00][sql] CONNECT:[ UseTime:0.000335s ] mysql:host=127.0.0.1;port=3306;dbname=nianbao;charset=utf8
[2023-10-26T22:46:43+08:00][sql] SHOW FULL COLUMNS FROM `nianbao_base_config` [ RunTime:0.000589s ]
[2023-10-26T22:46:43+08:00][sql] SELECT * FROM `nianbao_base_config` [ RunTime:0.000259s ]
