[2023-10-28T03:21:37+08:00][sql] CONNECT:[ UseTime:0.000361s ] mysql:host=127.0.0.1;port=3306;dbname=nianbao;charset=utf8
[2023-10-28T03:21:37+08:00][sql] SHOW FULL COLUMNS FROM `nianbao_base_config` [ RunTime:0.000643s ]
[2023-10-28T03:21:37+08:00][sql] SELECT * FROM `nianbao_base_config` [ RunTime:0.000323s ]
[2023-10-28T21:11:29+08:00][sql] CONNECT:[ UseTime:0.000389s ] mysql:host=127.0.0.1;port=3306;dbname=nianbao;charset=utf8
[2023-10-28T21:11:29+08:00][sql] SHOW FULL COLUMNS FROM `nianbao_base_config` [ RunTime:0.000637s ]
[2023-10-28T21:11:29+08:00][sql] SELECT * FROM `nianbao_base_config` [ RunTime:0.000325s ]
[2023-10-28T21:11:45+08:00][sql] CONNECT:[ UseTime:0.000395s ] mysql:host=127.0.0.1;port=3306;dbname=nianbao;charset=utf8
[2023-10-28T21:11:45+08:00][sql] SHOW FULL COLUMNS FROM `nianbao_admin_user` [ RunTime:0.000631s ]
[2023-10-28T21:11:45+08:00][sql] SELECT `a`.`user_id`,`a`.`name`,a.user as username,`a`.`status`,a.role_id as user_role_ids,`b`.`role_id`,b.name as role_name,b.status as role_status,`b`.`access` FROM `nianbao_admin_user` `a` INNER JOIN `nianbao_role` `b` ON a.role_id in(b.role_id) WHERE  `a`.`user` = 'admin'  AND `a`.`pwd` = '7b2ad4e307d5b3ec9e786054225d0985' LIMIT 1 [ RunTime:0.000431s ]
[2023-10-28T21:11:45+08:00][sql] SHOW FULL COLUMNS FROM `nianbao_log` [ RunTime:0.000651s ]
[2023-10-28T21:11:45+08:00][sql] INSERT INTO `nianbao_log` SET `application_name` = 'admin' , `username` = 'admin' , `url` = 'https://ss.xyaa.vip/admin/Login/index.html' , `ip` = '140.250.225.195' , `useragent` = 'Mozilla/5.0 (Windows NT 10.0; Win64; x64) AppleWebKit/537.36 (KHTML, like Gecko) Chrome/117.0.0.0 Safari/537.36' , `create_time` = 1698498705 , `type` = 1 [ RunTime:0.004669s ]
[2023-10-28T21:11:46+08:00][sql] CONNECT:[ UseTime:0.000346s ] mysql:host=127.0.0.1;port=3306;dbname=nianbao;charset=utf8
[2023-10-28T21:11:46+08:00][sql] SHOW FULL COLUMNS FROM `nianbao_node` [ RunTime:0.000739s ]
[2023-10-28T21:11:46+08:00][sql] SELECT `node_id`,`pid`,`title`,`status`,`icon`,`sortid`,`path` FROM `nianbao_node` WHERE  `status` = 1  AND `type` = 1 ORDER BY `sortid` ASC [ RunTime:0.000363s ]
[2023-10-28T21:11:46+08:00][sql] CONNECT:[ UseTime:0.000373s ] mysql:host=127.0.0.1;port=3306;dbname=nianbao;charset=utf8
[2023-10-28T21:11:46+08:00][sql] SHOW FULL COLUMNS FROM `nianbao_order` [ RunTime:0.000832s ]
[2023-10-28T21:11:46+08:00][sql] SELECT COUNT(*) AS think_count FROM `nianbao_order` WHERE  `create_time` BETWEEN '2023-10-01 00:00:00' AND '2023-10-01 23:59:59'   AND `is_pay` = 1 LIMIT 1 [ RunTime:0.000334s ]
[2023-10-28T21:11:46+08:00][sql] SELECT COUNT(*) AS think_count FROM `nianbao_order` WHERE  `create_time` BETWEEN '2023-10-02 00:00:00' AND '2023-10-02 23:59:59'   AND `is_pay` = 1 LIMIT 1 [ RunTime:0.000242s ]
[2023-10-28T21:11:46+08:00][sql] SELECT COUNT(*) AS think_count FROM `nianbao_order` WHERE  `create_time` BETWEEN '2023-10-03 00:00:00' AND '2023-10-03 23:59:59'   AND `is_pay` = 1 LIMIT 1 [ RunTime:0.000220s ]
[2023-10-28T21:11:46+08:00][sql] SELECT COUNT(*) AS think_count FROM `nianbao_order` WHERE  `create_time` BETWEEN '2023-10-04 00:00:00' AND '2023-10-04 23:59:59'   AND `is_pay` = 1 LIMIT 1 [ RunTime:0.000184s ]
[2023-10-28T21:11:46+08:00][sql] SELECT COUNT(*) AS think_count FROM `nianbao_order` WHERE  `create_time` BETWEEN '2023-10-05 00:00:00' AND '2023-10-05 23:59:59'   AND `is_pay` = 1 LIMIT 1 [ RunTime:0.000197s ]
[2023-10-28T21:11:46+08:00][sql] SELECT COUNT(*) AS think_count FROM `nianbao_order` WHERE  `create_time` BETWEEN '2023-10-06 00:00:00' AND '2023-10-06 23:59:59'   AND `is_pay` = 1 LIMIT 1 [ RunTime:0.000178s ]
[2023-10-28T21:11:46+08:00][sql] SELECT COUNT(*) AS think_count FROM `nianbao_order` WHERE  `create_time` BETWEEN '2023-10-07 00:00:00' AND '2023-10-07 23:59:59'   AND `is_pay` = 1 LIMIT 1 [ RunTime:0.000185s ]
[2023-10-28T21:11:46+08:00][sql] SELECT COUNT(*) AS think_count FROM `nianbao_order` WHERE  `create_time` BETWEEN '2023-10-08 00:00:00' AND '2023-10-08 23:59:59'   AND `is_pay` = 1 LIMIT 1 [ RunTime:0.000186s ]
[2023-10-28T21:11:46+08:00][sql] SELECT COUNT(*) AS think_count FROM `nianbao_order` WHERE  `create_time` BETWEEN '2023-10-09 00:00:00' AND '2023-10-09 23:59:59'   AND `is_pay` = 1 LIMIT 1 [ RunTime:0.000177s ]
[2023-10-28T21:11:46+08:00][sql] SELECT COUNT(*) AS think_count FROM `nianbao_order` WHERE  `create_time` BETWEEN '2023-10-10 00:00:00' AND '2023-10-10 23:59:59'   AND `is_pay` = 1 LIMIT 1 [ RunTime:0.000173s ]
[2023-10-28T21:11:46+08:00][sql] SELECT COUNT(*) AS think_count FROM `nianbao_order` WHERE  `create_time` BETWEEN '2023-10-11 00:00:00' AND '2023-10-11 23:59:59'   AND `is_pay` = 1 LIMIT 1 [ RunTime:0.000175s ]
[2023-10-28T21:11:46+08:00][sql] SELECT COUNT(*) AS think_count FROM `nianbao_order` WHERE  `create_time` BETWEEN '2023-10-12 00:00:00' AND '2023-10-12 23:59:59'   AND `is_pay` = 1 LIMIT 1 [ RunTime:0.000173s ]
[2023-10-28T21:11:46+08:00][sql] SELECT COUNT(*) AS think_count FROM `nianbao_order` WHERE  `create_time` BETWEEN '2023-10-13 00:00:00' AND '2023-10-13 23:59:59'   AND `is_pay` = 1 LIMIT 1 [ RunTime:0.000188s ]
[2023-10-28T21:11:46+08:00][sql] SELECT COUNT(*) AS think_count FROM `nianbao_order` WHERE  `create_time` BETWEEN '2023-10-14 00:00:00' AND '2023-10-14 23:59:59'   AND `is_pay` = 1 LIMIT 1 [ RunTime:0.000172s ]
[2023-10-28T21:11:46+08:00][sql] SELECT COUNT(*) AS think_count FROM `nianbao_order` WHERE  `create_time` BETWEEN '2023-10-15 00:00:00' AND '2023-10-15 23:59:59'   AND `is_pay` = 1 LIMIT 1 [ RunTime:0.000171s ]
[2023-10-28T21:11:46+08:00][sql] SELECT COUNT(*) AS think_count FROM `nianbao_order` WHERE  `create_time` BETWEEN '2023-10-16 00:00:00' AND '2023-10-16 23:59:59'   AND `is_pay` = 1 LIMIT 1 [ RunTime:0.000173s ]
[2023-10-28T21:11:46+08:00][sql] SELECT COUNT(*) AS think_count FROM `nianbao_order` WHERE  `create_time` BETWEEN '2023-10-17 00:00:00' AND '2023-10-17 23:59:59'   AND `is_pay` = 1 LIMIT 1 [ RunTime:0.000172s ]
[2023-10-28T21:11:46+08:00][sql] SELECT COUNT(*) AS think_count FROM `nianbao_order` WHERE  `create_time` BETWEEN '2023-10-18 00:00:00' AND '2023-10-18 23:59:59'   AND `is_pay` = 1 LIMIT 1 [ RunTime:0.000184s ]
[2023-10-28T21:11:46+08:00][sql] SELECT COUNT(*) AS think_count FROM `nianbao_order` WHERE  `create_time` BETWEEN '2023-10-19 00:00:00' AND '2023-10-19 23:59:59'   AND `is_pay` = 1 LIMIT 1 [ RunTime:0.000172s ]
[2023-10-28T21:11:46+08:00][sql] SELECT COUNT(*) AS think_count FROM `nianbao_order` WHERE  `create_time` BETWEEN '2023-10-20 00:00:00' AND '2023-10-20 23:59:59'   AND `is_pay` = 1 LIMIT 1 [ RunTime:0.000176s ]
[2023-10-28T21:11:46+08:00][sql] SELECT COUNT(*) AS think_count FROM `nianbao_order` WHERE  `create_time` BETWEEN '2023-10-21 00:00:00' AND '2023-10-21 23:59:59'   AND `is_pay` = 1 LIMIT 1 [ RunTime:0.000196s ]
[2023-10-28T21:11:46+08:00][sql] SELECT COUNT(*) AS think_count FROM `nianbao_order` WHERE  `create_time` BETWEEN '2023-10-22 00:00:00' AND '2023-10-22 23:59:59'   AND `is_pay` = 1 LIMIT 1 [ RunTime:0.000180s ]
[2023-10-28T21:11:46+08:00][sql] SELECT COUNT(*) AS think_count FROM `nianbao_order` WHERE  `create_time` BETWEEN '2023-10-23 00:00:00' AND '2023-10-23 23:59:59'   AND `is_pay` = 1 LIMIT 1 [ RunTime:0.000195s ]
[2023-10-28T21:11:46+08:00][sql] SELECT COUNT(*) AS think_count FROM `nianbao_order` WHERE  `create_time` BETWEEN '2023-10-24 00:00:00' AND '2023-10-24 23:59:59'   AND `is_pay` = 1 LIMIT 1 [ RunTime:0.000198s ]
[2023-10-28T21:11:46+08:00][sql] SELECT COUNT(*) AS think_count FROM `nianbao_order` WHERE  `create_time` BETWEEN '2023-10-25 00:00:00' AND '2023-10-25 23:59:59'   AND `is_pay` = 1 LIMIT 1 [ RunTime:0.000180s ]
[2023-10-28T21:11:46+08:00][sql] SELECT COUNT(*) AS think_count FROM `nianbao_order` WHERE  `create_time` BETWEEN '2023-10-26 00:00:00' AND '2023-10-26 23:59:59'   AND `is_pay` = 1 LIMIT 1 [ RunTime:0.000183s ]
[2023-10-28T21:11:46+08:00][sql] SELECT COUNT(*) AS think_count FROM `nianbao_order` WHERE  `create_time` BETWEEN '2023-10-27 00:00:00' AND '2023-10-27 23:59:59'   AND `is_pay` = 1 LIMIT 1 [ RunTime:0.000182s ]
[2023-10-28T21:11:46+08:00][sql] SELECT COUNT(*) AS think_count FROM `nianbao_order` WHERE  `create_time` BETWEEN '2023-10-28 00:00:00' AND '2023-10-28 23:59:59'   AND `is_pay` = 1 LIMIT 1 [ RunTime:0.000195s ]
[2023-10-28T21:11:46+08:00][sql] SELECT COUNT(*) AS think_count FROM `nianbao_order` WHERE  `create_time` BETWEEN '2023-10-29 00:00:00' AND '2023-10-29 23:59:59'   AND `is_pay` = 1 LIMIT 1 [ RunTime:0.000188s ]
[2023-10-28T21:11:46+08:00][sql] SELECT COUNT(*) AS think_count FROM `nianbao_order` WHERE  `create_time` BETWEEN '2023-10-30 00:00:00' AND '2023-10-30 23:59:59'   AND `is_pay` = 1 LIMIT 1 [ RunTime:0.000178s ]
[2023-10-28T21:11:46+08:00][sql] SELECT COUNT(*) AS think_count FROM `nianbao_order` WHERE  `create_time` BETWEEN '2023-10-31 00:00:00' AND '2023-10-31 23:59:59'   AND `is_pay` = 1 LIMIT 1 [ RunTime:0.000184s ]
[2023-10-28T21:11:46+08:00][sql] SHOW FULL COLUMNS FROM `nianbao_member` [ RunTime:0.001255s ]
[2023-10-28T21:11:46+08:00][sql] SELECT COUNT(*) AS think_count FROM `nianbao_member` WHERE  `create_time` BETWEEN '2023-10-01 00:00:00' AND '2023-10-31 23:59:59'  LIMIT 1 [ RunTime:0.000285s ]
[2023-10-28T21:11:46+08:00][sql] SELECT COUNT(*) AS think_count FROM `nianbao_order` WHERE  `create_time` BETWEEN '2023-10-01 00:00:00' AND '2023-10-31 23:59:59'   AND `is_pay` = 1 LIMIT 1 [ RunTime:0.000218s ]
[2023-10-28T21:11:46+08:00][sql] SELECT SUM(`total_price`) AS think_sum FROM `nianbao_order` WHERE  `create_time` BETWEEN '2023-10-01 00:00:00' AND '2023-10-31 23:59:59'   AND `is_pay` = 1 LIMIT 1 [ RunTime:0.000206s ]
[2023-10-28T21:11:46+08:00][sql] SELECT COUNT(*) AS think_count FROM `nianbao_member` WHERE  `create_time` BETWEEN '2023-10-28 00:00:00' AND '2023-10-28 23:59:59'  LIMIT 1 [ RunTime:0.000205s ]
[2023-10-28T21:11:46+08:00][sql] SELECT COUNT(*) AS think_count FROM `nianbao_order` WHERE  `create_time` BETWEEN '2023-10-28 00:00:00' AND '2023-10-28 23:59:59'  LIMIT 1 [ RunTime:0.000188s ]
[2023-10-28T21:11:46+08:00][sql] SELECT SUM(`total_price`) AS think_sum FROM `nianbao_order` WHERE  `create_time` BETWEEN '2023-10-28 00:00:00' AND '2023-10-28 23:59:59'   AND `is_pay` = 1 LIMIT 1 [ RunTime:0.000227s ]
[2023-10-28T21:11:48+08:00][sql] CONNECT:[ UseTime:0.000359s ] mysql:host=127.0.0.1;port=3306;dbname=nianbao;charset=utf8
[2023-10-28T21:11:48+08:00][sql] SHOW FULL COLUMNS FROM `nianbao_order` [ RunTime:0.000580s ]
[2023-10-28T21:11:48+08:00][sql] SELECT COUNT(*) AS think_count FROM `nianbao_order` WHERE  `is_pay` = 1 LIMIT 1 [ RunTime:0.000264s ]
[2023-10-28T21:11:48+08:00][sql] SELECT * FROM `nianbao_order` WHERE  `is_pay` = 1 ORDER BY `id` DESC LIMIT 0,20 [ RunTime:0.000283s ]
[2023-10-28T21:13:28+08:00][sql] CONNECT:[ UseTime:0.000351s ] mysql:host=127.0.0.1;port=3306;dbname=nianbao;charset=utf8
[2023-10-28T21:13:28+08:00][sql] SHOW FULL COLUMNS FROM `nianbao_base_config` [ RunTime:0.000493s ]
[2023-10-28T21:13:28+08:00][sql] SELECT * FROM `nianbao_base_config` [ RunTime:0.000277s ]
[2023-10-28T21:13:28+08:00][sql] SHOW FULL COLUMNS FROM `nianbao_order` [ RunTime:0.000467s ]
[2023-10-28T21:13:28+08:00][sql] SELECT COUNT(*) AS think_count FROM `nianbao_order` WHERE  `is_pay` = 1 LIMIT 1 [ RunTime:0.000224s ]
[2023-10-28T21:13:28+08:00][sql] SELECT * FROM `nianbao_order` WHERE  `is_pay` = 1 ORDER BY `id` DESC LIMIT 0,1000 [ RunTime:0.000281s ]
[2023-10-28T22:08:22+08:00][sql] CONNECT:[ UseTime:0.000366s ] mysql:host=127.0.0.1;port=3306;dbname=nianbao;charset=utf8
[2023-10-28T22:08:22+08:00][sql] SHOW FULL COLUMNS FROM `nianbao_base_config` [ RunTime:0.000575s ]
[2023-10-28T22:08:22+08:00][sql] SELECT * FROM `nianbao_base_config` [ RunTime:0.000279s ]
[2023-10-28T22:08:31+08:00][sql] CONNECT:[ UseTime:0.000359s ] mysql:host=127.0.0.1;port=3306;dbname=nianbao;charset=utf8
[2023-10-28T22:08:31+08:00][sql] SHOW FULL COLUMNS FROM `nianbao_admin_user` [ RunTime:0.000565s ]
[2023-10-28T22:08:31+08:00][sql] SELECT `a`.`user_id`,`a`.`name`,a.user as username,`a`.`status`,a.role_id as user_role_ids,`b`.`role_id`,b.name as role_name,b.status as role_status,`b`.`access` FROM `nianbao_admin_user` `a` INNER JOIN `nianbao_role` `b` ON a.role_id in(b.role_id) WHERE  `a`.`user` = 'admin'  AND `a`.`pwd` = '7b2ad4e307d5b3ec9e786054225d0985' LIMIT 1 [ RunTime:0.000366s ]
[2023-10-28T22:08:31+08:00][sql] SHOW FULL COLUMNS FROM `nianbao_log` [ RunTime:0.000483s ]
[2023-10-28T22:08:31+08:00][sql] INSERT INTO `nianbao_log` SET `application_name` = 'admin' , `username` = 'admin' , `url` = 'https://ss.xyaa.vip/admin/Login/index.html' , `ip` = '140.250.225.195' , `useragent` = 'Mozilla/5.0 (Windows NT 10.0; WOW64) AppleWebKit/537.36 (KHTML, like Gecko) Chrome/101.0.4951.64 Safari/537.36' , `create_time` = 1698502111 , `type` = 1 [ RunTime:0.005878s ]
[2023-10-28T22:08:34+08:00][sql] CONNECT:[ UseTime:0.000337s ] mysql:host=127.0.0.1;port=3306;dbname=nianbao;charset=utf8
[2023-10-28T22:08:34+08:00][sql] SHOW FULL COLUMNS FROM `nianbao_node` [ RunTime:0.000617s ]
[2023-10-28T22:08:34+08:00][sql] SELECT `node_id`,`pid`,`title`,`status`,`icon`,`sortid`,`path` FROM `nianbao_node` WHERE  `status` = 1  AND `type` = 1 ORDER BY `sortid` ASC [ RunTime:0.000369s ]
[2023-10-28T22:08:34+08:00][sql] CONNECT:[ UseTime:0.000384s ] mysql:host=127.0.0.1;port=3306;dbname=nianbao;charset=utf8
[2023-10-28T22:08:34+08:00][sql] SHOW FULL COLUMNS FROM `nianbao_order` [ RunTime:0.000659s ]
[2023-10-28T22:08:34+08:00][sql] SELECT COUNT(*) AS think_count FROM `nianbao_order` WHERE  `create_time` BETWEEN '2023-10-01 00:00:00' AND '2023-10-01 23:59:59'   AND `is_pay` = 1 LIMIT 1 [ RunTime:0.000307s ]
[2023-10-28T22:08:34+08:00][sql] SELECT COUNT(*) AS think_count FROM `nianbao_order` WHERE  `create_time` BETWEEN '2023-10-02 00:00:00' AND '2023-10-02 23:59:59'   AND `is_pay` = 1 LIMIT 1 [ RunTime:0.000205s ]
[2023-10-28T22:08:34+08:00][sql] SELECT COUNT(*) AS think_count FROM `nianbao_order` WHERE  `create_time` BETWEEN '2023-10-03 00:00:00' AND '2023-10-03 23:59:59'   AND `is_pay` = 1 LIMIT 1 [ RunTime:0.000204s ]
[2023-10-28T22:08:34+08:00][sql] SELECT COUNT(*) AS think_count FROM `nianbao_order` WHERE  `create_time` BETWEEN '2023-10-04 00:00:00' AND '2023-10-04 23:59:59'   AND `is_pay` = 1 LIMIT 1 [ RunTime:0.000190s ]
[2023-10-28T22:08:34+08:00][sql] SELECT COUNT(*) AS think_count FROM `nianbao_order` WHERE  `create_time` BETWEEN '2023-10-05 00:00:00' AND '2023-10-05 23:59:59'   AND `is_pay` = 1 LIMIT 1 [ RunTime:0.000229s ]
[2023-10-28T22:08:34+08:00][sql] SELECT COUNT(*) AS think_count FROM `nianbao_order` WHERE  `create_time` BETWEEN '2023-10-06 00:00:00' AND '2023-10-06 23:59:59'   AND `is_pay` = 1 LIMIT 1 [ RunTime:0.000180s ]
[2023-10-28T22:08:34+08:00][sql] SELECT COUNT(*) AS think_count FROM `nianbao_order` WHERE  `create_time` BETWEEN '2023-10-07 00:00:00' AND '2023-10-07 23:59:59'   AND `is_pay` = 1 LIMIT 1 [ RunTime:0.000182s ]
[2023-10-28T22:08:34+08:00][sql] SELECT COUNT(*) AS think_count FROM `nianbao_order` WHERE  `create_time` BETWEEN '2023-10-08 00:00:00' AND '2023-10-08 23:59:59'   AND `is_pay` = 1 LIMIT 1 [ RunTime:0.000175s ]
[2023-10-28T22:08:34+08:00][sql] SELECT COUNT(*) AS think_count FROM `nianbao_order` WHERE  `create_time` BETWEEN '2023-10-09 00:00:00' AND '2023-10-09 23:59:59'   AND `is_pay` = 1 LIMIT 1 [ RunTime:0.000186s ]
[2023-10-28T22:08:34+08:00][sql] SELECT COUNT(*) AS think_count FROM `nianbao_order` WHERE  `create_time` BETWEEN '2023-10-10 00:00:00' AND '2023-10-10 23:59:59'   AND `is_pay` = 1 LIMIT 1 [ RunTime:0.000188s ]
[2023-10-28T22:08:34+08:00][sql] SELECT COUNT(*) AS think_count FROM `nianbao_order` WHERE  `create_time` BETWEEN '2023-10-11 00:00:00' AND '2023-10-11 23:59:59'   AND `is_pay` = 1 LIMIT 1 [ RunTime:0.000191s ]
[2023-10-28T22:08:34+08:00][sql] SELECT COUNT(*) AS think_count FROM `nianbao_order` WHERE  `create_time` BETWEEN '2023-10-12 00:00:00' AND '2023-10-12 23:59:59'   AND `is_pay` = 1 LIMIT 1 [ RunTime:0.000187s ]
[2023-10-28T22:08:34+08:00][sql] SELECT COUNT(*) AS think_count FROM `nianbao_order` WHERE  `create_time` BETWEEN '2023-10-13 00:00:00' AND '2023-10-13 23:59:59'   AND `is_pay` = 1 LIMIT 1 [ RunTime:0.000177s ]
[2023-10-28T22:08:34+08:00][sql] SELECT COUNT(*) AS think_count FROM `nianbao_order` WHERE  `create_time` BETWEEN '2023-10-14 00:00:00' AND '2023-10-14 23:59:59'   AND `is_pay` = 1 LIMIT 1 [ RunTime:0.000175s ]
[2023-10-28T22:08:34+08:00][sql] SELECT COUNT(*) AS think_count FROM `nianbao_order` WHERE  `create_time` BETWEEN '2023-10-15 00:00:00' AND '2023-10-15 23:59:59'   AND `is_pay` = 1 LIMIT 1 [ RunTime:0.000183s ]
[2023-10-28T22:08:34+08:00][sql] SELECT COUNT(*) AS think_count FROM `nianbao_order` WHERE  `create_time` BETWEEN '2023-10-16 00:00:00' AND '2023-10-16 23:59:59'   AND `is_pay` = 1 LIMIT 1 [ RunTime:0.000188s ]
[2023-10-28T22:08:34+08:00][sql] SELECT COUNT(*) AS think_count FROM `nianbao_order` WHERE  `create_time` BETWEEN '2023-10-17 00:00:00' AND '2023-10-17 23:59:59'   AND `is_pay` = 1 LIMIT 1 [ RunTime:0.000185s ]
[2023-10-28T22:08:34+08:00][sql] SELECT COUNT(*) AS think_count FROM `nianbao_order` WHERE  `create_time` BETWEEN '2023-10-18 00:00:00' AND '2023-10-18 23:59:59'   AND `is_pay` = 1 LIMIT 1 [ RunTime:0.000188s ]
[2023-10-28T22:08:34+08:00][sql] SELECT COUNT(*) AS think_count FROM `nianbao_order` WHERE  `create_time` BETWEEN '2023-10-19 00:00:00' AND '2023-10-19 23:59:59'   AND `is_pay` = 1 LIMIT 1 [ RunTime:0.000187s ]
[2023-10-28T22:08:34+08:00][sql] SELECT COUNT(*) AS think_count FROM `nianbao_order` WHERE  `create_time` BETWEEN '2023-10-20 00:00:00' AND '2023-10-20 23:59:59'   AND `is_pay` = 1 LIMIT 1 [ RunTime:0.000190s ]
[2023-10-28T22:08:34+08:00][sql] SELECT COUNT(*) AS think_count FROM `nianbao_order` WHERE  `create_time` BETWEEN '2023-10-21 00:00:00' AND '2023-10-21 23:59:59'   AND `is_pay` = 1 LIMIT 1 [ RunTime:0.000177s ]
[2023-10-28T22:08:34+08:00][sql] SELECT COUNT(*) AS think_count FROM `nianbao_order` WHERE  `create_time` BETWEEN '2023-10-22 00:00:00' AND '2023-10-22 23:59:59'   AND `is_pay` = 1 LIMIT 1 [ RunTime:0.000207s ]
[2023-10-28T22:08:34+08:00][sql] SELECT COUNT(*) AS think_count FROM `nianbao_order` WHERE  `create_time` BETWEEN '2023-10-23 00:00:00' AND '2023-10-23 23:59:59'   AND `is_pay` = 1 LIMIT 1 [ RunTime:0.000189s ]
[2023-10-28T22:08:34+08:00][sql] SELECT COUNT(*) AS think_count FROM `nianbao_order` WHERE  `create_time` BETWEEN '2023-10-24 00:00:00' AND '2023-10-24 23:59:59'   AND `is_pay` = 1 LIMIT 1 [ RunTime:0.000197s ]
[2023-10-28T22:08:34+08:00][sql] SELECT COUNT(*) AS think_count FROM `nianbao_order` WHERE  `create_time` BETWEEN '2023-10-25 00:00:00' AND '2023-10-25 23:59:59'   AND `is_pay` = 1 LIMIT 1 [ RunTime:0.000184s ]
[2023-10-28T22:08:34+08:00][sql] SELECT COUNT(*) AS think_count FROM `nianbao_order` WHERE  `create_time` BETWEEN '2023-10-26 00:00:00' AND '2023-10-26 23:59:59'   AND `is_pay` = 1 LIMIT 1 [ RunTime:0.000180s ]
[2023-10-28T22:08:34+08:00][sql] SELECT COUNT(*) AS think_count FROM `nianbao_order` WHERE  `create_time` BETWEEN '2023-10-27 00:00:00' AND '2023-10-27 23:59:59'   AND `is_pay` = 1 LIMIT 1 [ RunTime:0.000207s ]
[2023-10-28T22:08:34+08:00][sql] SELECT COUNT(*) AS think_count FROM `nianbao_order` WHERE  `create_time` BETWEEN '2023-10-28 00:00:00' AND '2023-10-28 23:59:59'   AND `is_pay` = 1 LIMIT 1 [ RunTime:0.000184s ]
[2023-10-28T22:08:34+08:00][sql] SELECT COUNT(*) AS think_count FROM `nianbao_order` WHERE  `create_time` BETWEEN '2023-10-29 00:00:00' AND '2023-10-29 23:59:59'   AND `is_pay` = 1 LIMIT 1 [ RunTime:0.000194s ]
[2023-10-28T22:08:34+08:00][sql] SELECT COUNT(*) AS think_count FROM `nianbao_order` WHERE  `create_time` BETWEEN '2023-10-30 00:00:00' AND '2023-10-30 23:59:59'   AND `is_pay` = 1 LIMIT 1 [ RunTime:0.000182s ]
[2023-10-28T22:08:34+08:00][sql] SELECT COUNT(*) AS think_count FROM `nianbao_order` WHERE  `create_time` BETWEEN '2023-10-31 00:00:00' AND '2023-10-31 23:59:59'   AND `is_pay` = 1 LIMIT 1 [ RunTime:0.000179s ]
[2023-10-28T22:08:34+08:00][sql] SHOW FULL COLUMNS FROM `nianbao_member` [ RunTime:0.000502s ]
[2023-10-28T22:08:34+08:00][sql] SELECT COUNT(*) AS think_count FROM `nianbao_member` WHERE  `create_time` BETWEEN '2023-10-01 00:00:00' AND '2023-10-31 23:59:59'  LIMIT 1 [ RunTime:0.000244s ]
[2023-10-28T22:08:34+08:00][sql] SELECT COUNT(*) AS think_count FROM `nianbao_order` WHERE  `create_time` BETWEEN '2023-10-01 00:00:00' AND '2023-10-31 23:59:59'   AND `is_pay` = 1 LIMIT 1 [ RunTime:0.000187s ]
[2023-10-28T22:08:34+08:00][sql] SELECT SUM(`total_price`) AS think_sum FROM `nianbao_order` WHERE  `create_time` BETWEEN '2023-10-01 00:00:00' AND '2023-10-31 23:59:59'   AND `is_pay` = 1 LIMIT 1 [ RunTime:0.000185s ]
[2023-10-28T22:08:34+08:00][sql] SELECT COUNT(*) AS think_count FROM `nianbao_member` WHERE  `create_time` BETWEEN '2023-10-28 00:00:00' AND '2023-10-28 23:59:59'  LIMIT 1 [ RunTime:0.000208s ]
[2023-10-28T22:08:34+08:00][sql] SELECT COUNT(*) AS think_count FROM `nianbao_order` WHERE  `create_time` BETWEEN '2023-10-28 00:00:00' AND '2023-10-28 23:59:59'  LIMIT 1 [ RunTime:0.000166s ]
[2023-10-28T22:08:34+08:00][sql] SELECT SUM(`total_price`) AS think_sum FROM `nianbao_order` WHERE  `create_time` BETWEEN '2023-10-28 00:00:00' AND '2023-10-28 23:59:59'   AND `is_pay` = 1 LIMIT 1 [ RunTime:0.000185s ]
[2023-10-28T22:08:38+08:00][sql] CONNECT:[ UseTime:0.000381s ] mysql:host=127.0.0.1;port=3306;dbname=nianbao;charset=utf8
[2023-10-28T22:08:38+08:00][sql] SHOW FULL COLUMNS FROM `nianbao_order` [ RunTime:0.000602s ]
[2023-10-28T22:08:38+08:00][sql] SELECT COUNT(*) AS think_count FROM `nianbao_order` WHERE  `is_pay` = 1 LIMIT 1 [ RunTime:0.000256s ]
[2023-10-28T22:08:38+08:00][sql] SELECT * FROM `nianbao_order` WHERE  `is_pay` = 1 ORDER BY `id` DESC LIMIT 0,20 [ RunTime:0.000278s ]
