[2023-10-23T10:28:04+08:00][sql] CONNECT:[ UseTime:0.000422s ] mysql:host=127.0.0.1;port=3306;dbname=nianbao;charset=utf8
[2023-10-23T10:28:04+08:00][sql] SHOW FULL COLUMNS FROM `nianbao_member` [ RunTime:0.000870s ]
[2023-10-23T10:28:04+08:00][sql] SELECT * FROM `nianbao_member` WHERE  `mobile` = '15668132677' LIMIT 1 [ RunTime:0.000405s ]
[2023-10-23T10:28:04+08:00][sql] SHOW FULL COLUMNS FROM `nianbao_member_enterprise` [ RunTime:0.000655s ]
[2023-10-23T10:28:04+08:00][sql] SELECT * FROM `nianbao_member_enterprise` WHERE  `member_mobile` = '15668132677' ORDER BY `id` DESC [ RunTime:0.000241s ]
[2023-10-23T10:28:04+08:00][sql] SHOW FULL COLUMNS FROM `nianbao_enterprise` [ RunTime:0.000429s ]
[2023-10-23T10:28:04+08:00][sql] SELECT * FROM `nianbao_enterprise` WHERE  `id` = 708 LIMIT 1 [ RunTime:0.000290s ]
[2023-10-23T10:28:04+08:00][sql] SHOW FULL COLUMNS FROM `nianbao_enterprise_report` [ RunTime:0.000496s ]
[2023-10-23T10:28:04+08:00][sql] SELECT * FROM `nianbao_enterprise_report` WHERE  `enterprise_code` = '91320300664936565L'  AND `report_year` = '2022' LIMIT 1 [ RunTime:0.000453s ]
[2023-10-23T10:28:04+08:00][sql] SELECT * FROM `nianbao_enterprise` WHERE  `id` = 1029 LIMIT 1 [ RunTime:0.000221s ]
[2023-10-23T10:28:04+08:00][sql] SELECT * FROM `nianbao_enterprise_report` WHERE  `enterprise_code` = '92370826MA3UYBDB8H'  AND `report_year` = '2022' LIMIT 1 [ RunTime:0.000481s ]
[2023-10-23T10:28:04+08:00][sql] CONNECT:[ UseTime:0.000334s ] mysql:host=127.0.0.1;port=3306;dbname=nianbao;charset=utf8
[2023-10-23T10:28:04+08:00][sql] SHOW FULL COLUMNS FROM `nianbao_base_config` [ RunTime:0.000443s ]
[2023-10-23T10:28:04+08:00][sql] SELECT `data`,`name` FROM `nianbao_base_config` [ RunTime:0.000297s ]
[2023-10-23T10:32:56+08:00][sql] CONNECT:[ UseTime:0.000350s ] mysql:host=127.0.0.1;port=3306;dbname=nianbao;charset=utf8
[2023-10-23T10:32:56+08:00][sql] SHOW FULL COLUMNS FROM `nianbao_member` [ RunTime:0.000683s ]
[2023-10-23T10:32:56+08:00][sql] SELECT * FROM `nianbao_member` WHERE  `mobile` = '15668132677' LIMIT 1 [ RunTime:0.000364s ]
[2023-10-23T10:32:56+08:00][sql] SHOW FULL COLUMNS FROM `nianbao_member_enterprise` [ RunTime:0.000548s ]
[2023-10-23T10:32:56+08:00][sql] SELECT * FROM `nianbao_member_enterprise` WHERE  `id` = 21 LIMIT 1 [ RunTime:0.000248s ]
[2023-10-23T10:32:56+08:00][sql] SHOW FULL COLUMNS FROM `nianbao_enterprise` [ RunTime:0.000530s ]
[2023-10-23T10:32:56+08:00][sql] SELECT * FROM `nianbao_enterprise` WHERE  `id` = 708 LIMIT 1 [ RunTime:0.000257s ]
[2023-10-23T10:32:56+08:00][sql] SHOW FULL COLUMNS FROM `nianbao_enterprise_report` [ RunTime:0.000652s ]
[2023-10-23T10:32:56+08:00][sql] SELECT * FROM `nianbao_enterprise_report` WHERE  `enterprise_code` = '91320300664936565L'  AND `report_year` = '2022' LIMIT 1 [ RunTime:0.000478s ]
[2023-10-23T10:32:56+08:00][sql] SHOW FULL COLUMNS FROM `nianbao_base_config` [ RunTime:0.000511s ]
[2023-10-23T10:32:56+08:00][sql] SELECT `data`,`name` FROM `nianbao_base_config` [ RunTime:0.000297s ]
[2023-10-23T10:33:02+08:00][sql] CONNECT:[ UseTime:0.000349s ] mysql:host=127.0.0.1;port=3306;dbname=nianbao;charset=utf8
[2023-10-23T10:33:02+08:00][sql] SHOW FULL COLUMNS FROM `nianbao_member` [ RunTime:0.000532s ]
[2023-10-23T10:33:02+08:00][sql] SELECT * FROM `nianbao_member` WHERE  `mobile` = '15668132677' LIMIT 1 [ RunTime:0.000284s ]
[2023-10-23T10:33:02+08:00][sql] SHOW FULL COLUMNS FROM `nianbao_enterprise` [ RunTime:0.000375s ]
[2023-10-23T10:33:02+08:00][sql] SELECT * FROM `nianbao_enterprise` WHERE  `enterprise_name` LIKE '%云%' [ RunTime:0.001733s ]
[2023-10-23T10:33:02+08:00][sql] SHOW FULL COLUMNS FROM `nianbao_enterprise_report` [ RunTime:0.000385s ]
[2023-10-23T10:33:02+08:00][sql] SELECT * FROM `nianbao_enterprise_report` WHERE  `enterprise_code` = '91370783MA3DTR4K5Y'  AND `report_year` = '2022' LIMIT 1 [ RunTime:0.000353s ]
[2023-10-23T10:33:02+08:00][sql] SELECT * FROM `nianbao_enterprise_report` WHERE  `enterprise_code` = '913707027238766393'  AND `report_year` = '2022' LIMIT 1 [ RunTime:0.000340s ]
[2023-10-23T10:33:02+08:00][sql] SELECT * FROM `nianbao_enterprise_report` WHERE  `enterprise_code` = '913707003345902826'  AND `report_year` = '2022' LIMIT 1 [ RunTime:0.000355s ]
[2023-10-23T10:33:02+08:00][sql] SELECT * FROM `nianbao_enterprise_report` WHERE  `enterprise_code` = '9132030066575208X8'  AND `report_year` = '2022' LIMIT 1 [ RunTime:0.000375s ]
[2023-10-23T10:33:02+08:00][sql] SELECT * FROM `nianbao_enterprise_report` WHERE  `enterprise_code` = '913203031365525417'  AND `report_year` = '2022' LIMIT 1 [ RunTime:0.000427s ]
[2023-10-23T10:33:02+08:00][sql] SELECT * FROM `nianbao_enterprise_report` WHERE  `enterprise_code` = '92370826MA3UYBDB8H'  AND `report_year` = '2022' LIMIT 1 [ RunTime:0.000459s ]
[2023-10-23T10:33:02+08:00][sql] SELECT * FROM `nianbao_enterprise_report` WHERE  `enterprise_code` = '92370687MA94XN7JXA'  AND `report_year` = '2022' LIMIT 1 [ RunTime:0.000494s ]
[2023-10-23T10:33:02+08:00][sql] SELECT * FROM `nianbao_enterprise_report` WHERE  `enterprise_code` = '92370683MA7DJQFQ4T'  AND `report_year` = '2022' LIMIT 1 [ RunTime:0.000489s ]
[2023-10-23T10:33:02+08:00][sql] SELECT * FROM `nianbao_enterprise_report` WHERE  `enterprise_code` = '92370614MA3WGCFK03'  AND `report_year` = '2022' LIMIT 1 [ RunTime:0.000549s ]
[2023-10-23T10:33:02+08:00][sql] SELECT * FROM `nianbao_enterprise_report` WHERE  `enterprise_code` = '92370612MA3WN06K9N'  AND `report_year` = '2022' LIMIT 1 [ RunTime:0.000613s ]
[2023-10-23T10:33:02+08:00][sql] SELECT * FROM `nianbao_enterprise_report` WHERE  `enterprise_code` = '92370600MA3UYC4G4E'  AND `report_year` = '2022' LIMIT 1 [ RunTime:0.000642s ]
[2023-10-23T10:33:02+08:00][sql] SELECT * FROM `nianbao_enterprise_report` WHERE  `enterprise_code` = '92370683MA949RL38L'  AND `report_year` = '2022' LIMIT 1 [ RunTime:0.000660s ]
[2023-10-23T10:33:02+08:00][sql] SELECT * FROM `nianbao_enterprise_report` WHERE  `enterprise_code` = '92370634MA3WHT4K2N'  AND `report_year` = '2022' LIMIT 1 [ RunTime:0.000685s ]
[2023-10-23T10:33:02+08:00][sql] SELECT * FROM `nianbao_enterprise_report` WHERE  `enterprise_code` = '92370681MA3WD4NY8Y'  AND `report_year` = '2022' LIMIT 1 [ RunTime:0.000732s ]
[2023-10-23T10:33:02+08:00][sql] SELECT * FROM `nianbao_enterprise_report` WHERE  `enterprise_code` = '92370602MA94DGY16Q'  AND `report_year` = '2022' LIMIT 1 [ RunTime:0.000765s ]
[2023-10-23T10:33:02+08:00][sql] SELECT * FROM `nianbao_enterprise_report` WHERE  `enterprise_code` = '92370613MA94BWUT2A'  AND `report_year` = '2022' LIMIT 1 [ RunTime:0.000772s ]
[2023-10-23T10:33:02+08:00][sql] SELECT * FROM `nianbao_enterprise_report` WHERE  `enterprise_code` = '92370685MA7D5XLH13'  AND `report_year` = '2022' LIMIT 1 [ RunTime:0.000798s ]
[2023-10-23T10:33:02+08:00][sql] SELECT * FROM `nianbao_enterprise_report` WHERE  `enterprise_code` = '92370687MA7D7NB961'  AND `report_year` = '2022' LIMIT 1 [ RunTime:0.000909s ]
[2023-10-23T10:33:02+08:00][sql] SELECT * FROM `nianbao_enterprise_report` WHERE  `enterprise_code` = '92370682MA949Q6F8U'  AND `report_year` = '2022' LIMIT 1 [ RunTime:0.000908s ]
[2023-10-23T10:33:02+08:00][sql] SELECT * FROM `nianbao_enterprise_report` WHERE  `enterprise_code` = '92370614MA3UTJHT5B'  AND `report_year` = '2022' LIMIT 1 [ RunTime:0.000922s ]
[2023-10-23T10:33:02+08:00][sql] SELECT * FROM `nianbao_enterprise_report` WHERE  `enterprise_code` = '92370634MA94F7YF74'  AND `report_year` = '2022' LIMIT 1 [ RunTime:0.000969s ]
[2023-10-23T10:33:02+08:00][sql] SELECT * FROM `nianbao_enterprise_report` WHERE  `enterprise_code` = '92370682MA3WDJR57N'  AND `report_year` = '2022' LIMIT 1 [ RunTime:0.001013s ]
[2023-10-23T10:33:02+08:00][sql] SELECT * FROM `nianbao_enterprise_report` WHERE  `enterprise_code` = '92370682MA3WR8EF2P'  AND `report_year` = '2022' LIMIT 1 [ RunTime:0.001017s ]
[2023-10-23T10:33:02+08:00][sql] SELECT * FROM `nianbao_enterprise_report` WHERE  `enterprise_code` = '92370683MA94XYXA18'  AND `report_year` = '2022' LIMIT 1 [ RunTime:0.001021s ]
[2023-10-23T10:33:02+08:00][sql] SELECT * FROM `nianbao_enterprise_report` WHERE  `enterprise_code` = '92370683MA7DEQ6B7L'  AND `report_year` = '2022' LIMIT 1 [ RunTime:0.001022s ]
[2023-10-23T10:33:02+08:00][sql] SELECT * FROM `nianbao_enterprise_report` WHERE  `enterprise_code` = '92370683MA949HC253'  AND `report_year` = '2022' LIMIT 1 [ RunTime:0.001061s ]
[2023-10-23T10:33:13+08:00][sql] CONNECT:[ UseTime:0.000350s ] mysql:host=127.0.0.1;port=3306;dbname=nianbao;charset=utf8
[2023-10-23T10:33:13+08:00][sql] SHOW FULL COLUMNS FROM `nianbao_member` [ RunTime:0.000537s ]
[2023-10-23T10:33:13+08:00][sql] SELECT * FROM `nianbao_member` WHERE  `mobile` = '15668132677' LIMIT 1 [ RunTime:0.000307s ]
[2023-10-23T10:33:13+08:00][sql] SHOW FULL COLUMNS FROM `nianbao_enterprise` [ RunTime:0.000421s ]
[2023-10-23T10:33:13+08:00][sql] SELECT * FROM `nianbao_enterprise` WHERE  `enterprise_name` LIKE '%云欣%' [ RunTime:0.001516s ]
[2023-10-23T10:33:13+08:00][sql] SHOW FULL COLUMNS FROM `nianbao_enterprise_report` [ RunTime:0.000404s ]
[2023-10-23T10:33:13+08:00][sql] SELECT * FROM `nianbao_enterprise_report` WHERE  `enterprise_code` = '92370826MA3UYBDB8H'  AND `report_year` = '2022' LIMIT 1 [ RunTime:0.000521s ]
[2023-10-23T10:33:16+08:00][sql] CONNECT:[ UseTime:0.000375s ] mysql:host=127.0.0.1;port=3306;dbname=nianbao;charset=utf8
[2023-10-23T10:33:16+08:00][sql] SHOW FULL COLUMNS FROM `nianbao_member` [ RunTime:0.000533s ]
[2023-10-23T10:33:16+08:00][sql] SELECT * FROM `nianbao_member` WHERE  `mobile` = '15668132677' LIMIT 1 [ RunTime:0.000420s ]
[2023-10-23T10:33:16+08:00][sql] SHOW FULL COLUMNS FROM `nianbao_enterprise` [ RunTime:0.000487s ]
[2023-10-23T10:33:16+08:00][sql] SELECT * FROM `nianbao_enterprise` WHERE  `enterprise_code` = '92370826MA3UYBDB8H' LIMIT 1 [ RunTime:0.000690s ]
[2023-10-23T10:33:16+08:00][sql] SHOW FULL COLUMNS FROM `nianbao_member_enterprise` [ RunTime:0.000447s ]
[2023-10-23T10:33:16+08:00][sql] SELECT * FROM `nianbao_member_enterprise` WHERE  `enterprise_id` = 1029  AND `member_mobile` = '15668132677' LIMIT 1 [ RunTime:0.000277s ]
[2023-10-23T10:33:16+08:00][sql] SHOW FULL COLUMNS FROM `nianbao_enterprise_report` [ RunTime:0.000431s ]
[2023-10-23T10:33:16+08:00][sql] SELECT * FROM `nianbao_enterprise_report` WHERE  `enterprise_code` = '92370826MA3UYBDB8H'  AND `report_year` = '2022' LIMIT 1 [ RunTime:0.000616s ]
[2023-10-23T10:33:17+08:00][sql] CONNECT:[ UseTime:0.000448s ] mysql:host=127.0.0.1;port=3306;dbname=nianbao;charset=utf8
[2023-10-23T10:33:17+08:00][sql] SHOW FULL COLUMNS FROM `nianbao_member` [ RunTime:0.000560s ]
[2023-10-23T10:33:17+08:00][sql] SELECT * FROM `nianbao_member` WHERE  `mobile` = '15668132677' LIMIT 1 [ RunTime:0.000313s ]
[2023-10-23T10:33:17+08:00][sql] SHOW FULL COLUMNS FROM `nianbao_member_enterprise` [ RunTime:0.000376s ]
[2023-10-23T10:33:17+08:00][sql] SELECT * FROM `nianbao_member_enterprise` WHERE  `member_mobile` = '15668132677' ORDER BY `id` DESC [ RunTime:0.000210s ]
[2023-10-23T10:33:17+08:00][sql] SHOW FULL COLUMNS FROM `nianbao_enterprise` [ RunTime:0.000373s ]
[2023-10-23T10:33:17+08:00][sql] SELECT * FROM `nianbao_enterprise` WHERE  `id` = 708 LIMIT 1 [ RunTime:0.000220s ]
[2023-10-23T10:33:17+08:00][sql] SHOW FULL COLUMNS FROM `nianbao_enterprise_report` [ RunTime:0.000346s ]
[2023-10-23T10:33:17+08:00][sql] SELECT * FROM `nianbao_enterprise_report` WHERE  `enterprise_code` = '91320300664936565L'  AND `report_year` = '2022' LIMIT 1 [ RunTime:0.000425s ]
[2023-10-23T10:33:17+08:00][sql] SELECT * FROM `nianbao_enterprise` WHERE  `id` = 1029 LIMIT 1 [ RunTime:0.000178s ]
[2023-10-23T10:33:17+08:00][sql] SELECT * FROM `nianbao_enterprise_report` WHERE  `enterprise_code` = '92370826MA3UYBDB8H'  AND `report_year` = '2022' LIMIT 1 [ RunTime:0.000562s ]
[2023-10-23T10:33:17+08:00][sql] CONNECT:[ UseTime:0.000363s ] mysql:host=127.0.0.1;port=3306;dbname=nianbao;charset=utf8
[2023-10-23T10:33:17+08:00][sql] SHOW FULL COLUMNS FROM `nianbao_member` [ RunTime:0.000596s ]
[2023-10-23T10:33:17+08:00][sql] SELECT * FROM `nianbao_member` WHERE  `mobile` = '15668132677' LIMIT 1 [ RunTime:0.000323s ]
[2023-10-23T10:33:17+08:00][sql] SHOW FULL COLUMNS FROM `nianbao_member_enterprise` [ RunTime:0.000445s ]
[2023-10-23T10:33:17+08:00][sql] SELECT * FROM `nianbao_member_enterprise` WHERE  `member_mobile` = '15668132677' ORDER BY `id` DESC LIMIT 1 [ RunTime:0.000262s ]
[2023-10-23T10:33:17+08:00][sql] SHOW FULL COLUMNS FROM `nianbao_enterprise` [ RunTime:0.000437s ]
[2023-10-23T10:33:17+08:00][sql] SELECT * FROM `nianbao_enterprise` WHERE  `id` = 708 LIMIT 1 [ RunTime:0.000243s ]
[2023-10-23T10:33:17+08:00][sql] SHOW FULL COLUMNS FROM `nianbao_enterprise_report` [ RunTime:0.000431s ]
[2023-10-23T10:33:17+08:00][sql] SELECT * FROM `nianbao_enterprise_report` WHERE  `enterprise_code` = '91320300664936565L'  AND `report_year` = '2022' LIMIT 1 [ RunTime:0.000446s ]
[2023-10-23T10:33:18+08:00][sql] CONNECT:[ UseTime:0.000384s ] mysql:host=127.0.0.1;port=3306;dbname=nianbao;charset=utf8
[2023-10-23T10:33:18+08:00][sql] SHOW FULL COLUMNS FROM `nianbao_member` [ RunTime:0.000579s ]
[2023-10-23T10:33:18+08:00][sql] SELECT * FROM `nianbao_member` WHERE  `mobile` = '15668132677' LIMIT 1 [ RunTime:0.000296s ]
[2023-10-23T10:33:18+08:00][sql] SHOW FULL COLUMNS FROM `nianbao_member_enterprise` [ RunTime:0.000388s ]
[2023-10-23T10:33:18+08:00][sql] SELECT * FROM `nianbao_member_enterprise` WHERE  `id` = 21 LIMIT 1 [ RunTime:0.000247s ]
[2023-10-23T10:33:18+08:00][sql] SHOW FULL COLUMNS FROM `nianbao_enterprise` [ RunTime:0.000358s ]
[2023-10-23T10:33:18+08:00][sql] SELECT * FROM `nianbao_enterprise` WHERE  `id` = 708 LIMIT 1 [ RunTime:0.000190s ]
[2023-10-23T10:33:18+08:00][sql] SHOW FULL COLUMNS FROM `nianbao_enterprise_report` [ RunTime:0.000332s ]
[2023-10-23T10:33:18+08:00][sql] SELECT * FROM `nianbao_enterprise_report` WHERE  `enterprise_code` = '91320300664936565L'  AND `report_year` = '2022' LIMIT 1 [ RunTime:0.000407s ]
[2023-10-23T10:33:18+08:00][sql] SHOW FULL COLUMNS FROM `nianbao_base_config` [ RunTime:0.000360s ]
[2023-10-23T10:33:18+08:00][sql] SELECT `data`,`name` FROM `nianbao_base_config` [ RunTime:0.000216s ]
[2023-10-23T10:33:22+08:00][sql] CONNECT:[ UseTime:0.000404s ] mysql:host=127.0.0.1;port=3306;dbname=nianbao;charset=utf8
[2023-10-23T10:33:22+08:00][sql] SHOW FULL COLUMNS FROM `nianbao_member` [ RunTime:0.000542s ]
[2023-10-23T10:33:22+08:00][sql] SELECT * FROM `nianbao_member` WHERE  `mobile` = '15668132677' LIMIT 1 [ RunTime:0.000289s ]
[2023-10-23T10:33:22+08:00][sql] SHOW FULL COLUMNS FROM `nianbao_enterprise` [ RunTime:0.000408s ]
[2023-10-23T10:33:22+08:00][sql] SELECT * FROM `nianbao_enterprise` WHERE  `enterprise_name` LIKE '%云欣%' [ RunTime:0.001534s ]
[2023-10-23T10:33:22+08:00][sql] SHOW FULL COLUMNS FROM `nianbao_enterprise_report` [ RunTime:0.000395s ]
[2023-10-23T10:33:22+08:00][sql] SELECT * FROM `nianbao_enterprise_report` WHERE  `enterprise_code` = '92370826MA3UYBDB8H'  AND `report_year` = '2022' LIMIT 1 [ RunTime:0.000497s ]
[2023-10-23T10:33:26+08:00][sql] CONNECT:[ UseTime:0.000400s ] mysql:host=127.0.0.1;port=3306;dbname=nianbao;charset=utf8
[2023-10-23T10:33:26+08:00][sql] SHOW FULL COLUMNS FROM `nianbao_member` [ RunTime:0.000553s ]
[2023-10-23T10:33:26+08:00][sql] SELECT * FROM `nianbao_member` WHERE  `mobile` = '15668132677' LIMIT 1 [ RunTime:0.000313s ]
[2023-10-23T10:33:26+08:00][sql] SHOW FULL COLUMNS FROM `nianbao_enterprise` [ RunTime:0.000394s ]
[2023-10-23T10:33:26+08:00][sql] SELECT * FROM `nianbao_enterprise` WHERE  `enterprise_code` = '92370826MA3UYBDB8H' LIMIT 1 [ RunTime:0.000574s ]
[2023-10-23T10:33:26+08:00][sql] SHOW FULL COLUMNS FROM `nianbao_member_enterprise` [ RunTime:0.000380s ]
[2023-10-23T10:33:26+08:00][sql] SELECT * FROM `nianbao_member_enterprise` WHERE  `enterprise_id` = 1029  AND `member_mobile` = '15668132677' LIMIT 1 [ RunTime:0.000215s ]
[2023-10-23T10:33:26+08:00][sql] SHOW FULL COLUMNS FROM `nianbao_enterprise_report` [ RunTime:0.000368s ]
[2023-10-23T10:33:26+08:00][sql] SELECT * FROM `nianbao_enterprise_report` WHERE  `enterprise_code` = '92370826MA3UYBDB8H'  AND `report_year` = '2022' LIMIT 1 [ RunTime:0.000481s ]
[2023-10-23T10:33:26+08:00][sql] CONNECT:[ UseTime:0.000404s ] mysql:host=127.0.0.1;port=3306;dbname=nianbao;charset=utf8
[2023-10-23T10:33:26+08:00][sql] SHOW FULL COLUMNS FROM `nianbao_member` [ RunTime:0.000593s ]
[2023-10-23T10:33:26+08:00][sql] SELECT * FROM `nianbao_member` WHERE  `mobile` = '15668132677' LIMIT 1 [ RunTime:0.000349s ]
[2023-10-23T10:33:26+08:00][sql] SHOW FULL COLUMNS FROM `nianbao_member_enterprise` [ RunTime:0.000452s ]
[2023-10-23T10:33:26+08:00][sql] SELECT * FROM `nianbao_member_enterprise` WHERE  `member_mobile` = '15668132677' ORDER BY `id` DESC LIMIT 1 [ RunTime:0.000322s ]
[2023-10-23T10:33:26+08:00][sql] SHOW FULL COLUMNS FROM `nianbao_enterprise` [ RunTime:0.000398s ]
[2023-10-23T10:33:26+08:00][sql] SELECT * FROM `nianbao_enterprise` WHERE  `id` = 708 LIMIT 1 [ RunTime:0.000207s ]
[2023-10-23T10:33:26+08:00][sql] SHOW FULL COLUMNS FROM `nianbao_enterprise_report` [ RunTime:0.000350s ]
[2023-10-23T10:33:26+08:00][sql] SELECT * FROM `nianbao_enterprise_report` WHERE  `enterprise_code` = '91320300664936565L'  AND `report_year` = '2022' LIMIT 1 [ RunTime:0.000398s ]
[2023-10-23T10:33:26+08:00][sql] CONNECT:[ UseTime:0.000295s ] mysql:host=127.0.0.1;port=3306;dbname=nianbao;charset=utf8
[2023-10-23T10:33:26+08:00][sql] SHOW FULL COLUMNS FROM `nianbao_member` [ RunTime:0.000545s ]
[2023-10-23T10:33:26+08:00][sql] SELECT * FROM `nianbao_member` WHERE  `mobile` = '15668132677' LIMIT 1 [ RunTime:0.000319s ]
[2023-10-23T10:33:26+08:00][sql] SHOW FULL COLUMNS FROM `nianbao_member_enterprise` [ RunTime:0.000447s ]
[2023-10-23T10:33:26+08:00][sql] SELECT * FROM `nianbao_member_enterprise` WHERE  `member_mobile` = '15668132677' ORDER BY `id` DESC [ RunTime:0.000269s ]
[2023-10-23T10:33:26+08:00][sql] SHOW FULL COLUMNS FROM `nianbao_enterprise` [ RunTime:0.000457s ]
[2023-10-23T10:33:26+08:00][sql] SELECT * FROM `nianbao_enterprise` WHERE  `id` = 708 LIMIT 1 [ RunTime:0.000261s ]
[2023-10-23T10:33:26+08:00][sql] SHOW FULL COLUMNS FROM `nianbao_enterprise_report` [ RunTime:0.000436s ]
[2023-10-23T10:33:26+08:00][sql] SELECT * FROM `nianbao_enterprise_report` WHERE  `enterprise_code` = '91320300664936565L'  AND `report_year` = '2022' LIMIT 1 [ RunTime:0.000449s ]
[2023-10-23T10:33:26+08:00][sql] SELECT * FROM `nianbao_enterprise` WHERE  `id` = 1029 LIMIT 1 [ RunTime:0.000242s ]
[2023-10-23T10:33:26+08:00][sql] SELECT * FROM `nianbao_enterprise_report` WHERE  `enterprise_code` = '92370826MA3UYBDB8H'  AND `report_year` = '2022' LIMIT 1 [ RunTime:0.000534s ]
[2023-10-23T10:33:36+08:00][sql] CONNECT:[ UseTime:0.000412s ] mysql:host=127.0.0.1;port=3306;dbname=nianbao;charset=utf8
[2023-10-23T10:33:36+08:00][sql] SHOW FULL COLUMNS FROM `nianbao_member` [ RunTime:0.000501s ]
[2023-10-23T10:33:36+08:00][sql] SELECT * FROM `nianbao_member` WHERE  `id` = 5 LIMIT 1 [ RunTime:0.000276s ]
[2023-10-23T10:33:36+08:00][sql] SHOW FULL COLUMNS FROM `nianbao_base_config` [ RunTime:0.000369s ]
[2023-10-23T10:33:36+08:00][sql] SELECT `data`,`name` FROM `nianbao_base_config` [ RunTime:0.000232s ]
[2023-10-23T10:33:36+08:00][sql] SELECT * FROM `nianbao_member` WHERE  `id` = 5 LIMIT 1 [ RunTime:0.000467s ]
[2023-10-23T10:33:36+08:00][sql] CONNECT:[ UseTime:0.000365s ] mysql:host=127.0.0.1;port=3306;dbname=nianbao;charset=utf8
[2023-10-23T10:33:36+08:00][sql] SHOW FULL COLUMNS FROM `nianbao_base_config` [ RunTime:0.000497s ]
[2023-10-23T10:33:36+08:00][sql] SELECT `data`,`name` FROM `nianbao_base_config` [ RunTime:0.000297s ]
[2023-10-23T10:33:36+08:00][sql] CONNECT:[ UseTime:0.000316s ] mysql:host=127.0.0.1;port=3306;dbname=nianbao;charset=utf8
[2023-10-23T10:33:36+08:00][sql] SHOW FULL COLUMNS FROM `nianbao_member` [ RunTime:0.000480s ]
[2023-10-23T10:33:36+08:00][sql] SELECT * FROM `nianbao_member` WHERE  `mobile` = '15668132677' LIMIT 1 [ RunTime:0.000266s ]
[2023-10-23T10:33:36+08:00][sql] SHOW FULL COLUMNS FROM `nianbao_member_enterprise` [ RunTime:0.000375s ]
[2023-10-23T10:33:36+08:00][sql] SELECT * FROM `nianbao_member_enterprise` WHERE  `member_mobile` = '15668132677' ORDER BY `id` DESC LIMIT 1 [ RunTime:0.000213s ]
[2023-10-23T10:33:36+08:00][sql] SHOW FULL COLUMNS FROM `nianbao_enterprise` [ RunTime:0.000359s ]
[2023-10-23T10:33:36+08:00][sql] SELECT * FROM `nianbao_enterprise` WHERE  `id` = 708 LIMIT 1 [ RunTime:0.000197s ]
[2023-10-23T10:33:36+08:00][sql] SHOW FULL COLUMNS FROM `nianbao_enterprise_report` [ RunTime:0.000330s ]
[2023-10-23T10:33:36+08:00][sql] SELECT * FROM `nianbao_enterprise_report` WHERE  `enterprise_code` = '91320300664936565L'  AND `report_year` = '2022' LIMIT 1 [ RunTime:0.000401s ]
[2023-10-23T10:33:36+08:00][sql] CONNECT:[ UseTime:0.000372s ] mysql:host=127.0.0.1;port=3306;dbname=nianbao;charset=utf8
[2023-10-23T10:33:36+08:00][sql] SHOW FULL COLUMNS FROM `nianbao_member` [ RunTime:0.000523s ]
[2023-10-23T10:33:36+08:00][sql] SELECT * FROM `nianbao_member` WHERE  `mobile` = '15668132677' LIMIT 1 [ RunTime:0.000292s ]
[2023-10-23T10:33:36+08:00][sql] SHOW FULL COLUMNS FROM `nianbao_member_enterprise` [ RunTime:0.000366s ]
[2023-10-23T10:33:36+08:00][sql] SELECT * FROM `nianbao_member_enterprise` WHERE  `member_mobile` = '15668132677' ORDER BY `id` DESC [ RunTime:0.000214s ]
[2023-10-23T10:33:36+08:00][sql] SHOW FULL COLUMNS FROM `nianbao_enterprise` [ RunTime:0.000365s ]
[2023-10-23T10:33:36+08:00][sql] SELECT * FROM `nianbao_enterprise` WHERE  `id` = 708 LIMIT 1 [ RunTime:0.000194s ]
[2023-10-23T10:33:36+08:00][sql] SHOW FULL COLUMNS FROM `nianbao_enterprise_report` [ RunTime:0.000336s ]
[2023-10-23T10:33:36+08:00][sql] SELECT * FROM `nianbao_enterprise_report` WHERE  `enterprise_code` = '91320300664936565L'  AND `report_year` = '2022' LIMIT 1 [ RunTime:0.000390s ]
[2023-10-23T10:33:36+08:00][sql] SELECT * FROM `nianbao_enterprise` WHERE  `id` = 1029 LIMIT 1 [ RunTime:0.000177s ]
[2023-10-23T10:33:36+08:00][sql] SELECT * FROM `nianbao_enterprise_report` WHERE  `enterprise_code` = '92370826MA3UYBDB8H'  AND `report_year` = '2022' LIMIT 1 [ RunTime:0.000459s ]
[2023-10-23T10:33:44+08:00][sql] CONNECT:[ UseTime:0.000375s ] mysql:host=127.0.0.1;port=3306;dbname=nianbao;charset=utf8
[2023-10-23T10:33:44+08:00][sql] SHOW FULL COLUMNS FROM `nianbao_member` [ RunTime:0.000568s ]
[2023-10-23T10:33:44+08:00][sql] SELECT * FROM `nianbao_member` WHERE  `mobile` = '15668132677' LIMIT 1 [ RunTime:0.000287s ]
[2023-10-23T10:33:44+08:00][sql] SHOW FULL COLUMNS FROM `nianbao_member_enterprise` [ RunTime:0.000384s ]
[2023-10-23T10:33:44+08:00][sql] SELECT * FROM `nianbao_member_enterprise` WHERE  `id` = 7 LIMIT 1 [ RunTime:0.000207s ]
[2023-10-23T10:33:44+08:00][sql] SHOW FULL COLUMNS FROM `nianbao_enterprise` [ RunTime:0.000361s ]
[2023-10-23T10:33:44+08:00][sql] SELECT * FROM `nianbao_enterprise` WHERE  `id` = 1029 LIMIT 1 [ RunTime:0.000199s ]
[2023-10-23T10:33:44+08:00][sql] SHOW FULL COLUMNS FROM `nianbao_enterprise_report` [ RunTime:0.000343s ]
[2023-10-23T10:33:44+08:00][sql] SELECT * FROM `nianbao_enterprise_report` WHERE  `enterprise_code` = '92370826MA3UYBDB8H'  AND `report_year` = '2022' LIMIT 1 [ RunTime:0.000499s ]
[2023-10-23T10:33:44+08:00][sql] SHOW FULL COLUMNS FROM `nianbao_base_config` [ RunTime:0.000349s ]
[2023-10-23T10:33:44+08:00][sql] SELECT `data`,`name` FROM `nianbao_base_config` [ RunTime:0.000228s ]
[2023-10-23T11:04:50+08:00][sql] CONNECT:[ UseTime:0.000340s ] mysql:host=127.0.0.1;port=3306;dbname=nianbao;charset=utf8
[2023-10-23T11:04:50+08:00][sql] SHOW FULL COLUMNS FROM `nianbao_base_config` [ RunTime:0.000572s ]
[2023-10-23T11:04:50+08:00][sql] SELECT `data`,`name` FROM `nianbao_base_config` [ RunTime:0.000267s ]
[2023-10-23T11:04:50+08:00][sql] CONNECT:[ UseTime:0.000309s ] mysql:host=127.0.0.1;port=3306;dbname=nianbao;charset=utf8
[2023-10-23T11:04:50+08:00][sql] SHOW FULL COLUMNS FROM `nianbao_member` [ RunTime:0.000545s ]
[2023-10-23T11:04:50+08:00][sql] SELECT * FROM `nianbao_member` WHERE  `mobile` = '15668132677' LIMIT 1 [ RunTime:0.000247s ]
[2023-10-23T11:04:50+08:00][sql] SHOW FULL COLUMNS FROM `nianbao_member_enterprise` [ RunTime:0.000446s ]
[2023-10-23T11:04:50+08:00][sql] SELECT * FROM `nianbao_member_enterprise` WHERE  `member_mobile` = '15668132677' ORDER BY `id` DESC [ RunTime:0.000228s ]
[2023-10-23T11:04:50+08:00][sql] SHOW FULL COLUMNS FROM `nianbao_enterprise` [ RunTime:0.000430s ]
[2023-10-23T11:04:50+08:00][sql] SELECT * FROM `nianbao_enterprise` WHERE  `id` = 708 LIMIT 1 [ RunTime:0.000210s ]
[2023-10-23T11:04:50+08:00][sql] SHOW FULL COLUMNS FROM `nianbao_enterprise_report` [ RunTime:0.000415s ]
[2023-10-23T11:04:50+08:00][sql] SELECT * FROM `nianbao_enterprise_report` WHERE  `enterprise_code` = '91320300664936565L'  AND `report_year` = '2022' LIMIT 1 [ RunTime:0.000397s ]
[2023-10-23T11:04:50+08:00][sql] SELECT * FROM `nianbao_enterprise` WHERE  `id` = 1029 LIMIT 1 [ RunTime:0.000203s ]
[2023-10-23T11:04:50+08:00][sql] SELECT * FROM `nianbao_enterprise_report` WHERE  `enterprise_code` = '92370826MA3UYBDB8H'  AND `report_year` = '2022' LIMIT 1 [ RunTime:0.000441s ]
[2023-10-23T11:04:51+08:00][sql] CONNECT:[ UseTime:0.000409s ] mysql:host=127.0.0.1;port=3306;dbname=nianbao;charset=utf8
[2023-10-23T11:04:51+08:00][sql] SHOW FULL COLUMNS FROM `nianbao_member` [ RunTime:0.000660s ]
[2023-10-23T11:04:51+08:00][sql] SELECT * FROM `nianbao_member` WHERE  `mobile` = '15668132677' LIMIT 1 [ RunTime:0.000304s ]
[2023-10-23T11:04:51+08:00][sql] SHOW FULL COLUMNS FROM `nianbao_member_enterprise` [ RunTime:0.000393s ]
[2023-10-23T11:04:51+08:00][sql] SELECT * FROM `nianbao_member_enterprise` WHERE  `id` = 7 LIMIT 1 [ RunTime:0.000217s ]
[2023-10-23T11:04:51+08:00][sql] SHOW FULL COLUMNS FROM `nianbao_enterprise` [ RunTime:0.000370s ]
[2023-10-23T11:04:51+08:00][sql] SELECT * FROM `nianbao_enterprise` WHERE  `id` = 1029 LIMIT 1 [ RunTime:0.000211s ]
[2023-10-23T11:04:51+08:00][sql] SHOW FULL COLUMNS FROM `nianbao_enterprise_report` [ RunTime:0.000372s ]
[2023-10-23T11:04:51+08:00][sql] SELECT * FROM `nianbao_enterprise_report` WHERE  `enterprise_code` = '92370826MA3UYBDB8H'  AND `report_year` = '2022' LIMIT 1 [ RunTime:0.000533s ]
[2023-10-23T11:04:51+08:00][sql] SHOW FULL COLUMNS FROM `nianbao_base_config` [ RunTime:0.000425s ]
[2023-10-23T11:04:51+08:00][sql] SELECT `data`,`name` FROM `nianbao_base_config` [ RunTime:0.000254s ]
[2023-10-23T11:10:33+08:00][sql] CONNECT:[ UseTime:0.000373s ] mysql:host=127.0.0.1;port=3306;dbname=nianbao;charset=utf8
[2023-10-23T11:10:33+08:00][sql] SHOW FULL COLUMNS FROM `nianbao_member` [ RunTime:0.000533s ]
[2023-10-23T11:10:33+08:00][sql] SELECT * FROM `nianbao_member` WHERE  `mobile` = '15668132677' LIMIT 1 [ RunTime:0.000287s ]
[2023-10-23T11:10:33+08:00][sql] SHOW FULL COLUMNS FROM `nianbao_member_enterprise` [ RunTime:0.000463s ]
[2023-10-23T11:10:33+08:00][sql] SELECT * FROM `nianbao_member_enterprise` WHERE  `id` = 7 LIMIT 1 [ RunTime:0.000192s ]
[2023-10-23T11:10:33+08:00][sql] SHOW FULL COLUMNS FROM `nianbao_enterprise` [ RunTime:0.000361s ]
[2023-10-23T11:10:33+08:00][sql] SELECT * FROM `nianbao_enterprise` WHERE  `id` = 1029 LIMIT 1 [ RunTime:0.000180s ]
[2023-10-23T11:10:33+08:00][sql] SHOW FULL COLUMNS FROM `nianbao_enterprise_report` [ RunTime:0.000336s ]
[2023-10-23T11:10:33+08:00][sql] SELECT * FROM `nianbao_enterprise_report` WHERE  `enterprise_code` = '92370826MA3UYBDB8H'  AND `report_year` = '2022' LIMIT 1 [ RunTime:0.000476s ]
[2023-10-23T11:10:33+08:00][sql] SHOW FULL COLUMNS FROM `nianbao_base_config` [ RunTime:0.000324s ]
[2023-10-23T11:10:33+08:00][sql] SELECT `data`,`name` FROM `nianbao_base_config` [ RunTime:0.000218s ]
[2023-10-23T17:09:52+08:00][sql] CONNECT:[ UseTime:0.000268s ] mysql:host=127.0.0.1;port=3306;dbname=nianbao;charset=utf8
[2023-10-23T17:09:52+08:00][sql] SHOW FULL COLUMNS FROM `nianbao_base_config` [ RunTime:0.000760s ]
[2023-10-23T17:09:52+08:00][sql] SELECT `data`,`name` FROM `nianbao_base_config` [ RunTime:0.000344s ]
[2023-10-23T17:09:52+08:00][sql] CONNECT:[ UseTime:0.000335s ] mysql:host=127.0.0.1;port=3306;dbname=nianbao;charset=utf8
[2023-10-23T17:09:52+08:00][sql] SHOW FULL COLUMNS FROM `nianbao_member` [ RunTime:0.001422s ]
[2023-10-23T17:09:52+08:00][sql] SELECT * FROM `nianbao_member` WHERE  `mobile` = '15668132677' LIMIT 1 [ RunTime:0.000385s ]
[2023-10-23T17:09:52+08:00][sql] SHOW FULL COLUMNS FROM `nianbao_member_enterprise` [ RunTime:0.001150s ]
[2023-10-23T17:09:52+08:00][sql] SELECT * FROM `nianbao_member_enterprise` WHERE  `member_mobile` = '15668132677' ORDER BY `id` DESC [ RunTime:0.000315s ]
[2023-10-23T17:09:52+08:00][sql] SHOW FULL COLUMNS FROM `nianbao_enterprise` [ RunTime:0.013703s ]
[2023-10-23T17:09:52+08:00][sql] SELECT * FROM `nianbao_enterprise` WHERE  `id` = 708 LIMIT 1 [ RunTime:0.000341s ]
[2023-10-23T17:09:52+08:00][sql] SHOW FULL COLUMNS FROM `nianbao_enterprise_report` [ RunTime:0.022515s ]
[2023-10-23T17:09:52+08:00][sql] SELECT * FROM `nianbao_enterprise_report` WHERE  `enterprise_code` = '91320300664936565L'  AND `report_year` = '2022' LIMIT 1 [ RunTime:0.000585s ]
[2023-10-23T17:09:52+08:00][sql] SELECT * FROM `nianbao_enterprise` WHERE  `id` = 1029 LIMIT 1 [ RunTime:0.000230s ]
[2023-10-23T17:09:52+08:00][sql] SELECT * FROM `nianbao_enterprise_report` WHERE  `enterprise_code` = '92370826MA3UYBDB8H'  AND `report_year` = '2022' LIMIT 1 [ RunTime:0.000486s ]
[2023-10-23T17:09:58+08:00][sql] CONNECT:[ UseTime:0.000389s ] mysql:host=127.0.0.1;port=3306;dbname=nianbao;charset=utf8
[2023-10-23T17:09:58+08:00][sql] SHOW FULL COLUMNS FROM `nianbao_member` [ RunTime:0.000568s ]
[2023-10-23T17:09:58+08:00][sql] SELECT * FROM `nianbao_member` WHERE  `mobile` = '15668132677' LIMIT 1 [ RunTime:0.000269s ]
[2023-10-23T17:09:58+08:00][sql] SHOW FULL COLUMNS FROM `nianbao_member_enterprise` [ RunTime:0.000398s ]
[2023-10-23T17:09:58+08:00][sql] SELECT * FROM `nianbao_member_enterprise` WHERE  `id` = 7 LIMIT 1 [ RunTime:0.000203s ]
[2023-10-23T17:09:58+08:00][sql] SHOW FULL COLUMNS FROM `nianbao_enterprise` [ RunTime:0.000343s ]
[2023-10-23T17:09:58+08:00][sql] SELECT * FROM `nianbao_enterprise` WHERE  `id` = 1029 LIMIT 1 [ RunTime:0.000195s ]
[2023-10-23T17:09:58+08:00][sql] SHOW FULL COLUMNS FROM `nianbao_enterprise_report` [ RunTime:0.000321s ]
[2023-10-23T17:09:58+08:00][sql] SELECT * FROM `nianbao_enterprise_report` WHERE  `enterprise_code` = '92370826MA3UYBDB8H'  AND `report_year` = '2022' LIMIT 1 [ RunTime:0.000483s ]
[2023-10-23T17:09:58+08:00][sql] SHOW FULL COLUMNS FROM `nianbao_base_config` [ RunTime:0.000326s ]
[2023-10-23T17:09:58+08:00][sql] SELECT `data`,`name` FROM `nianbao_base_config` [ RunTime:0.000231s ]
[2023-10-23T17:10:05+08:00][sql] CONNECT:[ UseTime:0.000297s ] mysql:host=127.0.0.1;port=3306;dbname=nianbao;charset=utf8
[2023-10-23T17:10:05+08:00][sql] SHOW FULL COLUMNS FROM `nianbao_base_config` [ RunTime:0.000361s ]
[2023-10-23T17:10:05+08:00][sql] SELECT `data`,`name` FROM `nianbao_base_config` [ RunTime:0.000377s ]
[2023-10-23T17:10:05+08:00][sql] CONNECT:[ UseTime:0.000442s ] mysql:host=127.0.0.1;port=3306;dbname=nianbao;charset=utf8
[2023-10-23T17:10:05+08:00][sql] SHOW FULL COLUMNS FROM `nianbao_member` [ RunTime:0.000519s ]
[2023-10-23T17:10:05+08:00][sql] SELECT * FROM `nianbao_member` WHERE  `mobile` = '15668132677' LIMIT 1 [ RunTime:0.000311s ]
[2023-10-23T17:10:05+08:00][sql] SHOW FULL COLUMNS FROM `nianbao_member_enterprise` [ RunTime:0.000392s ]
[2023-10-23T17:10:05+08:00][sql] SELECT * FROM `nianbao_member_enterprise` WHERE  `member_mobile` = '15668132677' ORDER BY `id` DESC [ RunTime:0.000218s ]
[2023-10-23T17:10:05+08:00][sql] SHOW FULL COLUMNS FROM `nianbao_enterprise` [ RunTime:0.000380s ]
[2023-10-23T17:10:05+08:00][sql] SELECT * FROM `nianbao_enterprise` WHERE  `id` = 708 LIMIT 1 [ RunTime:0.000232s ]
[2023-10-23T17:10:05+08:00][sql] SHOW FULL COLUMNS FROM `nianbao_enterprise_report` [ RunTime:0.000344s ]
[2023-10-23T17:10:05+08:00][sql] SELECT * FROM `nianbao_enterprise_report` WHERE  `enterprise_code` = '91320300664936565L'  AND `report_year` = '2022' LIMIT 1 [ RunTime:0.000408s ]
[2023-10-23T17:10:05+08:00][sql] SELECT * FROM `nianbao_enterprise` WHERE  `id` = 1029 LIMIT 1 [ RunTime:0.000179s ]
[2023-10-23T17:10:05+08:00][sql] SELECT * FROM `nianbao_enterprise_report` WHERE  `enterprise_code` = '92370826MA3UYBDB8H'  AND `report_year` = '2022' LIMIT 1 [ RunTime:0.000465s ]
[2023-10-23T22:25:32+08:00][sql] CONNECT:[ UseTime:0.000378s ] mysql:host=127.0.0.1;port=3306;dbname=nianbao;charset=utf8
[2023-10-23T22:25:32+08:00][sql] SHOW FULL COLUMNS FROM `nianbao_base_config` [ RunTime:0.000549s ]
[2023-10-23T22:25:32+08:00][sql] SELECT `data`,`name` FROM `nianbao_base_config` [ RunTime:0.000290s ]
[2023-10-23T22:25:33+08:00][sql] CONNECT:[ UseTime:0.000355s ] mysql:host=127.0.0.1;port=3306;dbname=nianbao;charset=utf8
[2023-10-23T22:25:33+08:00][sql] SHOW FULL COLUMNS FROM `nianbao_base_config` [ RunTime:0.000504s ]
[2023-10-23T22:25:33+08:00][sql] SELECT `data`,`name` FROM `nianbao_base_config` [ RunTime:0.000261s ]
[2023-10-23T22:25:33+08:00][sql] SHOW FULL COLUMNS FROM `nianbao_member` [ RunTime:0.000705s ]
[2023-10-23T22:25:33+08:00][sql] SHOW FULL COLUMNS FROM `nianbao_log` [ RunTime:0.000501s ]
[2023-10-23T22:25:33+08:00][sql] INSERT INTO `nianbao_log` SET `application_name` = 'api' , `url` = 'https://ss.xyaa.vip/api/login/login' , `ip` = '140.250.227.35' , `useragent` = 'Mozilla/5.0 (iPhone; CPU iPhone OS 10_3_1 like Mac OS X) AppleWebKit/603.1.3 (KHTML, like Gecko) Version/10.0 Mobile/14E304 Safari/602.1 wechatdevtools/1.06.2303220 MicroMessenger/8.0.5 Language/zh_CN webview/' , `content` = '{"code":"0e3Jjo000EbkVQ1cy0100usGtO1Jjo0s"}' , `errmsg` = 'SQLSTATE[23000]: Integrity constraint violation: 1048 Column \'openid\' cannot be null' , `create_time` = 1698071133 , `type` = 3 [ RunTime:0.005433s ]
[2023-10-23T22:25:33+08:00][error] [10501]SQLSTATE[23000]: Integrity constraint violation: 1048 Column 'openid' cannot be null[/www/wwwroot/nianbao/vendor/topthink/think-orm/src/db/PDOConnection.php:796]
[2023-10-23T22:27:23+08:00][sql] CONNECT:[ UseTime:0.000408s ] mysql:host=127.0.0.1;port=3306;dbname=nianbao;charset=utf8
[2023-10-23T22:27:23+08:00][sql] SHOW FULL COLUMNS FROM `nianbao_base_config` [ RunTime:0.000573s ]
[2023-10-23T22:27:23+08:00][sql] SELECT `data`,`name` FROM `nianbao_base_config` [ RunTime:0.000275s ]
[2023-10-23T22:27:24+08:00][sql] CONNECT:[ UseTime:0.000392s ] mysql:host=127.0.0.1;port=3306;dbname=nianbao;charset=utf8
[2023-10-23T22:27:24+08:00][sql] SHOW FULL COLUMNS FROM `nianbao_base_config` [ RunTime:0.000486s ]
[2023-10-23T22:27:24+08:00][sql] SELECT `data`,`name` FROM `nianbao_base_config` [ RunTime:0.000268s ]
[2023-10-23T22:27:24+08:00][sql] SHOW FULL COLUMNS FROM `nianbao_member` [ RunTime:0.000781s ]
[2023-10-23T22:27:24+08:00][sql] SHOW FULL COLUMNS FROM `nianbao_log` [ RunTime:0.000490s ]
[2023-10-23T22:27:24+08:00][sql] INSERT INTO `nianbao_log` SET `application_name` = 'api' , `url` = 'https://ss.xyaa.vip/api/login/login' , `ip` = '140.250.227.35' , `useragent` = 'Mozilla/5.0 (iPhone; CPU iPhone OS 10_3_1 like Mac OS X) AppleWebKit/603.1.3 (KHTML, like Gecko) Version/10.0 Mobile/14E304 Safari/602.1 wechatdevtools/1.06.2303220 MicroMessenger/8.0.5 Language/zh_CN webview/' , `content` = '{"code":"0f3pwq1w314xz13MYi0w3cIpON2pwq1B"}' , `errmsg` = 'SQLSTATE[23000]: Integrity constraint violation: 1048 Column \'openid\' cannot be null' , `create_time` = 1698071244 , `type` = 3 [ RunTime:0.003733s ]
[2023-10-23T22:27:24+08:00][error] [10501]SQLSTATE[23000]: Integrity constraint violation: 1048 Column 'openid' cannot be null[/www/wwwroot/nianbao/vendor/topthink/think-orm/src/db/PDOConnection.php:796]
