[2023-10-26T08:03:13+08:00][sql] CONNECT:[ UseTime:0.000368s ] mysql:host=127.0.0.1;port=3306;dbname=nianbao;charset=utf8
[2023-10-26T08:03:13+08:00][sql] SHOW FULL COLUMNS FROM `nianbao_base_config` [ RunTime:0.000681s ]
[2023-10-26T08:03:13+08:00][sql] SELECT `data`,`name` FROM `nianbao_base_config` [ RunTime:0.000614s ]
[2023-10-26T08:03:13+08:00][sql] CONNECT:[ UseTime:0.000361s ] mysql:host=127.0.0.1;port=3306;dbname=nianbao;charset=utf8
[2023-10-26T08:03:13+08:00][sql] SHOW FULL COLUMNS FROM `nianbao_base_config` [ RunTime:0.000506s ]
[2023-10-26T08:03:13+08:00][sql] SELECT `data`,`name` FROM `nianbao_base_config` [ RunTime:0.000256s ]
[2023-10-26T08:03:13+08:00][sql] SHOW FULL COLUMNS FROM `nianbao_member` [ RunTime:0.000795s ]
[2023-10-26T08:03:13+08:00][sql] SELECT * FROM `nianbao_member` WHERE  `openid` = 'o3XKG6w2-kglF79lXHYtJftbeXe4' LIMIT 1 [ RunTime:0.000380s ]
[2023-10-26T08:03:13+08:00][sql] INSERT INTO `nianbao_member` SET `openid` = 'o3XKG6w2-kglF79lXHYtJftbeXe4' , `nickname` = '4111BNK5LK' , `avatar` = 'https://thirdwx.qlogo.cn/mmopen/vi_32/POgEwh4mIHO4nibH0KlMECNjjGxQUq24ZEaGT4poC6icRiccVGKSyXwibcPq4BWmiaIGuG1icwxaQX6grC9VemZoJ8rg/132' , `unionid` = 'o3XKG6w2-kglF79lXHYtJftbeXe4' , `create_time` = '2023-10-26 08:03:13' [ RunTime:0.000342s ]
[2023-10-26T08:03:13+08:00][sql] SELECT * FROM `nianbao_member` WHERE  `id` = 46 LIMIT 1 [ RunTime:0.000260s ]
[2023-10-26T08:03:13+08:00][sql] UPDATE `nianbao_member`  SET `access_token` = 'MTY5ODI3ODU5MzQ2'  WHERE  `id` = 46 [ RunTime:0.000247s ]
[2023-10-26T09:49:08+08:00][sql] CONNECT:[ UseTime:0.000380s ] mysql:host=127.0.0.1;port=3306;dbname=nianbao;charset=utf8
[2023-10-26T09:49:08+08:00][sql] SHOW FULL COLUMNS FROM `nianbao_base_config` [ RunTime:0.000500s ]
[2023-10-26T09:49:08+08:00][sql] SELECT `data`,`name` FROM `nianbao_base_config` [ RunTime:0.000274s ]
[2023-10-26T09:49:09+08:00][sql] CONNECT:[ UseTime:0.000374s ] mysql:host=127.0.0.1;port=3306;dbname=nianbao;charset=utf8
[2023-10-26T09:49:09+08:00][sql] SHOW FULL COLUMNS FROM `nianbao_base_config` [ RunTime:0.000534s ]
[2023-10-26T09:49:09+08:00][sql] SELECT `data`,`name` FROM `nianbao_base_config` [ RunTime:0.000260s ]
[2023-10-26T09:49:09+08:00][sql] SHOW FULL COLUMNS FROM `nianbao_member` [ RunTime:0.000686s ]
[2023-10-26T09:49:09+08:00][sql] SELECT * FROM `nianbao_member` WHERE  `openid` = 'o3XKG665-78uB7q98nG_uWKvvdFc' LIMIT 1 [ RunTime:0.000315s ]
[2023-10-26T09:49:09+08:00][sql] INSERT INTO `nianbao_member` SET `openid` = 'o3XKG665-78uB7q98nG_uWKvvdFc' , `nickname` = '0049KH93GZ' , `avatar` = 'https://thirdwx.qlogo.cn/mmopen/vi_32/POgEwh4mIHO4nibH0KlMECNjjGxQUq24ZEaGT4poC6icRiccVGKSyXwibcPq4BWmiaIGuG1icwxaQX6grC9VemZoJ8rg/132' , `unionid` = 'o3XKG665-78uB7q98nG_uWKvvdFc' , `create_time` = '2023-10-26 09:49:09' [ RunTime:0.000267s ]
[2023-10-26T09:49:09+08:00][sql] SELECT * FROM `nianbao_member` WHERE  `id` = 47 LIMIT 1 [ RunTime:0.000250s ]
[2023-10-26T09:49:09+08:00][sql] UPDATE `nianbao_member`  SET `access_token` = 'MTY5ODI4NDk0OTQ3'  WHERE  `id` = 47 [ RunTime:0.000224s ]
[2023-10-26T09:49:16+08:00][sql] CONNECT:[ UseTime:0.000394s ] mysql:host=127.0.0.1;port=3306;dbname=nianbao;charset=utf8
[2023-10-26T09:49:16+08:00][sql] SHOW FULL COLUMNS FROM `nianbao_member` [ RunTime:0.000561s ]
[2023-10-26T09:49:16+08:00][sql] SELECT * FROM `nianbao_member` WHERE  `id` = 47 LIMIT 1 [ RunTime:0.000269s ]
[2023-10-26T09:49:16+08:00][sql] SHOW FULL COLUMNS FROM `nianbao_base_config` [ RunTime:0.000343s ]
[2023-10-26T09:49:16+08:00][sql] SELECT `data`,`name` FROM `nianbao_base_config` [ RunTime:0.000228s ]
[2023-10-26T09:49:16+08:00][sql] SELECT * FROM `nianbao_member` WHERE  `id` = 47 LIMIT 1 [ RunTime:0.000416s ]
[2023-10-26T09:49:16+08:00][sql] UPDATE `nianbao_member`  SET `mobile` = '15052064888'  WHERE  `id` = 47 [ RunTime:0.000260s ]
[2023-10-26T09:49:17+08:00][sql] CONNECT:[ UseTime:0.000355s ] mysql:host=127.0.0.1;port=3306;dbname=nianbao;charset=utf8
[2023-10-26T09:49:17+08:00][sql] SHOW FULL COLUMNS FROM `nianbao_base_config` [ RunTime:0.000475s ]
[2023-10-26T09:49:17+08:00][sql] SELECT `data`,`name` FROM `nianbao_base_config` [ RunTime:0.000270s ]
[2023-10-26T09:49:17+08:00][sql] CONNECT:[ UseTime:0.000227s ] mysql:host=127.0.0.1;port=3306;dbname=nianbao;charset=utf8
[2023-10-26T09:49:17+08:00][sql] SHOW FULL COLUMNS FROM `nianbao_member` [ RunTime:0.000432s ]
[2023-10-26T09:49:17+08:00][sql] SELECT * FROM `nianbao_member` WHERE  `mobile` = '15052064888' LIMIT 1 [ RunTime:0.000270s ]
[2023-10-26T09:49:17+08:00][sql] SHOW FULL COLUMNS FROM `nianbao_member_enterprise` [ RunTime:0.000362s ]
[2023-10-26T09:49:17+08:00][sql] SELECT * FROM `nianbao_member_enterprise` WHERE  `member_mobile` = '15052064888' ORDER BY `id` DESC [ RunTime:0.000211s ]
[2023-10-26T09:49:17+08:00][sql] CONNECT:[ UseTime:0.000376s ] mysql:host=127.0.0.1;port=3306;dbname=nianbao;charset=utf8
[2023-10-26T09:49:17+08:00][sql] SHOW FULL COLUMNS FROM `nianbao_member` [ RunTime:0.000505s ]
[2023-10-26T09:49:17+08:00][sql] SELECT * FROM `nianbao_member` WHERE  `mobile` = '15052064888' LIMIT 1 [ RunTime:0.000360s ]
[2023-10-26T09:49:17+08:00][sql] SHOW FULL COLUMNS FROM `nianbao_member_enterprise` [ RunTime:0.000509s ]
[2023-10-26T09:49:17+08:00][sql] SELECT * FROM `nianbao_member_enterprise` WHERE  `member_mobile` = '15052064888' ORDER BY `id` DESC LIMIT 1 [ RunTime:0.000264s ]
[2023-10-26T09:49:17+08:00][sql] SHOW FULL COLUMNS FROM `nianbao_enterprise` [ RunTime:0.000447s ]
[2023-10-26T09:49:17+08:00][sql] SELECT * FROM `nianbao_enterprise` WHERE  `mobile` = '15052064888' LIMIT 1 [ RunTime:0.001448s ]
[2023-10-26T09:49:55+08:00][sql] CONNECT:[ UseTime:0.000390s ] mysql:host=127.0.0.1;port=3306;dbname=nianbao;charset=utf8
[2023-10-26T09:49:55+08:00][sql] SHOW FULL COLUMNS FROM `nianbao_member` [ RunTime:0.000565s ]
[2023-10-26T09:49:55+08:00][sql] SELECT * FROM `nianbao_member` WHERE  `mobile` = '15052064888' LIMIT 1 [ RunTime:0.000311s ]
[2023-10-26T09:49:55+08:00][sql] SHOW FULL COLUMNS FROM `nianbao_enterprise` [ RunTime:0.000397s ]
[2023-10-26T09:49:55+08:00][sql] SELECT * FROM `nianbao_enterprise` WHERE  `enterprise_name` LIKE '%孔文鹏%' [ RunTime:0.001563s ]
[2023-10-26T09:49:55+08:00][sql] SHOW FULL COLUMNS FROM `nianbao_base_config` [ RunTime:0.000349s ]
[2023-10-26T09:49:55+08:00][sql] SELECT `data`,`name` FROM `nianbao_base_config` [ RunTime:0.000225s ]
[2023-10-26T09:50:02+08:00][sql] CONNECT:[ UseTime:0.000403s ] mysql:host=127.0.0.1;port=3306;dbname=nianbao;charset=utf8
[2023-10-26T09:50:02+08:00][sql] SHOW FULL COLUMNS FROM `nianbao_member` [ RunTime:0.000592s ]
[2023-10-26T09:50:02+08:00][sql] SELECT * FROM `nianbao_member` WHERE  `mobile` = '15052064888' LIMIT 1 [ RunTime:0.000308s ]
[2023-10-26T09:50:02+08:00][sql] SHOW FULL COLUMNS FROM `nianbao_enterprise` [ RunTime:0.000415s ]
[2023-10-26T09:50:02+08:00][sql] SELECT * FROM `nianbao_enterprise` WHERE  `enterprise_name` LIKE '%孔文%' [ RunTime:0.001521s ]
[2023-10-26T09:50:02+08:00][sql] SHOW FULL COLUMNS FROM `nianbao_base_config` [ RunTime:0.000361s ]
[2023-10-26T09:50:02+08:00][sql] SELECT `data`,`name` FROM `nianbao_base_config` [ RunTime:0.000233s ]
[2023-10-26T09:50:02+08:00][sql] CONNECT:[ UseTime:0.000490s ] mysql:host=127.0.0.1;port=3306;dbname=nianbao;charset=utf8
[2023-10-26T09:50:02+08:00][sql] SHOW FULL COLUMNS FROM `nianbao_member` [ RunTime:0.000734s ]
[2023-10-26T09:50:02+08:00][sql] SELECT * FROM `nianbao_member` WHERE  `mobile` = '15052064888' LIMIT 1 [ RunTime:0.000436s ]
[2023-10-26T09:50:02+08:00][sql] SHOW FULL COLUMNS FROM `nianbao_enterprise` [ RunTime:0.000563s ]
[2023-10-26T09:50:02+08:00][sql] SELECT * FROM `nianbao_enterprise` WHERE  `enterprise_name` LIKE '%孔%' [ RunTime:0.002671s ]
[2023-10-26T09:50:02+08:00][sql] SHOW FULL COLUMNS FROM `nianbao_enterprise_report` [ RunTime:0.000668s ]
[2023-10-26T09:50:02+08:00][sql] SELECT * FROM `nianbao_enterprise_report` WHERE  `enterprise_code` = '92370600MA94255T0G'  AND `report_year` = '2022' LIMIT 1 [ RunTime:0.001863s ]
[2023-10-26T09:50:04+08:00][sql] CONNECT:[ UseTime:0.000403s ] mysql:host=127.0.0.1;port=3306;dbname=nianbao;charset=utf8
[2023-10-26T09:50:04+08:00][sql] SHOW FULL COLUMNS FROM `nianbao_member` [ RunTime:0.000569s ]
[2023-10-26T09:50:04+08:00][sql] SELECT * FROM `nianbao_member` WHERE  `mobile` = '15052064888' LIMIT 1 [ RunTime:0.000329s ]
[2023-10-26T09:50:04+08:00][sql] SHOW FULL COLUMNS FROM `nianbao_enterprise` [ RunTime:0.000407s ]
[2023-10-26T09:50:04+08:00][sql] SELECT * FROM `nianbao_enterprise` WHERE  `enterprise_name` LIKE '%沛县%' [ RunTime:0.001533s ]
[2023-10-26T09:50:04+08:00][sql] SHOW FULL COLUMNS FROM `nianbao_base_config` [ RunTime:0.000382s ]
[2023-10-26T09:50:04+08:00][sql] SELECT `data`,`name` FROM `nianbao_base_config` [ RunTime:0.000241s ]
[2023-10-26T09:50:06+08:00][sql] CONNECT:[ UseTime:0.000386s ] mysql:host=127.0.0.1;port=3306;dbname=nianbao;charset=utf8
[2023-10-26T09:50:06+08:00][sql] SHOW FULL COLUMNS FROM `nianbao_member` [ RunTime:0.000559s ]
[2023-10-26T09:50:06+08:00][sql] SELECT * FROM `nianbao_member` WHERE  `mobile` = '15052064888' LIMIT 1 [ RunTime:0.000310s ]
[2023-10-26T09:50:06+08:00][sql] SHOW FULL COLUMNS FROM `nianbao_enterprise` [ RunTime:0.000376s ]
[2023-10-26T09:50:06+08:00][sql] SELECT * FROM `nianbao_enterprise` WHERE  `enterprise_name` LIKE '%沛县梓%' [ RunTime:0.001509s ]
[2023-10-26T09:50:06+08:00][sql] SHOW FULL COLUMNS FROM `nianbao_base_config` [ RunTime:0.000375s ]
[2023-10-26T09:50:06+08:00][sql] SELECT `data`,`name` FROM `nianbao_base_config` [ RunTime:0.000232s ]
[2023-10-26T09:50:08+08:00][sql] CONNECT:[ UseTime:0.000386s ] mysql:host=127.0.0.1;port=3306;dbname=nianbao;charset=utf8
[2023-10-26T09:50:08+08:00][sql] SHOW FULL COLUMNS FROM `nianbao_member` [ RunTime:0.000546s ]
[2023-10-26T09:50:08+08:00][sql] SELECT * FROM `nianbao_member` WHERE  `mobile` = '15052064888' LIMIT 1 [ RunTime:0.000303s ]
[2023-10-26T09:50:08+08:00][sql] SHOW FULL COLUMNS FROM `nianbao_enterprise` [ RunTime:0.000389s ]
[2023-10-26T09:50:08+08:00][sql] SELECT * FROM `nianbao_enterprise` WHERE  `enterprise_name` LIKE '%沛县梓临%' [ RunTime:0.001508s ]
[2023-10-26T09:50:08+08:00][sql] SHOW FULL COLUMNS FROM `nianbao_base_config` [ RunTime:0.000404s ]
[2023-10-26T09:50:08+08:00][sql] SELECT `data`,`name` FROM `nianbao_base_config` [ RunTime:0.000247s ]
[2023-10-26T09:50:09+08:00][sql] CONNECT:[ UseTime:0.000372s ] mysql:host=127.0.0.1;port=3306;dbname=nianbao;charset=utf8
[2023-10-26T09:50:09+08:00][sql] SHOW FULL COLUMNS FROM `nianbao_member` [ RunTime:0.000566s ]
[2023-10-26T09:50:09+08:00][sql] SELECT * FROM `nianbao_member` WHERE  `mobile` = '15052064888' LIMIT 1 [ RunTime:0.000302s ]
[2023-10-26T09:50:09+08:00][sql] SHOW FULL COLUMNS FROM `nianbao_enterprise` [ RunTime:0.000378s ]
[2023-10-26T09:50:09+08:00][sql] SELECT * FROM `nianbao_enterprise` WHERE  `enterprise_name` LIKE '%沛县梓临源%' [ RunTime:0.001553s ]
[2023-10-26T09:50:09+08:00][sql] SHOW FULL COLUMNS FROM `nianbao_base_config` [ RunTime:0.000373s ]
[2023-10-26T09:50:09+08:00][sql] SELECT `data`,`name` FROM `nianbao_base_config` [ RunTime:0.000238s ]
[2023-10-26T10:10:44+08:00][sql] CONNECT:[ UseTime:0.000354s ] mysql:host=127.0.0.1;port=3306;dbname=nianbao;charset=utf8
[2023-10-26T10:10:44+08:00][sql] SHOW FULL COLUMNS FROM `nianbao_base_config` [ RunTime:0.000586s ]
[2023-10-26T10:10:44+08:00][sql] SELECT `data`,`name` FROM `nianbao_base_config` [ RunTime:0.000266s ]
[2023-10-26T10:10:44+08:00][sql] CONNECT:[ UseTime:0.000354s ] mysql:host=127.0.0.1;port=3306;dbname=nianbao;charset=utf8
[2023-10-26T10:10:44+08:00][sql] SHOW FULL COLUMNS FROM `nianbao_base_config` [ RunTime:0.000508s ]
[2023-10-26T10:10:44+08:00][sql] SELECT `data`,`name` FROM `nianbao_base_config` [ RunTime:0.000254s ]
[2023-10-26T10:10:44+08:00][sql] SHOW FULL COLUMNS FROM `nianbao_member` [ RunTime:0.000607s ]
[2023-10-26T10:10:44+08:00][sql] SELECT * FROM `nianbao_member` WHERE  `openid` = 'o3XKG62yylVxASajKZl1EM9ucSpM' LIMIT 1 [ RunTime:0.000301s ]
[2023-10-26T10:11:16+08:00][sql] CONNECT:[ UseTime:0.000368s ] mysql:host=127.0.0.1;port=3306;dbname=nianbao;charset=utf8
[2023-10-26T10:11:16+08:00][sql] SHOW FULL COLUMNS FROM `nianbao_member` [ RunTime:0.000540s ]
[2023-10-26T10:11:16+08:00][sql] SELECT * FROM `nianbao_member` WHERE  `id` = 34 LIMIT 1 [ RunTime:0.000273s ]
[2023-10-26T10:11:16+08:00][sql] SHOW FULL COLUMNS FROM `nianbao_base_config` [ RunTime:0.000340s ]
[2023-10-26T10:11:16+08:00][sql] SELECT `data`,`name` FROM `nianbao_base_config` [ RunTime:0.000236s ]
[2023-10-26T10:11:16+08:00][sql] SELECT * FROM `nianbao_member` WHERE  `id` = 34 LIMIT 1 [ RunTime:0.000462s ]
[2023-10-26T10:11:16+08:00][sql] CONNECT:[ UseTime:0.000351s ] mysql:host=127.0.0.1;port=3306;dbname=nianbao;charset=utf8
[2023-10-26T10:11:16+08:00][sql] SHOW FULL COLUMNS FROM `nianbao_base_config` [ RunTime:0.000535s ]
[2023-10-26T10:11:16+08:00][sql] SELECT `data`,`name` FROM `nianbao_base_config` [ RunTime:0.000326s ]
[2023-10-26T10:11:16+08:00][sql] CONNECT:[ UseTime:0.000242s ] mysql:host=127.0.0.1;port=3306;dbname=nianbao;charset=utf8
[2023-10-26T10:11:16+08:00][sql] SHOW FULL COLUMNS FROM `nianbao_member` [ RunTime:0.000442s ]
[2023-10-26T10:11:16+08:00][sql] SELECT * FROM `nianbao_member` WHERE  `mobile` = '15189770979' LIMIT 1 [ RunTime:0.000286s ]
[2023-10-26T10:11:16+08:00][sql] SHOW FULL COLUMNS FROM `nianbao_member_enterprise` [ RunTime:0.000405s ]
[2023-10-26T10:11:16+08:00][sql] SELECT * FROM `nianbao_member_enterprise` WHERE  `member_mobile` = '15189770979' ORDER BY `id` DESC [ RunTime:0.000238s ]
[2023-10-26T10:11:16+08:00][sql] CONNECT:[ UseTime:0.000299s ] mysql:host=127.0.0.1;port=3306;dbname=nianbao;charset=utf8
[2023-10-26T10:11:16+08:00][sql] SHOW FULL COLUMNS FROM `nianbao_member` [ RunTime:0.000492s ]
[2023-10-26T10:11:16+08:00][sql] SELECT * FROM `nianbao_member` WHERE  `mobile` = '15189770979' LIMIT 1 [ RunTime:0.000308s ]
[2023-10-26T10:11:16+08:00][sql] SHOW FULL COLUMNS FROM `nianbao_member_enterprise` [ RunTime:0.000550s ]
[2023-10-26T10:11:16+08:00][sql] SELECT * FROM `nianbao_member_enterprise` WHERE  `member_mobile` = '15189770979' ORDER BY `id` DESC LIMIT 1 [ RunTime:0.000265s ]
[2023-10-26T10:11:16+08:00][sql] SHOW FULL COLUMNS FROM `nianbao_enterprise` [ RunTime:0.000469s ]
[2023-10-26T10:11:16+08:00][sql] SELECT * FROM `nianbao_enterprise` WHERE  `mobile` = '15189770979' LIMIT 1 [ RunTime:0.001288s ]
[2023-10-26T12:06:28+08:00][sql] CONNECT:[ UseTime:0.000399s ] mysql:host=127.0.0.1;port=3306;dbname=nianbao;charset=utf8
[2023-10-26T12:06:28+08:00][sql] SHOW FULL COLUMNS FROM `nianbao_base_config` [ RunTime:0.000625s ]
[2023-10-26T12:06:28+08:00][sql] SELECT `data`,`name` FROM `nianbao_base_config` [ RunTime:0.000336s ]
[2023-10-26T12:06:28+08:00][sql] CONNECT:[ UseTime:0.000357s ] mysql:host=127.0.0.1;port=3306;dbname=nianbao;charset=utf8
[2023-10-26T12:06:28+08:00][sql] SHOW FULL COLUMNS FROM `nianbao_base_config` [ RunTime:0.000517s ]
[2023-10-26T12:06:28+08:00][sql] SELECT `data`,`name` FROM `nianbao_base_config` [ RunTime:0.000263s ]
[2023-10-26T12:06:28+08:00][sql] SHOW FULL COLUMNS FROM `nianbao_member` [ RunTime:0.000682s ]
[2023-10-26T12:06:28+08:00][sql] SELECT * FROM `nianbao_member` WHERE  `openid` = 'o3XKG67sPR3OuuylyDTyX683v3XQ' LIMIT 1 [ RunTime:0.000375s ]
[2023-10-26T12:07:20+08:00][sql] CONNECT:[ UseTime:0.000371s ] mysql:host=127.0.0.1;port=3306;dbname=nianbao;charset=utf8
[2023-10-26T12:07:20+08:00][sql] SHOW FULL COLUMNS FROM `nianbao_member` [ RunTime:0.000543s ]
[2023-10-26T12:07:20+08:00][sql] SELECT * FROM `nianbao_member` WHERE  `id` = 45 LIMIT 1 [ RunTime:0.000276s ]
[2023-10-26T12:07:20+08:00][sql] SHOW FULL COLUMNS FROM `nianbao_base_config` [ RunTime:0.000345s ]
[2023-10-26T12:07:20+08:00][sql] SELECT `data`,`name` FROM `nianbao_base_config` [ RunTime:0.000228s ]
[2023-10-26T12:07:20+08:00][sql] SELECT * FROM `nianbao_member` WHERE  `id` = 45 LIMIT 1 [ RunTime:0.000441s ]
[2023-10-26T12:07:20+08:00][sql] CONNECT:[ UseTime:0.000334s ] mysql:host=127.0.0.1;port=3306;dbname=nianbao;charset=utf8
[2023-10-26T12:07:20+08:00][sql] SHOW FULL COLUMNS FROM `nianbao_member` [ RunTime:0.000555s ]
[2023-10-26T12:07:20+08:00][sql] SELECT * FROM `nianbao_member` WHERE  `mobile` = '18907903030' LIMIT 1 [ RunTime:0.000307s ]
[2023-10-26T12:07:20+08:00][sql] SHOW FULL COLUMNS FROM `nianbao_member_enterprise` [ RunTime:0.000542s ]
[2023-10-26T12:07:20+08:00][sql] SELECT * FROM `nianbao_member_enterprise` WHERE  `member_mobile` = '18907903030' ORDER BY `id` DESC LIMIT 1 [ RunTime:0.000229s ]
[2023-10-26T12:07:20+08:00][sql] SHOW FULL COLUMNS FROM `nianbao_enterprise` [ RunTime:0.000429s ]
[2023-10-26T12:07:20+08:00][sql] SELECT * FROM `nianbao_enterprise` WHERE  `id` = 2636 LIMIT 1 [ RunTime:0.000219s ]
[2023-10-26T12:07:20+08:00][sql] SHOW FULL COLUMNS FROM `nianbao_enterprise_report` [ RunTime:0.000414s ]
[2023-10-26T12:07:20+08:00][sql] SELECT * FROM `nianbao_enterprise_report` WHERE  `enterprise_code` = '92370687MA94ELF49Q'  AND `report_year` = '2022' LIMIT 1 [ RunTime:0.001102s ]
[2023-10-26T12:07:20+08:00][sql] CONNECT:[ UseTime:0.000330s ] mysql:host=127.0.0.1;port=3306;dbname=nianbao;charset=utf8
[2023-10-26T12:07:20+08:00][sql] SHOW FULL COLUMNS FROM `nianbao_base_config` [ RunTime:0.000480s ]
[2023-10-26T12:07:20+08:00][sql] SELECT `data`,`name` FROM `nianbao_base_config` [ RunTime:0.000257s ]
[2023-10-26T12:07:20+08:00][sql] CONNECT:[ UseTime:0.000270s ] mysql:host=127.0.0.1;port=3306;dbname=nianbao;charset=utf8
[2023-10-26T12:07:20+08:00][sql] SHOW FULL COLUMNS FROM `nianbao_member` [ RunTime:0.000458s ]
[2023-10-26T12:07:20+08:00][sql] SELECT * FROM `nianbao_member` WHERE  `mobile` = '18907903030' LIMIT 1 [ RunTime:0.000287s ]
[2023-10-26T12:07:20+08:00][sql] SHOW FULL COLUMNS FROM `nianbao_member_enterprise` [ RunTime:0.000367s ]
[2023-10-26T12:07:20+08:00][sql] SELECT * FROM `nianbao_member_enterprise` WHERE  `member_mobile` = '18907903030' ORDER BY `id` DESC [ RunTime:0.000223s ]
[2023-10-26T12:07:20+08:00][sql] SHOW FULL COLUMNS FROM `nianbao_enterprise` [ RunTime:0.000352s ]
[2023-10-26T12:07:20+08:00][sql] SELECT * FROM `nianbao_enterprise` WHERE  `id` = 2636 LIMIT 1 [ RunTime:0.000188s ]
[2023-10-26T12:07:20+08:00][sql] SHOW FULL COLUMNS FROM `nianbao_enterprise_report` [ RunTime:0.000326s ]
[2023-10-26T12:07:20+08:00][sql] SELECT * FROM `nianbao_enterprise_report` WHERE  `enterprise_code` = '92370687MA94ELF49Q'  AND `report_year` = '2022' LIMIT 1 [ RunTime:0.000983s ]
[2023-10-26T12:07:20+08:00][sql] SELECT * FROM `nianbao_enterprise` WHERE  `id` = 708 LIMIT 1 [ RunTime:0.000210s ]
[2023-10-26T12:07:20+08:00][sql] SELECT * FROM `nianbao_enterprise_report` WHERE  `enterprise_code` = '91320300664936565L'  AND `report_year` = '2022' LIMIT 1 [ RunTime:0.000384s ]
[2023-10-26T12:07:22+08:00][sql] CONNECT:[ UseTime:0.000354s ] mysql:host=127.0.0.1;port=3306;dbname=nianbao;charset=utf8
[2023-10-26T12:07:22+08:00][sql] SHOW FULL COLUMNS FROM `nianbao_member` [ RunTime:0.000550s ]
[2023-10-26T12:07:22+08:00][sql] SELECT * FROM `nianbao_member` WHERE  `mobile` = '18907903030' LIMIT 1 [ RunTime:0.000305s ]
[2023-10-26T12:07:22+08:00][sql] SHOW FULL COLUMNS FROM `nianbao_member_enterprise` [ RunTime:0.000411s ]
[2023-10-26T12:07:22+08:00][sql] SELECT * FROM `nianbao_member_enterprise` WHERE  `id` = 28 LIMIT 1 [ RunTime:0.000240s ]
[2023-10-26T12:07:22+08:00][sql] SHOW FULL COLUMNS FROM `nianbao_enterprise` [ RunTime:0.000487s ]
[2023-10-26T12:07:22+08:00][sql] SELECT * FROM `nianbao_enterprise` WHERE  `id` = 2636 LIMIT 1 [ RunTime:0.000274s ]
[2023-10-26T12:07:22+08:00][sql] SHOW FULL COLUMNS FROM `nianbao_enterprise_report` [ RunTime:0.000455s ]
[2023-10-26T12:07:22+08:00][sql] SELECT * FROM `nianbao_enterprise_report` WHERE  `enterprise_code` = '92370687MA94ELF49Q'  AND `report_year` = '2022' LIMIT 1 [ RunTime:0.001047s ]
[2023-10-26T12:07:22+08:00][sql] SHOW FULL COLUMNS FROM `nianbao_base_config` [ RunTime:0.000454s ]
[2023-10-26T12:07:22+08:00][sql] SELECT `data`,`name` FROM `nianbao_base_config` [ RunTime:0.000310s ]
[2023-10-26T13:53:28+08:00][sql] CONNECT:[ UseTime:0.000229s ] mysql:host=127.0.0.1;port=3306;dbname=nianbao;charset=utf8
[2023-10-26T13:53:28+08:00][sql] SHOW FULL COLUMNS FROM `nianbao_base_config` [ RunTime:0.000529s ]
[2023-10-26T13:53:28+08:00][sql] SELECT `data`,`name` FROM `nianbao_base_config` [ RunTime:0.000320s ]
[2023-10-26T13:53:28+08:00][sql] CONNECT:[ UseTime:0.000381s ] mysql:host=127.0.0.1;port=3306;dbname=nianbao;charset=utf8
[2023-10-26T13:53:28+08:00][sql] SHOW FULL COLUMNS FROM `nianbao_member` [ RunTime:0.000674s ]
[2023-10-26T13:53:28+08:00][sql] SELECT * FROM `nianbao_member` WHERE  `mobile` = '13653820172' LIMIT 1 [ RunTime:0.000329s ]
[2023-10-26T13:53:28+08:00][sql] SHOW FULL COLUMNS FROM `nianbao_member_enterprise` [ RunTime:0.000567s ]
[2023-10-26T13:53:28+08:00][sql] SELECT * FROM `nianbao_member_enterprise` WHERE  `member_mobile` = '13653820172' ORDER BY `id` DESC [ RunTime:0.000255s ]
[2023-10-26T13:53:28+08:00][sql] SHOW FULL COLUMNS FROM `nianbao_enterprise` [ RunTime:0.000432s ]
[2023-10-26T13:53:28+08:00][sql] SELECT * FROM `nianbao_enterprise` WHERE  `id` = 17 LIMIT 1 [ RunTime:0.000224s ]
[2023-10-26T13:53:28+08:00][sql] SHOW FULL COLUMNS FROM `nianbao_enterprise_report` [ RunTime:0.000593s ]
[2023-10-26T13:53:28+08:00][sql] SELECT * FROM `nianbao_enterprise_report` WHERE  `enterprise_code` = '913707050523907339'  AND `report_year` = '2022' LIMIT 1 [ RunTime:0.000295s ]
[2023-10-26T13:54:48+08:00][sql] CONNECT:[ UseTime:0.000308s ] mysql:host=127.0.0.1;port=3306;dbname=nianbao;charset=utf8
[2023-10-26T13:54:48+08:00][sql] SHOW FULL COLUMNS FROM `nianbao_base_config` [ RunTime:0.000558s ]
[2023-10-26T13:54:48+08:00][sql] SELECT `data`,`name` FROM `nianbao_base_config` [ RunTime:0.000265s ]
[2023-10-26T13:54:48+08:00][sql] CONNECT:[ UseTime:0.000348s ] mysql:host=127.0.0.1;port=3306;dbname=nianbao;charset=utf8
[2023-10-26T13:54:48+08:00][sql] SHOW FULL COLUMNS FROM `nianbao_member` [ RunTime:0.000663s ]
[2023-10-26T13:54:48+08:00][sql] SELECT * FROM `nianbao_member` WHERE  `mobile` = '13653820172' LIMIT 1 [ RunTime:0.000286s ]
[2023-10-26T13:54:48+08:00][sql] SHOW FULL COLUMNS FROM `nianbao_member_enterprise` [ RunTime:0.000437s ]
[2023-10-26T13:54:48+08:00][sql] SELECT * FROM `nianbao_member_enterprise` WHERE  `member_mobile` = '13653820172' ORDER BY `id` DESC [ RunTime:0.000218s ]
[2023-10-26T13:54:48+08:00][sql] SHOW FULL COLUMNS FROM `nianbao_enterprise` [ RunTime:0.000420s ]
[2023-10-26T13:54:48+08:00][sql] SELECT * FROM `nianbao_enterprise` WHERE  `id` = 17 LIMIT 1 [ RunTime:0.000202s ]
[2023-10-26T13:54:48+08:00][sql] SHOW FULL COLUMNS FROM `nianbao_enterprise_report` [ RunTime:0.000416s ]
[2023-10-26T13:54:48+08:00][sql] SELECT * FROM `nianbao_enterprise_report` WHERE  `enterprise_code` = '913707050523907339'  AND `report_year` = '2022' LIMIT 1 [ RunTime:0.000221s ]
[2023-10-26T13:55:46+08:00][sql] CONNECT:[ UseTime:0.000398s ] mysql:host=127.0.0.1;port=3306;dbname=nianbao;charset=utf8
[2023-10-26T13:55:46+08:00][sql] SHOW FULL COLUMNS FROM `nianbao_base_config` [ RunTime:0.000587s ]
[2023-10-26T13:55:46+08:00][sql] SELECT `data`,`name` FROM `nianbao_base_config` [ RunTime:0.000257s ]
[2023-10-26T13:55:46+08:00][sql] CONNECT:[ UseTime:0.000262s ] mysql:host=127.0.0.1;port=3306;dbname=nianbao;charset=utf8
[2023-10-26T13:55:46+08:00][sql] SHOW FULL COLUMNS FROM `nianbao_base_config` [ RunTime:0.000438s ]
[2023-10-26T13:55:46+08:00][sql] SELECT `data`,`name` FROM `nianbao_base_config` [ RunTime:0.000293s ]
[2023-10-26T13:55:46+08:00][sql] SHOW FULL COLUMNS FROM `nianbao_member` [ RunTime:0.000617s ]
[2023-10-26T13:55:46+08:00][sql] SELECT * FROM `nianbao_member` WHERE  `openid` = 'o3XKG68N35SCjtlewTrBl7d8MwMo' LIMIT 1 [ RunTime:0.000297s ]
[2023-10-26T13:55:46+08:00][sql] INSERT INTO `nianbao_member` SET `openid` = 'o3XKG68N35SCjtlewTrBl7d8MwMo' , `nickname` = '4133K2BIJ9' , `avatar` = 'https://thirdwx.qlogo.cn/mmopen/vi_32/POgEwh4mIHO4nibH0KlMECNjjGxQUq24ZEaGT4poC6icRiccVGKSyXwibcPq4BWmiaIGuG1icwxaQX6grC9VemZoJ8rg/132' , `unionid` = 'o3XKG68N35SCjtlewTrBl7d8MwMo' , `create_time` = '2023-10-26 13:55:46' [ RunTime:0.000246s ]
[2023-10-26T13:55:46+08:00][sql] SELECT * FROM `nianbao_member` WHERE  `id` = 48 LIMIT 1 [ RunTime:0.000235s ]
[2023-10-26T13:55:46+08:00][sql] UPDATE `nianbao_member`  SET `access_token` = 'MTY5ODI5OTc0NjQ4'  WHERE  `id` = 48 [ RunTime:0.000232s ]
[2023-10-26T13:56:08+08:00][sql] CONNECT:[ UseTime:0.000397s ] mysql:host=127.0.0.1;port=3306;dbname=nianbao;charset=utf8
[2023-10-26T13:56:08+08:00][sql] SHOW FULL COLUMNS FROM `nianbao_member` [ RunTime:0.000597s ]
[2023-10-26T13:56:08+08:00][sql] SELECT * FROM `nianbao_member` WHERE  `id` = 48 LIMIT 1 [ RunTime:0.000277s ]
[2023-10-26T13:56:08+08:00][sql] SHOW FULL COLUMNS FROM `nianbao_base_config` [ RunTime:0.000343s ]
[2023-10-26T13:56:08+08:00][sql] SELECT `data`,`name` FROM `nianbao_base_config` [ RunTime:0.000246s ]
[2023-10-26T13:56:08+08:00][sql] SELECT * FROM `nianbao_member` WHERE  `id` = 48 LIMIT 1 [ RunTime:0.000439s ]
[2023-10-26T13:56:08+08:00][sql] UPDATE `nianbao_member`  SET `mobile` = '19937537131'  WHERE  `id` = 48 [ RunTime:0.000277s ]
[2023-10-26T13:56:08+08:00][sql] CONNECT:[ UseTime:0.000293s ] mysql:host=127.0.0.1;port=3306;dbname=nianbao;charset=utf8
[2023-10-26T13:56:08+08:00][sql] SHOW FULL COLUMNS FROM `nianbao_base_config` [ RunTime:0.000467s ]
[2023-10-26T13:56:08+08:00][sql] SELECT `data`,`name` FROM `nianbao_base_config` [ RunTime:0.000276s ]
[2023-10-26T13:56:08+08:00][sql] CONNECT:[ UseTime:0.000377s ] mysql:host=127.0.0.1;port=3306;dbname=nianbao;charset=utf8
[2023-10-26T13:56:08+08:00][sql] SHOW FULL COLUMNS FROM `nianbao_member` [ RunTime:0.000534s ]
[2023-10-26T13:56:08+08:00][sql] SELECT * FROM `nianbao_member` WHERE  `mobile` = '19937537131' LIMIT 1 [ RunTime:0.000297s ]
[2023-10-26T13:56:08+08:00][sql] SHOW FULL COLUMNS FROM `nianbao_member_enterprise` [ RunTime:0.000481s ]
[2023-10-26T13:56:08+08:00][sql] SELECT * FROM `nianbao_member_enterprise` WHERE  `member_mobile` = '19937537131' ORDER BY `id` DESC [ RunTime:0.000213s ]
[2023-10-26T13:56:08+08:00][sql] CONNECT:[ UseTime:0.000343s ] mysql:host=127.0.0.1;port=3306;dbname=nianbao;charset=utf8
[2023-10-26T13:56:08+08:00][sql] SHOW FULL COLUMNS FROM `nianbao_member` [ RunTime:0.000502s ]
[2023-10-26T13:56:08+08:00][sql] SELECT * FROM `nianbao_member` WHERE  `mobile` = '19937537131' LIMIT 1 [ RunTime:0.000307s ]
[2023-10-26T13:56:08+08:00][sql] SHOW FULL COLUMNS FROM `nianbao_member_enterprise` [ RunTime:0.000377s ]
[2023-10-26T13:56:08+08:00][sql] SELECT * FROM `nianbao_member_enterprise` WHERE  `member_mobile` = '19937537131' ORDER BY `id` DESC LIMIT 1 [ RunTime:0.000204s ]
[2023-10-26T13:56:08+08:00][sql] SHOW FULL COLUMNS FROM `nianbao_enterprise` [ RunTime:0.000432s ]
[2023-10-26T13:56:08+08:00][sql] SELECT * FROM `nianbao_enterprise` WHERE  `mobile` = '19937537131' LIMIT 1 [ RunTime:0.001448s ]
[2023-10-26T14:13:40+08:00][sql] CONNECT:[ UseTime:0.000379s ] mysql:host=127.0.0.1;port=3306;dbname=nianbao;charset=utf8
[2023-10-26T14:13:40+08:00][sql] SHOW FULL COLUMNS FROM `nianbao_base_config` [ RunTime:0.000581s ]
[2023-10-26T14:13:40+08:00][sql] SELECT `data`,`name` FROM `nianbao_base_config` [ RunTime:0.000310s ]
[2023-10-26T14:13:40+08:00][sql] CONNECT:[ UseTime:0.000363s ] mysql:host=127.0.0.1;port=3306;dbname=nianbao;charset=utf8
[2023-10-26T14:13:40+08:00][sql] SHOW FULL COLUMNS FROM `nianbao_base_config` [ RunTime:0.000486s ]
[2023-10-26T14:13:40+08:00][sql] SELECT `data`,`name` FROM `nianbao_base_config` [ RunTime:0.000261s ]
[2023-10-26T14:13:40+08:00][sql] SHOW FULL COLUMNS FROM `nianbao_member` [ RunTime:0.000702s ]
[2023-10-26T14:13:40+08:00][sql] SELECT * FROM `nianbao_member` WHERE  `openid` = 'o3XKG65M74IitnvSKxqCirMdmHNE' LIMIT 1 [ RunTime:0.000309s ]
[2023-10-26T14:13:40+08:00][sql] INSERT INTO `nianbao_member` SET `openid` = 'o3XKG65M74IitnvSKxqCirMdmHNE' , `nickname` = '38880SU1M' , `avatar` = 'https://thirdwx.qlogo.cn/mmopen/vi_32/POgEwh4mIHO4nibH0KlMECNjjGxQUq24ZEaGT4poC6icRiccVGKSyXwibcPq4BWmiaIGuG1icwxaQX6grC9VemZoJ8rg/132' , `unionid` = 'o3XKG65M74IitnvSKxqCirMdmHNE' , `create_time` = '2023-10-26 14:13:40' [ RunTime:0.000230s ]
[2023-10-26T14:13:40+08:00][sql] SELECT * FROM `nianbao_member` WHERE  `id` = 49 LIMIT 1 [ RunTime:0.000239s ]
[2023-10-26T14:13:40+08:00][sql] UPDATE `nianbao_member`  SET `access_token` = 'MTY5ODMwMDgyMDQ5'  WHERE  `id` = 49 [ RunTime:0.000233s ]
[2023-10-26T14:36:46+08:00][sql] CONNECT:[ UseTime:0.000374s ] mysql:host=127.0.0.1;port=3306;dbname=nianbao;charset=utf8
[2023-10-26T14:36:46+08:00][sql] SHOW FULL COLUMNS FROM `nianbao_member` [ RunTime:0.000667s ]
[2023-10-26T14:36:46+08:00][sql] SELECT * FROM `nianbao_member` WHERE  `id` = 49 LIMIT 1 [ RunTime:0.000264s ]
[2023-10-26T14:36:46+08:00][sql] SHOW FULL COLUMNS FROM `nianbao_base_config` [ RunTime:0.000420s ]
[2023-10-26T14:36:46+08:00][sql] SELECT `data`,`name` FROM `nianbao_base_config` [ RunTime:0.000228s ]
[2023-10-26T14:36:46+08:00][sql] SELECT * FROM `nianbao_member` WHERE  `id` = 49 LIMIT 1 [ RunTime:0.000457s ]
[2023-10-26T14:36:46+08:00][sql] UPDATE `nianbao_member`  SET `mobile` = '15623348953'  WHERE  `id` = 49 [ RunTime:0.000263s ]
[2023-10-26T14:36:47+08:00][sql] CONNECT:[ UseTime:0.000344s ] mysql:host=127.0.0.1;port=3306;dbname=nianbao;charset=utf8
[2023-10-26T14:36:47+08:00][sql] SHOW FULL COLUMNS FROM `nianbao_base_config` [ RunTime:0.000546s ]
[2023-10-26T14:36:47+08:00][sql] SELECT `data`,`name` FROM `nianbao_base_config` [ RunTime:0.000367s ]
[2023-10-26T14:36:47+08:00][sql] CONNECT:[ UseTime:0.000233s ] mysql:host=127.0.0.1;port=3306;dbname=nianbao;charset=utf8
[2023-10-26T14:36:47+08:00][sql] SHOW FULL COLUMNS FROM `nianbao_member` [ RunTime:0.000491s ]
[2023-10-26T14:36:47+08:00][sql] SELECT * FROM `nianbao_member` WHERE  `mobile` = '15623348953' LIMIT 1 [ RunTime:0.000271s ]
[2023-10-26T14:36:47+08:00][sql] SHOW FULL COLUMNS FROM `nianbao_member_enterprise` [ RunTime:0.000436s ]
[2023-10-26T14:36:47+08:00][sql] SELECT * FROM `nianbao_member_enterprise` WHERE  `member_mobile` = '15623348953' ORDER BY `id` DESC [ RunTime:0.000199s ]
[2023-10-26T14:36:47+08:00][sql] CONNECT:[ UseTime:0.000356s ] mysql:host=127.0.0.1;port=3306;dbname=nianbao;charset=utf8
[2023-10-26T14:36:47+08:00][sql] SHOW FULL COLUMNS FROM `nianbao_member` [ RunTime:0.000547s ]
[2023-10-26T14:36:47+08:00][sql] SELECT * FROM `nianbao_member` WHERE  `mobile` = '15623348953' LIMIT 1 [ RunTime:0.000380s ]
[2023-10-26T14:36:47+08:00][sql] SHOW FULL COLUMNS FROM `nianbao_member_enterprise` [ RunTime:0.000513s ]
[2023-10-26T14:36:47+08:00][sql] SELECT * FROM `nianbao_member_enterprise` WHERE  `member_mobile` = '15623348953' ORDER BY `id` DESC LIMIT 1 [ RunTime:0.000246s ]
[2023-10-26T14:36:47+08:00][sql] SHOW FULL COLUMNS FROM `nianbao_enterprise` [ RunTime:0.000463s ]
[2023-10-26T14:36:47+08:00][sql] SELECT * FROM `nianbao_enterprise` WHERE  `mobile` = '15623348953' LIMIT 1 [ RunTime:0.001251s ]
[2023-10-26T20:16:49+08:00][sql] CONNECT:[ UseTime:0.000375s ] mysql:host=127.0.0.1;port=3306;dbname=nianbao;charset=utf8
[2023-10-26T20:16:49+08:00][sql] SHOW FULL COLUMNS FROM `nianbao_base_config` [ RunTime:0.000585s ]
[2023-10-26T20:16:49+08:00][sql] SELECT `data`,`name` FROM `nianbao_base_config` [ RunTime:0.000276s ]
[2023-10-26T20:16:49+08:00][sql] CONNECT:[ UseTime:0.000327s ] mysql:host=127.0.0.1;port=3306;dbname=nianbao;charset=utf8
[2023-10-26T20:16:49+08:00][sql] SHOW FULL COLUMNS FROM `nianbao_member` [ RunTime:0.000621s ]
[2023-10-26T20:16:49+08:00][sql] SELECT * FROM `nianbao_member` WHERE  `mobile` = '15668132677' LIMIT 1 [ RunTime:0.000279s ]
[2023-10-26T20:16:49+08:00][sql] SHOW FULL COLUMNS FROM `nianbao_member_enterprise` [ RunTime:0.000440s ]
[2023-10-26T20:16:49+08:00][sql] SELECT * FROM `nianbao_member_enterprise` WHERE  `member_mobile` = '15668132677' ORDER BY `id` DESC [ RunTime:0.000246s ]
[2023-10-26T20:16:49+08:00][sql] SHOW FULL COLUMNS FROM `nianbao_enterprise` [ RunTime:0.000434s ]
[2023-10-26T20:16:49+08:00][sql] SELECT * FROM `nianbao_enterprise` WHERE  `id` = 3 LIMIT 1 [ RunTime:0.000224s ]
[2023-10-26T20:16:49+08:00][sql] SHOW FULL COLUMNS FROM `nianbao_enterprise_report` [ RunTime:0.000409s ]
[2023-10-26T20:16:49+08:00][sql] SELECT * FROM `nianbao_enterprise_report` WHERE  `enterprise_code` = '91370702MA3D6XQH1R'  AND `report_year` = '2022' LIMIT 1 [ RunTime:0.000232s ]
[2023-10-26T20:16:49+08:00][sql] SELECT * FROM `nianbao_enterprise` WHERE  `id` = 708 LIMIT 1 [ RunTime:0.000201s ]
[2023-10-26T20:16:49+08:00][sql] SELECT * FROM `nianbao_enterprise_report` WHERE  `enterprise_code` = '91320300664936565L'  AND `report_year` = '2022' LIMIT 1 [ RunTime:0.000399s ]
[2023-10-26T20:16:49+08:00][sql] SELECT * FROM `nianbao_enterprise` WHERE  `id` = 1029 LIMIT 1 [ RunTime:0.000186s ]
[2023-10-26T20:16:49+08:00][sql] SELECT * FROM `nianbao_enterprise_report` WHERE  `enterprise_code` = '92370826MA3UYBDB8H'  AND `report_year` = '2022' LIMIT 1 [ RunTime:0.000461s ]
[2023-10-26T20:17:03+08:00][sql] CONNECT:[ UseTime:0.000369s ] mysql:host=127.0.0.1;port=3306;dbname=nianbao;charset=utf8
[2023-10-26T20:17:03+08:00][sql] SHOW FULL COLUMNS FROM `nianbao_member` [ RunTime:0.000552s ]
[2023-10-26T20:17:03+08:00][sql] SELECT * FROM `nianbao_member` WHERE  `mobile` = '15668132677' LIMIT 1 [ RunTime:0.000280s ]
[2023-10-26T20:17:03+08:00][sql] SHOW FULL COLUMNS FROM `nianbao_member_enterprise` [ RunTime:0.000390s ]
[2023-10-26T20:17:03+08:00][sql] SELECT * FROM `nianbao_member_enterprise` WHERE  `id` = 25 LIMIT 1 [ RunTime:0.000195s ]
[2023-10-26T20:17:03+08:00][sql] SHOW FULL COLUMNS FROM `nianbao_enterprise` [ RunTime:0.000337s ]
[2023-10-26T20:17:03+08:00][sql] SELECT * FROM `nianbao_enterprise` WHERE  `id` = 3 LIMIT 1 [ RunTime:0.000187s ]
[2023-10-26T20:17:03+08:00][sql] SHOW FULL COLUMNS FROM `nianbao_enterprise_report` [ RunTime:0.000325s ]
[2023-10-26T20:17:03+08:00][sql] SELECT * FROM `nianbao_enterprise_report` WHERE  `enterprise_code` = '91370702MA3D6XQH1R'  AND `report_year` = '2022' LIMIT 1 [ RunTime:0.000195s ]
[2023-10-26T20:17:03+08:00][sql] SHOW FULL COLUMNS FROM `nianbao_base_config` [ RunTime:0.000329s ]
[2023-10-26T20:17:03+08:00][sql] SELECT `data`,`name` FROM `nianbao_base_config` [ RunTime:0.000214s ]
[2023-10-26T20:17:07+08:00][sql] CONNECT:[ UseTime:0.000348s ] mysql:host=127.0.0.1;port=3306;dbname=nianbao;charset=utf8
[2023-10-26T20:17:07+08:00][sql] SHOW FULL COLUMNS FROM `nianbao_member` [ RunTime:0.000491s ]
[2023-10-26T20:17:07+08:00][sql] SELECT * FROM `nianbao_member` WHERE  `mobile` = '15668132677' LIMIT 1 [ RunTime:0.000280s ]
[2023-10-26T20:17:07+08:00][sql] SHOW FULL COLUMNS FROM `nianbao_enterprise` [ RunTime:0.000419s ]
[2023-10-26T20:17:07+08:00][sql] SELECT * FROM `nianbao_enterprise` WHERE  `enterprise_name` LIKE '%云欣%' [ RunTime:0.001726s ]
[2023-10-26T20:17:07+08:00][sql] SHOW FULL COLUMNS FROM `nianbao_enterprise_report` [ RunTime:0.000433s ]
[2023-10-26T20:17:07+08:00][sql] SELECT * FROM `nianbao_enterprise_report` WHERE  `enterprise_code` = '92370826MA3UYBDB8H'  AND `report_year` = '2022' LIMIT 1 [ RunTime:0.000739s ]
[2023-10-26T20:17:12+08:00][sql] CONNECT:[ UseTime:0.000386s ] mysql:host=127.0.0.1;port=3306;dbname=nianbao;charset=utf8
[2023-10-26T20:17:12+08:00][sql] SHOW FULL COLUMNS FROM `nianbao_member` [ RunTime:0.000513s ]
[2023-10-26T20:17:12+08:00][sql] SELECT * FROM `nianbao_member` WHERE  `mobile` = '15668132677' LIMIT 1 [ RunTime:0.000289s ]
[2023-10-26T20:17:12+08:00][sql] SHOW FULL COLUMNS FROM `nianbao_enterprise` [ RunTime:0.000350s ]
[2023-10-26T20:17:12+08:00][sql] SELECT * FROM `nianbao_enterprise` WHERE  `enterprise_code` = '92370826MA3UYBDB8H' LIMIT 1 [ RunTime:0.000565s ]
[2023-10-26T20:17:12+08:00][sql] SHOW FULL COLUMNS FROM `nianbao_member_enterprise` [ RunTime:0.000357s ]
[2023-10-26T20:17:12+08:00][sql] SELECT * FROM `nianbao_member_enterprise` WHERE  `enterprise_id` = 1029  AND `member_mobile` = '15668132677' LIMIT 1 [ RunTime:0.000212s ]
[2023-10-26T20:17:12+08:00][sql] SHOW FULL COLUMNS FROM `nianbao_enterprise_report` [ RunTime:0.000343s ]
[2023-10-26T20:17:12+08:00][sql] SELECT * FROM `nianbao_enterprise_report` WHERE  `enterprise_code` = '92370826MA3UYBDB8H'  AND `report_year` = '2022' LIMIT 1 [ RunTime:0.000475s ]
[2023-10-26T20:17:12+08:00][sql] CONNECT:[ UseTime:0.000364s ] mysql:host=127.0.0.1;port=3306;dbname=nianbao;charset=utf8
[2023-10-26T20:17:12+08:00][sql] SHOW FULL COLUMNS FROM `nianbao_member` [ RunTime:0.000563s ]
[2023-10-26T20:17:12+08:00][sql] SELECT * FROM `nianbao_member` WHERE  `mobile` = '15668132677' LIMIT 1 [ RunTime:0.000287s ]
[2023-10-26T20:17:12+08:00][sql] SHOW FULL COLUMNS FROM `nianbao_member_enterprise` [ RunTime:0.000375s ]
[2023-10-26T20:17:12+08:00][sql] SELECT * FROM `nianbao_member_enterprise` WHERE  `member_mobile` = '15668132677' ORDER BY `id` DESC LIMIT 1 [ RunTime:0.000219s ]
[2023-10-26T20:17:12+08:00][sql] SHOW FULL COLUMNS FROM `nianbao_enterprise` [ RunTime:0.000342s ]
[2023-10-26T20:17:12+08:00][sql] SELECT * FROM `nianbao_enterprise` WHERE  `id` = 3 LIMIT 1 [ RunTime:0.000201s ]
[2023-10-26T20:17:12+08:00][sql] SHOW FULL COLUMNS FROM `nianbao_enterprise_report` [ RunTime:0.000329s ]
[2023-10-26T20:17:12+08:00][sql] SELECT * FROM `nianbao_enterprise_report` WHERE  `enterprise_code` = '91370702MA3D6XQH1R'  AND `report_year` = '2022' LIMIT 1 [ RunTime:0.000206s ]
[2023-10-26T20:17:12+08:00][sql] CONNECT:[ UseTime:0.000287s ] mysql:host=127.0.0.1;port=3306;dbname=nianbao;charset=utf8
[2023-10-26T20:17:12+08:00][sql] SHOW FULL COLUMNS FROM `nianbao_member` [ RunTime:0.000522s ]
[2023-10-26T20:17:12+08:00][sql] SELECT * FROM `nianbao_member` WHERE  `mobile` = '15668132677' LIMIT 1 [ RunTime:0.000254s ]
[2023-10-26T20:17:12+08:00][sql] SHOW FULL COLUMNS FROM `nianbao_member_enterprise` [ RunTime:0.000387s ]
[2023-10-26T20:17:12+08:00][sql] SELECT * FROM `nianbao_member_enterprise` WHERE  `member_mobile` = '15668132677' ORDER BY `id` DESC [ RunTime:0.000200s ]
[2023-10-26T20:17:12+08:00][sql] SHOW FULL COLUMNS FROM `nianbao_enterprise` [ RunTime:0.000348s ]
[2023-10-26T20:17:12+08:00][sql] SELECT * FROM `nianbao_enterprise` WHERE  `id` = 3 LIMIT 1 [ RunTime:0.000195s ]
[2023-10-26T20:17:12+08:00][sql] SHOW FULL COLUMNS FROM `nianbao_enterprise_report` [ RunTime:0.000334s ]
[2023-10-26T20:17:12+08:00][sql] SELECT * FROM `nianbao_enterprise_report` WHERE  `enterprise_code` = '91370702MA3D6XQH1R'  AND `report_year` = '2022' LIMIT 1 [ RunTime:0.000197s ]
[2023-10-26T20:17:12+08:00][sql] SELECT * FROM `nianbao_enterprise` WHERE  `id` = 708 LIMIT 1 [ RunTime:0.000175s ]
[2023-10-26T20:17:12+08:00][sql] SELECT * FROM `nianbao_enterprise_report` WHERE  `enterprise_code` = '91320300664936565L'  AND `report_year` = '2022' LIMIT 1 [ RunTime:0.000373s ]
[2023-10-26T20:17:12+08:00][sql] SELECT * FROM `nianbao_enterprise` WHERE  `id` = 1029 LIMIT 1 [ RunTime:0.000164s ]
[2023-10-26T20:17:12+08:00][sql] SELECT * FROM `nianbao_enterprise_report` WHERE  `enterprise_code` = '92370826MA3UYBDB8H'  AND `report_year` = '2022' LIMIT 1 [ RunTime:0.000456s ]
[2023-10-26T20:17:17+08:00][sql] CONNECT:[ UseTime:0.000392s ] mysql:host=127.0.0.1;port=3306;dbname=nianbao;charset=utf8
[2023-10-26T20:17:17+08:00][sql] SHOW FULL COLUMNS FROM `nianbao_member` [ RunTime:0.000556s ]
[2023-10-26T20:17:17+08:00][sql] SELECT * FROM `nianbao_member` WHERE  `mobile` = '15668132677' LIMIT 1 [ RunTime:0.000308s ]
[2023-10-26T20:17:17+08:00][sql] SHOW FULL COLUMNS FROM `nianbao_member_enterprise` [ RunTime:0.000377s ]
[2023-10-26T20:17:17+08:00][sql] SELECT * FROM `nianbao_member_enterprise` WHERE  `id` = 7 LIMIT 1 [ RunTime:0.000192s ]
[2023-10-26T20:17:17+08:00][sql] SHOW FULL COLUMNS FROM `nianbao_enterprise` [ RunTime:0.000349s ]
[2023-10-26T20:17:17+08:00][sql] SELECT * FROM `nianbao_enterprise` WHERE  `id` = 1029 LIMIT 1 [ RunTime:0.000191s ]
[2023-10-26T20:17:17+08:00][sql] SHOW FULL COLUMNS FROM `nianbao_enterprise_report` [ RunTime:0.000337s ]
[2023-10-26T20:17:17+08:00][sql] SELECT * FROM `nianbao_enterprise_report` WHERE  `enterprise_code` = '92370826MA3UYBDB8H'  AND `report_year` = '2022' LIMIT 1 [ RunTime:0.000481s ]
[2023-10-26T20:17:17+08:00][sql] SHOW FULL COLUMNS FROM `nianbao_base_config` [ RunTime:0.000353s ]
[2023-10-26T20:17:17+08:00][sql] SELECT `data`,`name` FROM `nianbao_base_config` [ RunTime:0.000219s ]
[2023-10-26T20:26:19+08:00][sql] CONNECT:[ UseTime:0.000385s ] mysql:host=127.0.0.1;port=3306;dbname=nianbao;charset=utf8
[2023-10-26T20:26:19+08:00][sql] SHOW FULL COLUMNS FROM `nianbao_base_config` [ RunTime:0.000498s ]
[2023-10-26T20:26:19+08:00][sql] SELECT `data`,`name` FROM `nianbao_base_config` [ RunTime:0.000270s ]
[2023-10-26T20:26:20+08:00][sql] CONNECT:[ UseTime:0.000372s ] mysql:host=127.0.0.1;port=3306;dbname=nianbao;charset=utf8
[2023-10-26T20:26:20+08:00][sql] SHOW FULL COLUMNS FROM `nianbao_base_config` [ RunTime:0.000452s ]
[2023-10-26T20:26:20+08:00][sql] SELECT `data`,`name` FROM `nianbao_base_config` [ RunTime:0.000271s ]
[2023-10-26T20:26:20+08:00][sql] SHOW FULL COLUMNS FROM `nianbao_member` [ RunTime:0.000492s ]
[2023-10-26T20:26:20+08:00][sql] SELECT * FROM `nianbao_member` WHERE  `openid` = 'o3XKG67XHjmkBLUdyiWMjOih6JxY' LIMIT 1 [ RunTime:0.000364s ]
[2023-10-26T20:26:20+08:00][sql] INSERT INTO `nianbao_member` SET `openid` = 'o3XKG67XHjmkBLUdyiWMjOih6JxY' , `nickname` = '4732Y6XGMJ' , `avatar` = 'https://thirdwx.qlogo.cn/mmopen/vi_32/POgEwh4mIHO4nibH0KlMECNjjGxQUq24ZEaGT4poC6icRiccVGKSyXwibcPq4BWmiaIGuG1icwxaQX6grC9VemZoJ8rg/132' , `unionid` = 'o3XKG67XHjmkBLUdyiWMjOih6JxY' , `create_time` = '2023-10-26 20:26:20' [ RunTime:0.000247s ]
[2023-10-26T20:26:20+08:00][sql] SELECT * FROM `nianbao_member` WHERE  `id` = 50 LIMIT 1 [ RunTime:0.000250s ]
[2023-10-26T20:26:20+08:00][sql] UPDATE `nianbao_member`  SET `access_token` = 'MTY5ODMyMzE4MDUw'  WHERE  `id` = 50 [ RunTime:0.000233s ]
[2023-10-26T21:52:58+08:00][sql] CONNECT:[ UseTime:0.000375s ] mysql:host=127.0.0.1;port=3306;dbname=nianbao;charset=utf8
[2023-10-26T21:52:58+08:00][sql] SHOW FULL COLUMNS FROM `nianbao_base_config` [ RunTime:0.000572s ]
[2023-10-26T21:52:58+08:00][sql] SELECT `data`,`name` FROM `nianbao_base_config` [ RunTime:0.000277s ]
[2023-10-26T21:52:59+08:00][sql] CONNECT:[ UseTime:0.000353s ] mysql:host=127.0.0.1;port=3306;dbname=nianbao;charset=utf8
[2023-10-26T21:52:59+08:00][sql] SHOW FULL COLUMNS FROM `nianbao_base_config` [ RunTime:0.000518s ]
[2023-10-26T21:52:59+08:00][sql] SELECT `data`,`name` FROM `nianbao_base_config` [ RunTime:0.000281s ]
[2023-10-26T21:52:59+08:00][sql] SHOW FULL COLUMNS FROM `nianbao_member` [ RunTime:0.000712s ]
[2023-10-26T21:52:59+08:00][sql] SELECT * FROM `nianbao_member` WHERE  `openid` = 'o3XKG66y8qKsF8_2EDCw_pjNyKSY' LIMIT 1 [ RunTime:0.000331s ]
