[2023-11-17T01:24:37+08:00][error] 错误信息:controller not exists:app\controller\favicon\Ico
[2023-11-17T01:32:32+08:00][error] 错误信息:controller not exists:app\controller\favicon\Ico
[2023-11-17T04:50:43+08:00][error] 错误信息:controller not exists:app\controller\favicon\Ico
[2023-11-17T08:53:56+08:00][error] 错误信息:controller not exists:app\controller\favicon\Ico
[2023-11-17T08:54:08+08:00][error] 错误信息:controller not exists:app\controller\favicon\Ico
[2023-11-17T08:54:43+08:00][error] 错误信息:controller not exists:app\controller\favicon\Ico
[2023-11-17T08:55:15+08:00][error] 错误信息:controller not exists:app\controller\favicon\Ico
[2023-11-17T08:56:01+08:00][error] 错误信息:controller not exists:app\controller\favicon\Ico
[2023-11-17T10:56:28+08:00][error] 错误信息:controller not exists:app\controller\favicon\Ico
[2023-11-17T11:05:55+08:00][error] 错误信息:controller not exists:app\controller\favicon\Ico
[2023-11-17T11:11:00+08:00][error] 错误信息:controller not exists:app\controller\MagentoVersion
[2023-11-17T11:11:00+08:00][error] 错误信息:controller not exists:wp-content
[2023-11-17T11:13:18+08:00][error] 错误信息:controller not exists:app\controller\favicon\Ico
[2023-11-17T11:16:25+08:00][error] 错误信息:controller not exists:app\controller\favicon\Ico
[2023-11-17T11:35:25+08:00][error] 错误信息:controller not exists:app\controller\Uploads
[2023-11-17T11:35:25+08:00][error] 错误信息:controller not exists:app\controller\Uploads
[2023-11-17T11:35:26+08:00][error] 错误信息:controller not exists:app\controller\Uploads
[2023-11-17T11:44:07+08:00][error] 错误信息:controller not exists:app\controller\favicon\Ico
[2023-11-17T11:44:29+08:00][error] 错误信息:controller not exists:app\controller\favicon\Ico
[2023-11-17T11:53:25+08:00][error] 错误信息:controller not exists:app\controller\favicon\Ico
[2023-11-17T11:56:10+08:00][error] 错误信息:controller not exists:app\controller\favicon\Ico
[2023-11-17T12:01:41+08:00][error] 错误信息:controller not exists:app\controller\favicon\Ico
[2023-11-17T12:22:08+08:00][error] 错误信息:controller not exists:app\controller\favicon\Ico
[2023-11-17T14:46:42+08:00][error] 错误信息:controller not exists:app\controller\favicon\Ico
[2023-11-17T15:24:49+08:00][error] 错误信息:controller not exists:app\controller\favicon\Ico
[2023-11-17T15:25:58+08:00][error] 错误信息:controller not exists:app\controller\favicon\Ico
[2023-11-17T15:45:59+08:00][error] 错误信息:controller not exists:app\controller\favicon\Ico
[2023-11-17T16:04:43+08:00][error] 错误信息:controller not exists:app\controller\favicon\Ico
[2023-11-17T16:06:17+08:00][error] 错误信息:controller not exists:app\controller\favicon\Ico
[2023-11-17T16:10:50+08:00][error] 错误信息:controller not exists:app\controller\favicon\Ico
[2023-11-17T16:11:03+08:00][error] 错误信息:controller not exists:app\controller\favicon\Ico
[2023-11-17T16:11:43+08:00][error] 错误信息:controller not exists:app\controller\favicon\Ico
[2023-11-17T16:46:31+08:00][error] 错误信息:controller not exists:app\controller\favicon\Ico
[2023-11-17T16:55:06+08:00][error] 错误信息:controller not exists:app\controller\favicon\Ico
[2023-11-17T17:03:18+08:00][error] 错误信息:controller not exists:',
[2023-11-17T17:19:43+08:00][error] 错误信息:controller not exists:app\controller\favicon\Ico
[2023-11-17T17:19:59+08:00][error] 错误信息:controller not exists:app\controller\favicon\Ico
[2023-11-17T17:21:26+08:00][error] 错误信息:controller not exists:app\controller\favicon\Ico
[2023-11-17T17:21:43+08:00][error] 错误信息:controller not exists:app\controller\favicon\Ico
[2023-11-17T22:00:58+08:00][error] 错误信息:controller not exists:app\controller\favicon\Ico
[2023-11-17T22:01:12+08:00][error] 错误信息:controller not exists:app\controller\favicon\Ico
[2023-11-17T23:57:27+08:00][error] 错误信息:controller not exists:app\controller\favicon\Ico
[2023-11-17T23:57:28+08:00][error] 错误信息:controller not exists:app\controller\sitemap\Xml
[2023-11-17T23:58:28+08:00][error] 错误信息:controller not exists:app\controller\sitemap\Xml
