[2024-04-14T00:41:56+08:00][sql] CONNECT:[ UseTime:0.000466s ] mysql:host=127.0.0.1;port=3306;dbname=n46_xyaa_vip;charset=utf8
[2024-04-14T00:41:56+08:00][sql] SHOW FULL COLUMNS FROM `nianbao_base_config` [ RunTime:0.000577s ]
[2024-04-14T00:41:56+08:00][sql] SELECT * FROM `nianbao_base_config` [ RunTime:0.000365s ]
[2024-04-14T02:47:57+08:00][sql] CONNECT:[ UseTime:0.000485s ] mysql:host=127.0.0.1;port=3306;dbname=n46_xyaa_vip;charset=utf8
[2024-04-14T02:47:57+08:00][sql] SHOW FULL COLUMNS FROM `nianbao_base_config` [ RunTime:0.000631s ]
[2024-04-14T02:47:57+08:00][sql] SELECT * FROM `nianbao_base_config` [ RunTime:0.000494s ]
[2024-04-14T08:02:50+08:00][sql] CONNECT:[ UseTime:0.000437s ] mysql:host=127.0.0.1;port=3306;dbname=n46_xyaa_vip;charset=utf8
[2024-04-14T08:02:50+08:00][sql] SHOW FULL COLUMNS FROM `nianbao_base_config` [ RunTime:0.000556s ]
[2024-04-14T08:02:50+08:00][sql] SELECT * FROM `nianbao_base_config` [ RunTime:0.000410s ]
[2024-04-14T12:11:41+08:00][sql] CONNECT:[ UseTime:0.000434s ] mysql:host=127.0.0.1;port=3306;dbname=n46_xyaa_vip;charset=utf8
[2024-04-14T12:11:41+08:00][sql] SHOW FULL COLUMNS FROM `nianbao_base_config` [ RunTime:0.000643s ]
[2024-04-14T12:11:41+08:00][sql] SELECT * FROM `nianbao_base_config` [ RunTime:0.000506s ]
[2024-04-14T12:11:52+08:00][sql] CONNECT:[ UseTime:0.000437s ] mysql:host=127.0.0.1;port=3306;dbname=n46_xyaa_vip;charset=utf8
[2024-04-14T12:11:52+08:00][sql] SHOW FULL COLUMNS FROM `nianbao_admin_user` [ RunTime:0.000701s ]
[2024-04-14T12:11:52+08:00][sql] SELECT `a`.`user_id`,`a`.`name`,a.user as username,`a`.`status`,a.role_id as user_role_ids,`b`.`role_id`,b.name as role_name,b.status as role_status,`b`.`access` FROM `nianbao_admin_user` `a` INNER JOIN `nianbao_role` `b` ON a.role_id in(b.role_id) WHERE  `a`.`user` = 'Admin'  AND `a`.`pwd` = '3c1567f3614661076dde95e296df4f9a' LIMIT 1 [ RunTime:0.000475s ]
[2024-04-14T12:11:52+08:00][sql] SHOW FULL COLUMNS FROM `nianbao_log` [ RunTime:0.000615s ]
[2024-04-14T12:11:52+08:00][sql] INSERT INTO `nianbao_log` SET `application_name` = 'admin' , `username` = 'Admin' , `url` = 'https://n46.xyaa.vip/admin/Login/index.html' , `ip` = '39.144.158.90' , `useragent` = 'Mozilla/5.0 (iPhone; CPU iPhone OS 16_3 like Mac OS X) AppleWebKit/605.1.15 (KHTML, like Gecko) Version/16.3 Mobile/15E148 Safari/604.1' , `create_time` = 1713067912 , `type` = 1 [ RunTime:0.005797s ]
[2024-04-14T12:11:53+08:00][sql] CONNECT:[ UseTime:0.000392s ] mysql:host=127.0.0.1;port=3306;dbname=n46_xyaa_vip;charset=utf8
[2024-04-14T12:11:53+08:00][sql] SHOW FULL COLUMNS FROM `nianbao_node` [ RunTime:0.000690s ]
[2024-04-14T12:11:53+08:00][sql] SELECT `node_id`,`pid`,`title`,`status`,`icon`,`sortid`,`path` FROM `nianbao_node` WHERE  `status` = 1  AND `type` = 1 ORDER BY `sortid` ASC [ RunTime:0.000389s ]
[2024-04-14T12:11:55+08:00][sql] CONNECT:[ UseTime:0.000405s ] mysql:host=127.0.0.1;port=3306;dbname=n46_xyaa_vip;charset=utf8
[2024-04-14T12:11:55+08:00][sql] SHOW FULL COLUMNS FROM `nianbao_order` [ RunTime:0.000888s ]
[2024-04-14T12:11:55+08:00][sql] SELECT COUNT(*) AS think_count FROM `nianbao_order` WHERE  `create_time` BETWEEN '2024-04-01 00:00:00' AND '2024-04-01 23:59:59'   AND `is_pay` = 1 LIMIT 1 [ RunTime:0.000393s ]
[2024-04-14T12:11:55+08:00][sql] SELECT COUNT(*) AS think_count FROM `nianbao_order` WHERE  `create_time` BETWEEN '2024-04-02 00:00:00' AND '2024-04-02 23:59:59'   AND `is_pay` = 1 LIMIT 1 [ RunTime:0.000267s ]
[2024-04-14T12:11:55+08:00][sql] SELECT COUNT(*) AS think_count FROM `nianbao_order` WHERE  `create_time` BETWEEN '2024-04-03 00:00:00' AND '2024-04-03 23:59:59'   AND `is_pay` = 1 LIMIT 1 [ RunTime:0.000274s ]
[2024-04-14T12:11:55+08:00][sql] SELECT COUNT(*) AS think_count FROM `nianbao_order` WHERE  `create_time` BETWEEN '2024-04-04 00:00:00' AND '2024-04-04 23:59:59'   AND `is_pay` = 1 LIMIT 1 [ RunTime:0.000249s ]
[2024-04-14T12:11:55+08:00][sql] SELECT COUNT(*) AS think_count FROM `nianbao_order` WHERE  `create_time` BETWEEN '2024-04-05 00:00:00' AND '2024-04-05 23:59:59'   AND `is_pay` = 1 LIMIT 1 [ RunTime:0.000259s ]
[2024-04-14T12:11:55+08:00][sql] SELECT COUNT(*) AS think_count FROM `nianbao_order` WHERE  `create_time` BETWEEN '2024-04-06 00:00:00' AND '2024-04-06 23:59:59'   AND `is_pay` = 1 LIMIT 1 [ RunTime:0.000254s ]
[2024-04-14T12:11:55+08:00][sql] SELECT COUNT(*) AS think_count FROM `nianbao_order` WHERE  `create_time` BETWEEN '2024-04-07 00:00:00' AND '2024-04-07 23:59:59'   AND `is_pay` = 1 LIMIT 1 [ RunTime:0.000257s ]
[2024-04-14T12:11:55+08:00][sql] SELECT COUNT(*) AS think_count FROM `nianbao_order` WHERE  `create_time` BETWEEN '2024-04-08 00:00:00' AND '2024-04-08 23:59:59'   AND `is_pay` = 1 LIMIT 1 [ RunTime:0.000251s ]
[2024-04-14T12:11:55+08:00][sql] SELECT COUNT(*) AS think_count FROM `nianbao_order` WHERE  `create_time` BETWEEN '2024-04-09 00:00:00' AND '2024-04-09 23:59:59'   AND `is_pay` = 1 LIMIT 1 [ RunTime:0.000341s ]
[2024-04-14T12:11:55+08:00][sql] SELECT COUNT(*) AS think_count FROM `nianbao_order` WHERE  `create_time` BETWEEN '2024-04-10 00:00:00' AND '2024-04-10 23:59:59'   AND `is_pay` = 1 LIMIT 1 [ RunTime:0.000250s ]
[2024-04-14T12:11:55+08:00][sql] SELECT COUNT(*) AS think_count FROM `nianbao_order` WHERE  `create_time` BETWEEN '2024-04-11 00:00:00' AND '2024-04-11 23:59:59'   AND `is_pay` = 1 LIMIT 1 [ RunTime:0.000240s ]
[2024-04-14T12:11:55+08:00][sql] SELECT COUNT(*) AS think_count FROM `nianbao_order` WHERE  `create_time` BETWEEN '2024-04-12 00:00:00' AND '2024-04-12 23:59:59'   AND `is_pay` = 1 LIMIT 1 [ RunTime:0.000236s ]
[2024-04-14T12:11:55+08:00][sql] SELECT COUNT(*) AS think_count FROM `nianbao_order` WHERE  `create_time` BETWEEN '2024-04-13 00:00:00' AND '2024-04-13 23:59:59'   AND `is_pay` = 1 LIMIT 1 [ RunTime:0.000235s ]
[2024-04-14T12:11:55+08:00][sql] SELECT COUNT(*) AS think_count FROM `nianbao_order` WHERE  `create_time` BETWEEN '2024-04-14 00:00:00' AND '2024-04-14 23:59:59'   AND `is_pay` = 1 LIMIT 1 [ RunTime:0.000254s ]
[2024-04-14T12:11:55+08:00][sql] SELECT COUNT(*) AS think_count FROM `nianbao_order` WHERE  `create_time` BETWEEN '2024-04-15 00:00:00' AND '2024-04-15 23:59:59'   AND `is_pay` = 1 LIMIT 1 [ RunTime:0.000237s ]
[2024-04-14T12:11:55+08:00][sql] SELECT COUNT(*) AS think_count FROM `nianbao_order` WHERE  `create_time` BETWEEN '2024-04-16 00:00:00' AND '2024-04-16 23:59:59'   AND `is_pay` = 1 LIMIT 1 [ RunTime:0.000249s ]
[2024-04-14T12:11:55+08:00][sql] SELECT COUNT(*) AS think_count FROM `nianbao_order` WHERE  `create_time` BETWEEN '2024-04-17 00:00:00' AND '2024-04-17 23:59:59'   AND `is_pay` = 1 LIMIT 1 [ RunTime:0.000242s ]
[2024-04-14T12:11:55+08:00][sql] SELECT COUNT(*) AS think_count FROM `nianbao_order` WHERE  `create_time` BETWEEN '2024-04-18 00:00:00' AND '2024-04-18 23:59:59'   AND `is_pay` = 1 LIMIT 1 [ RunTime:0.000248s ]
[2024-04-14T12:11:55+08:00][sql] SELECT COUNT(*) AS think_count FROM `nianbao_order` WHERE  `create_time` BETWEEN '2024-04-19 00:00:00' AND '2024-04-19 23:59:59'   AND `is_pay` = 1 LIMIT 1 [ RunTime:0.000263s ]
[2024-04-14T12:11:55+08:00][sql] SELECT COUNT(*) AS think_count FROM `nianbao_order` WHERE  `create_time` BETWEEN '2024-04-20 00:00:00' AND '2024-04-20 23:59:59'   AND `is_pay` = 1 LIMIT 1 [ RunTime:0.000251s ]
[2024-04-14T12:11:55+08:00][sql] SELECT COUNT(*) AS think_count FROM `nianbao_order` WHERE  `create_time` BETWEEN '2024-04-21 00:00:00' AND '2024-04-21 23:59:59'   AND `is_pay` = 1 LIMIT 1 [ RunTime:0.000251s ]
[2024-04-14T12:11:55+08:00][sql] SELECT COUNT(*) AS think_count FROM `nianbao_order` WHERE  `create_time` BETWEEN '2024-04-22 00:00:00' AND '2024-04-22 23:59:59'   AND `is_pay` = 1 LIMIT 1 [ RunTime:0.000240s ]
[2024-04-14T12:11:55+08:00][sql] SELECT COUNT(*) AS think_count FROM `nianbao_order` WHERE  `create_time` BETWEEN '2024-04-23 00:00:00' AND '2024-04-23 23:59:59'   AND `is_pay` = 1 LIMIT 1 [ RunTime:0.000247s ]
[2024-04-14T12:11:55+08:00][sql] SELECT COUNT(*) AS think_count FROM `nianbao_order` WHERE  `create_time` BETWEEN '2024-04-24 00:00:00' AND '2024-04-24 23:59:59'   AND `is_pay` = 1 LIMIT 1 [ RunTime:0.000247s ]
[2024-04-14T12:11:55+08:00][sql] SELECT COUNT(*) AS think_count FROM `nianbao_order` WHERE  `create_time` BETWEEN '2024-04-25 00:00:00' AND '2024-04-25 23:59:59'   AND `is_pay` = 1 LIMIT 1 [ RunTime:0.000251s ]
[2024-04-14T12:11:55+08:00][sql] SELECT COUNT(*) AS think_count FROM `nianbao_order` WHERE  `create_time` BETWEEN '2024-04-26 00:00:00' AND '2024-04-26 23:59:59'   AND `is_pay` = 1 LIMIT 1 [ RunTime:0.000236s ]
[2024-04-14T12:11:55+08:00][sql] SELECT COUNT(*) AS think_count FROM `nianbao_order` WHERE  `create_time` BETWEEN '2024-04-27 00:00:00' AND '2024-04-27 23:59:59'   AND `is_pay` = 1 LIMIT 1 [ RunTime:0.000229s ]
[2024-04-14T12:11:55+08:00][sql] SELECT COUNT(*) AS think_count FROM `nianbao_order` WHERE  `create_time` BETWEEN '2024-04-28 00:00:00' AND '2024-04-28 23:59:59'   AND `is_pay` = 1 LIMIT 1 [ RunTime:0.000255s ]
[2024-04-14T12:11:55+08:00][sql] SELECT COUNT(*) AS think_count FROM `nianbao_order` WHERE  `create_time` BETWEEN '2024-04-29 00:00:00' AND '2024-04-29 23:59:59'   AND `is_pay` = 1 LIMIT 1 [ RunTime:0.000411s ]
[2024-04-14T12:11:55+08:00][sql] SELECT COUNT(*) AS think_count FROM `nianbao_order` WHERE  `create_time` BETWEEN '2024-04-30 00:00:00' AND '2024-04-30 23:59:59'   AND `is_pay` = 1 LIMIT 1 [ RunTime:0.000353s ]
[2024-04-14T12:11:55+08:00][sql] SHOW FULL COLUMNS FROM `nianbao_member` [ RunTime:0.000565s ]
[2024-04-14T12:11:55+08:00][sql] SELECT COUNT(*) AS think_count FROM `nianbao_member` WHERE  `create_time` BETWEEN '2024-04-01 00:00:00' AND '2024-04-30 23:59:59'  LIMIT 1 [ RunTime:0.000334s ]
[2024-04-14T12:11:55+08:00][sql] SELECT COUNT(*) AS think_count FROM `nianbao_order` WHERE  `create_time` BETWEEN '2024-04-01 00:00:00' AND '2024-04-30 23:59:59'   AND `is_pay` = 1 LIMIT 1 [ RunTime:0.000337s ]
[2024-04-14T12:11:55+08:00][sql] SELECT SUM(`total_price`) AS think_sum FROM `nianbao_order` WHERE  `create_time` BETWEEN '2024-04-01 00:00:00' AND '2024-04-30 23:59:59'   AND `is_pay` = 1 LIMIT 1 [ RunTime:0.000344s ]
[2024-04-14T12:11:55+08:00][sql] SELECT COUNT(*) AS think_count FROM `nianbao_order` WHERE  `refund_time` BETWEEN '2024-04-01 00:00:00' AND '2024-04-30 23:59:59'   AND `is_pay` = 1  AND `is_refund` = '1' LIMIT 1 [ RunTime:0.000354s ]
[2024-04-14T12:11:55+08:00][sql] SELECT COUNT(*) AS think_count FROM `nianbao_member` WHERE  `create_time` BETWEEN '2024-04-14 00:00:00' AND '2024-04-14 23:59:59'  LIMIT 1 [ RunTime:0.000340s ]
[2024-04-14T12:11:55+08:00][sql] SELECT COUNT(*) AS think_count FROM `nianbao_order` WHERE  `create_time` BETWEEN '2024-04-14 00:00:00' AND '2024-04-14 23:59:59'   AND `is_pay` = 1 LIMIT 1 [ RunTime:0.000325s ]
[2024-04-14T12:11:55+08:00][sql] SELECT SUM(`total_price`) AS think_sum FROM `nianbao_order` WHERE  `create_time` BETWEEN '2024-04-14 00:00:00' AND '2024-04-14 23:59:59'   AND `is_pay` = 1 LIMIT 1 [ RunTime:0.000349s ]
[2024-04-14T12:11:55+08:00][sql] SELECT COUNT(*) AS think_count FROM `nianbao_order` WHERE  `refund_time` BETWEEN '2024-04-14 00:00:00' AND '2024-04-14 23:59:59'   AND `is_pay` = 1  AND `is_refund` = '1' LIMIT 1 [ RunTime:0.000362s ]
[2024-04-14T12:12:11+08:00][sql] CONNECT:[ UseTime:0.000438s ] mysql:host=127.0.0.1;port=3306;dbname=n46_xyaa_vip;charset=utf8
[2024-04-14T12:12:11+08:00][sql] SHOW FULL COLUMNS FROM `nianbao_order` [ RunTime:0.000722s ]
[2024-04-14T12:12:11+08:00][sql] SELECT COUNT(*) AS think_count FROM `nianbao_order` WHERE  `is_pay` = 1  AND `is_delete` = 0 LIMIT 1 [ RunTime:0.000344s ]
[2024-04-14T12:12:11+08:00][sql] SELECT * FROM `nianbao_order` WHERE  `is_pay` = 1  AND `is_delete` = 0 ORDER BY `id` DESC LIMIT 0,20 [ RunTime:0.000378s ]
[2024-04-14T12:12:11+08:00][sql] SHOW FULL COLUMNS FROM `nianbao_pay` [ RunTime:0.000620s ]
[2024-04-14T12:12:11+08:00][sql] SELECT * FROM `nianbao_pay` WHERE  `id` = 1 LIMIT 1 [ RunTime:0.000288s ]
[2024-04-14T16:20:49+08:00][sql] CONNECT:[ UseTime:0.000429s ] mysql:host=127.0.0.1;port=3306;dbname=n46_xyaa_vip;charset=utf8
[2024-04-14T16:20:49+08:00][sql] SHOW FULL COLUMNS FROM `nianbao_base_config` [ RunTime:0.000615s ]
[2024-04-14T16:20:49+08:00][sql] SELECT * FROM `nianbao_base_config` [ RunTime:0.000380s ]
[2024-04-14T21:22:25+08:00][sql] CONNECT:[ UseTime:0.000399s ] mysql:host=127.0.0.1;port=3306;dbname=n46_xyaa_vip;charset=utf8
[2024-04-14T21:22:25+08:00][sql] SHOW FULL COLUMNS FROM `nianbao_base_config` [ RunTime:0.000613s ]
[2024-04-14T21:22:25+08:00][sql] SELECT * FROM `nianbao_base_config` [ RunTime:0.000375s ]
