[2023-10-22T08:39:36+08:00][sql] CONNECT:[ UseTime:0.000381s ] mysql:host=127.0.0.1;port=3306;dbname=nianbao;charset=utf8
[2023-10-22T08:39:36+08:00][sql] SHOW FULL COLUMNS FROM `nianbao_base_config` [ RunTime:0.000637s ]
[2023-10-22T08:39:36+08:00][sql] SELECT * FROM `nianbao_base_config` [ RunTime:0.000316s ]
[2023-10-22T08:40:07+08:00][sql] CONNECT:[ UseTime:0.000354s ] mysql:host=127.0.0.1;port=3306;dbname=nianbao;charset=utf8
[2023-10-22T08:40:07+08:00][sql] SHOW FULL COLUMNS FROM `nianbao_admin_user` [ RunTime:0.000569s ]
[2023-10-22T08:40:07+08:00][sql] SELECT `a`.`user_id`,`a`.`name`,a.user as username,`a`.`status`,a.role_id as user_role_ids,`b`.`role_id`,b.name as role_name,b.status as role_status,`b`.`access` FROM `nianbao_admin_user` `a` INNER JOIN `nianbao_role` `b` ON a.role_id in(b.role_id) WHERE  `a`.`user` = 'admin'  AND `a`.`pwd` = 'f7ee2d09a09ea35033707d1f7a2f128a' LIMIT 1 [ RunTime:0.000372s ]
[2023-10-22T08:40:07+08:00][sql] SHOW FULL COLUMNS FROM `nianbao_log` [ RunTime:0.000570s ]
[2023-10-22T08:40:07+08:00][sql] INSERT INTO `nianbao_log` SET `application_name` = 'admin' , `username` = 'admin' , `url` = 'https://ss.xyaa.vip/admin/Login/index.html' , `ip` = '119.190.81.51' , `useragent` = 'Mozilla/5.0 (Windows NT 10.0; Win64; x64) AppleWebKit/537.36 (KHTML, like Gecko) Chrome/114.0.5735.289 Safari/537.36' , `create_time` = 1697935207 , `type` = 1 [ RunTime:0.003706s ]
[2023-10-22T08:40:08+08:00][sql] CONNECT:[ UseTime:0.000386s ] mysql:host=127.0.0.1;port=3306;dbname=nianbao;charset=utf8
[2023-10-22T08:40:08+08:00][sql] SHOW FULL COLUMNS FROM `nianbao_node` [ RunTime:0.000611s ]
[2023-10-22T08:40:08+08:00][sql] SELECT `node_id`,`pid`,`title`,`status`,`icon`,`sortid`,`path` FROM `nianbao_node` WHERE  `status` = 1  AND `type` = 1 ORDER BY `sortid` ASC [ RunTime:0.000362s ]
[2023-10-22T08:40:09+08:00][sql] CONNECT:[ UseTime:0.000364s ] mysql:host=127.0.0.1;port=3306;dbname=nianbao;charset=utf8
[2023-10-22T08:40:09+08:00][sql] SHOW FULL COLUMNS FROM `nianbao_order` [ RunTime:0.000679s ]
[2023-10-22T08:40:09+08:00][sql] SELECT COUNT(*) AS think_count FROM `nianbao_order` WHERE  `create_time` BETWEEN '2023-10-01 00:00:00' AND '2023-10-01 23:59:59'   AND `is_pay` = 1 LIMIT 1 [ RunTime:0.000324s ]
[2023-10-22T08:40:09+08:00][sql] SELECT COUNT(*) AS think_count FROM `nianbao_order` WHERE  `create_time` BETWEEN '2023-10-02 00:00:00' AND '2023-10-02 23:59:59'   AND `is_pay` = 1 LIMIT 1 [ RunTime:0.000215s ]
[2023-10-22T08:40:09+08:00][sql] SELECT COUNT(*) AS think_count FROM `nianbao_order` WHERE  `create_time` BETWEEN '2023-10-03 00:00:00' AND '2023-10-03 23:59:59'   AND `is_pay` = 1 LIMIT 1 [ RunTime:0.000188s ]
[2023-10-22T08:40:09+08:00][sql] SELECT COUNT(*) AS think_count FROM `nianbao_order` WHERE  `create_time` BETWEEN '2023-10-04 00:00:00' AND '2023-10-04 23:59:59'   AND `is_pay` = 1 LIMIT 1 [ RunTime:0.000207s ]
[2023-10-22T08:40:09+08:00][sql] SELECT COUNT(*) AS think_count FROM `nianbao_order` WHERE  `create_time` BETWEEN '2023-10-05 00:00:00' AND '2023-10-05 23:59:59'   AND `is_pay` = 1 LIMIT 1 [ RunTime:0.000178s ]
[2023-10-22T08:40:09+08:00][sql] SELECT COUNT(*) AS think_count FROM `nianbao_order` WHERE  `create_time` BETWEEN '2023-10-06 00:00:00' AND '2023-10-06 23:59:59'   AND `is_pay` = 1 LIMIT 1 [ RunTime:0.000172s ]
[2023-10-22T08:40:09+08:00][sql] SELECT COUNT(*) AS think_count FROM `nianbao_order` WHERE  `create_time` BETWEEN '2023-10-07 00:00:00' AND '2023-10-07 23:59:59'   AND `is_pay` = 1 LIMIT 1 [ RunTime:0.000175s ]
[2023-10-22T08:40:09+08:00][sql] SELECT COUNT(*) AS think_count FROM `nianbao_order` WHERE  `create_time` BETWEEN '2023-10-08 00:00:00' AND '2023-10-08 23:59:59'   AND `is_pay` = 1 LIMIT 1 [ RunTime:0.000169s ]
[2023-10-22T08:40:09+08:00][sql] SELECT COUNT(*) AS think_count FROM `nianbao_order` WHERE  `create_time` BETWEEN '2023-10-09 00:00:00' AND '2023-10-09 23:59:59'   AND `is_pay` = 1 LIMIT 1 [ RunTime:0.000193s ]
[2023-10-22T08:40:09+08:00][sql] SELECT COUNT(*) AS think_count FROM `nianbao_order` WHERE  `create_time` BETWEEN '2023-10-10 00:00:00' AND '2023-10-10 23:59:59'   AND `is_pay` = 1 LIMIT 1 [ RunTime:0.000170s ]
[2023-10-22T08:40:09+08:00][sql] SELECT COUNT(*) AS think_count FROM `nianbao_order` WHERE  `create_time` BETWEEN '2023-10-11 00:00:00' AND '2023-10-11 23:59:59'   AND `is_pay` = 1 LIMIT 1 [ RunTime:0.000167s ]
[2023-10-22T08:40:09+08:00][sql] SELECT COUNT(*) AS think_count FROM `nianbao_order` WHERE  `create_time` BETWEEN '2023-10-12 00:00:00' AND '2023-10-12 23:59:59'   AND `is_pay` = 1 LIMIT 1 [ RunTime:0.000173s ]
[2023-10-22T08:40:09+08:00][sql] SELECT COUNT(*) AS think_count FROM `nianbao_order` WHERE  `create_time` BETWEEN '2023-10-13 00:00:00' AND '2023-10-13 23:59:59'   AND `is_pay` = 1 LIMIT 1 [ RunTime:0.000166s ]
[2023-10-22T08:40:09+08:00][sql] SELECT COUNT(*) AS think_count FROM `nianbao_order` WHERE  `create_time` BETWEEN '2023-10-14 00:00:00' AND '2023-10-14 23:59:59'   AND `is_pay` = 1 LIMIT 1 [ RunTime:0.000197s ]
[2023-10-22T08:40:09+08:00][sql] SELECT COUNT(*) AS think_count FROM `nianbao_order` WHERE  `create_time` BETWEEN '2023-10-15 00:00:00' AND '2023-10-15 23:59:59'   AND `is_pay` = 1 LIMIT 1 [ RunTime:0.000172s ]
[2023-10-22T08:40:09+08:00][sql] SELECT COUNT(*) AS think_count FROM `nianbao_order` WHERE  `create_time` BETWEEN '2023-10-16 00:00:00' AND '2023-10-16 23:59:59'   AND `is_pay` = 1 LIMIT 1 [ RunTime:0.000166s ]
[2023-10-22T08:40:09+08:00][sql] SELECT COUNT(*) AS think_count FROM `nianbao_order` WHERE  `create_time` BETWEEN '2023-10-17 00:00:00' AND '2023-10-17 23:59:59'   AND `is_pay` = 1 LIMIT 1 [ RunTime:0.000184s ]
[2023-10-22T08:40:09+08:00][sql] SELECT COUNT(*) AS think_count FROM `nianbao_order` WHERE  `create_time` BETWEEN '2023-10-18 00:00:00' AND '2023-10-18 23:59:59'   AND `is_pay` = 1 LIMIT 1 [ RunTime:0.000177s ]
[2023-10-22T08:40:09+08:00][sql] SELECT COUNT(*) AS think_count FROM `nianbao_order` WHERE  `create_time` BETWEEN '2023-10-19 00:00:00' AND '2023-10-19 23:59:59'   AND `is_pay` = 1 LIMIT 1 [ RunTime:0.000199s ]
[2023-10-22T08:40:09+08:00][sql] SELECT COUNT(*) AS think_count FROM `nianbao_order` WHERE  `create_time` BETWEEN '2023-10-20 00:00:00' AND '2023-10-20 23:59:59'   AND `is_pay` = 1 LIMIT 1 [ RunTime:0.000180s ]
[2023-10-22T08:40:09+08:00][sql] SELECT COUNT(*) AS think_count FROM `nianbao_order` WHERE  `create_time` BETWEEN '2023-10-21 00:00:00' AND '2023-10-21 23:59:59'   AND `is_pay` = 1 LIMIT 1 [ RunTime:0.000175s ]
[2023-10-22T08:40:09+08:00][sql] SELECT COUNT(*) AS think_count FROM `nianbao_order` WHERE  `create_time` BETWEEN '2023-10-22 00:00:00' AND '2023-10-22 23:59:59'   AND `is_pay` = 1 LIMIT 1 [ RunTime:0.000183s ]
[2023-10-22T08:40:09+08:00][sql] SELECT COUNT(*) AS think_count FROM `nianbao_order` WHERE  `create_time` BETWEEN '2023-10-23 00:00:00' AND '2023-10-23 23:59:59'   AND `is_pay` = 1 LIMIT 1 [ RunTime:0.000180s ]
[2023-10-22T08:40:09+08:00][sql] SELECT COUNT(*) AS think_count FROM `nianbao_order` WHERE  `create_time` BETWEEN '2023-10-24 00:00:00' AND '2023-10-24 23:59:59'   AND `is_pay` = 1 LIMIT 1 [ RunTime:0.000198s ]
[2023-10-22T08:40:09+08:00][sql] SELECT COUNT(*) AS think_count FROM `nianbao_order` WHERE  `create_time` BETWEEN '2023-10-25 00:00:00' AND '2023-10-25 23:59:59'   AND `is_pay` = 1 LIMIT 1 [ RunTime:0.000183s ]
[2023-10-22T08:40:09+08:00][sql] SELECT COUNT(*) AS think_count FROM `nianbao_order` WHERE  `create_time` BETWEEN '2023-10-26 00:00:00' AND '2023-10-26 23:59:59'   AND `is_pay` = 1 LIMIT 1 [ RunTime:0.000175s ]
[2023-10-22T08:40:09+08:00][sql] SELECT COUNT(*) AS think_count FROM `nianbao_order` WHERE  `create_time` BETWEEN '2023-10-27 00:00:00' AND '2023-10-27 23:59:59'   AND `is_pay` = 1 LIMIT 1 [ RunTime:0.000182s ]
[2023-10-22T08:40:09+08:00][sql] SELECT COUNT(*) AS think_count FROM `nianbao_order` WHERE  `create_time` BETWEEN '2023-10-28 00:00:00' AND '2023-10-28 23:59:59'   AND `is_pay` = 1 LIMIT 1 [ RunTime:0.000191s ]
[2023-10-22T08:40:09+08:00][sql] SELECT COUNT(*) AS think_count FROM `nianbao_order` WHERE  `create_time` BETWEEN '2023-10-29 00:00:00' AND '2023-10-29 23:59:59'   AND `is_pay` = 1 LIMIT 1 [ RunTime:0.000204s ]
[2023-10-22T08:40:09+08:00][sql] SELECT COUNT(*) AS think_count FROM `nianbao_order` WHERE  `create_time` BETWEEN '2023-10-30 00:00:00' AND '2023-10-30 23:59:59'   AND `is_pay` = 1 LIMIT 1 [ RunTime:0.000181s ]
[2023-10-22T08:40:09+08:00][sql] SELECT COUNT(*) AS think_count FROM `nianbao_order` WHERE  `create_time` BETWEEN '2023-10-31 00:00:00' AND '2023-10-31 23:59:59'   AND `is_pay` = 1 LIMIT 1 [ RunTime:0.000177s ]
[2023-10-22T08:40:09+08:00][sql] SHOW FULL COLUMNS FROM `nianbao_member` [ RunTime:0.000478s ]
[2023-10-22T08:40:09+08:00][sql] SELECT COUNT(*) AS think_count FROM `nianbao_member` WHERE  `create_time` BETWEEN '2023-10-01 00:00:00' AND '2023-10-31 23:59:59'  LIMIT 1 [ RunTime:0.000333s ]
[2023-10-22T08:40:09+08:00][sql] SELECT COUNT(*) AS think_count FROM `nianbao_order` WHERE  `create_time` BETWEEN '2023-10-01 00:00:00' AND '2023-10-31 23:59:59'   AND `is_pay` = 1 LIMIT 1 [ RunTime:0.000221s ]
[2023-10-22T08:40:09+08:00][sql] SELECT SUM(`total_price`) AS think_sum FROM `nianbao_order` WHERE  `create_time` BETWEEN '2023-10-01 00:00:00' AND '2023-10-31 23:59:59'   AND `is_pay` = 1 LIMIT 1 [ RunTime:0.000221s ]
[2023-10-22T08:40:09+08:00][sql] SELECT COUNT(*) AS think_count FROM `nianbao_member` WHERE  `create_time` BETWEEN '2023-10-22 00:00:00' AND '2023-10-22 23:59:59'  LIMIT 1 [ RunTime:0.000177s ]
[2023-10-22T08:40:09+08:00][sql] SELECT COUNT(*) AS think_count FROM `nianbao_order` WHERE  `create_time` BETWEEN '2023-10-22 00:00:00' AND '2023-10-22 23:59:59'  LIMIT 1 [ RunTime:0.000170s ]
[2023-10-22T08:40:09+08:00][sql] SELECT SUM(`total_price`) AS think_sum FROM `nianbao_order` WHERE  `create_time` BETWEEN '2023-10-22 00:00:00' AND '2023-10-22 23:59:59'   AND `is_pay` = 1 LIMIT 1 [ RunTime:0.000188s ]
[2023-10-22T08:40:21+08:00][sql] CONNECT:[ UseTime:0.000366s ] mysql:host=127.0.0.1;port=3306;dbname=nianbao;charset=utf8
[2023-10-22T08:40:21+08:00][sql] SHOW FULL COLUMNS FROM `nianbao_order` [ RunTime:0.000615s ]
[2023-10-22T08:40:21+08:00][sql] SELECT COUNT(*) AS think_count FROM `nianbao_order` WHERE  `is_pay` = 1 LIMIT 1 [ RunTime:0.000283s ]
[2023-10-22T08:40:21+08:00][sql] SELECT * FROM `nianbao_order` WHERE  `is_pay` = 1 ORDER BY `id` DESC LIMIT 0,20 [ RunTime:0.000364s ]
[2023-10-22T08:44:02+08:00][sql] CONNECT:[ UseTime:0.000294s ] mysql:host=127.0.0.1;port=3306;dbname=nianbao;charset=utf8
[2023-10-22T08:44:02+08:00][sql] SHOW FULL COLUMNS FROM `nianbao_base_config` [ RunTime:0.000436s ]
[2023-10-22T08:44:02+08:00][sql] SELECT * FROM `nianbao_base_config` [ RunTime:0.000237s ]
[2023-10-22T08:44:03+08:00][sql] CONNECT:[ UseTime:0.000377s ] mysql:host=127.0.0.1;port=3306;dbname=nianbao;charset=utf8
[2023-10-22T08:44:03+08:00][sql] SHOW FULL COLUMNS FROM `nianbao_node` [ RunTime:0.000636s ]
[2023-10-22T08:44:03+08:00][sql] SELECT `node_id`,`pid`,`title`,`status`,`icon`,`sortid`,`path` FROM `nianbao_node` WHERE  `status` = 1  AND `type` = 1 ORDER BY `sortid` ASC [ RunTime:0.000324s ]
[2023-10-22T08:44:03+08:00][sql] CONNECT:[ UseTime:0.000358s ] mysql:host=127.0.0.1;port=3306;dbname=nianbao;charset=utf8
[2023-10-22T08:44:03+08:00][sql] SHOW FULL COLUMNS FROM `nianbao_order` [ RunTime:0.000714s ]
[2023-10-22T08:44:03+08:00][sql] SELECT COUNT(*) AS think_count FROM `nianbao_order` WHERE  `create_time` BETWEEN '2023-10-01 00:00:00' AND '2023-10-01 23:59:59'   AND `is_pay` = 1 LIMIT 1 [ RunTime:0.000330s ]
[2023-10-22T08:44:03+08:00][sql] SELECT COUNT(*) AS think_count FROM `nianbao_order` WHERE  `create_time` BETWEEN '2023-10-02 00:00:00' AND '2023-10-02 23:59:59'   AND `is_pay` = 1 LIMIT 1 [ RunTime:0.000203s ]
[2023-10-22T08:44:03+08:00][sql] SELECT COUNT(*) AS think_count FROM `nianbao_order` WHERE  `create_time` BETWEEN '2023-10-03 00:00:00' AND '2023-10-03 23:59:59'   AND `is_pay` = 1 LIMIT 1 [ RunTime:0.000237s ]
[2023-10-22T08:44:03+08:00][sql] SELECT COUNT(*) AS think_count FROM `nianbao_order` WHERE  `create_time` BETWEEN '2023-10-04 00:00:00' AND '2023-10-04 23:59:59'   AND `is_pay` = 1 LIMIT 1 [ RunTime:0.000188s ]
[2023-10-22T08:44:03+08:00][sql] SELECT COUNT(*) AS think_count FROM `nianbao_order` WHERE  `create_time` BETWEEN '2023-10-05 00:00:00' AND '2023-10-05 23:59:59'   AND `is_pay` = 1 LIMIT 1 [ RunTime:0.000185s ]
[2023-10-22T08:44:03+08:00][sql] SELECT COUNT(*) AS think_count FROM `nianbao_order` WHERE  `create_time` BETWEEN '2023-10-06 00:00:00' AND '2023-10-06 23:59:59'   AND `is_pay` = 1 LIMIT 1 [ RunTime:0.000178s ]
[2023-10-22T08:44:03+08:00][sql] SELECT COUNT(*) AS think_count FROM `nianbao_order` WHERE  `create_time` BETWEEN '2023-10-07 00:00:00' AND '2023-10-07 23:59:59'   AND `is_pay` = 1 LIMIT 1 [ RunTime:0.000169s ]
[2023-10-22T08:44:03+08:00][sql] SELECT COUNT(*) AS think_count FROM `nianbao_order` WHERE  `create_time` BETWEEN '2023-10-08 00:00:00' AND '2023-10-08 23:59:59'   AND `is_pay` = 1 LIMIT 1 [ RunTime:0.000233s ]
[2023-10-22T08:44:03+08:00][sql] SELECT COUNT(*) AS think_count FROM `nianbao_order` WHERE  `create_time` BETWEEN '2023-10-09 00:00:00' AND '2023-10-09 23:59:59'   AND `is_pay` = 1 LIMIT 1 [ RunTime:0.000258s ]
[2023-10-22T08:44:03+08:00][sql] SELECT COUNT(*) AS think_count FROM `nianbao_order` WHERE  `create_time` BETWEEN '2023-10-10 00:00:00' AND '2023-10-10 23:59:59'   AND `is_pay` = 1 LIMIT 1 [ RunTime:0.000281s ]
[2023-10-22T08:44:03+08:00][sql] SELECT COUNT(*) AS think_count FROM `nianbao_order` WHERE  `create_time` BETWEEN '2023-10-11 00:00:00' AND '2023-10-11 23:59:59'   AND `is_pay` = 1 LIMIT 1 [ RunTime:0.000268s ]
[2023-10-22T08:44:03+08:00][sql] SELECT COUNT(*) AS think_count FROM `nianbao_order` WHERE  `create_time` BETWEEN '2023-10-12 00:00:00' AND '2023-10-12 23:59:59'   AND `is_pay` = 1 LIMIT 1 [ RunTime:0.000269s ]
[2023-10-22T08:44:03+08:00][sql] SELECT COUNT(*) AS think_count FROM `nianbao_order` WHERE  `create_time` BETWEEN '2023-10-13 00:00:00' AND '2023-10-13 23:59:59'   AND `is_pay` = 1 LIMIT 1 [ RunTime:0.000197s ]
[2023-10-22T08:44:03+08:00][sql] SELECT COUNT(*) AS think_count FROM `nianbao_order` WHERE  `create_time` BETWEEN '2023-10-14 00:00:00' AND '2023-10-14 23:59:59'   AND `is_pay` = 1 LIMIT 1 [ RunTime:0.000190s ]
[2023-10-22T08:44:03+08:00][sql] SELECT COUNT(*) AS think_count FROM `nianbao_order` WHERE  `create_time` BETWEEN '2023-10-15 00:00:00' AND '2023-10-15 23:59:59'   AND `is_pay` = 1 LIMIT 1 [ RunTime:0.000193s ]
[2023-10-22T08:44:03+08:00][sql] SELECT COUNT(*) AS think_count FROM `nianbao_order` WHERE  `create_time` BETWEEN '2023-10-16 00:00:00' AND '2023-10-16 23:59:59'   AND `is_pay` = 1 LIMIT 1 [ RunTime:0.000190s ]
[2023-10-22T08:44:03+08:00][sql] SELECT COUNT(*) AS think_count FROM `nianbao_order` WHERE  `create_time` BETWEEN '2023-10-17 00:00:00' AND '2023-10-17 23:59:59'   AND `is_pay` = 1 LIMIT 1 [ RunTime:0.000192s ]
[2023-10-22T08:44:03+08:00][sql] SELECT COUNT(*) AS think_count FROM `nianbao_order` WHERE  `create_time` BETWEEN '2023-10-18 00:00:00' AND '2023-10-18 23:59:59'   AND `is_pay` = 1 LIMIT 1 [ RunTime:0.000177s ]
[2023-10-22T08:44:03+08:00][sql] SELECT COUNT(*) AS think_count FROM `nianbao_order` WHERE  `create_time` BETWEEN '2023-10-19 00:00:00' AND '2023-10-19 23:59:59'   AND `is_pay` = 1 LIMIT 1 [ RunTime:0.000189s ]
[2023-10-22T08:44:03+08:00][sql] SELECT COUNT(*) AS think_count FROM `nianbao_order` WHERE  `create_time` BETWEEN '2023-10-20 00:00:00' AND '2023-10-20 23:59:59'   AND `is_pay` = 1 LIMIT 1 [ RunTime:0.000182s ]
[2023-10-22T08:44:03+08:00][sql] SELECT COUNT(*) AS think_count FROM `nianbao_order` WHERE  `create_time` BETWEEN '2023-10-21 00:00:00' AND '2023-10-21 23:59:59'   AND `is_pay` = 1 LIMIT 1 [ RunTime:0.000179s ]
[2023-10-22T08:44:03+08:00][sql] SELECT COUNT(*) AS think_count FROM `nianbao_order` WHERE  `create_time` BETWEEN '2023-10-22 00:00:00' AND '2023-10-22 23:59:59'   AND `is_pay` = 1 LIMIT 1 [ RunTime:0.000197s ]
[2023-10-22T08:44:03+08:00][sql] SELECT COUNT(*) AS think_count FROM `nianbao_order` WHERE  `create_time` BETWEEN '2023-10-23 00:00:00' AND '2023-10-23 23:59:59'   AND `is_pay` = 1 LIMIT 1 [ RunTime:0.000184s ]
[2023-10-22T08:44:03+08:00][sql] SELECT COUNT(*) AS think_count FROM `nianbao_order` WHERE  `create_time` BETWEEN '2023-10-24 00:00:00' AND '2023-10-24 23:59:59'   AND `is_pay` = 1 LIMIT 1 [ RunTime:0.000195s ]
[2023-10-22T08:44:03+08:00][sql] SELECT COUNT(*) AS think_count FROM `nianbao_order` WHERE  `create_time` BETWEEN '2023-10-25 00:00:00' AND '2023-10-25 23:59:59'   AND `is_pay` = 1 LIMIT 1 [ RunTime:0.000186s ]
[2023-10-22T08:44:03+08:00][sql] SELECT COUNT(*) AS think_count FROM `nianbao_order` WHERE  `create_time` BETWEEN '2023-10-26 00:00:00' AND '2023-10-26 23:59:59'   AND `is_pay` = 1 LIMIT 1 [ RunTime:0.000186s ]
[2023-10-22T08:44:03+08:00][sql] SELECT COUNT(*) AS think_count FROM `nianbao_order` WHERE  `create_time` BETWEEN '2023-10-27 00:00:00' AND '2023-10-27 23:59:59'   AND `is_pay` = 1 LIMIT 1 [ RunTime:0.000186s ]
[2023-10-22T08:44:03+08:00][sql] SELECT COUNT(*) AS think_count FROM `nianbao_order` WHERE  `create_time` BETWEEN '2023-10-28 00:00:00' AND '2023-10-28 23:59:59'   AND `is_pay` = 1 LIMIT 1 [ RunTime:0.000212s ]
[2023-10-22T08:44:03+08:00][sql] SELECT COUNT(*) AS think_count FROM `nianbao_order` WHERE  `create_time` BETWEEN '2023-10-29 00:00:00' AND '2023-10-29 23:59:59'   AND `is_pay` = 1 LIMIT 1 [ RunTime:0.000224s ]
[2023-10-22T08:44:03+08:00][sql] SELECT COUNT(*) AS think_count FROM `nianbao_order` WHERE  `create_time` BETWEEN '2023-10-30 00:00:00' AND '2023-10-30 23:59:59'   AND `is_pay` = 1 LIMIT 1 [ RunTime:0.000186s ]
[2023-10-22T08:44:03+08:00][sql] SELECT COUNT(*) AS think_count FROM `nianbao_order` WHERE  `create_time` BETWEEN '2023-10-31 00:00:00' AND '2023-10-31 23:59:59'   AND `is_pay` = 1 LIMIT 1 [ RunTime:0.000193s ]
[2023-10-22T08:44:03+08:00][sql] SHOW FULL COLUMNS FROM `nianbao_member` [ RunTime:0.000403s ]
[2023-10-22T08:44:03+08:00][sql] SELECT COUNT(*) AS think_count FROM `nianbao_member` WHERE  `create_time` BETWEEN '2023-10-01 00:00:00' AND '2023-10-31 23:59:59'  LIMIT 1 [ RunTime:0.000256s ]
[2023-10-22T08:44:03+08:00][sql] SELECT COUNT(*) AS think_count FROM `nianbao_order` WHERE  `create_time` BETWEEN '2023-10-01 00:00:00' AND '2023-10-31 23:59:59'   AND `is_pay` = 1 LIMIT 1 [ RunTime:0.000204s ]
[2023-10-22T08:44:03+08:00][sql] SELECT SUM(`total_price`) AS think_sum FROM `nianbao_order` WHERE  `create_time` BETWEEN '2023-10-01 00:00:00' AND '2023-10-31 23:59:59'   AND `is_pay` = 1 LIMIT 1 [ RunTime:0.000195s ]
[2023-10-22T08:44:03+08:00][sql] SELECT COUNT(*) AS think_count FROM `nianbao_member` WHERE  `create_time` BETWEEN '2023-10-22 00:00:00' AND '2023-10-22 23:59:59'  LIMIT 1 [ RunTime:0.000181s ]
[2023-10-22T08:44:03+08:00][sql] SELECT COUNT(*) AS think_count FROM `nianbao_order` WHERE  `create_time` BETWEEN '2023-10-22 00:00:00' AND '2023-10-22 23:59:59'  LIMIT 1 [ RunTime:0.000169s ]
[2023-10-22T08:44:03+08:00][sql] SELECT SUM(`total_price`) AS think_sum FROM `nianbao_order` WHERE  `create_time` BETWEEN '2023-10-22 00:00:00' AND '2023-10-22 23:59:59'   AND `is_pay` = 1 LIMIT 1 [ RunTime:0.000204s ]
[2023-10-22T08:44:08+08:00][sql] CONNECT:[ UseTime:0.000345s ] mysql:host=127.0.0.1;port=3306;dbname=nianbao;charset=utf8
[2023-10-22T08:44:08+08:00][sql] SHOW FULL COLUMNS FROM `nianbao_enterprise` [ RunTime:0.000524s ]
[2023-10-22T08:44:08+08:00][sql] SELECT COUNT(*) AS think_count FROM `nianbao_enterprise` LIMIT 1 [ RunTime:0.000706s ]
[2023-10-22T08:44:08+08:00][sql] SELECT * FROM `nianbao_enterprise` ORDER BY `id` DESC LIMIT 0,20 [ RunTime:0.000208s ]
[2023-10-22T08:44:09+08:00][sql] CONNECT:[ UseTime:0.000344s ] mysql:host=127.0.0.1;port=3306;dbname=nianbao;charset=utf8
[2023-10-22T08:44:09+08:00][sql] SHOW FULL COLUMNS FROM `nianbao_order` [ RunTime:0.000599s ]
[2023-10-22T08:44:09+08:00][sql] SELECT COUNT(*) AS think_count FROM `nianbao_order` WHERE  `is_pay` = 1 LIMIT 1 [ RunTime:0.000246s ]
[2023-10-22T08:44:09+08:00][sql] SELECT * FROM `nianbao_order` WHERE  `is_pay` = 1 ORDER BY `id` DESC LIMIT 0,20 [ RunTime:0.000301s ]
[2023-10-22T08:44:31+08:00][sql] CONNECT:[ UseTime:0.000339s ] mysql:host=127.0.0.1;port=3306;dbname=nianbao;charset=utf8
[2023-10-22T08:44:31+08:00][sql] SHOW FULL COLUMNS FROM `nianbao_node` [ RunTime:0.000590s ]
[2023-10-22T08:44:31+08:00][sql] SELECT `node_id`,`pid`,`title`,`status`,`icon`,`sortid`,`path` FROM `nianbao_node` WHERE  `status` = 1  AND `type` = 1 ORDER BY `sortid` ASC [ RunTime:0.000365s ]
[2023-10-22T08:44:32+08:00][sql] CONNECT:[ UseTime:0.000367s ] mysql:host=127.0.0.1;port=3306;dbname=nianbao;charset=utf8
[2023-10-22T08:44:32+08:00][sql] SHOW FULL COLUMNS FROM `nianbao_order` [ RunTime:0.000595s ]
[2023-10-22T08:44:32+08:00][sql] SELECT COUNT(*) AS think_count FROM `nianbao_order` WHERE  `create_time` BETWEEN '2023-10-01 00:00:00' AND '2023-10-01 23:59:59'   AND `is_pay` = 1 LIMIT 1 [ RunTime:0.000304s ]
[2023-10-22T08:44:32+08:00][sql] SELECT COUNT(*) AS think_count FROM `nianbao_order` WHERE  `create_time` BETWEEN '2023-10-02 00:00:00' AND '2023-10-02 23:59:59'   AND `is_pay` = 1 LIMIT 1 [ RunTime:0.000230s ]
[2023-10-22T08:44:32+08:00][sql] SELECT COUNT(*) AS think_count FROM `nianbao_order` WHERE  `create_time` BETWEEN '2023-10-03 00:00:00' AND '2023-10-03 23:59:59'   AND `is_pay` = 1 LIMIT 1 [ RunTime:0.000213s ]
[2023-10-22T08:44:32+08:00][sql] SELECT COUNT(*) AS think_count FROM `nianbao_order` WHERE  `create_time` BETWEEN '2023-10-04 00:00:00' AND '2023-10-04 23:59:59'   AND `is_pay` = 1 LIMIT 1 [ RunTime:0.000205s ]
[2023-10-22T08:44:32+08:00][sql] SELECT COUNT(*) AS think_count FROM `nianbao_order` WHERE  `create_time` BETWEEN '2023-10-05 00:00:00' AND '2023-10-05 23:59:59'   AND `is_pay` = 1 LIMIT 1 [ RunTime:0.000180s ]
[2023-10-22T08:44:32+08:00][sql] SELECT COUNT(*) AS think_count FROM `nianbao_order` WHERE  `create_time` BETWEEN '2023-10-06 00:00:00' AND '2023-10-06 23:59:59'   AND `is_pay` = 1 LIMIT 1 [ RunTime:0.000178s ]
[2023-10-22T08:44:32+08:00][sql] SELECT COUNT(*) AS think_count FROM `nianbao_order` WHERE  `create_time` BETWEEN '2023-10-07 00:00:00' AND '2023-10-07 23:59:59'   AND `is_pay` = 1 LIMIT 1 [ RunTime:0.000175s ]
[2023-10-22T08:44:32+08:00][sql] SELECT COUNT(*) AS think_count FROM `nianbao_order` WHERE  `create_time` BETWEEN '2023-10-08 00:00:00' AND '2023-10-08 23:59:59'   AND `is_pay` = 1 LIMIT 1 [ RunTime:0.000184s ]
[2023-10-22T08:44:32+08:00][sql] SELECT COUNT(*) AS think_count FROM `nianbao_order` WHERE  `create_time` BETWEEN '2023-10-09 00:00:00' AND '2023-10-09 23:59:59'   AND `is_pay` = 1 LIMIT 1 [ RunTime:0.000185s ]
[2023-10-22T08:44:32+08:00][sql] SELECT COUNT(*) AS think_count FROM `nianbao_order` WHERE  `create_time` BETWEEN '2023-10-10 00:00:00' AND '2023-10-10 23:59:59'   AND `is_pay` = 1 LIMIT 1 [ RunTime:0.000190s ]
[2023-10-22T08:44:32+08:00][sql] SELECT COUNT(*) AS think_count FROM `nianbao_order` WHERE  `create_time` BETWEEN '2023-10-11 00:00:00' AND '2023-10-11 23:59:59'   AND `is_pay` = 1 LIMIT 1 [ RunTime:0.000176s ]
[2023-10-22T08:44:32+08:00][sql] SELECT COUNT(*) AS think_count FROM `nianbao_order` WHERE  `create_time` BETWEEN '2023-10-12 00:00:00' AND '2023-10-12 23:59:59'   AND `is_pay` = 1 LIMIT 1 [ RunTime:0.000172s ]
[2023-10-22T08:44:32+08:00][sql] SELECT COUNT(*) AS think_count FROM `nianbao_order` WHERE  `create_time` BETWEEN '2023-10-13 00:00:00' AND '2023-10-13 23:59:59'   AND `is_pay` = 1 LIMIT 1 [ RunTime:0.000196s ]
[2023-10-22T08:44:32+08:00][sql] SELECT COUNT(*) AS think_count FROM `nianbao_order` WHERE  `create_time` BETWEEN '2023-10-14 00:00:00' AND '2023-10-14 23:59:59'   AND `is_pay` = 1 LIMIT 1 [ RunTime:0.000206s ]
[2023-10-22T08:44:32+08:00][sql] SELECT COUNT(*) AS think_count FROM `nianbao_order` WHERE  `create_time` BETWEEN '2023-10-15 00:00:00' AND '2023-10-15 23:59:59'   AND `is_pay` = 1 LIMIT 1 [ RunTime:0.000183s ]
[2023-10-22T08:44:32+08:00][sql] SELECT COUNT(*) AS think_count FROM `nianbao_order` WHERE  `create_time` BETWEEN '2023-10-16 00:00:00' AND '2023-10-16 23:59:59'   AND `is_pay` = 1 LIMIT 1 [ RunTime:0.000185s ]
[2023-10-22T08:44:32+08:00][sql] SELECT COUNT(*) AS think_count FROM `nianbao_order` WHERE  `create_time` BETWEEN '2023-10-17 00:00:00' AND '2023-10-17 23:59:59'   AND `is_pay` = 1 LIMIT 1 [ RunTime:0.000182s ]
[2023-10-22T08:44:32+08:00][sql] SELECT COUNT(*) AS think_count FROM `nianbao_order` WHERE  `create_time` BETWEEN '2023-10-18 00:00:00' AND '2023-10-18 23:59:59'   AND `is_pay` = 1 LIMIT 1 [ RunTime:0.000180s ]
[2023-10-22T08:44:32+08:00][sql] SELECT COUNT(*) AS think_count FROM `nianbao_order` WHERE  `create_time` BETWEEN '2023-10-19 00:00:00' AND '2023-10-19 23:59:59'   AND `is_pay` = 1 LIMIT 1 [ RunTime:0.000192s ]
[2023-10-22T08:44:32+08:00][sql] SELECT COUNT(*) AS think_count FROM `nianbao_order` WHERE  `create_time` BETWEEN '2023-10-20 00:00:00' AND '2023-10-20 23:59:59'   AND `is_pay` = 1 LIMIT 1 [ RunTime:0.000191s ]
[2023-10-22T08:44:32+08:00][sql] SELECT COUNT(*) AS think_count FROM `nianbao_order` WHERE  `create_time` BETWEEN '2023-10-21 00:00:00' AND '2023-10-21 23:59:59'   AND `is_pay` = 1 LIMIT 1 [ RunTime:0.000183s ]
[2023-10-22T08:44:32+08:00][sql] SELECT COUNT(*) AS think_count FROM `nianbao_order` WHERE  `create_time` BETWEEN '2023-10-22 00:00:00' AND '2023-10-22 23:59:59'   AND `is_pay` = 1 LIMIT 1 [ RunTime:0.000178s ]
[2023-10-22T08:44:32+08:00][sql] SELECT COUNT(*) AS think_count FROM `nianbao_order` WHERE  `create_time` BETWEEN '2023-10-23 00:00:00' AND '2023-10-23 23:59:59'   AND `is_pay` = 1 LIMIT 1 [ RunTime:0.000186s ]
[2023-10-22T08:44:32+08:00][sql] SELECT COUNT(*) AS think_count FROM `nianbao_order` WHERE  `create_time` BETWEEN '2023-10-24 00:00:00' AND '2023-10-24 23:59:59'   AND `is_pay` = 1 LIMIT 1 [ RunTime:0.000179s ]
[2023-10-22T08:44:32+08:00][sql] SELECT COUNT(*) AS think_count FROM `nianbao_order` WHERE  `create_time` BETWEEN '2023-10-25 00:00:00' AND '2023-10-25 23:59:59'   AND `is_pay` = 1 LIMIT 1 [ RunTime:0.000220s ]
[2023-10-22T08:44:32+08:00][sql] SELECT COUNT(*) AS think_count FROM `nianbao_order` WHERE  `create_time` BETWEEN '2023-10-26 00:00:00' AND '2023-10-26 23:59:59'   AND `is_pay` = 1 LIMIT 1 [ RunTime:0.000193s ]
[2023-10-22T08:44:32+08:00][sql] SELECT COUNT(*) AS think_count FROM `nianbao_order` WHERE  `create_time` BETWEEN '2023-10-27 00:00:00' AND '2023-10-27 23:59:59'   AND `is_pay` = 1 LIMIT 1 [ RunTime:0.000182s ]
[2023-10-22T08:44:32+08:00][sql] SELECT COUNT(*) AS think_count FROM `nianbao_order` WHERE  `create_time` BETWEEN '2023-10-28 00:00:00' AND '2023-10-28 23:59:59'   AND `is_pay` = 1 LIMIT 1 [ RunTime:0.000185s ]
[2023-10-22T08:44:32+08:00][sql] SELECT COUNT(*) AS think_count FROM `nianbao_order` WHERE  `create_time` BETWEEN '2023-10-29 00:00:00' AND '2023-10-29 23:59:59'   AND `is_pay` = 1 LIMIT 1 [ RunTime:0.000202s ]
[2023-10-22T08:44:32+08:00][sql] SELECT COUNT(*) AS think_count FROM `nianbao_order` WHERE  `create_time` BETWEEN '2023-10-30 00:00:00' AND '2023-10-30 23:59:59'   AND `is_pay` = 1 LIMIT 1 [ RunTime:0.000203s ]
[2023-10-22T08:44:32+08:00][sql] SELECT COUNT(*) AS think_count FROM `nianbao_order` WHERE  `create_time` BETWEEN '2023-10-31 00:00:00' AND '2023-10-31 23:59:59'   AND `is_pay` = 1 LIMIT 1 [ RunTime:0.000193s ]
[2023-10-22T08:44:32+08:00][sql] SHOW FULL COLUMNS FROM `nianbao_member` [ RunTime:0.000821s ]
[2023-10-22T08:44:32+08:00][sql] SELECT COUNT(*) AS think_count FROM `nianbao_member` WHERE  `create_time` BETWEEN '2023-10-01 00:00:00' AND '2023-10-31 23:59:59'  LIMIT 1 [ RunTime:0.000219s ]
[2023-10-22T08:44:32+08:00][sql] SELECT COUNT(*) AS think_count FROM `nianbao_order` WHERE  `create_time` BETWEEN '2023-10-01 00:00:00' AND '2023-10-31 23:59:59'   AND `is_pay` = 1 LIMIT 1 [ RunTime:0.000204s ]
[2023-10-22T08:44:32+08:00][sql] SELECT SUM(`total_price`) AS think_sum FROM `nianbao_order` WHERE  `create_time` BETWEEN '2023-10-01 00:00:00' AND '2023-10-31 23:59:59'   AND `is_pay` = 1 LIMIT 1 [ RunTime:0.000204s ]
[2023-10-22T08:44:32+08:00][sql] SELECT COUNT(*) AS think_count FROM `nianbao_member` WHERE  `create_time` BETWEEN '2023-10-22 00:00:00' AND '2023-10-22 23:59:59'  LIMIT 1 [ RunTime:0.000184s ]
[2023-10-22T08:44:32+08:00][sql] SELECT COUNT(*) AS think_count FROM `nianbao_order` WHERE  `create_time` BETWEEN '2023-10-22 00:00:00' AND '2023-10-22 23:59:59'  LIMIT 1 [ RunTime:0.000170s ]
[2023-10-22T08:44:32+08:00][sql] SELECT SUM(`total_price`) AS think_sum FROM `nianbao_order` WHERE  `create_time` BETWEEN '2023-10-22 00:00:00' AND '2023-10-22 23:59:59'   AND `is_pay` = 1 LIMIT 1 [ RunTime:0.000198s ]
[2023-10-22T08:44:38+08:00][sql] CONNECT:[ UseTime:0.000341s ] mysql:host=127.0.0.1;port=3306;dbname=nianbao;charset=utf8
[2023-10-22T08:44:38+08:00][sql] SHOW FULL COLUMNS FROM `nianbao_order` [ RunTime:0.000580s ]
[2023-10-22T08:44:38+08:00][sql] SELECT COUNT(*) AS think_count FROM `nianbao_order` WHERE  `is_pay` = 1 LIMIT 1 [ RunTime:0.000263s ]
[2023-10-22T08:44:38+08:00][sql] SELECT * FROM `nianbao_order` WHERE  `is_pay` = 1 ORDER BY `id` DESC LIMIT 0,20 [ RunTime:0.000287s ]
[2023-10-22T08:44:58+08:00][sql] CONNECT:[ UseTime:0.000373s ] mysql:host=127.0.0.1;port=3306;dbname=nianbao;charset=utf8
[2023-10-22T08:44:58+08:00][sql] SHOW FULL COLUMNS FROM `nianbao_order` [ RunTime:0.000595s ]
[2023-10-22T08:44:58+08:00][sql] SELECT COUNT(*) AS think_count FROM `nianbao_order` WHERE  `is_pay` = 1 LIMIT 1 [ RunTime:0.000280s ]
[2023-10-22T08:44:58+08:00][sql] SELECT * FROM `nianbao_order` WHERE  `is_pay` = 1 ORDER BY `id` DESC LIMIT 0,20 [ RunTime:0.000280s ]
[2023-10-22T08:45:26+08:00][sql] CONNECT:[ UseTime:0.000338s ] mysql:host=127.0.0.1;port=3306;dbname=nianbao;charset=utf8
[2023-10-22T08:45:26+08:00][sql] SHOW FULL COLUMNS FROM `nianbao_base_config` [ RunTime:0.000559s ]
[2023-10-22T08:45:26+08:00][sql] SELECT * FROM `nianbao_base_config` [ RunTime:0.000280s ]
[2023-10-22T08:45:27+08:00][sql] CONNECT:[ UseTime:0.000346s ] mysql:host=127.0.0.1;port=3306;dbname=nianbao;charset=utf8
[2023-10-22T08:45:27+08:00][sql] SHOW FULL COLUMNS FROM `nianbao_order` [ RunTime:0.000553s ]
[2023-10-22T08:45:27+08:00][sql] SELECT COUNT(*) AS think_count FROM `nianbao_order` WHERE  `is_pay` = 1 LIMIT 1 [ RunTime:0.000261s ]
[2023-10-22T08:45:27+08:00][sql] SELECT * FROM `nianbao_order` WHERE  `is_pay` = 1 ORDER BY `id` DESC LIMIT 0,20 [ RunTime:0.000299s ]
[2023-10-22T08:45:33+08:00][sql] CONNECT:[ UseTime:0.000341s ] mysql:host=127.0.0.1;port=3306;dbname=nianbao;charset=utf8
[2023-10-22T08:45:33+08:00][sql] SHOW FULL COLUMNS FROM `nianbao_order` [ RunTime:0.000597s ]
[2023-10-22T08:45:33+08:00][sql] UPDATE `nianbao_order`  SET `is_declaration` = 1  WHERE  `id` = 24 [ RunTime:0.003742s ]
[2023-10-22T08:45:34+08:00][sql] CONNECT:[ UseTime:0.000359s ] mysql:host=127.0.0.1;port=3306;dbname=nianbao;charset=utf8
[2023-10-22T08:45:34+08:00][sql] SHOW FULL COLUMNS FROM `nianbao_order` [ RunTime:0.000550s ]
[2023-10-22T08:45:34+08:00][sql] SELECT COUNT(*) AS think_count FROM `nianbao_order` WHERE  `is_pay` = 1 LIMIT 1 [ RunTime:0.000277s ]
[2023-10-22T08:45:34+08:00][sql] SELECT * FROM `nianbao_order` WHERE  `is_pay` = 1 ORDER BY `id` DESC LIMIT 0,20 [ RunTime:0.000288s ]
[2023-10-22T08:45:39+08:00][sql] CONNECT:[ UseTime:0.000320s ] mysql:host=127.0.0.1;port=3306;dbname=nianbao;charset=utf8
[2023-10-22T08:45:39+08:00][sql] SHOW FULL COLUMNS FROM `nianbao_order` [ RunTime:0.000596s ]
[2023-10-22T08:45:39+08:00][sql] UPDATE `nianbao_order`  SET `is_success` = 1 , `status` = 1  WHERE  `id` = 24 [ RunTime:0.007318s ]
[2023-10-22T08:45:39+08:00][sql] SELECT * FROM `nianbao_order` WHERE  `id` = 24 LIMIT 1 [ RunTime:0.000295s ]
[2023-10-22T08:45:39+08:00][sql] SHOW FULL COLUMNS FROM `nianbao_enterprise` [ RunTime:0.000425s ]
[2023-10-22T08:45:39+08:00][sql] SELECT * FROM `nianbao_enterprise` WHERE  `enterprise_code` = '91370783MA3CHMCW4D' LIMIT 1 [ RunTime:0.000208s ]
[2023-10-22T08:45:39+08:00][sql] SHOW FULL COLUMNS FROM `nianbao_enterprise_report` [ RunTime:0.000359s ]
[2023-10-22T08:45:39+08:00][sql] UPDATE `nianbao_enterprise_report`  SET `is_report` = 1  WHERE  `enterprise_code` = '91370783MA3CHMCW4D'  AND `report_year` = '2022' [ RunTime:0.005127s ]
[2023-10-22T08:45:39+08:00][sql] CONNECT:[ UseTime:0.000419s ] mysql:host=127.0.0.1;port=3306;dbname=nianbao;charset=utf8
[2023-10-22T08:45:39+08:00][sql] SHOW FULL COLUMNS FROM `nianbao_order` [ RunTime:0.000595s ]
[2023-10-22T08:45:39+08:00][sql] SELECT COUNT(*) AS think_count FROM `nianbao_order` WHERE  `is_pay` = 1 LIMIT 1 [ RunTime:0.000322s ]
[2023-10-22T08:45:39+08:00][sql] SELECT * FROM `nianbao_order` WHERE  `is_pay` = 1 ORDER BY `id` DESC LIMIT 0,20 [ RunTime:0.000301s ]
[2023-10-22T09:39:05+08:00][sql] CONNECT:[ UseTime:0.000362s ] mysql:host=127.0.0.1;port=3306;dbname=nianbao;charset=utf8
[2023-10-22T09:39:05+08:00][sql] SHOW FULL COLUMNS FROM `nianbao_base_config` [ RunTime:0.000583s ]
[2023-10-22T09:39:05+08:00][sql] SELECT * FROM `nianbao_base_config` [ RunTime:0.000258s ]
[2023-10-22T09:39:28+08:00][sql] CONNECT:[ UseTime:0.000376s ] mysql:host=127.0.0.1;port=3306;dbname=nianbao;charset=utf8
[2023-10-22T09:39:28+08:00][sql] SHOW FULL COLUMNS FROM `nianbao_admin_user` [ RunTime:0.000643s ]
[2023-10-22T09:39:28+08:00][sql] SELECT `a`.`user_id`,`a`.`name`,a.user as username,`a`.`status`,a.role_id as user_role_ids,`b`.`role_id`,b.name as role_name,b.status as role_status,`b`.`access` FROM `nianbao_admin_user` `a` INNER JOIN `nianbao_role` `b` ON a.role_id in(b.role_id) WHERE  `a`.`user` = 'admin'  AND `a`.`pwd` = 'f7ee2d09a09ea35033707d1f7a2f128a' LIMIT 1 [ RunTime:0.000372s ]
[2023-10-22T09:39:28+08:00][sql] SHOW FULL COLUMNS FROM `nianbao_log` [ RunTime:0.000505s ]
[2023-10-22T09:39:28+08:00][sql] INSERT INTO `nianbao_log` SET `application_name` = 'admin' , `username` = 'admin' , `url` = 'https://ss.xyaa.vip/admin/Login/index.html' , `ip` = '140.250.227.35' , `useragent` = 'Mozilla/5.0 (Windows NT 10.0; Win64; x64) AppleWebKit/537.36 (KHTML, like Gecko) Chrome/117.0.0.0 Safari/537.36 Edg/117.0.2045.60' , `create_time` = 1697938768 , `type` = 1 [ RunTime:0.003819s ]
[2023-10-22T09:39:29+08:00][sql] CONNECT:[ UseTime:0.000372s ] mysql:host=127.0.0.1;port=3306;dbname=nianbao;charset=utf8
[2023-10-22T09:39:29+08:00][sql] SHOW FULL COLUMNS FROM `nianbao_node` [ RunTime:0.000624s ]
[2023-10-22T09:39:29+08:00][sql] SELECT `node_id`,`pid`,`title`,`status`,`icon`,`sortid`,`path` FROM `nianbao_node` WHERE  `status` = 1  AND `type` = 1 ORDER BY `sortid` ASC [ RunTime:0.000315s ]
[2023-10-22T09:39:29+08:00][sql] CONNECT:[ UseTime:0.000385s ] mysql:host=127.0.0.1;port=3306;dbname=nianbao;charset=utf8
[2023-10-22T09:39:29+08:00][sql] SHOW FULL COLUMNS FROM `nianbao_order` [ RunTime:0.000674s ]
[2023-10-22T09:39:29+08:00][sql] SELECT COUNT(*) AS think_count FROM `nianbao_order` WHERE  `create_time` BETWEEN '2023-10-01 00:00:00' AND '2023-10-01 23:59:59'   AND `is_pay` = 1 LIMIT 1 [ RunTime:0.000310s ]
[2023-10-22T09:39:29+08:00][sql] SELECT COUNT(*) AS think_count FROM `nianbao_order` WHERE  `create_time` BETWEEN '2023-10-02 00:00:00' AND '2023-10-02 23:59:59'   AND `is_pay` = 1 LIMIT 1 [ RunTime:0.000221s ]
[2023-10-22T09:39:29+08:00][sql] SELECT COUNT(*) AS think_count FROM `nianbao_order` WHERE  `create_time` BETWEEN '2023-10-03 00:00:00' AND '2023-10-03 23:59:59'   AND `is_pay` = 1 LIMIT 1 [ RunTime:0.000203s ]
[2023-10-22T09:39:29+08:00][sql] SELECT COUNT(*) AS think_count FROM `nianbao_order` WHERE  `create_time` BETWEEN '2023-10-04 00:00:00' AND '2023-10-04 23:59:59'   AND `is_pay` = 1 LIMIT 1 [ RunTime:0.000185s ]
[2023-10-22T09:39:29+08:00][sql] SELECT COUNT(*) AS think_count FROM `nianbao_order` WHERE  `create_time` BETWEEN '2023-10-05 00:00:00' AND '2023-10-05 23:59:59'   AND `is_pay` = 1 LIMIT 1 [ RunTime:0.000185s ]
[2023-10-22T09:39:29+08:00][sql] SELECT COUNT(*) AS think_count FROM `nianbao_order` WHERE  `create_time` BETWEEN '2023-10-06 00:00:00' AND '2023-10-06 23:59:59'   AND `is_pay` = 1 LIMIT 1 [ RunTime:0.000188s ]
[2023-10-22T09:39:29+08:00][sql] SELECT COUNT(*) AS think_count FROM `nianbao_order` WHERE  `create_time` BETWEEN '2023-10-07 00:00:00' AND '2023-10-07 23:59:59'   AND `is_pay` = 1 LIMIT 1 [ RunTime:0.000183s ]
[2023-10-22T09:39:29+08:00][sql] SELECT COUNT(*) AS think_count FROM `nianbao_order` WHERE  `create_time` BETWEEN '2023-10-08 00:00:00' AND '2023-10-08 23:59:59'   AND `is_pay` = 1 LIMIT 1 [ RunTime:0.000173s ]
[2023-10-22T09:39:29+08:00][sql] SELECT COUNT(*) AS think_count FROM `nianbao_order` WHERE  `create_time` BETWEEN '2023-10-09 00:00:00' AND '2023-10-09 23:59:59'   AND `is_pay` = 1 LIMIT 1 [ RunTime:0.000201s ]
[2023-10-22T09:39:29+08:00][sql] SELECT COUNT(*) AS think_count FROM `nianbao_order` WHERE  `create_time` BETWEEN '2023-10-10 00:00:00' AND '2023-10-10 23:59:59'   AND `is_pay` = 1 LIMIT 1 [ RunTime:0.000187s ]
[2023-10-22T09:39:29+08:00][sql] SELECT COUNT(*) AS think_count FROM `nianbao_order` WHERE  `create_time` BETWEEN '2023-10-11 00:00:00' AND '2023-10-11 23:59:59'   AND `is_pay` = 1 LIMIT 1 [ RunTime:0.000177s ]
[2023-10-22T09:39:29+08:00][sql] SELECT COUNT(*) AS think_count FROM `nianbao_order` WHERE  `create_time` BETWEEN '2023-10-12 00:00:00' AND '2023-10-12 23:59:59'   AND `is_pay` = 1 LIMIT 1 [ RunTime:0.000184s ]
[2023-10-22T09:39:29+08:00][sql] SELECT COUNT(*) AS think_count FROM `nianbao_order` WHERE  `create_time` BETWEEN '2023-10-13 00:00:00' AND '2023-10-13 23:59:59'   AND `is_pay` = 1 LIMIT 1 [ RunTime:0.000178s ]
[2023-10-22T09:39:29+08:00][sql] SELECT COUNT(*) AS think_count FROM `nianbao_order` WHERE  `create_time` BETWEEN '2023-10-14 00:00:00' AND '2023-10-14 23:59:59'   AND `is_pay` = 1 LIMIT 1 [ RunTime:0.000193s ]
[2023-10-22T09:39:29+08:00][sql] SELECT COUNT(*) AS think_count FROM `nianbao_order` WHERE  `create_time` BETWEEN '2023-10-15 00:00:00' AND '2023-10-15 23:59:59'   AND `is_pay` = 1 LIMIT 1 [ RunTime:0.000201s ]
[2023-10-22T09:39:29+08:00][sql] SELECT COUNT(*) AS think_count FROM `nianbao_order` WHERE  `create_time` BETWEEN '2023-10-16 00:00:00' AND '2023-10-16 23:59:59'   AND `is_pay` = 1 LIMIT 1 [ RunTime:0.000197s ]
[2023-10-22T09:39:29+08:00][sql] SELECT COUNT(*) AS think_count FROM `nianbao_order` WHERE  `create_time` BETWEEN '2023-10-17 00:00:00' AND '2023-10-17 23:59:59'   AND `is_pay` = 1 LIMIT 1 [ RunTime:0.000185s ]
[2023-10-22T09:39:29+08:00][sql] SELECT COUNT(*) AS think_count FROM `nianbao_order` WHERE  `create_time` BETWEEN '2023-10-18 00:00:00' AND '2023-10-18 23:59:59'   AND `is_pay` = 1 LIMIT 1 [ RunTime:0.000185s ]
[2023-10-22T09:39:29+08:00][sql] SELECT COUNT(*) AS think_count FROM `nianbao_order` WHERE  `create_time` BETWEEN '2023-10-19 00:00:00' AND '2023-10-19 23:59:59'   AND `is_pay` = 1 LIMIT 1 [ RunTime:0.000187s ]
[2023-10-22T09:39:29+08:00][sql] SELECT COUNT(*) AS think_count FROM `nianbao_order` WHERE  `create_time` BETWEEN '2023-10-20 00:00:00' AND '2023-10-20 23:59:59'   AND `is_pay` = 1 LIMIT 1 [ RunTime:0.000187s ]
[2023-10-22T09:39:29+08:00][sql] SELECT COUNT(*) AS think_count FROM `nianbao_order` WHERE  `create_time` BETWEEN '2023-10-21 00:00:00' AND '2023-10-21 23:59:59'   AND `is_pay` = 1 LIMIT 1 [ RunTime:0.000195s ]
[2023-10-22T09:39:29+08:00][sql] SELECT COUNT(*) AS think_count FROM `nianbao_order` WHERE  `create_time` BETWEEN '2023-10-22 00:00:00' AND '2023-10-22 23:59:59'   AND `is_pay` = 1 LIMIT 1 [ RunTime:0.000207s ]
[2023-10-22T09:39:29+08:00][sql] SELECT COUNT(*) AS think_count FROM `nianbao_order` WHERE  `create_time` BETWEEN '2023-10-23 00:00:00' AND '2023-10-23 23:59:59'   AND `is_pay` = 1 LIMIT 1 [ RunTime:0.000191s ]
[2023-10-22T09:39:29+08:00][sql] SELECT COUNT(*) AS think_count FROM `nianbao_order` WHERE  `create_time` BETWEEN '2023-10-24 00:00:00' AND '2023-10-24 23:59:59'   AND `is_pay` = 1 LIMIT 1 [ RunTime:0.000186s ]
[2023-10-22T09:39:29+08:00][sql] SELECT COUNT(*) AS think_count FROM `nianbao_order` WHERE  `create_time` BETWEEN '2023-10-25 00:00:00' AND '2023-10-25 23:59:59'   AND `is_pay` = 1 LIMIT 1 [ RunTime:0.000187s ]
[2023-10-22T09:39:29+08:00][sql] SELECT COUNT(*) AS think_count FROM `nianbao_order` WHERE  `create_time` BETWEEN '2023-10-26 00:00:00' AND '2023-10-26 23:59:59'   AND `is_pay` = 1 LIMIT 1 [ RunTime:0.000205s ]
[2023-10-22T09:39:29+08:00][sql] SELECT COUNT(*) AS think_count FROM `nianbao_order` WHERE  `create_time` BETWEEN '2023-10-27 00:00:00' AND '2023-10-27 23:59:59'   AND `is_pay` = 1 LIMIT 1 [ RunTime:0.000195s ]
[2023-10-22T09:39:29+08:00][sql] SELECT COUNT(*) AS think_count FROM `nianbao_order` WHERE  `create_time` BETWEEN '2023-10-28 00:00:00' AND '2023-10-28 23:59:59'   AND `is_pay` = 1 LIMIT 1 [ RunTime:0.000181s ]
[2023-10-22T09:39:29+08:00][sql] SELECT COUNT(*) AS think_count FROM `nianbao_order` WHERE  `create_time` BETWEEN '2023-10-29 00:00:00' AND '2023-10-29 23:59:59'   AND `is_pay` = 1 LIMIT 1 [ RunTime:0.000185s ]
[2023-10-22T09:39:29+08:00][sql] SELECT COUNT(*) AS think_count FROM `nianbao_order` WHERE  `create_time` BETWEEN '2023-10-30 00:00:00' AND '2023-10-30 23:59:59'   AND `is_pay` = 1 LIMIT 1 [ RunTime:0.000182s ]
[2023-10-22T09:39:29+08:00][sql] SELECT COUNT(*) AS think_count FROM `nianbao_order` WHERE  `create_time` BETWEEN '2023-10-31 00:00:00' AND '2023-10-31 23:59:59'   AND `is_pay` = 1 LIMIT 1 [ RunTime:0.000185s ]
[2023-10-22T09:39:29+08:00][sql] SHOW FULL COLUMNS FROM `nianbao_member` [ RunTime:0.000524s ]
[2023-10-22T09:39:29+08:00][sql] SELECT COUNT(*) AS think_count FROM `nianbao_member` WHERE  `create_time` BETWEEN '2023-10-01 00:00:00' AND '2023-10-31 23:59:59'  LIMIT 1 [ RunTime:0.000223s ]
[2023-10-22T09:39:29+08:00][sql] SELECT COUNT(*) AS think_count FROM `nianbao_order` WHERE  `create_time` BETWEEN '2023-10-01 00:00:00' AND '2023-10-31 23:59:59'   AND `is_pay` = 1 LIMIT 1 [ RunTime:0.000201s ]
[2023-10-22T09:39:29+08:00][sql] SELECT SUM(`total_price`) AS think_sum FROM `nianbao_order` WHERE  `create_time` BETWEEN '2023-10-01 00:00:00' AND '2023-10-31 23:59:59'   AND `is_pay` = 1 LIMIT 1 [ RunTime:0.000198s ]
[2023-10-22T09:39:29+08:00][sql] SELECT COUNT(*) AS think_count FROM `nianbao_member` WHERE  `create_time` BETWEEN '2023-10-22 00:00:00' AND '2023-10-22 23:59:59'  LIMIT 1 [ RunTime:0.000172s ]
[2023-10-22T09:39:29+08:00][sql] SELECT COUNT(*) AS think_count FROM `nianbao_order` WHERE  `create_time` BETWEEN '2023-10-22 00:00:00' AND '2023-10-22 23:59:59'  LIMIT 1 [ RunTime:0.000176s ]
[2023-10-22T09:39:29+08:00][sql] SELECT SUM(`total_price`) AS think_sum FROM `nianbao_order` WHERE  `create_time` BETWEEN '2023-10-22 00:00:00' AND '2023-10-22 23:59:59'   AND `is_pay` = 1 LIMIT 1 [ RunTime:0.000179s ]
[2023-10-22T09:39:41+08:00][sql] CONNECT:[ UseTime:0.000344s ] mysql:host=127.0.0.1;port=3306;dbname=nianbao;charset=utf8
[2023-10-22T09:39:41+08:00][sql] SHOW FULL COLUMNS FROM `nianbao_enterprise` [ RunTime:0.000594s ]
[2023-10-22T09:39:41+08:00][sql] SELECT COUNT(*) AS think_count FROM `nianbao_enterprise` LIMIT 1 [ RunTime:0.000690s ]
[2023-10-22T09:39:41+08:00][sql] SELECT * FROM `nianbao_enterprise` ORDER BY `id` DESC LIMIT 0,20 [ RunTime:0.000196s ]
[2023-10-22T09:41:33+08:00][sql] CONNECT:[ UseTime:0.000391s ] mysql:host=127.0.0.1;port=3306;dbname=nianbao;charset=utf8
[2023-10-22T09:41:33+08:00][sql] SHOW FULL COLUMNS FROM `nianbao_base_config` [ RunTime:0.000604s ]
[2023-10-22T09:41:33+08:00][sql] SELECT * FROM `nianbao_base_config` [ RunTime:0.000265s ]
[2023-10-22T09:41:33+08:00][sql] CONNECT:[ UseTime:0.000352s ] mysql:host=127.0.0.1;port=3306;dbname=nianbao;charset=utf8
[2023-10-22T09:41:33+08:00][sql] SHOW FULL COLUMNS FROM `nianbao_base_config` [ RunTime:0.000535s ]
[2023-10-22T09:41:33+08:00][sql] SELECT `data`,`name` FROM `nianbao_base_config` [ RunTime:0.000286s ]
[2023-10-22T09:42:07+08:00][sql] CONNECT:[ UseTime:0.000350s ] mysql:host=127.0.0.1;port=3306;dbname=nianbao;charset=utf8
[2023-10-22T09:42:07+08:00][sql] SHOW FULL COLUMNS FROM `nianbao_order` [ RunTime:0.000566s ]
[2023-10-22T09:42:07+08:00][sql] SELECT COUNT(*) AS think_count FROM `nianbao_order` WHERE  `is_pay` = 1 LIMIT 1 [ RunTime:0.000254s ]
[2023-10-22T09:42:07+08:00][sql] SELECT * FROM `nianbao_order` WHERE  `is_pay` = 1 ORDER BY `id` DESC LIMIT 0,20 [ RunTime:0.000288s ]
[2023-10-22T10:17:54+08:00][sql] CONNECT:[ UseTime:0.000361s ] mysql:host=127.0.0.1;port=3306;dbname=nianbao;charset=utf8
[2023-10-22T10:17:54+08:00][sql] SHOW FULL COLUMNS FROM `nianbao_base_config` [ RunTime:0.000691s ]
[2023-10-22T10:17:54+08:00][sql] SELECT * FROM `nianbao_base_config` [ RunTime:0.000349s ]
[2023-10-22T10:17:54+08:00][sql] SHOW FULL COLUMNS FROM `nianbao_order` [ RunTime:0.000635s ]
[2023-10-22T10:17:54+08:00][sql] UPDATE `nianbao_order`  SET `is_declaration` = 1  WHERE  `id` = 23 [ RunTime:0.004678s ]
[2023-10-22T10:17:55+08:00][sql] CONNECT:[ UseTime:0.000392s ] mysql:host=127.0.0.1;port=3306;dbname=nianbao;charset=utf8
[2023-10-22T10:17:55+08:00][sql] SHOW FULL COLUMNS FROM `nianbao_order` [ RunTime:0.000612s ]
[2023-10-22T10:17:55+08:00][sql] SELECT COUNT(*) AS think_count FROM `nianbao_order` WHERE  `is_pay` = 1 LIMIT 1 [ RunTime:0.000288s ]
[2023-10-22T10:17:55+08:00][sql] SELECT * FROM `nianbao_order` WHERE  `is_pay` = 1 ORDER BY `id` DESC LIMIT 0,20 [ RunTime:0.000296s ]
[2023-10-22T10:17:58+08:00][sql] CONNECT:[ UseTime:0.000349s ] mysql:host=127.0.0.1;port=3306;dbname=nianbao;charset=utf8
[2023-10-22T10:17:58+08:00][sql] SHOW FULL COLUMNS FROM `nianbao_shop_type` [ RunTime:0.000606s ]
[2023-10-22T10:17:58+08:00][sql] SELECT COUNT(*) AS think_count FROM `nianbao_shop_type` LIMIT 1 [ RunTime:0.000227s ]
[2023-10-22T10:17:58+08:00][sql] SELECT `id`,`class_name`,`status`,`sortid` FROM `nianbao_shop_type` ORDER BY `id` DESC LIMIT 0,20 [ RunTime:0.000183s ]
[2023-10-22T10:18:00+08:00][sql] CONNECT:[ UseTime:0.000367s ] mysql:host=127.0.0.1;port=3306;dbname=nianbao;charset=utf8
[2023-10-22T10:18:00+08:00][sql] SHOW FULL COLUMNS FROM `nianbao_shop` [ RunTime:0.000613s ]
[2023-10-22T10:18:00+08:00][sql] SELECT COUNT(*) AS think_count FROM `nianbao_shop` `shop` LEFT JOIN `nianbao_shop_type` `shoptype` ON `shop`.`class_id`=`shoptype`.`id` LIMIT 1 [ RunTime:0.000306s ]
[2023-10-22T10:18:00+08:00][sql] select id,class_name from nianbao_shop_type [ RunTime:0.000174s ]
[2023-10-22T10:18:02+08:00][sql] CONNECT:[ UseTime:0.000360s ] mysql:host=127.0.0.1;port=3306;dbname=nianbao;charset=utf8
[2023-10-22T10:18:02+08:00][sql] SHOW FULL COLUMNS FROM `nianbao_enterprise` [ RunTime:0.000590s ]
[2023-10-22T10:18:02+08:00][sql] SELECT COUNT(*) AS think_count FROM `nianbao_enterprise` LIMIT 1 [ RunTime:0.000673s ]
[2023-10-22T10:18:02+08:00][sql] SELECT * FROM `nianbao_enterprise` ORDER BY `id` DESC LIMIT 0,20 [ RunTime:0.000199s ]
[2023-10-22T11:14:08+08:00][sql] CONNECT:[ UseTime:0.000355s ] mysql:host=127.0.0.1;port=3306;dbname=nianbao;charset=utf8
[2023-10-22T11:14:08+08:00][sql] SHOW FULL COLUMNS FROM `nianbao_base_config` [ RunTime:0.000619s ]
[2023-10-22T11:14:08+08:00][sql] SELECT * FROM `nianbao_base_config` [ RunTime:0.000334s ]
[2023-10-22T11:14:08+08:00][sql] SHOW FULL COLUMNS FROM `nianbao_enterprise` [ RunTime:0.000482s ]
[2023-10-22T11:14:08+08:00][sql] SELECT COUNT(*) AS think_count FROM `nianbao_enterprise` LIMIT 1 [ RunTime:0.000877s ]
[2023-10-22T11:14:08+08:00][sql] SELECT * FROM `nianbao_enterprise` ORDER BY `id` DESC LIMIT 20,20 [ RunTime:0.000213s ]
[2023-10-22T11:14:10+08:00][sql] CONNECT:[ UseTime:0.000367s ] mysql:host=127.0.0.1;port=3306;dbname=nianbao;charset=utf8
[2023-10-22T11:14:10+08:00][sql] SHOW FULL COLUMNS FROM `nianbao_enterprise` [ RunTime:0.000503s ]
[2023-10-22T11:14:10+08:00][sql] SELECT COUNT(*) AS think_count FROM `nianbao_enterprise` LIMIT 1 [ RunTime:0.000690s ]
[2023-10-22T11:14:10+08:00][sql] SELECT * FROM `nianbao_enterprise` ORDER BY `id` DESC LIMIT 100,20 [ RunTime:0.000246s ]
[2023-10-22T11:14:14+08:00][sql] CONNECT:[ UseTime:0.000343s ] mysql:host=127.0.0.1;port=3306;dbname=nianbao;charset=utf8
[2023-10-22T11:14:14+08:00][sql] SHOW FULL COLUMNS FROM `nianbao_enterprise` [ RunTime:0.000522s ]
[2023-10-22T11:14:14+08:00][sql] SELECT COUNT(*) AS think_count FROM `nianbao_enterprise` LIMIT 1 [ RunTime:0.000675s ]
[2023-10-22T11:14:14+08:00][sql] SELECT * FROM `nianbao_enterprise` ORDER BY `id` DESC LIMIT 0,20 [ RunTime:0.000209s ]
[2023-10-22T11:41:30+08:00][sql] CONNECT:[ UseTime:0.000362s ] mysql:host=127.0.0.1;port=3306;dbname=nianbao;charset=utf8
[2023-10-22T11:41:30+08:00][sql] SHOW FULL COLUMNS FROM `nianbao_base_config` [ RunTime:0.000613s ]
[2023-10-22T11:41:30+08:00][sql] SELECT * FROM `nianbao_base_config` [ RunTime:0.000291s ]
[2023-10-22T11:41:31+08:00][sql] CONNECT:[ UseTime:0.000423s ] mysql:host=127.0.0.1;port=3306;dbname=nianbao;charset=utf8
[2023-10-22T11:41:31+08:00][sql] SHOW FULL COLUMNS FROM `nianbao_enterprise` [ RunTime:0.000599s ]
[2023-10-22T11:41:31+08:00][sql] SELECT COUNT(*) AS think_count FROM `nianbao_enterprise` LIMIT 1 [ RunTime:0.000668s ]
[2023-10-22T11:41:31+08:00][sql] SELECT * FROM `nianbao_enterprise` ORDER BY `id` DESC LIMIT 0,20 [ RunTime:0.000220s ]
[2023-10-22T11:41:32+08:00][sql] CONNECT:[ UseTime:0.000384s ] mysql:host=127.0.0.1;port=3306;dbname=nianbao;charset=utf8
[2023-10-22T11:41:32+08:00][sql] SHOW FULL COLUMNS FROM `nianbao_member` [ RunTime:0.000670s ]
[2023-10-22T11:41:32+08:00][sql] SELECT COUNT(*) AS think_count FROM `nianbao_member` LIMIT 1 [ RunTime:0.000267s ]
[2023-10-22T11:41:32+08:00][sql] SELECT `id`,`nickname`,`openid`,`avatar`,`mobile`,`is_delete`,`create_time` FROM `nianbao_member` ORDER BY `id` DESC LIMIT 0,20 [ RunTime:0.000241s ]
[2023-10-22T11:41:35+08:00][sql] CONNECT:[ UseTime:0.000368s ] mysql:host=127.0.0.1;port=3306;dbname=nianbao;charset=utf8
[2023-10-22T11:41:35+08:00][sql] SHOW FULL COLUMNS FROM `nianbao_member` [ RunTime:0.000541s ]
[2023-10-22T11:41:35+08:00][sql] SELECT COUNT(*) AS think_count FROM `nianbao_member` LIMIT 1 [ RunTime:0.000211s ]
[2023-10-22T11:41:35+08:00][sql] SELECT `id`,`nickname`,`openid`,`avatar`,`mobile`,`is_delete`,`create_time` FROM `nianbao_member` ORDER BY `id` DESC LIMIT 20,20 [ RunTime:0.000185s ]
[2023-10-22T11:41:41+08:00][sql] CONNECT:[ UseTime:0.000381s ] mysql:host=127.0.0.1;port=3306;dbname=nianbao;charset=utf8
[2023-10-22T11:41:41+08:00][sql] SHOW FULL COLUMNS FROM `nianbao_member` [ RunTime:0.000543s ]
[2023-10-22T11:41:41+08:00][sql] SELECT COUNT(*) AS think_count FROM `nianbao_member` LIMIT 1 [ RunTime:0.000222s ]
[2023-10-22T11:41:41+08:00][sql] SELECT `id`,`nickname`,`openid`,`avatar`,`mobile`,`is_delete`,`create_time` FROM `nianbao_member` ORDER BY `id` DESC LIMIT 0,20 [ RunTime:0.000209s ]
[2023-10-22T11:43:31+08:00][sql] CONNECT:[ UseTime:0.000351s ] mysql:host=127.0.0.1;port=3306;dbname=nianbao;charset=utf8
[2023-10-22T11:43:31+08:00][sql] SHOW FULL COLUMNS FROM `nianbao_base_config` [ RunTime:0.000547s ]
[2023-10-22T11:43:31+08:00][sql] SELECT * FROM `nianbao_base_config` [ RunTime:0.000272s ]
[2023-10-22T11:43:31+08:00][sql] CONNECT:[ UseTime:0.000379s ] mysql:host=127.0.0.1;port=3306;dbname=nianbao;charset=utf8
[2023-10-22T11:43:31+08:00][sql] SHOW FULL COLUMNS FROM `nianbao_base_config` [ RunTime:0.000494s ]
[2023-10-22T11:43:31+08:00][sql] SELECT `data`,`name` FROM `nianbao_base_config` [ RunTime:0.000294s ]
[2023-10-22T11:43:35+08:00][sql] CONNECT:[ UseTime:0.000366s ] mysql:host=127.0.0.1;port=3306;dbname=nianbao;charset=utf8
[2023-10-22T11:43:35+08:00][sql] SHOW FULL COLUMNS FROM `nianbao_admin_user` [ RunTime:0.000561s ]
[2023-10-22T11:43:35+08:00][sql] SELECT COUNT(*) AS think_count FROM `nianbao_admin_user` `adminuser` LEFT JOIN `nianbao_role` `role` ON `adminuser`.`role_id`=`role`.`role_id` LIMIT 1 [ RunTime:0.000285s ]
[2023-10-22T11:43:35+08:00][sql] SELECT `adminuser`.`user_id`,`adminuser`.`name`,`adminuser`.`user`,`adminuser`.`note`,`adminuser`.`status`,`adminuser`.`create_time`,`role`.`name` AS `role__name` FROM `nianbao_admin_user` `adminuser` LEFT JOIN `nianbao_role` `role` ON `adminuser`.`role_id`=`role`.`role_id` ORDER BY `user_id` DESC LIMIT 0,20 [ RunTime:0.000174s ]
[2023-10-22T11:43:35+08:00][sql] select role_id,name from nianbao_role [ RunTime:0.000164s ]
[2023-10-22T11:43:39+08:00][sql] CONNECT:[ UseTime:0.000372s ] mysql:host=127.0.0.1;port=3306;dbname=nianbao;charset=utf8
[2023-10-22T11:43:39+08:00][sql] SHOW FULL COLUMNS FROM `nianbao_role` [ RunTime:0.000567s ]
[2023-10-22T11:43:39+08:00][sql] SELECT COUNT(*) AS think_count FROM `nianbao_role` LIMIT 1 [ RunTime:0.000164s ]
[2023-10-22T11:43:39+08:00][sql] SELECT `role_id`,`name`,`status`,`description` FROM `nianbao_role` ORDER BY `role_id` DESC LIMIT 0,20 [ RunTime:0.000135s ]
[2023-10-22T11:43:44+08:00][sql] CONNECT:[ UseTime:0.000363s ] mysql:host=127.0.0.1;port=3306;dbname=nianbao;charset=utf8
[2023-10-22T11:43:44+08:00][sql] SHOW FULL COLUMNS FROM `nianbao_log` [ RunTime:0.000626s ]
[2023-10-22T11:43:44+08:00][sql] SELECT COUNT(*) AS think_count FROM `nianbao_log` LIMIT 1 [ RunTime:0.000366s ]
[2023-10-22T11:43:44+08:00][sql] SELECT `id`,`application_name`,`username`,`url`,`ip`,`create_time`,`type` FROM `nianbao_log` ORDER BY `id` DESC LIMIT 0,20 [ RunTime:0.000209s ]
[2023-10-22T11:43:53+08:00][sql] CONNECT:[ UseTime:0.000365s ] mysql:host=127.0.0.1;port=3306;dbname=nianbao;charset=utf8
[2023-10-22T11:43:53+08:00][sql] SHOW FULL COLUMNS FROM `nianbao_log` [ RunTime:0.000568s ]
[2023-10-22T11:43:53+08:00][sql] SELECT COUNT(*) AS think_count FROM `nianbao_log` LIMIT 1 [ RunTime:0.000234s ]
[2023-10-22T11:43:53+08:00][sql] SELECT `id`,`application_name`,`username`,`url`,`ip`,`create_time`,`type` FROM `nianbao_log` ORDER BY `id` DESC LIMIT 20,20 [ RunTime:0.000199s ]
[2023-10-22T11:43:55+08:00][sql] CONNECT:[ UseTime:0.000388s ] mysql:host=127.0.0.1;port=3306;dbname=nianbao;charset=utf8
[2023-10-22T11:43:55+08:00][sql] SHOW FULL COLUMNS FROM `nianbao_log` [ RunTime:0.000553s ]
[2023-10-22T11:43:55+08:00][sql] SELECT COUNT(*) AS think_count FROM `nianbao_log` LIMIT 1 [ RunTime:0.000226s ]
[2023-10-22T11:43:55+08:00][sql] SELECT `id`,`application_name`,`username`,`url`,`ip`,`create_time`,`type` FROM `nianbao_log` ORDER BY `id` DESC LIMIT 100,20 [ RunTime:0.000219s ]
[2023-10-22T11:43:57+08:00][sql] CONNECT:[ UseTime:0.000336s ] mysql:host=127.0.0.1;port=3306;dbname=nianbao;charset=utf8
[2023-10-22T11:43:57+08:00][sql] SHOW FULL COLUMNS FROM `nianbao_log` [ RunTime:0.000543s ]
[2023-10-22T11:43:57+08:00][sql] SELECT COUNT(*) AS think_count FROM `nianbao_log` LIMIT 1 [ RunTime:0.000228s ]
[2023-10-22T11:43:57+08:00][sql] SELECT `id`,`application_name`,`username`,`url`,`ip`,`create_time`,`type` FROM `nianbao_log` ORDER BY `id` DESC LIMIT 120,20 [ RunTime:0.000245s ]
[2023-10-22T11:44:00+08:00][sql] CONNECT:[ UseTime:0.000363s ] mysql:host=127.0.0.1;port=3306;dbname=nianbao;charset=utf8
[2023-10-22T11:44:00+08:00][sql] SHOW FULL COLUMNS FROM `nianbao_node` [ RunTime:0.000656s ]
[2023-10-22T11:44:00+08:00][sql] SELECT COUNT(*) AS think_count FROM `nianbao_node` LIMIT 1 [ RunTime:0.000229s ]
[2023-10-22T11:44:00+08:00][sql] SELECT `node_id`,`title`,`type`,`path`,`status`,`icon`,`sortid`,`pid` FROM `nianbao_node` ORDER BY `sortid` ASC LIMIT 0,1000 [ RunTime:0.000246s ]
[2023-10-22T11:44:00+08:00][sql] select node_id,title,pid from nianbao_node order by sortid asc [ RunTime:0.000193s ]
[2023-10-22T11:44:08+08:00][sql] CONNECT:[ UseTime:0.000340s ] mysql:host=127.0.0.1;port=3306;dbname=nianbao;charset=utf8
[2023-10-22T11:44:08+08:00][sql] SHOW FULL COLUMNS FROM `nianbao_base_config` [ RunTime:0.000502s ]
[2023-10-22T11:44:08+08:00][sql] SELECT `data`,`name` FROM `nianbao_base_config` [ RunTime:0.000273s ]
[2023-10-22T11:47:18+08:00][sql] CONNECT:[ UseTime:0.000375s ] mysql:host=127.0.0.1;port=3306;dbname=nianbao;charset=utf8
[2023-10-22T11:47:18+08:00][sql] SHOW FULL COLUMNS FROM `nianbao_base_config` [ RunTime:0.000516s ]
[2023-10-22T11:47:18+08:00][sql] SELECT * FROM `nianbao_base_config` [ RunTime:0.000315s ]
[2023-10-22T11:47:19+08:00][sql] CONNECT:[ UseTime:0.000375s ] mysql:host=127.0.0.1;port=3306;dbname=nianbao;charset=utf8
[2023-10-22T11:47:19+08:00][sql] SHOW FULL COLUMNS FROM `nianbao_enterprise` [ RunTime:0.000659s ]
[2023-10-22T11:47:19+08:00][sql] SELECT COUNT(*) AS think_count FROM `nianbao_enterprise` LIMIT 1 [ RunTime:0.000715s ]
[2023-10-22T11:47:19+08:00][sql] SELECT * FROM `nianbao_enterprise` ORDER BY `id` DESC LIMIT 0,20 [ RunTime:0.000216s ]
[2023-10-22T11:51:03+08:00][sql] CONNECT:[ UseTime:0.000344s ] mysql:host=127.0.0.1;port=3306;dbname=nianbao;charset=utf8
[2023-10-22T11:51:03+08:00][sql] SHOW FULL COLUMNS FROM `nianbao_base_config` [ RunTime:0.000462s ]
[2023-10-22T11:51:03+08:00][sql] SELECT * FROM `nianbao_base_config` [ RunTime:0.000260s ]
[2023-10-22T11:51:03+08:00][sql] CONNECT:[ UseTime:0.000362s ] mysql:host=127.0.0.1;port=3306;dbname=nianbao;charset=utf8
[2023-10-22T11:51:03+08:00][sql] SHOW FULL COLUMNS FROM `nianbao_base_config` [ RunTime:0.000501s ]
[2023-10-22T11:51:03+08:00][sql] SELECT `data`,`name` FROM `nianbao_base_config` [ RunTime:0.000290s ]
[2023-10-22T14:54:01+08:00][sql] CONNECT:[ UseTime:0.000384s ] mysql:host=127.0.0.1;port=3306;dbname=nianbao;charset=utf8
[2023-10-22T14:54:01+08:00][sql] SHOW FULL COLUMNS FROM `nianbao_base_config` [ RunTime:0.000660s ]
[2023-10-22T14:54:01+08:00][sql] SELECT * FROM `nianbao_base_config` [ RunTime:0.000316s ]
[2023-10-22T14:54:12+08:00][sql] CONNECT:[ UseTime:0.000347s ] mysql:host=127.0.0.1;port=3306;dbname=nianbao;charset=utf8
[2023-10-22T14:54:12+08:00][sql] SHOW FULL COLUMNS FROM `nianbao_admin_user` [ RunTime:0.000542s ]
[2023-10-22T14:54:12+08:00][sql] SELECT `a`.`user_id`,`a`.`name`,a.user as username,`a`.`status`,a.role_id as user_role_ids,`b`.`role_id`,b.name as role_name,b.status as role_status,`b`.`access` FROM `nianbao_admin_user` `a` INNER JOIN `nianbao_role` `b` ON a.role_id in(b.role_id) WHERE  `a`.`user` = 'admin'  AND `a`.`pwd` = 'f7ee2d09a09ea35033707d1f7a2f128a' LIMIT 1 [ RunTime:0.000379s ]
[2023-10-22T14:54:12+08:00][sql] SHOW FULL COLUMNS FROM `nianbao_log` [ RunTime:0.000549s ]
[2023-10-22T14:54:12+08:00][sql] INSERT INTO `nianbao_log` SET `application_name` = 'admin' , `username` = 'admin' , `url` = 'https://ss.xyaa.vip/admin/Login/index.html' , `ip` = '121.233.82.11' , `useragent` = 'Mozilla/5.0 (Windows NT 10.0; Win64; x64) AppleWebKit/537.36 (KHTML, like Gecko) Chrome/118.0.0.0 Safari/537.36 Edg/118.0.2088.61' , `create_time` = 1697957652 , `type` = 1 [ RunTime:0.005652s ]
[2023-10-22T14:54:13+08:00][sql] CONNECT:[ UseTime:0.000355s ] mysql:host=127.0.0.1;port=3306;dbname=nianbao;charset=utf8
[2023-10-22T14:54:13+08:00][sql] SHOW FULL COLUMNS FROM `nianbao_node` [ RunTime:0.000629s ]
[2023-10-22T14:54:13+08:00][sql] SELECT `node_id`,`pid`,`title`,`status`,`icon`,`sortid`,`path` FROM `nianbao_node` WHERE  `status` = 1  AND `type` = 1 ORDER BY `sortid` ASC [ RunTime:0.000384s ]
[2023-10-22T14:54:13+08:00][sql] CONNECT:[ UseTime:0.000353s ] mysql:host=127.0.0.1;port=3306;dbname=nianbao;charset=utf8
[2023-10-22T14:54:13+08:00][sql] SHOW FULL COLUMNS FROM `nianbao_order` [ RunTime:0.000670s ]
[2023-10-22T14:54:13+08:00][sql] SELECT COUNT(*) AS think_count FROM `nianbao_order` WHERE  `create_time` BETWEEN '2023-10-01 00:00:00' AND '2023-10-01 23:59:59'   AND `is_pay` = 1 LIMIT 1 [ RunTime:0.000344s ]
[2023-10-22T14:54:13+08:00][sql] SELECT COUNT(*) AS think_count FROM `nianbao_order` WHERE  `create_time` BETWEEN '2023-10-02 00:00:00' AND '2023-10-02 23:59:59'   AND `is_pay` = 1 LIMIT 1 [ RunTime:0.000211s ]
[2023-10-22T14:54:13+08:00][sql] SELECT COUNT(*) AS think_count FROM `nianbao_order` WHERE  `create_time` BETWEEN '2023-10-03 00:00:00' AND '2023-10-03 23:59:59'   AND `is_pay` = 1 LIMIT 1 [ RunTime:0.000198s ]
[2023-10-22T14:54:13+08:00][sql] SELECT COUNT(*) AS think_count FROM `nianbao_order` WHERE  `create_time` BETWEEN '2023-10-04 00:00:00' AND '2023-10-04 23:59:59'   AND `is_pay` = 1 LIMIT 1 [ RunTime:0.000199s ]
[2023-10-22T14:54:13+08:00][sql] SELECT COUNT(*) AS think_count FROM `nianbao_order` WHERE  `create_time` BETWEEN '2023-10-05 00:00:00' AND '2023-10-05 23:59:59'   AND `is_pay` = 1 LIMIT 1 [ RunTime:0.000194s ]
[2023-10-22T14:54:13+08:00][sql] SELECT COUNT(*) AS think_count FROM `nianbao_order` WHERE  `create_time` BETWEEN '2023-10-06 00:00:00' AND '2023-10-06 23:59:59'   AND `is_pay` = 1 LIMIT 1 [ RunTime:0.000175s ]
[2023-10-22T14:54:13+08:00][sql] SELECT COUNT(*) AS think_count FROM `nianbao_order` WHERE  `create_time` BETWEEN '2023-10-07 00:00:00' AND '2023-10-07 23:59:59'   AND `is_pay` = 1 LIMIT 1 [ RunTime:0.000180s ]
[2023-10-22T14:54:13+08:00][sql] SELECT COUNT(*) AS think_count FROM `nianbao_order` WHERE  `create_time` BETWEEN '2023-10-08 00:00:00' AND '2023-10-08 23:59:59'   AND `is_pay` = 1 LIMIT 1 [ RunTime:0.000176s ]
[2023-10-22T14:54:13+08:00][sql] SELECT COUNT(*) AS think_count FROM `nianbao_order` WHERE  `create_time` BETWEEN '2023-10-09 00:00:00' AND '2023-10-09 23:59:59'   AND `is_pay` = 1 LIMIT 1 [ RunTime:0.000205s ]
[2023-10-22T14:54:13+08:00][sql] SELECT COUNT(*) AS think_count FROM `nianbao_order` WHERE  `create_time` BETWEEN '2023-10-10 00:00:00' AND '2023-10-10 23:59:59'   AND `is_pay` = 1 LIMIT 1 [ RunTime:0.000185s ]
[2023-10-22T14:54:13+08:00][sql] SELECT COUNT(*) AS think_count FROM `nianbao_order` WHERE  `create_time` BETWEEN '2023-10-11 00:00:00' AND '2023-10-11 23:59:59'   AND `is_pay` = 1 LIMIT 1 [ RunTime:0.000177s ]
[2023-10-22T14:54:13+08:00][sql] SELECT COUNT(*) AS think_count FROM `nianbao_order` WHERE  `create_time` BETWEEN '2023-10-12 00:00:00' AND '2023-10-12 23:59:59'   AND `is_pay` = 1 LIMIT 1 [ RunTime:0.000202s ]
[2023-10-22T14:54:13+08:00][sql] SELECT COUNT(*) AS think_count FROM `nianbao_order` WHERE  `create_time` BETWEEN '2023-10-13 00:00:00' AND '2023-10-13 23:59:59'   AND `is_pay` = 1 LIMIT 1 [ RunTime:0.000180s ]
[2023-10-22T14:54:13+08:00][sql] SELECT COUNT(*) AS think_count FROM `nianbao_order` WHERE  `create_time` BETWEEN '2023-10-14 00:00:00' AND '2023-10-14 23:59:59'   AND `is_pay` = 1 LIMIT 1 [ RunTime:0.000175s ]
[2023-10-22T14:54:13+08:00][sql] SELECT COUNT(*) AS think_count FROM `nianbao_order` WHERE  `create_time` BETWEEN '2023-10-15 00:00:00' AND '2023-10-15 23:59:59'   AND `is_pay` = 1 LIMIT 1 [ RunTime:0.000180s ]
[2023-10-22T14:54:13+08:00][sql] SELECT COUNT(*) AS think_count FROM `nianbao_order` WHERE  `create_time` BETWEEN '2023-10-16 00:00:00' AND '2023-10-16 23:59:59'   AND `is_pay` = 1 LIMIT 1 [ RunTime:0.000175s ]
[2023-10-22T14:54:13+08:00][sql] SELECT COUNT(*) AS think_count FROM `nianbao_order` WHERE  `create_time` BETWEEN '2023-10-17 00:00:00' AND '2023-10-17 23:59:59'   AND `is_pay` = 1 LIMIT 1 [ RunTime:0.000193s ]
[2023-10-22T14:54:13+08:00][sql] SELECT COUNT(*) AS think_count FROM `nianbao_order` WHERE  `create_time` BETWEEN '2023-10-18 00:00:00' AND '2023-10-18 23:59:59'   AND `is_pay` = 1 LIMIT 1 [ RunTime:0.000181s ]
[2023-10-22T14:54:13+08:00][sql] SELECT COUNT(*) AS think_count FROM `nianbao_order` WHERE  `create_time` BETWEEN '2023-10-19 00:00:00' AND '2023-10-19 23:59:59'   AND `is_pay` = 1 LIMIT 1 [ RunTime:0.000185s ]
[2023-10-22T14:54:13+08:00][sql] SELECT COUNT(*) AS think_count FROM `nianbao_order` WHERE  `create_time` BETWEEN '2023-10-20 00:00:00' AND '2023-10-20 23:59:59'   AND `is_pay` = 1 LIMIT 1 [ RunTime:0.000185s ]
[2023-10-22T14:54:13+08:00][sql] SELECT COUNT(*) AS think_count FROM `nianbao_order` WHERE  `create_time` BETWEEN '2023-10-21 00:00:00' AND '2023-10-21 23:59:59'   AND `is_pay` = 1 LIMIT 1 [ RunTime:0.000181s ]
[2023-10-22T14:54:13+08:00][sql] SELECT COUNT(*) AS think_count FROM `nianbao_order` WHERE  `create_time` BETWEEN '2023-10-22 00:00:00' AND '2023-10-22 23:59:59'   AND `is_pay` = 1 LIMIT 1 [ RunTime:0.000211s ]
[2023-10-22T14:54:13+08:00][sql] SELECT COUNT(*) AS think_count FROM `nianbao_order` WHERE  `create_time` BETWEEN '2023-10-23 00:00:00' AND '2023-10-23 23:59:59'   AND `is_pay` = 1 LIMIT 1 [ RunTime:0.000186s ]
[2023-10-22T14:54:13+08:00][sql] SELECT COUNT(*) AS think_count FROM `nianbao_order` WHERE  `create_time` BETWEEN '2023-10-24 00:00:00' AND '2023-10-24 23:59:59'   AND `is_pay` = 1 LIMIT 1 [ RunTime:0.000190s ]
[2023-10-22T14:54:13+08:00][sql] SELECT COUNT(*) AS think_count FROM `nianbao_order` WHERE  `create_time` BETWEEN '2023-10-25 00:00:00' AND '2023-10-25 23:59:59'   AND `is_pay` = 1 LIMIT 1 [ RunTime:0.000187s ]
[2023-10-22T14:54:13+08:00][sql] SELECT COUNT(*) AS think_count FROM `nianbao_order` WHERE  `create_time` BETWEEN '2023-10-26 00:00:00' AND '2023-10-26 23:59:59'   AND `is_pay` = 1 LIMIT 1 [ RunTime:0.000192s ]
[2023-10-22T14:54:13+08:00][sql] SELECT COUNT(*) AS think_count FROM `nianbao_order` WHERE  `create_time` BETWEEN '2023-10-27 00:00:00' AND '2023-10-27 23:59:59'   AND `is_pay` = 1 LIMIT 1 [ RunTime:0.000195s ]
[2023-10-22T14:54:13+08:00][sql] SELECT COUNT(*) AS think_count FROM `nianbao_order` WHERE  `create_time` BETWEEN '2023-10-28 00:00:00' AND '2023-10-28 23:59:59'   AND `is_pay` = 1 LIMIT 1 [ RunTime:0.000186s ]
[2023-10-22T14:54:13+08:00][sql] SELECT COUNT(*) AS think_count FROM `nianbao_order` WHERE  `create_time` BETWEEN '2023-10-29 00:00:00' AND '2023-10-29 23:59:59'   AND `is_pay` = 1 LIMIT 1 [ RunTime:0.000201s ]
[2023-10-22T14:54:13+08:00][sql] SELECT COUNT(*) AS think_count FROM `nianbao_order` WHERE  `create_time` BETWEEN '2023-10-30 00:00:00' AND '2023-10-30 23:59:59'   AND `is_pay` = 1 LIMIT 1 [ RunTime:0.000185s ]
[2023-10-22T14:54:13+08:00][sql] SELECT COUNT(*) AS think_count FROM `nianbao_order` WHERE  `create_time` BETWEEN '2023-10-31 00:00:00' AND '2023-10-31 23:59:59'   AND `is_pay` = 1 LIMIT 1 [ RunTime:0.000178s ]
[2023-10-22T14:54:13+08:00][sql] SHOW FULL COLUMNS FROM `nianbao_member` [ RunTime:0.000915s ]
[2023-10-22T14:54:13+08:00][sql] SELECT COUNT(*) AS think_count FROM `nianbao_member` WHERE  `create_time` BETWEEN '2023-10-01 00:00:00' AND '2023-10-31 23:59:59'  LIMIT 1 [ RunTime:0.000228s ]
[2023-10-22T14:54:13+08:00][sql] SELECT COUNT(*) AS think_count FROM `nianbao_order` WHERE  `create_time` BETWEEN '2023-10-01 00:00:00' AND '2023-10-31 23:59:59'   AND `is_pay` = 1 LIMIT 1 [ RunTime:0.000217s ]
[2023-10-22T14:54:13+08:00][sql] SELECT SUM(`total_price`) AS think_sum FROM `nianbao_order` WHERE  `create_time` BETWEEN '2023-10-01 00:00:00' AND '2023-10-31 23:59:59'   AND `is_pay` = 1 LIMIT 1 [ RunTime:0.000200s ]
[2023-10-22T14:54:13+08:00][sql] SELECT COUNT(*) AS think_count FROM `nianbao_member` WHERE  `create_time` BETWEEN '2023-10-22 00:00:00' AND '2023-10-22 23:59:59'  LIMIT 1 [ RunTime:0.000175s ]
[2023-10-22T14:54:13+08:00][sql] SELECT COUNT(*) AS think_count FROM `nianbao_order` WHERE  `create_time` BETWEEN '2023-10-22 00:00:00' AND '2023-10-22 23:59:59'  LIMIT 1 [ RunTime:0.000184s ]
[2023-10-22T14:54:13+08:00][sql] SELECT SUM(`total_price`) AS think_sum FROM `nianbao_order` WHERE  `create_time` BETWEEN '2023-10-22 00:00:00' AND '2023-10-22 23:59:59'   AND `is_pay` = 1 LIMIT 1 [ RunTime:0.000179s ]
[2023-10-22T14:54:18+08:00][sql] CONNECT:[ UseTime:0.000398s ] mysql:host=127.0.0.1;port=3306;dbname=nianbao;charset=utf8
[2023-10-22T14:54:18+08:00][sql] SHOW FULL COLUMNS FROM `nianbao_base_config` [ RunTime:0.000481s ]
[2023-10-22T14:54:18+08:00][sql] SELECT `data`,`name` FROM `nianbao_base_config` [ RunTime:0.000284s ]
[2023-10-22T14:54:22+08:00][sql] CONNECT:[ UseTime:0.000366s ] mysql:host=127.0.0.1;port=3306;dbname=nianbao;charset=utf8
[2023-10-22T14:54:22+08:00][sql] SHOW FULL COLUMNS FROM `nianbao_admin_user` [ RunTime:0.000548s ]
[2023-10-22T14:54:22+08:00][sql] SELECT COUNT(*) AS think_count FROM `nianbao_admin_user` `adminuser` LEFT JOIN `nianbao_role` `role` ON `adminuser`.`role_id`=`role`.`role_id` LIMIT 1 [ RunTime:0.000272s ]
[2023-10-22T14:54:22+08:00][sql] SELECT `adminuser`.`user_id`,`adminuser`.`name`,`adminuser`.`user`,`adminuser`.`note`,`adminuser`.`status`,`adminuser`.`create_time`,`role`.`name` AS `role__name` FROM `nianbao_admin_user` `adminuser` LEFT JOIN `nianbao_role` `role` ON `adminuser`.`role_id`=`role`.`role_id` ORDER BY `user_id` DESC LIMIT 0,20 [ RunTime:0.000175s ]
[2023-10-22T14:54:22+08:00][sql] select role_id,name from nianbao_role [ RunTime:0.000158s ]
[2023-10-22T14:54:24+08:00][sql] CONNECT:[ UseTime:0.000385s ] mysql:host=127.0.0.1;port=3306;dbname=nianbao;charset=utf8
[2023-10-22T14:54:24+08:00][sql] SHOW FULL COLUMNS FROM `nianbao_role` [ RunTime:0.000576s ]
[2023-10-22T14:54:24+08:00][sql] SELECT COUNT(*) AS think_count FROM `nianbao_role` LIMIT 1 [ RunTime:0.000178s ]
[2023-10-22T14:54:24+08:00][sql] SELECT `role_id`,`name`,`status`,`description` FROM `nianbao_role` ORDER BY `role_id` DESC LIMIT 0,20 [ RunTime:0.000152s ]
[2023-10-22T14:54:28+08:00][sql] CONNECT:[ UseTime:0.000341s ] mysql:host=127.0.0.1;port=3306;dbname=nianbao;charset=utf8
[2023-10-22T14:54:28+08:00][sql] SHOW FULL COLUMNS FROM `nianbao_admin_user` [ RunTime:0.000462s ]
[2023-10-22T14:54:28+08:00][sql] SELECT COUNT(*) AS think_count FROM `nianbao_admin_user` `adminuser` LEFT JOIN `nianbao_role` `role` ON `adminuser`.`role_id`=`role`.`role_id` LIMIT 1 [ RunTime:0.000255s ]
[2023-10-22T14:54:28+08:00][sql] SELECT `adminuser`.`user_id`,`adminuser`.`name`,`adminuser`.`user`,`adminuser`.`note`,`adminuser`.`status`,`adminuser`.`create_time`,`role`.`name` AS `role__name` FROM `nianbao_admin_user` `adminuser` LEFT JOIN `nianbao_role` `role` ON `adminuser`.`role_id`=`role`.`role_id` ORDER BY `user_id` DESC LIMIT 0,20 [ RunTime:0.000191s ]
[2023-10-22T14:54:28+08:00][sql] select role_id,name from nianbao_role [ RunTime:0.000161s ]
[2023-10-22T14:54:34+08:00][sql] CONNECT:[ UseTime:0.000370s ] mysql:host=127.0.0.1;port=3306;dbname=nianbao;charset=utf8
[2023-10-22T14:54:34+08:00][sql] SHOW FULL COLUMNS FROM `nianbao_node` [ RunTime:0.000522s ]
[2023-10-22T14:54:34+08:00][sql] SELECT COUNT(*) AS think_count FROM `nianbao_node` LIMIT 1 [ RunTime:0.000200s ]
[2023-10-22T14:54:34+08:00][sql] SELECT `node_id`,`title`,`type`,`path`,`status`,`icon`,`sortid`,`pid` FROM `nianbao_node` ORDER BY `sortid` ASC LIMIT 0,1000 [ RunTime:0.000251s ]
[2023-10-22T14:54:34+08:00][sql] select node_id,title,pid from nianbao_node order by sortid asc [ RunTime:0.000211s ]
[2023-10-22T14:54:36+08:00][sql] CONNECT:[ UseTime:0.000383s ] mysql:host=127.0.0.1;port=3306;dbname=nianbao;charset=utf8
[2023-10-22T14:54:36+08:00][sql] SHOW FULL COLUMNS FROM `nianbao_node` [ RunTime:0.000493s ]
[2023-10-22T14:54:36+08:00][sql] SELECT COUNT(*) AS think_count FROM `nianbao_node` LIMIT 1 [ RunTime:0.000205s ]
[2023-10-22T14:54:36+08:00][sql] SELECT `node_id`,`title`,`type`,`path`,`status`,`icon`,`sortid`,`pid` FROM `nianbao_node` ORDER BY `sortid` ASC LIMIT 0,1000 [ RunTime:0.000265s ]
[2023-10-22T14:54:36+08:00][sql] select node_id,title,pid from nianbao_node order by sortid asc [ RunTime:0.000224s ]
[2023-10-22T14:54:39+08:00][sql] CONNECT:[ UseTime:0.000379s ] mysql:host=127.0.0.1;port=3306;dbname=nianbao;charset=utf8
[2023-10-22T14:54:39+08:00][sql] SHOW FULL COLUMNS FROM `nianbao_member` [ RunTime:0.000543s ]
[2023-10-22T14:54:39+08:00][sql] SELECT COUNT(*) AS think_count FROM `nianbao_member` LIMIT 1 [ RunTime:0.000245s ]
[2023-10-22T14:54:39+08:00][sql] SELECT `id`,`nickname`,`openid`,`avatar`,`mobile`,`is_delete`,`create_time` FROM `nianbao_member` ORDER BY `id` DESC LIMIT 0,20 [ RunTime:0.000202s ]
[2023-10-22T14:55:00+08:00][sql] CONNECT:[ UseTime:0.000372s ] mysql:host=127.0.0.1;port=3306;dbname=nianbao;charset=utf8
[2023-10-22T14:55:00+08:00][sql] SHOW FULL COLUMNS FROM `nianbao_enterprise` [ RunTime:0.000687s ]
[2023-10-22T14:55:00+08:00][sql] SELECT COUNT(*) AS think_count FROM `nianbao_enterprise` LIMIT 1 [ RunTime:0.000919s ]
[2023-10-22T14:55:00+08:00][sql] SELECT * FROM `nianbao_enterprise` ORDER BY `id` DESC LIMIT 0,20 [ RunTime:0.000231s ]
[2023-10-22T14:55:03+08:00][sql] CONNECT:[ UseTime:0.000380s ] mysql:host=127.0.0.1;port=3306;dbname=nianbao;charset=utf8
[2023-10-22T14:55:03+08:00][sql] SHOW FULL COLUMNS FROM `nianbao_base_config` [ RunTime:0.000514s ]
[2023-10-22T14:55:03+08:00][sql] SELECT * FROM `nianbao_base_config` [ RunTime:0.000282s ]
[2023-10-22T14:55:04+08:00][sql] CONNECT:[ UseTime:0.000342s ] mysql:host=127.0.0.1;port=3306;dbname=nianbao;charset=utf8
[2023-10-22T14:55:04+08:00][sql] SHOW FULL COLUMNS FROM `nianbao_order` [ RunTime:0.000615s ]
[2023-10-22T14:55:04+08:00][sql] SELECT COUNT(*) AS think_count FROM `nianbao_order` WHERE  `is_pay` = 1 LIMIT 1 [ RunTime:0.000346s ]
[2023-10-22T14:55:04+08:00][sql] SELECT * FROM `nianbao_order` WHERE  `is_pay` = 1 ORDER BY `id` DESC LIMIT 0,20 [ RunTime:0.000294s ]
[2023-10-22T14:55:11+08:00][sql] CONNECT:[ UseTime:0.000374s ] mysql:host=127.0.0.1;port=3306;dbname=nianbao;charset=utf8
[2023-10-22T14:55:11+08:00][sql] SHOW FULL COLUMNS FROM `nianbao_shop` [ RunTime:0.000620s ]
[2023-10-22T14:55:11+08:00][sql] SELECT COUNT(*) AS think_count FROM `nianbao_shop` `shop` LEFT JOIN `nianbao_shop_type` `shoptype` ON `shop`.`class_id`=`shoptype`.`id` LIMIT 1 [ RunTime:0.000382s ]
[2023-10-22T14:55:11+08:00][sql] select id,class_name from nianbao_shop_type [ RunTime:0.000197s ]
[2023-10-22T14:55:16+08:00][sql] CONNECT:[ UseTime:0.000374s ] mysql:host=127.0.0.1;port=3306;dbname=nianbao;charset=utf8
[2023-10-22T14:55:16+08:00][sql] SHOW FULL COLUMNS FROM `nianbao_shop_type` [ RunTime:0.000494s ]
[2023-10-22T14:55:16+08:00][sql] SELECT COUNT(*) AS think_count FROM `nianbao_shop_type` LIMIT 1 [ RunTime:0.000200s ]
[2023-10-22T14:55:16+08:00][sql] SELECT `id`,`class_name`,`status`,`sortid` FROM `nianbao_shop_type` ORDER BY `id` DESC LIMIT 0,20 [ RunTime:0.000171s ]
[2023-10-22T14:55:26+08:00][sql] CONNECT:[ UseTime:0.000315s ] mysql:host=127.0.0.1;port=3306;dbname=nianbao;charset=utf8
[2023-10-22T14:55:26+08:00][sql] SHOW FULL COLUMNS FROM `nianbao_shop_type` [ RunTime:0.000463s ]
[2023-10-22T14:55:26+08:00][sql] SELECT `id`,`class_name`,`status`,`sortid` FROM `nianbao_shop_type` WHERE  `id` = 11 LIMIT 1 [ RunTime:0.000227s ]
[2023-10-22T14:55:35+08:00][sql] CONNECT:[ UseTime:0.000360s ] mysql:host=127.0.0.1;port=3306;dbname=nianbao;charset=utf8
[2023-10-22T14:55:35+08:00][sql] SHOW FULL COLUMNS FROM `nianbao_shop_type` [ RunTime:0.000530s ]
[2023-10-22T14:55:35+08:00][sql] SELECT COUNT(*) AS think_count FROM `nianbao_shop_type` LIMIT 1 [ RunTime:0.000203s ]
[2023-10-22T14:55:35+08:00][sql] SELECT `id`,`class_name`,`status`,`sortid` FROM `nianbao_shop_type` ORDER BY `id` DESC LIMIT 0,20 [ RunTime:0.000165s ]
[2023-10-22T14:55:39+08:00][sql] CONNECT:[ UseTime:0.000380s ] mysql:host=127.0.0.1;port=3306;dbname=nianbao;charset=utf8
[2023-10-22T14:55:39+08:00][sql] SHOW FULL COLUMNS FROM `nianbao_base_config` [ RunTime:0.000533s ]
[2023-10-22T14:55:39+08:00][sql] SELECT `data`,`name` FROM `nianbao_base_config` [ RunTime:0.000282s ]
[2023-10-22T14:56:21+08:00][sql] CONNECT:[ UseTime:0.000341s ] mysql:host=127.0.0.1;port=3306;dbname=nianbao;charset=utf8
[2023-10-22T14:56:21+08:00][sql] SHOW FULL COLUMNS FROM `nianbao_base_config` [ RunTime:0.000491s ]
[2023-10-22T14:56:21+08:00][sql] SELECT * FROM `nianbao_base_config` [ RunTime:0.000287s ]
[2023-10-22T14:56:22+08:00][sql] CONNECT:[ UseTime:0.000375s ] mysql:host=127.0.0.1;port=3306;dbname=nianbao;charset=utf8
[2023-10-22T14:56:22+08:00][sql] SHOW FULL COLUMNS FROM `nianbao_order` [ RunTime:0.000629s ]
[2023-10-22T14:56:22+08:00][sql] SELECT COUNT(*) AS think_count FROM `nianbao_order` WHERE  `is_pay` = 1 LIMIT 1 [ RunTime:0.000294s ]
[2023-10-22T14:56:22+08:00][sql] SELECT * FROM `nianbao_order` WHERE  `is_pay` = 1 ORDER BY `id` DESC LIMIT 0,20 [ RunTime:0.000299s ]
[2023-10-22T14:56:26+08:00][sql] CONNECT:[ UseTime:0.000351s ] mysql:host=127.0.0.1;port=3306;dbname=nianbao;charset=utf8
[2023-10-22T14:56:26+08:00][sql] SHOW FULL COLUMNS FROM `nianbao_role` [ RunTime:0.000560s ]
[2023-10-22T14:56:26+08:00][sql] SELECT COUNT(*) AS think_count FROM `nianbao_role` LIMIT 1 [ RunTime:0.000166s ]
[2023-10-22T14:56:26+08:00][sql] SELECT `role_id`,`name`,`status`,`description` FROM `nianbao_role` ORDER BY `role_id` DESC LIMIT 0,20 [ RunTime:0.000148s ]
[2023-10-22T14:56:30+08:00][sql] CONNECT:[ UseTime:0.000371s ] mysql:host=127.0.0.1;port=3306;dbname=nianbao;charset=utf8
[2023-10-22T14:56:30+08:00][sql] SHOW FULL COLUMNS FROM `nianbao_log` [ RunTime:0.000633s ]
[2023-10-22T14:56:30+08:00][sql] SELECT COUNT(*) AS think_count FROM `nianbao_log` LIMIT 1 [ RunTime:0.000292s ]
[2023-10-22T14:56:30+08:00][sql] SELECT `id`,`application_name`,`username`,`url`,`ip`,`create_time`,`type` FROM `nianbao_log` ORDER BY `id` DESC LIMIT 0,20 [ RunTime:0.000189s ]
[2023-10-22T14:56:33+08:00][sql] CONNECT:[ UseTime:0.000329s ] mysql:host=127.0.0.1;port=3306;dbname=nianbao;charset=utf8
[2023-10-22T14:56:33+08:00][sql] SHOW FULL COLUMNS FROM `nianbao_order` [ RunTime:0.000611s ]
[2023-10-22T14:56:33+08:00][sql] SELECT COUNT(*) AS think_count FROM `nianbao_order` WHERE  `create_time` BETWEEN '2023-10-01 00:00:00' AND '2023-10-01 23:59:59'   AND `is_pay` = 1 LIMIT 1 [ RunTime:0.000352s ]
[2023-10-22T14:56:33+08:00][sql] SELECT COUNT(*) AS think_count FROM `nianbao_order` WHERE  `create_time` BETWEEN '2023-10-02 00:00:00' AND '2023-10-02 23:59:59'   AND `is_pay` = 1 LIMIT 1 [ RunTime:0.000281s ]
[2023-10-22T14:56:33+08:00][sql] SELECT COUNT(*) AS think_count FROM `nianbao_order` WHERE  `create_time` BETWEEN '2023-10-03 00:00:00' AND '2023-10-03 23:59:59'   AND `is_pay` = 1 LIMIT 1 [ RunTime:0.000252s ]
[2023-10-22T14:56:33+08:00][sql] SELECT COUNT(*) AS think_count FROM `nianbao_order` WHERE  `create_time` BETWEEN '2023-10-04 00:00:00' AND '2023-10-04 23:59:59'   AND `is_pay` = 1 LIMIT 1 [ RunTime:0.000261s ]
[2023-10-22T14:56:33+08:00][sql] SELECT COUNT(*) AS think_count FROM `nianbao_order` WHERE  `create_time` BETWEEN '2023-10-05 00:00:00' AND '2023-10-05 23:59:59'   AND `is_pay` = 1 LIMIT 1 [ RunTime:0.000254s ]
[2023-10-22T14:56:33+08:00][sql] SELECT COUNT(*) AS think_count FROM `nianbao_order` WHERE  `create_time` BETWEEN '2023-10-06 00:00:00' AND '2023-10-06 23:59:59'   AND `is_pay` = 1 LIMIT 1 [ RunTime:0.000265s ]
[2023-10-22T14:56:33+08:00][sql] SELECT COUNT(*) AS think_count FROM `nianbao_order` WHERE  `create_time` BETWEEN '2023-10-07 00:00:00' AND '2023-10-07 23:59:59'   AND `is_pay` = 1 LIMIT 1 [ RunTime:0.000253s ]
[2023-10-22T14:56:33+08:00][sql] SELECT COUNT(*) AS think_count FROM `nianbao_order` WHERE  `create_time` BETWEEN '2023-10-08 00:00:00' AND '2023-10-08 23:59:59'   AND `is_pay` = 1 LIMIT 1 [ RunTime:0.000267s ]
[2023-10-22T14:56:33+08:00][sql] SELECT COUNT(*) AS think_count FROM `nianbao_order` WHERE  `create_time` BETWEEN '2023-10-09 00:00:00' AND '2023-10-09 23:59:59'   AND `is_pay` = 1 LIMIT 1 [ RunTime:0.000260s ]
[2023-10-22T14:56:33+08:00][sql] SELECT COUNT(*) AS think_count FROM `nianbao_order` WHERE  `create_time` BETWEEN '2023-10-10 00:00:00' AND '2023-10-10 23:59:59'   AND `is_pay` = 1 LIMIT 1 [ RunTime:0.000265s ]
[2023-10-22T14:56:33+08:00][sql] SELECT COUNT(*) AS think_count FROM `nianbao_order` WHERE  `create_time` BETWEEN '2023-10-11 00:00:00' AND '2023-10-11 23:59:59'   AND `is_pay` = 1 LIMIT 1 [ RunTime:0.000260s ]
[2023-10-22T14:56:33+08:00][sql] SELECT COUNT(*) AS think_count FROM `nianbao_order` WHERE  `create_time` BETWEEN '2023-10-12 00:00:00' AND '2023-10-12 23:59:59'   AND `is_pay` = 1 LIMIT 1 [ RunTime:0.000261s ]
[2023-10-22T14:56:33+08:00][sql] SELECT COUNT(*) AS think_count FROM `nianbao_order` WHERE  `create_time` BETWEEN '2023-10-13 00:00:00' AND '2023-10-13 23:59:59'   AND `is_pay` = 1 LIMIT 1 [ RunTime:0.000255s ]
[2023-10-22T14:56:33+08:00][sql] SELECT COUNT(*) AS think_count FROM `nianbao_order` WHERE  `create_time` BETWEEN '2023-10-14 00:00:00' AND '2023-10-14 23:59:59'   AND `is_pay` = 1 LIMIT 1 [ RunTime:0.000251s ]
[2023-10-22T14:56:33+08:00][sql] SELECT COUNT(*) AS think_count FROM `nianbao_order` WHERE  `create_time` BETWEEN '2023-10-15 00:00:00' AND '2023-10-15 23:59:59'   AND `is_pay` = 1 LIMIT 1 [ RunTime:0.000261s ]
[2023-10-22T14:56:33+08:00][sql] SELECT COUNT(*) AS think_count FROM `nianbao_order` WHERE  `create_time` BETWEEN '2023-10-16 00:00:00' AND '2023-10-16 23:59:59'   AND `is_pay` = 1 LIMIT 1 [ RunTime:0.000269s ]
[2023-10-22T14:56:33+08:00][sql] SELECT COUNT(*) AS think_count FROM `nianbao_order` WHERE  `create_time` BETWEEN '2023-10-17 00:00:00' AND '2023-10-17 23:59:59'   AND `is_pay` = 1 LIMIT 1 [ RunTime:0.000263s ]
[2023-10-22T14:56:33+08:00][sql] SELECT COUNT(*) AS think_count FROM `nianbao_order` WHERE  `create_time` BETWEEN '2023-10-18 00:00:00' AND '2023-10-18 23:59:59'   AND `is_pay` = 1 LIMIT 1 [ RunTime:0.000270s ]
[2023-10-22T14:56:33+08:00][sql] SELECT COUNT(*) AS think_count FROM `nianbao_order` WHERE  `create_time` BETWEEN '2023-10-19 00:00:00' AND '2023-10-19 23:59:59'   AND `is_pay` = 1 LIMIT 1 [ RunTime:0.000253s ]
[2023-10-22T14:56:33+08:00][sql] SELECT COUNT(*) AS think_count FROM `nianbao_order` WHERE  `create_time` BETWEEN '2023-10-20 00:00:00' AND '2023-10-20 23:59:59'   AND `is_pay` = 1 LIMIT 1 [ RunTime:0.000288s ]
[2023-10-22T14:56:33+08:00][sql] SELECT COUNT(*) AS think_count FROM `nianbao_order` WHERE  `create_time` BETWEEN '2023-10-21 00:00:00' AND '2023-10-21 23:59:59'   AND `is_pay` = 1 LIMIT 1 [ RunTime:0.000239s ]
[2023-10-22T14:56:33+08:00][sql] SELECT COUNT(*) AS think_count FROM `nianbao_order` WHERE  `create_time` BETWEEN '2023-10-22 00:00:00' AND '2023-10-22 23:59:59'   AND `is_pay` = 1 LIMIT 1 [ RunTime:0.000220s ]
[2023-10-22T14:56:33+08:00][sql] SELECT COUNT(*) AS think_count FROM `nianbao_order` WHERE  `create_time` BETWEEN '2023-10-23 00:00:00' AND '2023-10-23 23:59:59'   AND `is_pay` = 1 LIMIT 1 [ RunTime:0.000191s ]
[2023-10-22T14:56:33+08:00][sql] SELECT COUNT(*) AS think_count FROM `nianbao_order` WHERE  `create_time` BETWEEN '2023-10-24 00:00:00' AND '2023-10-24 23:59:59'   AND `is_pay` = 1 LIMIT 1 [ RunTime:0.000189s ]
[2023-10-22T14:56:33+08:00][sql] SELECT COUNT(*) AS think_count FROM `nianbao_order` WHERE  `create_time` BETWEEN '2023-10-25 00:00:00' AND '2023-10-25 23:59:59'   AND `is_pay` = 1 LIMIT 1 [ RunTime:0.000185s ]
[2023-10-22T14:56:33+08:00][sql] SELECT COUNT(*) AS think_count FROM `nianbao_order` WHERE  `create_time` BETWEEN '2023-10-26 00:00:00' AND '2023-10-26 23:59:59'   AND `is_pay` = 1 LIMIT 1 [ RunTime:0.000196s ]
[2023-10-22T14:56:33+08:00][sql] SELECT COUNT(*) AS think_count FROM `nianbao_order` WHERE  `create_time` BETWEEN '2023-10-27 00:00:00' AND '2023-10-27 23:59:59'   AND `is_pay` = 1 LIMIT 1 [ RunTime:0.000204s ]
[2023-10-22T14:56:33+08:00][sql] SELECT COUNT(*) AS think_count FROM `nianbao_order` WHERE  `create_time` BETWEEN '2023-10-28 00:00:00' AND '2023-10-28 23:59:59'   AND `is_pay` = 1 LIMIT 1 [ RunTime:0.000183s ]
[2023-10-22T14:56:33+08:00][sql] SELECT COUNT(*) AS think_count FROM `nianbao_order` WHERE  `create_time` BETWEEN '2023-10-29 00:00:00' AND '2023-10-29 23:59:59'   AND `is_pay` = 1 LIMIT 1 [ RunTime:0.000196s ]
[2023-10-22T14:56:33+08:00][sql] SELECT COUNT(*) AS think_count FROM `nianbao_order` WHERE  `create_time` BETWEEN '2023-10-30 00:00:00' AND '2023-10-30 23:59:59'   AND `is_pay` = 1 LIMIT 1 [ RunTime:0.000182s ]
[2023-10-22T14:56:33+08:00][sql] SELECT COUNT(*) AS think_count FROM `nianbao_order` WHERE  `create_time` BETWEEN '2023-10-31 00:00:00' AND '2023-10-31 23:59:59'   AND `is_pay` = 1 LIMIT 1 [ RunTime:0.000196s ]
[2023-10-22T14:56:33+08:00][sql] SHOW FULL COLUMNS FROM `nianbao_member` [ RunTime:0.000406s ]
[2023-10-22T14:56:33+08:00][sql] SELECT COUNT(*) AS think_count FROM `nianbao_member` WHERE  `create_time` BETWEEN '2023-10-01 00:00:00' AND '2023-10-31 23:59:59'  LIMIT 1 [ RunTime:0.000194s ]
[2023-10-22T14:56:33+08:00][sql] SELECT COUNT(*) AS think_count FROM `nianbao_order` WHERE  `create_time` BETWEEN '2023-10-01 00:00:00' AND '2023-10-31 23:59:59'   AND `is_pay` = 1 LIMIT 1 [ RunTime:0.000182s ]
[2023-10-22T14:56:33+08:00][sql] SELECT SUM(`total_price`) AS think_sum FROM `nianbao_order` WHERE  `create_time` BETWEEN '2023-10-01 00:00:00' AND '2023-10-31 23:59:59'   AND `is_pay` = 1 LIMIT 1 [ RunTime:0.000197s ]
[2023-10-22T14:56:33+08:00][sql] SELECT COUNT(*) AS think_count FROM `nianbao_member` WHERE  `create_time` BETWEEN '2023-10-22 00:00:00' AND '2023-10-22 23:59:59'  LIMIT 1 [ RunTime:0.000177s ]
[2023-10-22T14:56:33+08:00][sql] SELECT COUNT(*) AS think_count FROM `nianbao_order` WHERE  `create_time` BETWEEN '2023-10-22 00:00:00' AND '2023-10-22 23:59:59'  LIMIT 1 [ RunTime:0.000163s ]
[2023-10-22T14:56:33+08:00][sql] SELECT SUM(`total_price`) AS think_sum FROM `nianbao_order` WHERE  `create_time` BETWEEN '2023-10-22 00:00:00' AND '2023-10-22 23:59:59'   AND `is_pay` = 1 LIMIT 1 [ RunTime:0.000184s ]
[2023-10-22T17:07:56+08:00][sql] CONNECT:[ UseTime:0.000351s ] mysql:host=127.0.0.1;port=3306;dbname=nianbao;charset=utf8
[2023-10-22T17:07:56+08:00][sql] SHOW FULL COLUMNS FROM `nianbao_base_config` [ RunTime:0.000634s ]
[2023-10-22T17:07:56+08:00][sql] SELECT * FROM `nianbao_base_config` [ RunTime:0.000298s ]
[2023-10-22T17:23:42+08:00][sql] CONNECT:[ UseTime:0.000360s ] mysql:host=127.0.0.1;port=3306;dbname=nianbao;charset=utf8
[2023-10-22T17:23:42+08:00][sql] SHOW FULL COLUMNS FROM `nianbao_base_config` [ RunTime:0.000613s ]
[2023-10-22T17:23:42+08:00][sql] SELECT * FROM `nianbao_base_config` [ RunTime:0.000259s ]
[2023-10-22T23:58:38+08:00][sql] CONNECT:[ UseTime:0.000376s ] mysql:host=127.0.0.1;port=3306;dbname=nianbao;charset=utf8
[2023-10-22T23:58:38+08:00][sql] SHOW FULL COLUMNS FROM `nianbao_base_config` [ RunTime:0.000510s ]
[2023-10-22T23:58:38+08:00][sql] SELECT * FROM `nianbao_base_config` [ RunTime:0.000274s ]
