[2023-10-23T00:00:36+08:00][sql] CONNECT:[ UseTime:0.000361s ] mysql:host=127.0.0.1;port=3306;dbname=nianbao;charset=utf8
[2023-10-23T00:00:36+08:00][sql] SHOW FULL COLUMNS FROM `nianbao_base_config` [ RunTime:0.000550s ]
[2023-10-23T00:00:36+08:00][sql] SELECT * FROM `nianbao_base_config` [ RunTime:0.000279s ]
[2023-10-23T17:29:47+08:00][sql] CONNECT:[ UseTime:0.000346s ] mysql:host=127.0.0.1;port=3306;dbname=nianbao;charset=utf8
[2023-10-23T17:29:47+08:00][sql] SHOW FULL COLUMNS FROM `nianbao_base_config` [ RunTime:0.000613s ]
[2023-10-23T17:29:47+08:00][sql] SELECT * FROM `nianbao_base_config` [ RunTime:0.000259s ]
[2023-10-23T17:30:51+08:00][sql] CONNECT:[ UseTime:0.000385s ] mysql:host=127.0.0.1;port=3306;dbname=nianbao;charset=utf8
[2023-10-23T17:30:51+08:00][sql] SHOW FULL COLUMNS FROM `nianbao_base_config` [ RunTime:0.000623s ]
[2023-10-23T17:30:51+08:00][sql] SELECT * FROM `nianbao_base_config` [ RunTime:0.000268s ]
[2023-10-23T17:30:51+08:00][sql] SHOW FULL COLUMNS FROM `nianbao_admin_user` [ RunTime:0.024860s ]
[2023-10-23T17:30:51+08:00][sql] SELECT `a`.`user_id`,`a`.`name`,a.user as username,`a`.`status`,a.role_id as user_role_ids,`b`.`role_id`,b.name as role_name,b.status as role_status,`b`.`access` FROM `nianbao_admin_user` `a` INNER JOIN `nianbao_role` `b` ON a.role_id in(b.role_id) WHERE  `a`.`user` = 'admin'  AND `a`.`pwd` = 'f7ee2d09a09ea35033707d1f7a2f128a' LIMIT 1 [ RunTime:0.000815s ]
[2023-10-23T17:31:09+08:00][sql] CONNECT:[ UseTime:0.000435s ] mysql:host=127.0.0.1;port=3306;dbname=nianbao;charset=utf8
[2023-10-23T17:31:09+08:00][sql] SHOW FULL COLUMNS FROM `nianbao_admin_user` [ RunTime:0.000597s ]
[2023-10-23T17:31:09+08:00][sql] SELECT `a`.`user_id`,`a`.`name`,a.user as username,`a`.`status`,a.role_id as user_role_ids,`b`.`role_id`,b.name as role_name,b.status as role_status,`b`.`access` FROM `nianbao_admin_user` `a` INNER JOIN `nianbao_role` `b` ON a.role_id in(b.role_id) WHERE  `a`.`user` = 'admin'  AND `a`.`pwd` = 'f7ee2d09a09ea35033707d1f7a2f128a' LIMIT 1 [ RunTime:0.000367s ]
[2023-10-23T17:31:31+08:00][sql] CONNECT:[ UseTime:0.000379s ] mysql:host=127.0.0.1;port=3306;dbname=nianbao;charset=utf8
[2023-10-23T17:31:31+08:00][sql] SHOW FULL COLUMNS FROM `nianbao_admin_user` [ RunTime:0.000547s ]
[2023-10-23T17:31:31+08:00][sql] SELECT `a`.`user_id`,`a`.`name`,a.user as username,`a`.`status`,a.role_id as user_role_ids,`b`.`role_id`,b.name as role_name,b.status as role_status,`b`.`access` FROM `nianbao_admin_user` `a` INNER JOIN `nianbao_role` `b` ON a.role_id in(b.role_id) WHERE  `a`.`user` = 'admin'  AND `a`.`pwd` = 'f7ee2d09a09ea35033707d1f7a2f128a' LIMIT 1 [ RunTime:0.000352s ]
[2023-10-23T17:32:12+08:00][sql] CONNECT:[ UseTime:0.000762s ] mysql:host=127.0.0.1;port=3306;dbname=nianbao;charset=utf8
[2023-10-23T17:32:12+08:00][sql] SHOW FULL COLUMNS FROM `nianbao_base_config` [ RunTime:0.000444s ]
[2023-10-23T17:32:12+08:00][sql] SELECT * FROM `nianbao_base_config` [ RunTime:0.000321s ]
[2023-10-23T17:32:25+08:00][sql] CONNECT:[ UseTime:0.000403s ] mysql:host=127.0.0.1;port=3306;dbname=nianbao;charset=utf8
[2023-10-23T17:32:25+08:00][sql] SHOW FULL COLUMNS FROM `nianbao_admin_user` [ RunTime:0.000567s ]
[2023-10-23T17:32:25+08:00][sql] SELECT `a`.`user_id`,`a`.`name`,a.user as username,`a`.`status`,a.role_id as user_role_ids,`b`.`role_id`,b.name as role_name,b.status as role_status,`b`.`access` FROM `nianbao_admin_user` `a` INNER JOIN `nianbao_role` `b` ON a.role_id in(b.role_id) WHERE  `a`.`user` = 'admin'  AND `a`.`pwd` = 'f7ee2d09a09ea35033707d1f7a2f128a' LIMIT 1 [ RunTime:0.000343s ]
[2023-10-23T21:56:51+08:00][sql] CONNECT:[ UseTime:0.000386s ] mysql:host=127.0.0.1;port=3306;dbname=nianbao;charset=utf8
[2023-10-23T21:56:51+08:00][sql] SHOW FULL COLUMNS FROM `nianbao_base_config` [ RunTime:0.000648s ]
[2023-10-23T21:56:51+08:00][sql] SELECT * FROM `nianbao_base_config` [ RunTime:0.000303s ]
[2023-10-23T21:57:16+08:00][sql] CONNECT:[ UseTime:0.000379s ] mysql:host=127.0.0.1;port=3306;dbname=nianbao;charset=utf8
[2023-10-23T21:57:16+08:00][sql] SHOW FULL COLUMNS FROM `nianbao_admin_user` [ RunTime:0.000597s ]
[2023-10-23T21:57:16+08:00][sql] SELECT `a`.`user_id`,`a`.`name`,a.user as username,`a`.`status`,a.role_id as user_role_ids,`b`.`role_id`,b.name as role_name,b.status as role_status,`b`.`access` FROM `nianbao_admin_user` `a` INNER JOIN `nianbao_role` `b` ON a.role_id in(b.role_id) WHERE  `a`.`user` = 'admin'  AND `a`.`pwd` = 'f7ee2d09a09ea35033707d1f7a2f128a' LIMIT 1 [ RunTime:0.000373s ]
[2023-10-23T21:57:40+08:00][sql] CONNECT:[ UseTime:0.000335s ] mysql:host=127.0.0.1;port=3306;dbname=nianbao;charset=utf8
[2023-10-23T21:57:40+08:00][sql] SHOW FULL COLUMNS FROM `nianbao_admin_user` [ RunTime:0.000562s ]
[2023-10-23T21:57:40+08:00][sql] SELECT `a`.`user_id`,`a`.`name`,a.user as username,`a`.`status`,a.role_id as user_role_ids,`b`.`role_id`,b.name as role_name,b.status as role_status,`b`.`access` FROM `nianbao_admin_user` `a` INNER JOIN `nianbao_role` `b` ON a.role_id in(b.role_id) WHERE  `a`.`user` = 'admin'  AND `a`.`pwd` = 'c4ceeb4b1fe20766657ea78a10ee3679' LIMIT 1 [ RunTime:0.000326s ]
[2023-10-23T21:58:31+08:00][sql] CONNECT:[ UseTime:0.000406s ] mysql:host=127.0.0.1;port=3306;dbname=nianbao;charset=utf8
[2023-10-23T21:58:31+08:00][sql] SHOW FULL COLUMNS FROM `nianbao_base_config` [ RunTime:0.000529s ]
[2023-10-23T21:58:31+08:00][sql] SELECT * FROM `nianbao_base_config` [ RunTime:0.000277s ]
[2023-10-23T21:58:31+08:00][sql] SHOW FULL COLUMNS FROM `nianbao_admin_user` [ RunTime:0.000404s ]
[2023-10-23T21:58:31+08:00][sql] SELECT `a`.`user_id`,`a`.`name`,a.user as username,`a`.`status`,a.role_id as user_role_ids,`b`.`role_id`,b.name as role_name,b.status as role_status,`b`.`access` FROM `nianbao_admin_user` `a` INNER JOIN `nianbao_role` `b` ON a.role_id in(b.role_id) WHERE  `a`.`user` = 'admin'  AND `a`.`pwd` = 'f7ee2d09a09ea35033707d1f7a2f128a' LIMIT 1 [ RunTime:0.000305s ]
[2023-10-23T21:58:44+08:00][sql] CONNECT:[ UseTime:0.000374s ] mysql:host=127.0.0.1;port=3306;dbname=nianbao;charset=utf8
[2023-10-23T21:58:44+08:00][sql] SHOW FULL COLUMNS FROM `nianbao_admin_user` [ RunTime:0.000580s ]
[2023-10-23T21:58:44+08:00][sql] SELECT `a`.`user_id`,`a`.`name`,a.user as username,`a`.`status`,a.role_id as user_role_ids,`b`.`role_id`,b.name as role_name,b.status as role_status,`b`.`access` FROM `nianbao_admin_user` `a` INNER JOIN `nianbao_role` `b` ON a.role_id in(b.role_id) WHERE  `a`.`user` = 'admin'  AND `a`.`pwd` = 'f7ee2d09a09ea35033707d1f7a2f128a' LIMIT 1 [ RunTime:0.000357s ]
[2023-10-23T22:00:46+08:00][sql] CONNECT:[ UseTime:0.000387s ] mysql:host=127.0.0.1;port=3306;dbname=nianbao;charset=utf8
[2023-10-23T22:00:46+08:00][sql] SHOW FULL COLUMNS FROM `nianbao_base_config` [ RunTime:0.000667s ]
[2023-10-23T22:00:46+08:00][sql] SELECT * FROM `nianbao_base_config` [ RunTime:0.000471s ]
[2023-10-23T22:00:46+08:00][sql] SHOW FULL COLUMNS FROM `nianbao_admin_user` [ RunTime:0.000530s ]
[2023-10-23T22:00:46+08:00][sql] SELECT `a`.`user_id`,`a`.`name`,a.user as username,`a`.`status`,a.role_id as user_role_ids,`b`.`role_id`,b.name as role_name,b.status as role_status,`b`.`access` FROM `nianbao_admin_user` `a` INNER JOIN `nianbao_role` `b` ON a.role_id in(b.role_id) WHERE  `a`.`user` = '19905226339'  AND `a`.`pwd` = '167a6c42f71655b74db81148b06fb2c0' LIMIT 1 [ RunTime:0.000336s ]
[2023-10-23T22:01:07+08:00][sql] CONNECT:[ UseTime:0.000375s ] mysql:host=127.0.0.1;port=3306;dbname=nianbao;charset=utf8
[2023-10-23T22:01:07+08:00][sql] SHOW FULL COLUMNS FROM `nianbao_admin_user` [ RunTime:0.000556s ]
[2023-10-23T22:01:07+08:00][sql] SELECT `a`.`user_id`,`a`.`name`,a.user as username,`a`.`status`,a.role_id as user_role_ids,`b`.`role_id`,b.name as role_name,b.status as role_status,`b`.`access` FROM `nianbao_admin_user` `a` INNER JOIN `nianbao_role` `b` ON a.role_id in(b.role_id) WHERE  `a`.`user` = 'admin'  AND `a`.`pwd` = '30afa393551f4dca85ef64ea582b3c14' LIMIT 1 [ RunTime:0.000347s ]
[2023-10-23T22:03:04+08:00][sql] CONNECT:[ UseTime:0.000363s ] mysql:host=127.0.0.1;port=3306;dbname=nianbao;charset=utf8
[2023-10-23T22:03:04+08:00][sql] SHOW FULL COLUMNS FROM `nianbao_base_config` [ RunTime:0.000518s ]
[2023-10-23T22:03:04+08:00][sql] SELECT * FROM `nianbao_base_config` [ RunTime:0.000274s ]
[2023-10-23T22:03:04+08:00][sql] SHOW FULL COLUMNS FROM `nianbao_admin_user` [ RunTime:0.000439s ]
[2023-10-23T22:03:04+08:00][sql] SELECT `a`.`user_id`,`a`.`name`,a.user as username,`a`.`status`,a.role_id as user_role_ids,`b`.`role_id`,b.name as role_name,b.status as role_status,`b`.`access` FROM `nianbao_admin_user` `a` INNER JOIN `nianbao_role` `b` ON a.role_id in(b.role_id) WHERE  `a`.`user` = 'admin'  AND `a`.`pwd` = '7b2ad4e307d5b3ec9e786054225d0985' LIMIT 1 [ RunTime:0.000319s ]
[2023-10-23T22:03:04+08:00][sql] SHOW FULL COLUMNS FROM `nianbao_log` [ RunTime:0.000378s ]
[2023-10-23T22:03:04+08:00][sql] INSERT INTO `nianbao_log` SET `application_name` = 'admin' , `username` = 'admin' , `url` = 'https://ss.xyaa.vip/admin/Login/index.html' , `ip` = '140.250.227.35' , `useragent` = 'Mozilla/5.0 (Windows NT 10.0; Win64; x64) AppleWebKit/537.36 (KHTML, like Gecko) Chrome/117.0.0.0 Safari/537.36 Edg/117.0.2045.60' , `create_time` = 1698069784 , `type` = 1 [ RunTime:0.004073s ]
[2023-10-23T22:03:05+08:00][sql] CONNECT:[ UseTime:0.000332s ] mysql:host=127.0.0.1;port=3306;dbname=nianbao;charset=utf8
[2023-10-23T22:03:05+08:00][sql] SHOW FULL COLUMNS FROM `nianbao_node` [ RunTime:0.000529s ]
[2023-10-23T22:03:05+08:00][sql] SELECT `node_id`,`pid`,`title`,`status`,`icon`,`sortid`,`path` FROM `nianbao_node` WHERE  `status` = 1  AND `type` = 1 ORDER BY `sortid` ASC [ RunTime:0.000322s ]
[2023-10-23T22:03:05+08:00][sql] CONNECT:[ UseTime:0.000407s ] mysql:host=127.0.0.1;port=3306;dbname=nianbao;charset=utf8
[2023-10-23T22:03:05+08:00][sql] SHOW FULL COLUMNS FROM `nianbao_order` [ RunTime:0.000652s ]
[2023-10-23T22:03:05+08:00][sql] SELECT COUNT(*) AS think_count FROM `nianbao_order` WHERE  `create_time` BETWEEN '2023-10-01 00:00:00' AND '2023-10-01 23:59:59'   AND `is_pay` = 1 LIMIT 1 [ RunTime:0.000361s ]
[2023-10-23T22:03:05+08:00][sql] SELECT COUNT(*) AS think_count FROM `nianbao_order` WHERE  `create_time` BETWEEN '2023-10-02 00:00:00' AND '2023-10-02 23:59:59'   AND `is_pay` = 1 LIMIT 1 [ RunTime:0.000253s ]
[2023-10-23T22:03:05+08:00][sql] SELECT COUNT(*) AS think_count FROM `nianbao_order` WHERE  `create_time` BETWEEN '2023-10-03 00:00:00' AND '2023-10-03 23:59:59'   AND `is_pay` = 1 LIMIT 1 [ RunTime:0.000227s ]
[2023-10-23T22:03:05+08:00][sql] SELECT COUNT(*) AS think_count FROM `nianbao_order` WHERE  `create_time` BETWEEN '2023-10-04 00:00:00' AND '2023-10-04 23:59:59'   AND `is_pay` = 1 LIMIT 1 [ RunTime:0.000221s ]
[2023-10-23T22:03:05+08:00][sql] SELECT COUNT(*) AS think_count FROM `nianbao_order` WHERE  `create_time` BETWEEN '2023-10-05 00:00:00' AND '2023-10-05 23:59:59'   AND `is_pay` = 1 LIMIT 1 [ RunTime:0.000222s ]
[2023-10-23T22:03:05+08:00][sql] SELECT COUNT(*) AS think_count FROM `nianbao_order` WHERE  `create_time` BETWEEN '2023-10-06 00:00:00' AND '2023-10-06 23:59:59'   AND `is_pay` = 1 LIMIT 1 [ RunTime:0.000238s ]
[2023-10-23T22:03:05+08:00][sql] SELECT COUNT(*) AS think_count FROM `nianbao_order` WHERE  `create_time` BETWEEN '2023-10-07 00:00:00' AND '2023-10-07 23:59:59'   AND `is_pay` = 1 LIMIT 1 [ RunTime:0.000224s ]
[2023-10-23T22:03:05+08:00][sql] SELECT COUNT(*) AS think_count FROM `nianbao_order` WHERE  `create_time` BETWEEN '2023-10-08 00:00:00' AND '2023-10-08 23:59:59'   AND `is_pay` = 1 LIMIT 1 [ RunTime:0.000216s ]
[2023-10-23T22:03:05+08:00][sql] SELECT COUNT(*) AS think_count FROM `nianbao_order` WHERE  `create_time` BETWEEN '2023-10-09 00:00:00' AND '2023-10-09 23:59:59'   AND `is_pay` = 1 LIMIT 1 [ RunTime:0.000226s ]
[2023-10-23T22:03:05+08:00][sql] SELECT COUNT(*) AS think_count FROM `nianbao_order` WHERE  `create_time` BETWEEN '2023-10-10 00:00:00' AND '2023-10-10 23:59:59'   AND `is_pay` = 1 LIMIT 1 [ RunTime:0.000232s ]
[2023-10-23T22:03:05+08:00][sql] SELECT COUNT(*) AS think_count FROM `nianbao_order` WHERE  `create_time` BETWEEN '2023-10-11 00:00:00' AND '2023-10-11 23:59:59'   AND `is_pay` = 1 LIMIT 1 [ RunTime:0.000222s ]
[2023-10-23T22:03:05+08:00][sql] SELECT COUNT(*) AS think_count FROM `nianbao_order` WHERE  `create_time` BETWEEN '2023-10-12 00:00:00' AND '2023-10-12 23:59:59'   AND `is_pay` = 1 LIMIT 1 [ RunTime:0.000220s ]
[2023-10-23T22:03:05+08:00][sql] SELECT COUNT(*) AS think_count FROM `nianbao_order` WHERE  `create_time` BETWEEN '2023-10-13 00:00:00' AND '2023-10-13 23:59:59'   AND `is_pay` = 1 LIMIT 1 [ RunTime:0.000236s ]
[2023-10-23T22:03:05+08:00][sql] SELECT COUNT(*) AS think_count FROM `nianbao_order` WHERE  `create_time` BETWEEN '2023-10-14 00:00:00' AND '2023-10-14 23:59:59'   AND `is_pay` = 1 LIMIT 1 [ RunTime:0.000247s ]
[2023-10-23T22:03:05+08:00][sql] SELECT COUNT(*) AS think_count FROM `nianbao_order` WHERE  `create_time` BETWEEN '2023-10-15 00:00:00' AND '2023-10-15 23:59:59'   AND `is_pay` = 1 LIMIT 1 [ RunTime:0.000232s ]
[2023-10-23T22:03:05+08:00][sql] SELECT COUNT(*) AS think_count FROM `nianbao_order` WHERE  `create_time` BETWEEN '2023-10-16 00:00:00' AND '2023-10-16 23:59:59'   AND `is_pay` = 1 LIMIT 1 [ RunTime:0.000224s ]
[2023-10-23T22:03:05+08:00][sql] SELECT COUNT(*) AS think_count FROM `nianbao_order` WHERE  `create_time` BETWEEN '2023-10-17 00:00:00' AND '2023-10-17 23:59:59'   AND `is_pay` = 1 LIMIT 1 [ RunTime:0.000231s ]
[2023-10-23T22:03:05+08:00][sql] SELECT COUNT(*) AS think_count FROM `nianbao_order` WHERE  `create_time` BETWEEN '2023-10-18 00:00:00' AND '2023-10-18 23:59:59'   AND `is_pay` = 1 LIMIT 1 [ RunTime:0.000221s ]
[2023-10-23T22:03:05+08:00][sql] SELECT COUNT(*) AS think_count FROM `nianbao_order` WHERE  `create_time` BETWEEN '2023-10-19 00:00:00' AND '2023-10-19 23:59:59'   AND `is_pay` = 1 LIMIT 1 [ RunTime:0.000252s ]
[2023-10-23T22:03:05+08:00][sql] SELECT COUNT(*) AS think_count FROM `nianbao_order` WHERE  `create_time` BETWEEN '2023-10-20 00:00:00' AND '2023-10-20 23:59:59'   AND `is_pay` = 1 LIMIT 1 [ RunTime:0.000227s ]
[2023-10-23T22:03:05+08:00][sql] SELECT COUNT(*) AS think_count FROM `nianbao_order` WHERE  `create_time` BETWEEN '2023-10-21 00:00:00' AND '2023-10-21 23:59:59'   AND `is_pay` = 1 LIMIT 1 [ RunTime:0.000232s ]
[2023-10-23T22:03:05+08:00][sql] SELECT COUNT(*) AS think_count FROM `nianbao_order` WHERE  `create_time` BETWEEN '2023-10-22 00:00:00' AND '2023-10-22 23:59:59'   AND `is_pay` = 1 LIMIT 1 [ RunTime:0.000231s ]
[2023-10-23T22:03:05+08:00][sql] SELECT COUNT(*) AS think_count FROM `nianbao_order` WHERE  `create_time` BETWEEN '2023-10-23 00:00:00' AND '2023-10-23 23:59:59'   AND `is_pay` = 1 LIMIT 1 [ RunTime:0.000237s ]
[2023-10-23T22:03:05+08:00][sql] SELECT COUNT(*) AS think_count FROM `nianbao_order` WHERE  `create_time` BETWEEN '2023-10-24 00:00:00' AND '2023-10-24 23:59:59'   AND `is_pay` = 1 LIMIT 1 [ RunTime:0.000226s ]
[2023-10-23T22:03:05+08:00][sql] SELECT COUNT(*) AS think_count FROM `nianbao_order` WHERE  `create_time` BETWEEN '2023-10-25 00:00:00' AND '2023-10-25 23:59:59'   AND `is_pay` = 1 LIMIT 1 [ RunTime:0.000249s ]
[2023-10-23T22:03:05+08:00][sql] SELECT COUNT(*) AS think_count FROM `nianbao_order` WHERE  `create_time` BETWEEN '2023-10-26 00:00:00' AND '2023-10-26 23:59:59'   AND `is_pay` = 1 LIMIT 1 [ RunTime:0.000267s ]
[2023-10-23T22:03:05+08:00][sql] SELECT COUNT(*) AS think_count FROM `nianbao_order` WHERE  `create_time` BETWEEN '2023-10-27 00:00:00' AND '2023-10-27 23:59:59'   AND `is_pay` = 1 LIMIT 1 [ RunTime:0.000254s ]
[2023-10-23T22:03:05+08:00][sql] SELECT COUNT(*) AS think_count FROM `nianbao_order` WHERE  `create_time` BETWEEN '2023-10-28 00:00:00' AND '2023-10-28 23:59:59'   AND `is_pay` = 1 LIMIT 1 [ RunTime:0.000267s ]
[2023-10-23T22:03:05+08:00][sql] SELECT COUNT(*) AS think_count FROM `nianbao_order` WHERE  `create_time` BETWEEN '2023-10-29 00:00:00' AND '2023-10-29 23:59:59'   AND `is_pay` = 1 LIMIT 1 [ RunTime:0.000262s ]
[2023-10-23T22:03:05+08:00][sql] SELECT COUNT(*) AS think_count FROM `nianbao_order` WHERE  `create_time` BETWEEN '2023-10-30 00:00:00' AND '2023-10-30 23:59:59'   AND `is_pay` = 1 LIMIT 1 [ RunTime:0.000252s ]
[2023-10-23T22:03:05+08:00][sql] SELECT COUNT(*) AS think_count FROM `nianbao_order` WHERE  `create_time` BETWEEN '2023-10-31 00:00:00' AND '2023-10-31 23:59:59'   AND `is_pay` = 1 LIMIT 1 [ RunTime:0.000268s ]
[2023-10-23T22:03:05+08:00][sql] SHOW FULL COLUMNS FROM `nianbao_member` [ RunTime:0.000501s ]
[2023-10-23T22:03:05+08:00][sql] SELECT COUNT(*) AS think_count FROM `nianbao_member` WHERE  `create_time` BETWEEN '2023-10-01 00:00:00' AND '2023-10-31 23:59:59'  LIMIT 1 [ RunTime:0.000251s ]
[2023-10-23T22:03:05+08:00][sql] SELECT COUNT(*) AS think_count FROM `nianbao_order` WHERE  `create_time` BETWEEN '2023-10-01 00:00:00' AND '2023-10-31 23:59:59'   AND `is_pay` = 1 LIMIT 1 [ RunTime:0.000242s ]
[2023-10-23T22:03:05+08:00][sql] SELECT SUM(`total_price`) AS think_sum FROM `nianbao_order` WHERE  `create_time` BETWEEN '2023-10-01 00:00:00' AND '2023-10-31 23:59:59'   AND `is_pay` = 1 LIMIT 1 [ RunTime:0.000254s ]
[2023-10-23T22:03:05+08:00][sql] SELECT COUNT(*) AS think_count FROM `nianbao_member` WHERE  `create_time` BETWEEN '2023-10-23 00:00:00' AND '2023-10-23 23:59:59'  LIMIT 1 [ RunTime:0.000235s ]
[2023-10-23T22:03:05+08:00][sql] SELECT COUNT(*) AS think_count FROM `nianbao_order` WHERE  `create_time` BETWEEN '2023-10-23 00:00:00' AND '2023-10-23 23:59:59'  LIMIT 1 [ RunTime:0.000220s ]
[2023-10-23T22:03:05+08:00][sql] SELECT SUM(`total_price`) AS think_sum FROM `nianbao_order` WHERE  `create_time` BETWEEN '2023-10-23 00:00:00' AND '2023-10-23 23:59:59'   AND `is_pay` = 1 LIMIT 1 [ RunTime:0.000224s ]
[2023-10-23T22:06:02+08:00][sql] CONNECT:[ UseTime:0.000364s ] mysql:host=127.0.0.1;port=3306;dbname=nianbao;charset=utf8
[2023-10-23T22:06:02+08:00][sql] SHOW FULL COLUMNS FROM `nianbao_base_config` [ RunTime:0.000600s ]
[2023-10-23T22:06:02+08:00][sql] SELECT * FROM `nianbao_base_config` [ RunTime:0.000259s ]
[2023-10-23T22:06:03+08:00][sql] CONNECT:[ UseTime:0.000368s ] mysql:host=127.0.0.1;port=3306;dbname=nianbao;charset=utf8
[2023-10-23T22:06:03+08:00][sql] SHOW FULL COLUMNS FROM `nianbao_role` [ RunTime:0.000579s ]
[2023-10-23T22:06:03+08:00][sql] SELECT COUNT(*) AS think_count FROM `nianbao_role` LIMIT 1 [ RunTime:0.000172s ]
[2023-10-23T22:06:03+08:00][sql] SELECT `role_id`,`name`,`status`,`description` FROM `nianbao_role` ORDER BY `role_id` DESC LIMIT 0,20 [ RunTime:0.000173s ]
[2023-10-23T22:06:05+08:00][sql] CONNECT:[ UseTime:0.000370s ] mysql:host=127.0.0.1;port=3306;dbname=nianbao;charset=utf8
[2023-10-23T22:06:05+08:00][sql] SHOW FULL COLUMNS FROM `nianbao_admin_user` [ RunTime:0.000574s ]
[2023-10-23T22:06:05+08:00][sql] SELECT COUNT(*) AS think_count FROM `nianbao_admin_user` `adminuser` LEFT JOIN `nianbao_role` `role` ON `adminuser`.`role_id`=`role`.`role_id` LIMIT 1 [ RunTime:0.000274s ]
[2023-10-23T22:06:05+08:00][sql] SELECT `adminuser`.`user_id`,`adminuser`.`name`,`adminuser`.`user`,`adminuser`.`note`,`adminuser`.`status`,`adminuser`.`create_time`,`role`.`name` AS `role__name` FROM `nianbao_admin_user` `adminuser` LEFT JOIN `nianbao_role` `role` ON `adminuser`.`role_id`=`role`.`role_id` ORDER BY `user_id` DESC LIMIT 0,20 [ RunTime:0.000206s ]
[2023-10-23T22:06:05+08:00][sql] select role_id,name from nianbao_role [ RunTime:0.000165s ]
[2023-10-23T22:06:06+08:00][sql] CONNECT:[ UseTime:0.000329s ] mysql:host=127.0.0.1;port=3306;dbname=nianbao;charset=utf8
[2023-10-23T22:06:06+08:00][sql] select role_id,name from nianbao_role [ RunTime:0.000288s ]
[2023-10-23T22:06:14+08:00][sql] CONNECT:[ UseTime:0.000344s ] mysql:host=127.0.0.1;port=3306;dbname=nianbao;charset=utf8
[2023-10-23T22:06:14+08:00][sql] select role_id,name from nianbao_role [ RunTime:0.000271s ]
[2023-10-23T22:06:21+08:00][sql] CONNECT:[ UseTime:0.000357s ] mysql:host=127.0.0.1;port=3306;dbname=nianbao;charset=utf8
[2023-10-23T22:06:21+08:00][sql] SHOW FULL COLUMNS FROM `nianbao_log` [ RunTime:0.000613s ]
[2023-10-23T22:06:21+08:00][sql] INSERT INTO `nianbao_log` SET `application_name` = 'admin' , `username` = 'admin' , `url` = 'https://ss.xyaa.vip/admin/Adminuser/add' , `ip` = '140.250.227.35' , `useragent` = 'Mozilla/5.0 (Windows NT 10.0; Win64; x64) AppleWebKit/537.36 (KHTML, like Gecko) Chrome/117.0.0.0 Safari/537.36 Edg/117.0.2045.60' , `content` = '{"name":"ceshi","user":"ceshi","pwd":"123456","role_id":53,"note":"ceshi","status":1,"create_time":""}' , `create_time` = 1698069981 , `type` = 2 [ RunTime:0.004695s ]
[2023-10-23T22:06:21+08:00][sql] SHOW FULL COLUMNS FROM `nianbao_admin_user` [ RunTime:0.000446s ]
[2023-10-23T22:06:21+08:00][sql] INSERT INTO `nianbao_admin_user` SET `name` = 'ceshi' , `user` = 'ceshi' , `pwd` = '7b2ad4e307d5b3ec9e786054225d0985' , `role_id` = 53 , `note` = 'ceshi' , `status` = 1 , `create_time` = 1698069981 [ RunTime:0.004649s ]
[2023-10-23T22:06:22+08:00][sql] CONNECT:[ UseTime:0.000359s ] mysql:host=127.0.0.1;port=3306;dbname=nianbao;charset=utf8
[2023-10-23T22:06:22+08:00][sql] SHOW FULL COLUMNS FROM `nianbao_admin_user` [ RunTime:0.000546s ]
[2023-10-23T22:06:22+08:00][sql] SELECT COUNT(*) AS think_count FROM `nianbao_admin_user` `adminuser` LEFT JOIN `nianbao_role` `role` ON `adminuser`.`role_id`=`role`.`role_id` LIMIT 1 [ RunTime:0.000300s ]
[2023-10-23T22:06:22+08:00][sql] SELECT `adminuser`.`user_id`,`adminuser`.`name`,`adminuser`.`user`,`adminuser`.`note`,`adminuser`.`status`,`adminuser`.`create_time`,`role`.`name` AS `role__name` FROM `nianbao_admin_user` `adminuser` LEFT JOIN `nianbao_role` `role` ON `adminuser`.`role_id`=`role`.`role_id` ORDER BY `user_id` DESC LIMIT 0,20 [ RunTime:0.000240s ]
[2023-10-23T22:06:22+08:00][sql] select role_id,name from nianbao_role [ RunTime:0.000172s ]
[2023-10-23T22:06:43+08:00][sql] CONNECT:[ UseTime:0.000410s ] mysql:host=127.0.0.1;port=3306;dbname=nianbao;charset=utf8
[2023-10-23T22:06:43+08:00][sql] SHOW FULL COLUMNS FROM `nianbao_admin_user` [ RunTime:0.000593s ]
[2023-10-23T22:06:43+08:00][sql] SELECT `a`.`user_id`,`a`.`name`,a.user as username,`a`.`status`,a.role_id as user_role_ids,`b`.`role_id`,b.name as role_name,b.status as role_status,`b`.`access` FROM `nianbao_admin_user` `a` INNER JOIN `nianbao_role` `b` ON a.role_id in(b.role_id) WHERE  `a`.`user` = 'ceshi'  AND `a`.`pwd` = '7b2ad4e307d5b3ec9e786054225d0985' LIMIT 1 [ RunTime:0.000382s ]
[2023-10-23T22:06:43+08:00][sql] SHOW FULL COLUMNS FROM `nianbao_log` [ RunTime:0.000420s ]
[2023-10-23T22:06:43+08:00][sql] INSERT INTO `nianbao_log` SET `application_name` = 'admin' , `username` = 'ceshi' , `url` = 'https://ss.xyaa.vip/admin/Login/index.html' , `ip` = '140.250.227.35' , `useragent` = 'Mozilla/5.0 (Windows NT 10.0; Win64; x64) AppleWebKit/537.36 (KHTML, like Gecko) Chrome/117.0.0.0 Safari/537.36 Edg/117.0.2045.60' , `create_time` = 1698070003 , `type` = 1 [ RunTime:0.004480s ]
[2023-10-23T22:06:44+08:00][sql] CONNECT:[ UseTime:0.000380s ] mysql:host=127.0.0.1;port=3306;dbname=nianbao;charset=utf8
[2023-10-23T22:06:44+08:00][sql] SHOW FULL COLUMNS FROM `nianbao_node` [ RunTime:0.000602s ]
[2023-10-23T22:06:44+08:00][sql] SELECT `node_id`,`pid`,`title`,`status`,`icon`,`sortid`,`path` FROM `nianbao_node` WHERE  `status` = 1  AND `type` = 1 ORDER BY `sortid` ASC [ RunTime:0.000308s ]
[2023-10-23T22:06:45+08:00][sql] CONNECT:[ UseTime:0.000375s ] mysql:host=127.0.0.1;port=3306;dbname=nianbao;charset=utf8
[2023-10-23T22:06:45+08:00][sql] SHOW FULL COLUMNS FROM `nianbao_order` [ RunTime:0.000707s ]
[2023-10-23T22:06:45+08:00][sql] SELECT COUNT(*) AS think_count FROM `nianbao_order` WHERE  `create_time` BETWEEN '2023-10-01 00:00:00' AND '2023-10-01 23:59:59'   AND `is_pay` = 1 LIMIT 1 [ RunTime:0.000302s ]
[2023-10-23T22:06:45+08:00][sql] SELECT COUNT(*) AS think_count FROM `nianbao_order` WHERE  `create_time` BETWEEN '2023-10-02 00:00:00' AND '2023-10-02 23:59:59'   AND `is_pay` = 1 LIMIT 1 [ RunTime:0.000217s ]
[2023-10-23T22:06:45+08:00][sql] SELECT COUNT(*) AS think_count FROM `nianbao_order` WHERE  `create_time` BETWEEN '2023-10-03 00:00:00' AND '2023-10-03 23:59:59'   AND `is_pay` = 1 LIMIT 1 [ RunTime:0.000188s ]
[2023-10-23T22:06:45+08:00][sql] SELECT COUNT(*) AS think_count FROM `nianbao_order` WHERE  `create_time` BETWEEN '2023-10-04 00:00:00' AND '2023-10-04 23:59:59'   AND `is_pay` = 1 LIMIT 1 [ RunTime:0.000210s ]
[2023-10-23T22:06:45+08:00][sql] SELECT COUNT(*) AS think_count FROM `nianbao_order` WHERE  `create_time` BETWEEN '2023-10-05 00:00:00' AND '2023-10-05 23:59:59'   AND `is_pay` = 1 LIMIT 1 [ RunTime:0.000181s ]
[2023-10-23T22:06:45+08:00][sql] SELECT COUNT(*) AS think_count FROM `nianbao_order` WHERE  `create_time` BETWEEN '2023-10-06 00:00:00' AND '2023-10-06 23:59:59'   AND `is_pay` = 1 LIMIT 1 [ RunTime:0.000172s ]
[2023-10-23T22:06:45+08:00][sql] SELECT COUNT(*) AS think_count FROM `nianbao_order` WHERE  `create_time` BETWEEN '2023-10-07 00:00:00' AND '2023-10-07 23:59:59'   AND `is_pay` = 1 LIMIT 1 [ RunTime:0.000179s ]
[2023-10-23T22:06:45+08:00][sql] SELECT COUNT(*) AS think_count FROM `nianbao_order` WHERE  `create_time` BETWEEN '2023-10-08 00:00:00' AND '2023-10-08 23:59:59'   AND `is_pay` = 1 LIMIT 1 [ RunTime:0.000170s ]
[2023-10-23T22:06:45+08:00][sql] SELECT COUNT(*) AS think_count FROM `nianbao_order` WHERE  `create_time` BETWEEN '2023-10-09 00:00:00' AND '2023-10-09 23:59:59'   AND `is_pay` = 1 LIMIT 1 [ RunTime:0.000190s ]
[2023-10-23T22:06:45+08:00][sql] SELECT COUNT(*) AS think_count FROM `nianbao_order` WHERE  `create_time` BETWEEN '2023-10-10 00:00:00' AND '2023-10-10 23:59:59'   AND `is_pay` = 1 LIMIT 1 [ RunTime:0.000170s ]
[2023-10-23T22:06:45+08:00][sql] SELECT COUNT(*) AS think_count FROM `nianbao_order` WHERE  `create_time` BETWEEN '2023-10-11 00:00:00' AND '2023-10-11 23:59:59'   AND `is_pay` = 1 LIMIT 1 [ RunTime:0.000168s ]
[2023-10-23T22:06:45+08:00][sql] SELECT COUNT(*) AS think_count FROM `nianbao_order` WHERE  `create_time` BETWEEN '2023-10-12 00:00:00' AND '2023-10-12 23:59:59'   AND `is_pay` = 1 LIMIT 1 [ RunTime:0.000176s ]
[2023-10-23T22:06:45+08:00][sql] SELECT COUNT(*) AS think_count FROM `nianbao_order` WHERE  `create_time` BETWEEN '2023-10-13 00:00:00' AND '2023-10-13 23:59:59'   AND `is_pay` = 1 LIMIT 1 [ RunTime:0.000169s ]
[2023-10-23T22:06:45+08:00][sql] SELECT COUNT(*) AS think_count FROM `nianbao_order` WHERE  `create_time` BETWEEN '2023-10-14 00:00:00' AND '2023-10-14 23:59:59'   AND `is_pay` = 1 LIMIT 1 [ RunTime:0.000195s ]
[2023-10-23T22:06:45+08:00][sql] SELECT COUNT(*) AS think_count FROM `nianbao_order` WHERE  `create_time` BETWEEN '2023-10-15 00:00:00' AND '2023-10-15 23:59:59'   AND `is_pay` = 1 LIMIT 1 [ RunTime:0.000181s ]
[2023-10-23T22:06:45+08:00][sql] SELECT COUNT(*) AS think_count FROM `nianbao_order` WHERE  `create_time` BETWEEN '2023-10-16 00:00:00' AND '2023-10-16 23:59:59'   AND `is_pay` = 1 LIMIT 1 [ RunTime:0.000178s ]
[2023-10-23T22:06:45+08:00][sql] SELECT COUNT(*) AS think_count FROM `nianbao_order` WHERE  `create_time` BETWEEN '2023-10-17 00:00:00' AND '2023-10-17 23:59:59'   AND `is_pay` = 1 LIMIT 1 [ RunTime:0.000183s ]
[2023-10-23T22:06:45+08:00][sql] SELECT COUNT(*) AS think_count FROM `nianbao_order` WHERE  `create_time` BETWEEN '2023-10-18 00:00:00' AND '2023-10-18 23:59:59'   AND `is_pay` = 1 LIMIT 1 [ RunTime:0.000177s ]
[2023-10-23T22:06:45+08:00][sql] SELECT COUNT(*) AS think_count FROM `nianbao_order` WHERE  `create_time` BETWEEN '2023-10-19 00:00:00' AND '2023-10-19 23:59:59'   AND `is_pay` = 1 LIMIT 1 [ RunTime:0.000211s ]
[2023-10-23T22:06:45+08:00][sql] SELECT COUNT(*) AS think_count FROM `nianbao_order` WHERE  `create_time` BETWEEN '2023-10-20 00:00:00' AND '2023-10-20 23:59:59'   AND `is_pay` = 1 LIMIT 1 [ RunTime:0.000199s ]
[2023-10-23T22:06:45+08:00][sql] SELECT COUNT(*) AS think_count FROM `nianbao_order` WHERE  `create_time` BETWEEN '2023-10-21 00:00:00' AND '2023-10-21 23:59:59'   AND `is_pay` = 1 LIMIT 1 [ RunTime:0.000208s ]
[2023-10-23T22:06:45+08:00][sql] SELECT COUNT(*) AS think_count FROM `nianbao_order` WHERE  `create_time` BETWEEN '2023-10-22 00:00:00' AND '2023-10-22 23:59:59'   AND `is_pay` = 1 LIMIT 1 [ RunTime:0.000185s ]
[2023-10-23T22:06:45+08:00][sql] SELECT COUNT(*) AS think_count FROM `nianbao_order` WHERE  `create_time` BETWEEN '2023-10-23 00:00:00' AND '2023-10-23 23:59:59'   AND `is_pay` = 1 LIMIT 1 [ RunTime:0.000178s ]
[2023-10-23T22:06:45+08:00][sql] SELECT COUNT(*) AS think_count FROM `nianbao_order` WHERE  `create_time` BETWEEN '2023-10-24 00:00:00' AND '2023-10-24 23:59:59'   AND `is_pay` = 1 LIMIT 1 [ RunTime:0.000190s ]
[2023-10-23T22:06:45+08:00][sql] SELECT COUNT(*) AS think_count FROM `nianbao_order` WHERE  `create_time` BETWEEN '2023-10-25 00:00:00' AND '2023-10-25 23:59:59'   AND `is_pay` = 1 LIMIT 1 [ RunTime:0.000178s ]
[2023-10-23T22:06:45+08:00][sql] SELECT COUNT(*) AS think_count FROM `nianbao_order` WHERE  `create_time` BETWEEN '2023-10-26 00:00:00' AND '2023-10-26 23:59:59'   AND `is_pay` = 1 LIMIT 1 [ RunTime:0.000192s ]
[2023-10-23T22:06:45+08:00][sql] SELECT COUNT(*) AS think_count FROM `nianbao_order` WHERE  `create_time` BETWEEN '2023-10-27 00:00:00' AND '2023-10-27 23:59:59'   AND `is_pay` = 1 LIMIT 1 [ RunTime:0.000182s ]
[2023-10-23T22:06:45+08:00][sql] SELECT COUNT(*) AS think_count FROM `nianbao_order` WHERE  `create_time` BETWEEN '2023-10-28 00:00:00' AND '2023-10-28 23:59:59'   AND `is_pay` = 1 LIMIT 1 [ RunTime:0.000176s ]
[2023-10-23T22:06:45+08:00][sql] SELECT COUNT(*) AS think_count FROM `nianbao_order` WHERE  `create_time` BETWEEN '2023-10-29 00:00:00' AND '2023-10-29 23:59:59'   AND `is_pay` = 1 LIMIT 1 [ RunTime:0.000182s ]
[2023-10-23T22:06:45+08:00][sql] SELECT COUNT(*) AS think_count FROM `nianbao_order` WHERE  `create_time` BETWEEN '2023-10-30 00:00:00' AND '2023-10-30 23:59:59'   AND `is_pay` = 1 LIMIT 1 [ RunTime:0.000177s ]
[2023-10-23T22:06:45+08:00][sql] SELECT COUNT(*) AS think_count FROM `nianbao_order` WHERE  `create_time` BETWEEN '2023-10-31 00:00:00' AND '2023-10-31 23:59:59'   AND `is_pay` = 1 LIMIT 1 [ RunTime:0.000200s ]
[2023-10-23T22:06:45+08:00][sql] SHOW FULL COLUMNS FROM `nianbao_member` [ RunTime:0.000479s ]
[2023-10-23T22:06:45+08:00][sql] SELECT COUNT(*) AS think_count FROM `nianbao_member` WHERE  `create_time` BETWEEN '2023-10-01 00:00:00' AND '2023-10-31 23:59:59'  LIMIT 1 [ RunTime:0.000219s ]
[2023-10-23T22:06:45+08:00][sql] SELECT COUNT(*) AS think_count FROM `nianbao_order` WHERE  `create_time` BETWEEN '2023-10-01 00:00:00' AND '2023-10-31 23:59:59'   AND `is_pay` = 1 LIMIT 1 [ RunTime:0.000183s ]
[2023-10-23T22:06:45+08:00][sql] SELECT SUM(`total_price`) AS think_sum FROM `nianbao_order` WHERE  `create_time` BETWEEN '2023-10-01 00:00:00' AND '2023-10-31 23:59:59'   AND `is_pay` = 1 LIMIT 1 [ RunTime:0.000199s ]
[2023-10-23T22:06:45+08:00][sql] SELECT COUNT(*) AS think_count FROM `nianbao_member` WHERE  `create_time` BETWEEN '2023-10-23 00:00:00' AND '2023-10-23 23:59:59'  LIMIT 1 [ RunTime:0.000173s ]
[2023-10-23T22:06:45+08:00][sql] SELECT COUNT(*) AS think_count FROM `nianbao_order` WHERE  `create_time` BETWEEN '2023-10-23 00:00:00' AND '2023-10-23 23:59:59'  LIMIT 1 [ RunTime:0.000163s ]
[2023-10-23T22:06:45+08:00][sql] SELECT SUM(`total_price`) AS think_sum FROM `nianbao_order` WHERE  `create_time` BETWEEN '2023-10-23 00:00:00' AND '2023-10-23 23:59:59'   AND `is_pay` = 1 LIMIT 1 [ RunTime:0.000196s ]
[2023-10-23T22:06:48+08:00][sql] CONNECT:[ UseTime:0.000366s ] mysql:host=127.0.0.1;port=3306;dbname=nianbao;charset=utf8
[2023-10-23T22:06:48+08:00][sql] SHOW FULL COLUMNS FROM `nianbao_member` [ RunTime:0.000537s ]
[2023-10-23T22:06:48+08:00][sql] SELECT COUNT(*) AS think_count FROM `nianbao_member` LIMIT 1 [ RunTime:0.000258s ]
[2023-10-23T22:06:48+08:00][sql] SELECT `id`,`nickname`,`openid`,`avatar`,`mobile`,`is_delete`,`create_time` FROM `nianbao_member` ORDER BY `id` DESC LIMIT 0,20 [ RunTime:0.000264s ]
[2023-10-23T22:06:50+08:00][sql] CONNECT:[ UseTime:0.000372s ] mysql:host=127.0.0.1;port=3306;dbname=nianbao;charset=utf8
[2023-10-23T22:06:50+08:00][sql] SHOW FULL COLUMNS FROM `nianbao_enterprise` [ RunTime:0.000617s ]
[2023-10-23T22:06:50+08:00][sql] SELECT COUNT(*) AS think_count FROM `nianbao_enterprise` LIMIT 1 [ RunTime:0.000904s ]
[2023-10-23T22:06:50+08:00][sql] SELECT * FROM `nianbao_enterprise` ORDER BY `id` DESC LIMIT 0,20 [ RunTime:0.000213s ]
[2023-10-23T22:06:53+08:00][sql] CONNECT:[ UseTime:0.000328s ] mysql:host=127.0.0.1;port=3306;dbname=nianbao;charset=utf8
[2023-10-23T22:06:53+08:00][sql] SHOW FULL COLUMNS FROM `nianbao_order` [ RunTime:0.000543s ]
[2023-10-23T22:06:53+08:00][sql] SELECT COUNT(*) AS think_count FROM `nianbao_order` WHERE  `is_pay` = 1 LIMIT 1 [ RunTime:0.000262s ]
[2023-10-23T22:06:53+08:00][sql] SELECT * FROM `nianbao_order` WHERE  `is_pay` = 1 ORDER BY `id` DESC LIMIT 0,20 [ RunTime:0.000338s ]
[2023-10-23T22:06:58+08:00][sql] CONNECT:[ UseTime:0.000384s ] mysql:host=127.0.0.1;port=3306;dbname=nianbao;charset=utf8
[2023-10-23T22:06:58+08:00][sql] SHOW FULL COLUMNS FROM `nianbao_admin_user` [ RunTime:0.000550s ]
[2023-10-23T22:06:58+08:00][sql] SELECT COUNT(*) AS think_count FROM `nianbao_admin_user` `adminuser` LEFT JOIN `nianbao_role` `role` ON `adminuser`.`role_id`=`role`.`role_id` LIMIT 1 [ RunTime:0.000330s ]
[2023-10-23T22:06:58+08:00][sql] SELECT `adminuser`.`user_id`,`adminuser`.`name`,`adminuser`.`user`,`adminuser`.`note`,`adminuser`.`status`,`adminuser`.`create_time`,`role`.`name` AS `role__name` FROM `nianbao_admin_user` `adminuser` LEFT JOIN `nianbao_role` `role` ON `adminuser`.`role_id`=`role`.`role_id` ORDER BY `user_id` DESC LIMIT 0,20 [ RunTime:0.000243s ]
[2023-10-23T22:06:58+08:00][sql] select role_id,name from nianbao_role [ RunTime:0.000196s ]
[2023-10-23T22:07:19+08:00][sql] CONNECT:[ UseTime:0.000328s ] mysql:host=127.0.0.1;port=3306;dbname=nianbao;charset=utf8
[2023-10-23T22:07:19+08:00][sql] SHOW FULL COLUMNS FROM `nianbao_base_config` [ RunTime:0.000588s ]
[2023-10-23T22:07:19+08:00][sql] SELECT * FROM `nianbao_base_config` [ RunTime:0.000272s ]
[2023-10-23T22:07:30+08:00][sql] CONNECT:[ UseTime:0.000353s ] mysql:host=127.0.0.1;port=3306;dbname=nianbao;charset=utf8
[2023-10-23T22:07:30+08:00][sql] SHOW FULL COLUMNS FROM `nianbao_admin_user` [ RunTime:0.000550s ]
[2023-10-23T22:07:30+08:00][sql] SELECT `a`.`user_id`,`a`.`name`,a.user as username,`a`.`status`,a.role_id as user_role_ids,`b`.`role_id`,b.name as role_name,b.status as role_status,`b`.`access` FROM `nianbao_admin_user` `a` INNER JOIN `nianbao_role` `b` ON a.role_id in(b.role_id) WHERE  `a`.`user` = 'admin'  AND `a`.`pwd` = '61e9383b9816c8a6200574910f844e29' LIMIT 1 [ RunTime:0.000368s ]
[2023-10-23T22:07:30+08:00][sql] SHOW FULL COLUMNS FROM `nianbao_log` [ RunTime:0.000396s ]
[2023-10-23T22:07:30+08:00][sql] INSERT INTO `nianbao_log` SET `application_name` = 'admin' , `username` = 'admin' , `url` = 'https://ss.xyaa.vip/admin/Login/index.html' , `ip` = '140.250.227.35' , `useragent` = 'Mozilla/5.0 (Windows NT 10.0; Win64; x64) AppleWebKit/537.36 (KHTML, like Gecko) Chrome/117.0.0.0 Safari/537.36 Edg/117.0.2045.60' , `create_time` = 1698070050 , `type` = 1 [ RunTime:0.004005s ]
[2023-10-23T22:07:31+08:00][sql] CONNECT:[ UseTime:0.000341s ] mysql:host=127.0.0.1;port=3306;dbname=nianbao;charset=utf8
[2023-10-23T22:07:31+08:00][sql] SHOW FULL COLUMNS FROM `nianbao_node` [ RunTime:0.000594s ]
[2023-10-23T22:07:31+08:00][sql] SELECT `node_id`,`pid`,`title`,`status`,`icon`,`sortid`,`path` FROM `nianbao_node` WHERE  `status` = 1  AND `type` = 1 ORDER BY `sortid` ASC [ RunTime:0.000310s ]
[2023-10-23T22:07:32+08:00][sql] CONNECT:[ UseTime:0.000408s ] mysql:host=127.0.0.1;port=3306;dbname=nianbao;charset=utf8
[2023-10-23T22:07:32+08:00][sql] SHOW FULL COLUMNS FROM `nianbao_order` [ RunTime:0.000774s ]
[2023-10-23T22:07:32+08:00][sql] SELECT COUNT(*) AS think_count FROM `nianbao_order` WHERE  `create_time` BETWEEN '2023-10-01 00:00:00' AND '2023-10-01 23:59:59'   AND `is_pay` = 1 LIMIT 1 [ RunTime:0.000389s ]
[2023-10-23T22:07:32+08:00][sql] SELECT COUNT(*) AS think_count FROM `nianbao_order` WHERE  `create_time` BETWEEN '2023-10-02 00:00:00' AND '2023-10-02 23:59:59'   AND `is_pay` = 1 LIMIT 1 [ RunTime:0.000273s ]
[2023-10-23T22:07:32+08:00][sql] SELECT COUNT(*) AS think_count FROM `nianbao_order` WHERE  `create_time` BETWEEN '2023-10-03 00:00:00' AND '2023-10-03 23:59:59'   AND `is_pay` = 1 LIMIT 1 [ RunTime:0.000261s ]
[2023-10-23T22:07:32+08:00][sql] SELECT COUNT(*) AS think_count FROM `nianbao_order` WHERE  `create_time` BETWEEN '2023-10-04 00:00:00' AND '2023-10-04 23:59:59'   AND `is_pay` = 1 LIMIT 1 [ RunTime:0.000243s ]
[2023-10-23T22:07:32+08:00][sql] SELECT COUNT(*) AS think_count FROM `nianbao_order` WHERE  `create_time` BETWEEN '2023-10-05 00:00:00' AND '2023-10-05 23:59:59'   AND `is_pay` = 1 LIMIT 1 [ RunTime:0.000248s ]
[2023-10-23T22:07:32+08:00][sql] SELECT COUNT(*) AS think_count FROM `nianbao_order` WHERE  `create_time` BETWEEN '2023-10-06 00:00:00' AND '2023-10-06 23:59:59'   AND `is_pay` = 1 LIMIT 1 [ RunTime:0.000233s ]
[2023-10-23T22:07:32+08:00][sql] SELECT COUNT(*) AS think_count FROM `nianbao_order` WHERE  `create_time` BETWEEN '2023-10-07 00:00:00' AND '2023-10-07 23:59:59'   AND `is_pay` = 1 LIMIT 1 [ RunTime:0.000242s ]
[2023-10-23T22:07:32+08:00][sql] SELECT COUNT(*) AS think_count FROM `nianbao_order` WHERE  `create_time` BETWEEN '2023-10-08 00:00:00' AND '2023-10-08 23:59:59'   AND `is_pay` = 1 LIMIT 1 [ RunTime:0.000263s ]
[2023-10-23T22:07:32+08:00][sql] SELECT COUNT(*) AS think_count FROM `nianbao_order` WHERE  `create_time` BETWEEN '2023-10-09 00:00:00' AND '2023-10-09 23:59:59'   AND `is_pay` = 1 LIMIT 1 [ RunTime:0.000254s ]
[2023-10-23T22:07:32+08:00][sql] SELECT COUNT(*) AS think_count FROM `nianbao_order` WHERE  `create_time` BETWEEN '2023-10-10 00:00:00' AND '2023-10-10 23:59:59'   AND `is_pay` = 1 LIMIT 1 [ RunTime:0.000208s ]
[2023-10-23T22:07:32+08:00][sql] SELECT COUNT(*) AS think_count FROM `nianbao_order` WHERE  `create_time` BETWEEN '2023-10-11 00:00:00' AND '2023-10-11 23:59:59'   AND `is_pay` = 1 LIMIT 1 [ RunTime:0.000191s ]
[2023-10-23T22:07:32+08:00][sql] SELECT COUNT(*) AS think_count FROM `nianbao_order` WHERE  `create_time` BETWEEN '2023-10-12 00:00:00' AND '2023-10-12 23:59:59'   AND `is_pay` = 1 LIMIT 1 [ RunTime:0.000190s ]
[2023-10-23T22:07:32+08:00][sql] SELECT COUNT(*) AS think_count FROM `nianbao_order` WHERE  `create_time` BETWEEN '2023-10-13 00:00:00' AND '2023-10-13 23:59:59'   AND `is_pay` = 1 LIMIT 1 [ RunTime:0.000184s ]
[2023-10-23T22:07:32+08:00][sql] SELECT COUNT(*) AS think_count FROM `nianbao_order` WHERE  `create_time` BETWEEN '2023-10-14 00:00:00' AND '2023-10-14 23:59:59'   AND `is_pay` = 1 LIMIT 1 [ RunTime:0.000194s ]
[2023-10-23T22:07:32+08:00][sql] SELECT COUNT(*) AS think_count FROM `nianbao_order` WHERE  `create_time` BETWEEN '2023-10-15 00:00:00' AND '2023-10-15 23:59:59'   AND `is_pay` = 1 LIMIT 1 [ RunTime:0.000193s ]
[2023-10-23T22:07:32+08:00][sql] SELECT COUNT(*) AS think_count FROM `nianbao_order` WHERE  `create_time` BETWEEN '2023-10-16 00:00:00' AND '2023-10-16 23:59:59'   AND `is_pay` = 1 LIMIT 1 [ RunTime:0.000180s ]
[2023-10-23T22:07:32+08:00][sql] SELECT COUNT(*) AS think_count FROM `nianbao_order` WHERE  `create_time` BETWEEN '2023-10-17 00:00:00' AND '2023-10-17 23:59:59'   AND `is_pay` = 1 LIMIT 1 [ RunTime:0.000182s ]
[2023-10-23T22:07:32+08:00][sql] SELECT COUNT(*) AS think_count FROM `nianbao_order` WHERE  `create_time` BETWEEN '2023-10-18 00:00:00' AND '2023-10-18 23:59:59'   AND `is_pay` = 1 LIMIT 1 [ RunTime:0.000178s ]
[2023-10-23T22:07:32+08:00][sql] SELECT COUNT(*) AS think_count FROM `nianbao_order` WHERE  `create_time` BETWEEN '2023-10-19 00:00:00' AND '2023-10-19 23:59:59'   AND `is_pay` = 1 LIMIT 1 [ RunTime:0.000208s ]
[2023-10-23T22:07:32+08:00][sql] SELECT COUNT(*) AS think_count FROM `nianbao_order` WHERE  `create_time` BETWEEN '2023-10-20 00:00:00' AND '2023-10-20 23:59:59'   AND `is_pay` = 1 LIMIT 1 [ RunTime:0.000193s ]
[2023-10-23T22:07:32+08:00][sql] SELECT COUNT(*) AS think_count FROM `nianbao_order` WHERE  `create_time` BETWEEN '2023-10-21 00:00:00' AND '2023-10-21 23:59:59'   AND `is_pay` = 1 LIMIT 1 [ RunTime:0.000228s ]
[2023-10-23T22:07:32+08:00][sql] SELECT COUNT(*) AS think_count FROM `nianbao_order` WHERE  `create_time` BETWEEN '2023-10-22 00:00:00' AND '2023-10-22 23:59:59'   AND `is_pay` = 1 LIMIT 1 [ RunTime:0.000274s ]
[2023-10-23T22:07:32+08:00][sql] SELECT COUNT(*) AS think_count FROM `nianbao_order` WHERE  `create_time` BETWEEN '2023-10-23 00:00:00' AND '2023-10-23 23:59:59'   AND `is_pay` = 1 LIMIT 1 [ RunTime:0.000211s ]
[2023-10-23T22:07:32+08:00][sql] SELECT COUNT(*) AS think_count FROM `nianbao_order` WHERE  `create_time` BETWEEN '2023-10-24 00:00:00' AND '2023-10-24 23:59:59'   AND `is_pay` = 1 LIMIT 1 [ RunTime:0.000190s ]
[2023-10-23T22:07:32+08:00][sql] SELECT COUNT(*) AS think_count FROM `nianbao_order` WHERE  `create_time` BETWEEN '2023-10-25 00:00:00' AND '2023-10-25 23:59:59'   AND `is_pay` = 1 LIMIT 1 [ RunTime:0.000187s ]
[2023-10-23T22:07:32+08:00][sql] SELECT COUNT(*) AS think_count FROM `nianbao_order` WHERE  `create_time` BETWEEN '2023-10-26 00:00:00' AND '2023-10-26 23:59:59'   AND `is_pay` = 1 LIMIT 1 [ RunTime:0.000208s ]
[2023-10-23T22:07:32+08:00][sql] SELECT COUNT(*) AS think_count FROM `nianbao_order` WHERE  `create_time` BETWEEN '2023-10-27 00:00:00' AND '2023-10-27 23:59:59'   AND `is_pay` = 1 LIMIT 1 [ RunTime:0.000193s ]
[2023-10-23T22:07:32+08:00][sql] SELECT COUNT(*) AS think_count FROM `nianbao_order` WHERE  `create_time` BETWEEN '2023-10-28 00:00:00' AND '2023-10-28 23:59:59'   AND `is_pay` = 1 LIMIT 1 [ RunTime:0.000204s ]
[2023-10-23T22:07:32+08:00][sql] SELECT COUNT(*) AS think_count FROM `nianbao_order` WHERE  `create_time` BETWEEN '2023-10-29 00:00:00' AND '2023-10-29 23:59:59'   AND `is_pay` = 1 LIMIT 1 [ RunTime:0.000185s ]
[2023-10-23T22:07:32+08:00][sql] SELECT COUNT(*) AS think_count FROM `nianbao_order` WHERE  `create_time` BETWEEN '2023-10-30 00:00:00' AND '2023-10-30 23:59:59'   AND `is_pay` = 1 LIMIT 1 [ RunTime:0.000181s ]
[2023-10-23T22:07:32+08:00][sql] SELECT COUNT(*) AS think_count FROM `nianbao_order` WHERE  `create_time` BETWEEN '2023-10-31 00:00:00' AND '2023-10-31 23:59:59'   AND `is_pay` = 1 LIMIT 1 [ RunTime:0.000182s ]
[2023-10-23T22:07:32+08:00][sql] SHOW FULL COLUMNS FROM `nianbao_member` [ RunTime:0.000420s ]
[2023-10-23T22:07:32+08:00][sql] SELECT COUNT(*) AS think_count FROM `nianbao_member` WHERE  `create_time` BETWEEN '2023-10-01 00:00:00' AND '2023-10-31 23:59:59'  LIMIT 1 [ RunTime:0.000202s ]
[2023-10-23T22:07:32+08:00][sql] SELECT COUNT(*) AS think_count FROM `nianbao_order` WHERE  `create_time` BETWEEN '2023-10-01 00:00:00' AND '2023-10-31 23:59:59'   AND `is_pay` = 1 LIMIT 1 [ RunTime:0.000211s ]
[2023-10-23T22:07:32+08:00][sql] SELECT SUM(`total_price`) AS think_sum FROM `nianbao_order` WHERE  `create_time` BETWEEN '2023-10-01 00:00:00' AND '2023-10-31 23:59:59'   AND `is_pay` = 1 LIMIT 1 [ RunTime:0.000201s ]
[2023-10-23T22:07:32+08:00][sql] SELECT COUNT(*) AS think_count FROM `nianbao_member` WHERE  `create_time` BETWEEN '2023-10-23 00:00:00' AND '2023-10-23 23:59:59'  LIMIT 1 [ RunTime:0.000180s ]
[2023-10-23T22:07:32+08:00][sql] SELECT COUNT(*) AS think_count FROM `nianbao_order` WHERE  `create_time` BETWEEN '2023-10-23 00:00:00' AND '2023-10-23 23:59:59'  LIMIT 1 [ RunTime:0.000180s ]
[2023-10-23T22:07:32+08:00][sql] SELECT SUM(`total_price`) AS think_sum FROM `nianbao_order` WHERE  `create_time` BETWEEN '2023-10-23 00:00:00' AND '2023-10-23 23:59:59'   AND `is_pay` = 1 LIMIT 1 [ RunTime:0.000179s ]
[2023-10-23T22:07:42+08:00][sql] CONNECT:[ UseTime:0.000370s ] mysql:host=127.0.0.1;port=3306;dbname=nianbao;charset=utf8
[2023-10-23T22:07:42+08:00][sql] SHOW FULL COLUMNS FROM `nianbao_base_config` [ RunTime:0.000503s ]
[2023-10-23T22:07:42+08:00][sql] SELECT `data`,`name` FROM `nianbao_base_config` [ RunTime:0.000271s ]
[2023-10-23T22:07:45+08:00][sql] CONNECT:[ UseTime:0.000358s ] mysql:host=127.0.0.1;port=3306;dbname=nianbao;charset=utf8
[2023-10-23T22:07:45+08:00][sql] SHOW FULL COLUMNS FROM `nianbao_role` [ RunTime:0.000524s ]
[2023-10-23T22:07:45+08:00][sql] SELECT COUNT(*) AS think_count FROM `nianbao_role` LIMIT 1 [ RunTime:0.000167s ]
[2023-10-23T22:07:45+08:00][sql] SELECT `role_id`,`name`,`status`,`description` FROM `nianbao_role` ORDER BY `role_id` DESC LIMIT 0,20 [ RunTime:0.000178s ]
[2023-10-23T22:07:47+08:00][sql] CONNECT:[ UseTime:0.000369s ] mysql:host=127.0.0.1;port=3306;dbname=nianbao;charset=utf8
[2023-10-23T22:07:47+08:00][sql] SHOW FULL COLUMNS FROM `nianbao_admin_user` [ RunTime:0.000545s ]
[2023-10-23T22:07:47+08:00][sql] SELECT COUNT(*) AS think_count FROM `nianbao_admin_user` `adminuser` LEFT JOIN `nianbao_role` `role` ON `adminuser`.`role_id`=`role`.`role_id` LIMIT 1 [ RunTime:0.000295s ]
[2023-10-23T22:07:47+08:00][sql] SELECT `adminuser`.`user_id`,`adminuser`.`name`,`adminuser`.`user`,`adminuser`.`note`,`adminuser`.`status`,`adminuser`.`create_time`,`role`.`name` AS `role__name` FROM `nianbao_admin_user` `adminuser` LEFT JOIN `nianbao_role` `role` ON `adminuser`.`role_id`=`role`.`role_id` ORDER BY `user_id` DESC LIMIT 0,20 [ RunTime:0.000221s ]
[2023-10-23T22:07:47+08:00][sql] select role_id,name from nianbao_role [ RunTime:0.000224s ]
[2023-10-23T22:07:49+08:00][sql] CONNECT:[ UseTime:0.000352s ] mysql:host=127.0.0.1;port=3306;dbname=nianbao;charset=utf8
[2023-10-23T22:07:49+08:00][sql] SHOW FULL COLUMNS FROM `nianbao_admin_user` [ RunTime:0.000515s ]
[2023-10-23T22:07:49+08:00][sql] SELECT `user_id`,`name`,`user`,`role_id`,`note`,`status`,`create_time` FROM `nianbao_admin_user` WHERE  `user_id` = 33 LIMIT 1 [ RunTime:0.000238s ]
[2023-10-23T22:07:50+08:00][sql] CONNECT:[ UseTime:0.000350s ] mysql:host=127.0.0.1;port=3306;dbname=nianbao;charset=utf8
[2023-10-23T22:07:50+08:00][sql] select role_id,name from nianbao_role [ RunTime:0.000245s ]
[2023-10-23T22:07:53+08:00][sql] CONNECT:[ UseTime:0.000366s ] mysql:host=127.0.0.1;port=3306;dbname=nianbao;charset=utf8
[2023-10-23T22:07:53+08:00][sql] SHOW FULL COLUMNS FROM `nianbao_role` [ RunTime:0.000506s ]
[2023-10-23T22:07:53+08:00][sql] SELECT COUNT(*) AS think_count FROM `nianbao_role` LIMIT 1 [ RunTime:0.000192s ]
[2023-10-23T22:07:53+08:00][sql] SELECT `role_id`,`name`,`status`,`description` FROM `nianbao_role` ORDER BY `role_id` DESC LIMIT 0,20 [ RunTime:0.000166s ]
[2023-10-23T22:07:56+08:00][sql] CONNECT:[ UseTime:0.000358s ] mysql:host=127.0.0.1;port=3306;dbname=nianbao;charset=utf8
[2023-10-23T22:07:56+08:00][sql] SHOW FULL COLUMNS FROM `nianbao_role` [ RunTime:0.000518s ]
[2023-10-23T22:07:56+08:00][sql] SELECT `role_id`,`name`,`status`,`description`,`access` FROM `nianbao_role` WHERE  `role_id` = 53 LIMIT 1 [ RunTime:0.000251s ]
[2023-10-23T22:07:56+08:00][sql] CONNECT:[ UseTime:0.000354s ] mysql:host=127.0.0.1;port=3306;dbname=nianbao;charset=utf8
[2023-10-23T22:07:56+08:00][sql] SHOW FULL COLUMNS FROM `nianbao_node` [ RunTime:0.000522s ]
[2023-10-23T22:07:56+08:00][sql] SELECT `node_id`,`title`,`pid`,`status`,`icon`,`sortid`,`path` FROM `nianbao_node` WHERE  `pid` = 0 ORDER BY `sortid` ASC [ RunTime:0.000279s ]
[2023-10-23T22:07:56+08:00][sql] SELECT `node_id`,`title`,`pid`,`status`,`icon`,`sortid`,`path` FROM `nianbao_node` WHERE  `pid` = 22 ORDER BY `sortid` ASC [ RunTime:0.000192s ]
[2023-10-23T22:07:56+08:00][sql] SELECT `node_id`,`title`,`pid`,`status`,`icon`,`sortid`,`path` FROM `nianbao_node` WHERE  `pid` = 70 ORDER BY `sortid` ASC [ RunTime:0.000179s ]
[2023-10-23T22:07:56+08:00][sql] SELECT `node_id`,`title`,`pid`,`status`,`icon`,`sortid`,`path` FROM `nianbao_node` WHERE  `pid` = 70 ORDER BY `sortid` ASC [ RunTime:0.000196s ]
[2023-10-23T22:07:56+08:00][sql] SELECT `node_id`,`title`,`pid`,`status`,`icon`,`sortid`,`path` FROM `nianbao_node` WHERE  `pid` = 71 ORDER BY `sortid` ASC [ RunTime:0.000168s ]
[2023-10-23T22:07:56+08:00][sql] SELECT `node_id`,`title`,`pid`,`status`,`icon`,`sortid`,`path` FROM `nianbao_node` WHERE  `pid` = 72 ORDER BY `sortid` ASC [ RunTime:0.000156s ]
[2023-10-23T22:07:56+08:00][sql] SELECT `node_id`,`title`,`pid`,`status`,`icon`,`sortid`,`path` FROM `nianbao_node` WHERE  `pid` = 73 ORDER BY `sortid` ASC [ RunTime:0.000177s ]
[2023-10-23T22:07:56+08:00][sql] SELECT `node_id`,`title`,`pid`,`status`,`icon`,`sortid`,`path` FROM `nianbao_node` WHERE  `pid` = 74 ORDER BY `sortid` ASC [ RunTime:0.000159s ]
[2023-10-23T22:07:56+08:00][sql] SELECT `node_id`,`title`,`pid`,`status`,`icon`,`sortid`,`path` FROM `nianbao_node` WHERE  `pid` = 75 ORDER BY `sortid` ASC [ RunTime:0.000167s ]
[2023-10-23T22:07:56+08:00][sql] SELECT `node_id`,`title`,`pid`,`status`,`icon`,`sortid`,`path` FROM `nianbao_node` WHERE  `pid` = 75 ORDER BY `sortid` ASC [ RunTime:0.000220s ]
[2023-10-23T22:07:56+08:00][sql] SELECT `node_id`,`title`,`pid`,`status`,`icon`,`sortid`,`path` FROM `nianbao_node` WHERE  `pid` = 76 ORDER BY `sortid` ASC [ RunTime:0.000168s ]
[2023-10-23T22:07:56+08:00][sql] SELECT `node_id`,`title`,`pid`,`status`,`icon`,`sortid`,`path` FROM `nianbao_node` WHERE  `pid` = 77 ORDER BY `sortid` ASC [ RunTime:0.000154s ]
[2023-10-23T22:07:56+08:00][sql] SELECT `node_id`,`title`,`pid`,`status`,`icon`,`sortid`,`path` FROM `nianbao_node` WHERE  `pid` = 78 ORDER BY `sortid` ASC [ RunTime:0.000160s ]
[2023-10-23T22:07:56+08:00][sql] SELECT `node_id`,`title`,`pid`,`status`,`icon`,`sortid`,`path` FROM `nianbao_node` WHERE  `pid` = 79 ORDER BY `sortid` ASC [ RunTime:0.000157s ]
[2023-10-23T22:07:56+08:00][sql] SELECT `node_id`,`title`,`pid`,`status`,`icon`,`sortid`,`path` FROM `nianbao_node` WHERE  `pid` = 81 ORDER BY `sortid` ASC [ RunTime:0.000151s ]
[2023-10-23T22:07:56+08:00][sql] SELECT `node_id`,`title`,`pid`,`status`,`icon`,`sortid`,`path` FROM `nianbao_node` WHERE  `pid` = 82 ORDER BY `sortid` ASC [ RunTime:0.000148s ]
[2023-10-23T22:07:56+08:00][sql] SELECT `node_id`,`title`,`pid`,`status`,`icon`,`sortid`,`path` FROM `nianbao_node` WHERE  `pid` = 89 ORDER BY `sortid` ASC [ RunTime:0.000158s ]
[2023-10-23T22:07:56+08:00][sql] SELECT `node_id`,`title`,`pid`,`status`,`icon`,`sortid`,`path` FROM `nianbao_node` WHERE  `pid` = 80 ORDER BY `sortid` ASC [ RunTime:0.000184s ]
[2023-10-23T22:07:56+08:00][sql] SELECT `node_id`,`title`,`pid`,`status`,`icon`,`sortid`,`path` FROM `nianbao_node` WHERE  `pid` = 80 ORDER BY `sortid` ASC [ RunTime:0.000164s ]
[2023-10-23T22:07:56+08:00][sql] SELECT `node_id`,`title`,`pid`,`status`,`icon`,`sortid`,`path` FROM `nianbao_node` WHERE  `pid` = 85 ORDER BY `sortid` ASC [ RunTime:0.000176s ]
[2023-10-23T22:07:56+08:00][sql] SELECT `node_id`,`title`,`pid`,`status`,`icon`,`sortid`,`path` FROM `nianbao_node` WHERE  `pid` = 86 ORDER BY `sortid` ASC [ RunTime:0.000183s ]
[2023-10-23T22:07:56+08:00][sql] SELECT `node_id`,`title`,`pid`,`status`,`icon`,`sortid`,`path` FROM `nianbao_node` WHERE  `pid` = 87 ORDER BY `sortid` ASC [ RunTime:0.000186s ]
[2023-10-23T22:07:56+08:00][sql] SELECT `node_id`,`title`,`pid`,`status`,`icon`,`sortid`,`path` FROM `nianbao_node` WHERE  `pid` = 88 ORDER BY `sortid` ASC [ RunTime:0.000168s ]
[2023-10-23T22:07:56+08:00][sql] SELECT `node_id`,`title`,`pid`,`status`,`icon`,`sortid`,`path` FROM `nianbao_node` WHERE  `pid` = 90 ORDER BY `sortid` ASC [ RunTime:0.000166s ]
[2023-10-23T22:07:56+08:00][sql] SELECT `node_id`,`title`,`pid`,`status`,`icon`,`sortid`,`path` FROM `nianbao_node` WHERE  `pid` = 90 ORDER BY `sortid` ASC [ RunTime:0.000163s ]
[2023-10-23T22:07:56+08:00][sql] SELECT `node_id`,`title`,`pid`,`status`,`icon`,`sortid`,`path` FROM `nianbao_node` WHERE  `pid` = 91 ORDER BY `sortid` ASC [ RunTime:0.000186s ]
[2023-10-23T22:07:56+08:00][sql] SELECT `node_id`,`title`,`pid`,`status`,`icon`,`sortid`,`path` FROM `nianbao_node` WHERE  `pid` = 92 ORDER BY `sortid` ASC [ RunTime:0.000179s ]
[2023-10-23T22:07:56+08:00][sql] SELECT `node_id`,`title`,`pid`,`status`,`icon`,`sortid`,`path` FROM `nianbao_node` WHERE  `pid` = 55 ORDER BY `sortid` ASC [ RunTime:0.000183s ]
[2023-10-23T22:07:56+08:00][sql] SELECT `node_id`,`title`,`pid`,`status`,`icon`,`sortid`,`path` FROM `nianbao_node` WHERE  `pid` = 55 ORDER BY `sortid` ASC [ RunTime:0.000193s ]
[2023-10-23T22:07:56+08:00][sql] SELECT `node_id`,`title`,`pid`,`status`,`icon`,`sortid`,`path` FROM `nianbao_node` WHERE  `pid` = 56 ORDER BY `sortid` ASC [ RunTime:0.000164s ]
[2023-10-23T22:07:56+08:00][sql] SELECT `node_id`,`title`,`pid`,`status`,`icon`,`sortid`,`path` FROM `nianbao_node` WHERE  `pid` = 57 ORDER BY `sortid` ASC [ RunTime:0.000162s ]
[2023-10-23T22:07:56+08:00][sql] SELECT `node_id`,`title`,`pid`,`status`,`icon`,`sortid`,`path` FROM `nianbao_node` WHERE  `pid` = 58 ORDER BY `sortid` ASC [ RunTime:0.000185s ]
[2023-10-23T22:07:56+08:00][sql] SELECT `node_id`,`title`,`pid`,`status`,`icon`,`sortid`,`path` FROM `nianbao_node` WHERE  `pid` = 54 ORDER BY `sortid` ASC [ RunTime:0.000176s ]
[2023-10-23T22:08:19+08:00][sql] CONNECT:[ UseTime:0.000342s ] mysql:host=127.0.0.1;port=3306;dbname=nianbao;charset=utf8
[2023-10-23T22:08:19+08:00][sql] SHOW FULL COLUMNS FROM `nianbao_log` [ RunTime:0.000630s ]
[2023-10-23T22:08:19+08:00][sql] INSERT INTO `nianbao_log` SET `application_name` = 'admin' , `username` = 'admin' , `url` = 'https://ss.xyaa.vip/admin/Role/update' , `ip` = '140.250.227.35' , `useragent` = 'Mozilla/5.0 (Windows NT 10.0; Win64; x64) AppleWebKit/537.36 (KHTML, like Gecko) Chrome/117.0.0.0 Safari/537.36 Edg/117.0.2045.60' , `content` = '{"role_id":53,"name":"","status":1,"description":"","access":["\/admin\/Index\/main.html","\/admin\/Member\/index.html","\/admin\/Member\/add.html","\/admin\/Member\/update.html","\/admin\/Member\/delete.html","\/admin\/Member\/getUpdateInfo.html","\/admin\/Enterprise\/index.html","\/admin\/Enterprise\/add.html","\/admin\/Enterprise\/update.html","\/admin\/Enterprise\/delete.html","\/admin\/Enterprise\/getUpdateInfo.html","\/admin\/Enterprise\/send.html","\/admin\/Enterprise\/importData.html","\/admin\/Report\/index.html","\/admin\/Order\/index.html","\/admin\/Order\/declaration.html","\/admin\/Order\/refund.html","\/admin\/Order\/declaration_success.html","\/admin\/Order\/declaration_fail.html"]}' , `create_time` = 1698070099 , `type` = 2 [ RunTime:0.003953s ]
[2023-10-23T22:08:19+08:00][sql] SHOW FULL COLUMNS FROM `nianbao_role` [ RunTime:0.000524s ]
[2023-10-23T22:08:19+08:00][sql] UPDATE `nianbao_role`  SET `name` = '' , `status` = 1 , `description` = '' , `access` = '/admin/Index/main.html,/admin/Member/index.html,/admin/Member/add.html,/admin/Member/update.html,/admin/Member/delete.html,/admin/Member/getUpdateInfo.html,/admin/Enterprise/index.html,/admin/Enterprise/add.html,/admin/Enterprise/update.html,/admin/Enterprise/delete.html,/admin/Enterprise/getUpdateInfo.html,/admin/Enterprise/send.html,/admin/Enterprise/importData.html,/admin/Report/index.html,/admin/Order/index.html,/admin/Order/declaration.html,/admin/Order/refund.html,/admin/Order/declaration_success.html,/admin/Order/declaration_fail.html,Home'  WHERE  `role_id` = 53 [ RunTime:0.003577s ]
[2023-10-23T22:08:20+08:00][sql] CONNECT:[ UseTime:0.000334s ] mysql:host=127.0.0.1;port=3306;dbname=nianbao;charset=utf8
[2023-10-23T22:08:20+08:00][sql] SHOW FULL COLUMNS FROM `nianbao_base_config` [ RunTime:0.000583s ]
[2023-10-23T22:08:20+08:00][sql] SELECT * FROM `nianbao_base_config` [ RunTime:0.000271s ]
[2023-10-23T22:08:20+08:00][sql] SHOW FULL COLUMNS FROM `nianbao_role` [ RunTime:0.000345s ]
[2023-10-23T22:08:20+08:00][sql] SELECT COUNT(*) AS think_count FROM `nianbao_role` LIMIT 1 [ RunTime:0.000143s ]
[2023-10-23T22:08:20+08:00][sql] SELECT `role_id`,`name`,`status`,`description` FROM `nianbao_role` ORDER BY `role_id` DESC LIMIT 0,20 [ RunTime:0.000172s ]
[2023-10-23T22:08:37+08:00][sql] CONNECT:[ UseTime:0.000405s ] mysql:host=127.0.0.1;port=3306;dbname=nianbao;charset=utf8
[2023-10-23T22:08:37+08:00][sql] SHOW FULL COLUMNS FROM `nianbao_admin_user` [ RunTime:0.000602s ]
[2023-10-23T22:08:37+08:00][sql] UPDATE `nianbao_admin_user`  SET `pwd` = '7b2ad4e307d5b3ec9e786054225d0985'  WHERE  `user_id` = 1 [ RunTime:0.006526s ]
[2023-10-23T22:53:50+08:00][sql] CONNECT:[ UseTime:0.000331s ] mysql:host=127.0.0.1;port=3306;dbname=nianbao;charset=utf8
[2023-10-23T22:53:50+08:00][sql] SHOW FULL COLUMNS FROM `nianbao_base_config` [ RunTime:0.000580s ]
[2023-10-23T22:53:50+08:00][sql] SELECT * FROM `nianbao_base_config` [ RunTime:0.000261s ]
[2023-10-23T22:54:09+08:00][sql] CONNECT:[ UseTime:0.000415s ] mysql:host=127.0.0.1;port=3306;dbname=nianbao;charset=utf8
[2023-10-23T22:54:09+08:00][sql] SHOW FULL COLUMNS FROM `nianbao_admin_user` [ RunTime:0.000582s ]
[2023-10-23T22:54:09+08:00][sql] SELECT `a`.`user_id`,`a`.`name`,a.user as username,`a`.`status`,a.role_id as user_role_ids,`b`.`role_id`,b.name as role_name,b.status as role_status,`b`.`access` FROM `nianbao_admin_user` `a` INNER JOIN `nianbao_role` `b` ON a.role_id in(b.role_id) WHERE  `a`.`user` = 'admin'  AND `a`.`pwd` = 'f7ee2d09a09ea35033707d1f7a2f128a' LIMIT 1 [ RunTime:0.000480s ]
