[2023-10-27T12:16:48+08:00][sql] CONNECT:[ UseTime:0.000366s ] mysql:host=127.0.0.1;port=3306;dbname=nianbao;charset=utf8
[2023-10-27T12:16:48+08:00][sql] SHOW FULL COLUMNS FROM `nianbao_base_config` [ RunTime:0.000488s ]
[2023-10-27T12:16:48+08:00][sql] SELECT * FROM `nianbao_base_config` [ RunTime:0.000272s ]
[2023-10-27T12:17:21+08:00][sql] CONNECT:[ UseTime:0.000344s ] mysql:host=127.0.0.1;port=3306;dbname=nianbao;charset=utf8
[2023-10-27T12:17:21+08:00][sql] SHOW FULL COLUMNS FROM `nianbao_admin_user` [ RunTime:0.000662s ]
[2023-10-27T12:17:21+08:00][sql] SELECT `a`.`user_id`,`a`.`name`,a.user as username,`a`.`status`,a.role_id as user_role_ids,`b`.`role_id`,b.name as role_name,b.status as role_status,`b`.`access` FROM `nianbao_admin_user` `a` INNER JOIN `nianbao_role` `b` ON a.role_id in(b.role_id) WHERE  `a`.`user` = 'admin'  AND `a`.`pwd` = '7b2ad4e307d5b3ec9e786054225d0985' LIMIT 1 [ RunTime:0.000499s ]
[2023-10-27T12:17:21+08:00][sql] SHOW FULL COLUMNS FROM `nianbao_log` [ RunTime:0.000565s ]
[2023-10-27T12:17:21+08:00][sql] INSERT INTO `nianbao_log` SET `application_name` = 'admin' , `username` = 'admin' , `url` = 'https://ss.xyaa.vip/admin/Login/index.html' , `ip` = '140.250.227.35' , `useragent` = 'Mozilla/5.0 (Windows NT 10.0; Win64; x64) AppleWebKit/537.36 (KHTML, like Gecko) Chrome/117.0.0.0 Safari/537.36 Edg/117.0.2045.60' , `create_time` = 1698380241 , `type` = 1 [ RunTime:0.039939s ]
[2023-10-27T12:17:22+08:00][sql] CONNECT:[ UseTime:0.000359s ] mysql:host=127.0.0.1;port=3306;dbname=nianbao;charset=utf8
[2023-10-27T12:17:22+08:00][sql] SHOW FULL COLUMNS FROM `nianbao_node` [ RunTime:0.000739s ]
[2023-10-27T12:17:22+08:00][sql] SELECT `node_id`,`pid`,`title`,`status`,`icon`,`sortid`,`path` FROM `nianbao_node` WHERE  `status` = 1  AND `type` = 1 ORDER BY `sortid` ASC [ RunTime:0.000430s ]
[2023-10-27T12:17:22+08:00][sql] CONNECT:[ UseTime:0.000364s ] mysql:host=127.0.0.1;port=3306;dbname=nianbao;charset=utf8
[2023-10-27T12:17:22+08:00][sql] SHOW FULL COLUMNS FROM `nianbao_order` [ RunTime:0.000874s ]
[2023-10-27T12:17:22+08:00][sql] SELECT COUNT(*) AS think_count FROM `nianbao_order` WHERE  `create_time` BETWEEN '2023-10-01 00:00:00' AND '2023-10-01 23:59:59'   AND `is_pay` = 1 LIMIT 1 [ RunTime:0.000366s ]
[2023-10-27T12:17:22+08:00][sql] SELECT COUNT(*) AS think_count FROM `nianbao_order` WHERE  `create_time` BETWEEN '2023-10-02 00:00:00' AND '2023-10-02 23:59:59'   AND `is_pay` = 1 LIMIT 1 [ RunTime:0.000243s ]
[2023-10-27T12:17:22+08:00][sql] SELECT COUNT(*) AS think_count FROM `nianbao_order` WHERE  `create_time` BETWEEN '2023-10-03 00:00:00' AND '2023-10-03 23:59:59'   AND `is_pay` = 1 LIMIT 1 [ RunTime:0.000199s ]
[2023-10-27T12:17:22+08:00][sql] SELECT COUNT(*) AS think_count FROM `nianbao_order` WHERE  `create_time` BETWEEN '2023-10-04 00:00:00' AND '2023-10-04 23:59:59'   AND `is_pay` = 1 LIMIT 1 [ RunTime:0.000206s ]
[2023-10-27T12:17:22+08:00][sql] SELECT COUNT(*) AS think_count FROM `nianbao_order` WHERE  `create_time` BETWEEN '2023-10-05 00:00:00' AND '2023-10-05 23:59:59'   AND `is_pay` = 1 LIMIT 1 [ RunTime:0.000184s ]
[2023-10-27T12:17:22+08:00][sql] SELECT COUNT(*) AS think_count FROM `nianbao_order` WHERE  `create_time` BETWEEN '2023-10-06 00:00:00' AND '2023-10-06 23:59:59'   AND `is_pay` = 1 LIMIT 1 [ RunTime:0.000185s ]
[2023-10-27T12:17:22+08:00][sql] SELECT COUNT(*) AS think_count FROM `nianbao_order` WHERE  `create_time` BETWEEN '2023-10-07 00:00:00' AND '2023-10-07 23:59:59'   AND `is_pay` = 1 LIMIT 1 [ RunTime:0.000180s ]
[2023-10-27T12:17:22+08:00][sql] SELECT COUNT(*) AS think_count FROM `nianbao_order` WHERE  `create_time` BETWEEN '2023-10-08 00:00:00' AND '2023-10-08 23:59:59'   AND `is_pay` = 1 LIMIT 1 [ RunTime:0.000174s ]
[2023-10-27T12:17:22+08:00][sql] SELECT COUNT(*) AS think_count FROM `nianbao_order` WHERE  `create_time` BETWEEN '2023-10-09 00:00:00' AND '2023-10-09 23:59:59'   AND `is_pay` = 1 LIMIT 1 [ RunTime:0.000192s ]
[2023-10-27T12:17:22+08:00][sql] SELECT COUNT(*) AS think_count FROM `nianbao_order` WHERE  `create_time` BETWEEN '2023-10-10 00:00:00' AND '2023-10-10 23:59:59'   AND `is_pay` = 1 LIMIT 1 [ RunTime:0.000188s ]
[2023-10-27T12:17:22+08:00][sql] SELECT COUNT(*) AS think_count FROM `nianbao_order` WHERE  `create_time` BETWEEN '2023-10-11 00:00:00' AND '2023-10-11 23:59:59'   AND `is_pay` = 1 LIMIT 1 [ RunTime:0.000186s ]
[2023-10-27T12:17:22+08:00][sql] SELECT COUNT(*) AS think_count FROM `nianbao_order` WHERE  `create_time` BETWEEN '2023-10-12 00:00:00' AND '2023-10-12 23:59:59'   AND `is_pay` = 1 LIMIT 1 [ RunTime:0.000191s ]
[2023-10-27T12:17:22+08:00][sql] SELECT COUNT(*) AS think_count FROM `nianbao_order` WHERE  `create_time` BETWEEN '2023-10-13 00:00:00' AND '2023-10-13 23:59:59'   AND `is_pay` = 1 LIMIT 1 [ RunTime:0.000209s ]
[2023-10-27T12:17:22+08:00][sql] SELECT COUNT(*) AS think_count FROM `nianbao_order` WHERE  `create_time` BETWEEN '2023-10-14 00:00:00' AND '2023-10-14 23:59:59'   AND `is_pay` = 1 LIMIT 1 [ RunTime:0.000201s ]
[2023-10-27T12:17:22+08:00][sql] SELECT COUNT(*) AS think_count FROM `nianbao_order` WHERE  `create_time` BETWEEN '2023-10-15 00:00:00' AND '2023-10-15 23:59:59'   AND `is_pay` = 1 LIMIT 1 [ RunTime:0.000174s ]
[2023-10-27T12:17:22+08:00][sql] SELECT COUNT(*) AS think_count FROM `nianbao_order` WHERE  `create_time` BETWEEN '2023-10-16 00:00:00' AND '2023-10-16 23:59:59'   AND `is_pay` = 1 LIMIT 1 [ RunTime:0.000183s ]
[2023-10-27T12:17:22+08:00][sql] SELECT COUNT(*) AS think_count FROM `nianbao_order` WHERE  `create_time` BETWEEN '2023-10-17 00:00:00' AND '2023-10-17 23:59:59'   AND `is_pay` = 1 LIMIT 1 [ RunTime:0.000176s ]
[2023-10-27T12:17:22+08:00][sql] SELECT COUNT(*) AS think_count FROM `nianbao_order` WHERE  `create_time` BETWEEN '2023-10-18 00:00:00' AND '2023-10-18 23:59:59'   AND `is_pay` = 1 LIMIT 1 [ RunTime:0.000175s ]
[2023-10-27T12:17:22+08:00][sql] SELECT COUNT(*) AS think_count FROM `nianbao_order` WHERE  `create_time` BETWEEN '2023-10-19 00:00:00' AND '2023-10-19 23:59:59'   AND `is_pay` = 1 LIMIT 1 [ RunTime:0.000188s ]
[2023-10-27T12:17:22+08:00][sql] SELECT COUNT(*) AS think_count FROM `nianbao_order` WHERE  `create_time` BETWEEN '2023-10-20 00:00:00' AND '2023-10-20 23:59:59'   AND `is_pay` = 1 LIMIT 1 [ RunTime:0.000174s ]
[2023-10-27T12:17:22+08:00][sql] SELECT COUNT(*) AS think_count FROM `nianbao_order` WHERE  `create_time` BETWEEN '2023-10-21 00:00:00' AND '2023-10-21 23:59:59'   AND `is_pay` = 1 LIMIT 1 [ RunTime:0.000197s ]
[2023-10-27T12:17:22+08:00][sql] SELECT COUNT(*) AS think_count FROM `nianbao_order` WHERE  `create_time` BETWEEN '2023-10-22 00:00:00' AND '2023-10-22 23:59:59'   AND `is_pay` = 1 LIMIT 1 [ RunTime:0.000185s ]
[2023-10-27T12:17:22+08:00][sql] SELECT COUNT(*) AS think_count FROM `nianbao_order` WHERE  `create_time` BETWEEN '2023-10-23 00:00:00' AND '2023-10-23 23:59:59'   AND `is_pay` = 1 LIMIT 1 [ RunTime:0.000197s ]
[2023-10-27T12:17:22+08:00][sql] SELECT COUNT(*) AS think_count FROM `nianbao_order` WHERE  `create_time` BETWEEN '2023-10-24 00:00:00' AND '2023-10-24 23:59:59'   AND `is_pay` = 1 LIMIT 1 [ RunTime:0.000187s ]
[2023-10-27T12:17:22+08:00][sql] SELECT COUNT(*) AS think_count FROM `nianbao_order` WHERE  `create_time` BETWEEN '2023-10-25 00:00:00' AND '2023-10-25 23:59:59'   AND `is_pay` = 1 LIMIT 1 [ RunTime:0.000189s ]
[2023-10-27T12:17:22+08:00][sql] SELECT COUNT(*) AS think_count FROM `nianbao_order` WHERE  `create_time` BETWEEN '2023-10-26 00:00:00' AND '2023-10-26 23:59:59'   AND `is_pay` = 1 LIMIT 1 [ RunTime:0.000196s ]
[2023-10-27T12:17:22+08:00][sql] SELECT COUNT(*) AS think_count FROM `nianbao_order` WHERE  `create_time` BETWEEN '2023-10-27 00:00:00' AND '2023-10-27 23:59:59'   AND `is_pay` = 1 LIMIT 1 [ RunTime:0.000182s ]
[2023-10-27T12:17:22+08:00][sql] SELECT COUNT(*) AS think_count FROM `nianbao_order` WHERE  `create_time` BETWEEN '2023-10-28 00:00:00' AND '2023-10-28 23:59:59'   AND `is_pay` = 1 LIMIT 1 [ RunTime:0.000192s ]
[2023-10-27T12:17:22+08:00][sql] SELECT COUNT(*) AS think_count FROM `nianbao_order` WHERE  `create_time` BETWEEN '2023-10-29 00:00:00' AND '2023-10-29 23:59:59'   AND `is_pay` = 1 LIMIT 1 [ RunTime:0.000184s ]
[2023-10-27T12:17:22+08:00][sql] SELECT COUNT(*) AS think_count FROM `nianbao_order` WHERE  `create_time` BETWEEN '2023-10-30 00:00:00' AND '2023-10-30 23:59:59'   AND `is_pay` = 1 LIMIT 1 [ RunTime:0.000183s ]
[2023-10-27T12:17:22+08:00][sql] SELECT COUNT(*) AS think_count FROM `nianbao_order` WHERE  `create_time` BETWEEN '2023-10-31 00:00:00' AND '2023-10-31 23:59:59'   AND `is_pay` = 1 LIMIT 1 [ RunTime:0.000192s ]
[2023-10-27T12:17:22+08:00][sql] SHOW FULL COLUMNS FROM `nianbao_member` [ RunTime:0.000408s ]
[2023-10-27T12:17:22+08:00][sql] SELECT COUNT(*) AS think_count FROM `nianbao_member` WHERE  `create_time` BETWEEN '2023-10-01 00:00:00' AND '2023-10-31 23:59:59'  LIMIT 1 [ RunTime:0.000232s ]
[2023-10-27T12:17:22+08:00][sql] SELECT COUNT(*) AS think_count FROM `nianbao_order` WHERE  `create_time` BETWEEN '2023-10-01 00:00:00' AND '2023-10-31 23:59:59'   AND `is_pay` = 1 LIMIT 1 [ RunTime:0.000201s ]
[2023-10-27T12:17:22+08:00][sql] SELECT SUM(`total_price`) AS think_sum FROM `nianbao_order` WHERE  `create_time` BETWEEN '2023-10-01 00:00:00' AND '2023-10-31 23:59:59'   AND `is_pay` = 1 LIMIT 1 [ RunTime:0.000211s ]
[2023-10-27T12:17:22+08:00][sql] SELECT COUNT(*) AS think_count FROM `nianbao_member` WHERE  `create_time` BETWEEN '2023-10-27 00:00:00' AND '2023-10-27 23:59:59'  LIMIT 1 [ RunTime:0.000198s ]
[2023-10-27T12:17:22+08:00][sql] SELECT COUNT(*) AS think_count FROM `nianbao_order` WHERE  `create_time` BETWEEN '2023-10-27 00:00:00' AND '2023-10-27 23:59:59'  LIMIT 1 [ RunTime:0.000184s ]
[2023-10-27T12:17:22+08:00][sql] SELECT SUM(`total_price`) AS think_sum FROM `nianbao_order` WHERE  `create_time` BETWEEN '2023-10-27 00:00:00' AND '2023-10-27 23:59:59'   AND `is_pay` = 1 LIMIT 1 [ RunTime:0.000207s ]
[2023-10-27T12:17:24+08:00][sql] CONNECT:[ UseTime:0.000374s ] mysql:host=127.0.0.1;port=3306;dbname=nianbao;charset=utf8
[2023-10-27T12:17:24+08:00][sql] SHOW FULL COLUMNS FROM `nianbao_enterprise` [ RunTime:0.000512s ]
[2023-10-27T12:17:24+08:00][sql] SELECT COUNT(*) AS think_count FROM `nianbao_enterprise` LIMIT 1 [ RunTime:0.000688s ]
[2023-10-27T12:17:24+08:00][sql] SELECT * FROM `nianbao_enterprise` ORDER BY `id` DESC LIMIT 0,20 [ RunTime:0.000221s ]
[2023-10-27T12:17:26+08:00][sql] CONNECT:[ UseTime:0.000358s ] mysql:host=127.0.0.1;port=3306;dbname=nianbao;charset=utf8
[2023-10-27T12:17:26+08:00][sql] SHOW FULL COLUMNS FROM `nianbao_enterprise` [ RunTime:0.000542s ]
[2023-10-27T12:17:26+08:00][sql] SELECT COUNT(*) AS think_count FROM `nianbao_enterprise` LIMIT 1 [ RunTime:0.000679s ]
[2023-10-27T12:17:26+08:00][sql] SELECT * FROM `nianbao_enterprise` ORDER BY `id` DESC LIMIT 2940,20 [ RunTime:0.001336s ]
[2023-10-27T12:17:29+08:00][sql] CONNECT:[ UseTime:0.000399s ] mysql:host=127.0.0.1;port=3306;dbname=nianbao;charset=utf8
[2023-10-27T12:17:29+08:00][sql] SHOW FULL COLUMNS FROM `nianbao_enterprise` [ RunTime:0.000599s ]
[2023-10-27T12:17:29+08:00][sql] SELECT COUNT(*) AS think_count FROM `nianbao_enterprise` LIMIT 1 [ RunTime:0.000711s ]
[2023-10-27T12:17:29+08:00][sql] SELECT * FROM `nianbao_enterprise` ORDER BY `id` DESC LIMIT 0,20 [ RunTime:0.000201s ]
[2023-10-27T12:17:49+08:00][sql] CONNECT:[ UseTime:0.000352s ] mysql:host=127.0.0.1;port=3306;dbname=nianbao;charset=utf8
[2023-10-27T12:17:49+08:00][sql] SHOW FULL COLUMNS FROM `nianbao_base_config` [ RunTime:0.000526s ]
[2023-10-27T12:17:49+08:00][sql] SELECT * FROM `nianbao_base_config` [ RunTime:0.000293s ]
[2023-10-27T12:17:49+08:00][sql] SHOW FULL COLUMNS FROM `nianbao_order` [ RunTime:0.000461s ]
[2023-10-27T12:17:49+08:00][sql] SELECT COUNT(*) AS think_count FROM `nianbao_order` WHERE  `is_pay` = 1 LIMIT 1 [ RunTime:0.000241s ]
[2023-10-27T12:17:49+08:00][sql] SELECT * FROM `nianbao_order` WHERE  `is_pay` = 1 ORDER BY `id` DESC LIMIT 0,20 [ RunTime:0.000273s ]
[2023-10-27T12:17:58+08:00][sql] CONNECT:[ UseTime:0.000333s ] mysql:host=127.0.0.1;port=3306;dbname=nianbao;charset=utf8
[2023-10-27T12:17:58+08:00][sql] SHOW FULL COLUMNS FROM `nianbao_enterprise` [ RunTime:0.000509s ]
[2023-10-27T12:17:58+08:00][sql] SELECT COUNT(*) AS think_count FROM `nianbao_enterprise` LIMIT 1 [ RunTime:0.000697s ]
[2023-10-27T12:17:58+08:00][sql] SELECT * FROM `nianbao_enterprise` ORDER BY `id` DESC LIMIT 0,20 [ RunTime:0.000209s ]
[2023-10-27T12:18:32+08:00][sql] CONNECT:[ UseTime:0.000373s ] mysql:host=127.0.0.1;port=3306;dbname=nianbao;charset=utf8
[2023-10-27T12:18:32+08:00][sql] SHOW FULL COLUMNS FROM `nianbao_base_config` [ RunTime:0.000504s ]
[2023-10-27T12:18:32+08:00][sql] SELECT `data`,`name` FROM `nianbao_base_config` [ RunTime:0.000260s ]
[2023-10-27T12:45:05+08:00][sql] CONNECT:[ UseTime:0.000380s ] mysql:host=127.0.0.1;port=3306;dbname=nianbao;charset=utf8
[2023-10-27T12:45:05+08:00][sql] SHOW FULL COLUMNS FROM `nianbao_base_config` [ RunTime:0.000601s ]
[2023-10-27T12:45:05+08:00][sql] SELECT * FROM `nianbao_base_config` [ RunTime:0.000260s ]
[2023-10-27T12:45:05+08:00][sql] CONNECT:[ UseTime:0.000374s ] mysql:host=127.0.0.1;port=3306;dbname=nianbao;charset=utf8
[2023-10-27T12:45:05+08:00][sql] SHOW FULL COLUMNS FROM `nianbao_enterprise` [ RunTime:0.000660s ]
[2023-10-27T12:45:05+08:00][sql] SELECT COUNT(*) AS think_count FROM `nianbao_enterprise` LIMIT 1 [ RunTime:0.000688s ]
[2023-10-27T12:45:05+08:00][sql] SELECT * FROM `nianbao_enterprise` ORDER BY `id` DESC LIMIT 0,20 [ RunTime:0.000213s ]
[2023-10-27T12:45:08+08:00][sql] CONNECT:[ UseTime:0.000342s ] mysql:host=127.0.0.1;port=3306;dbname=nianbao;charset=utf8
[2023-10-27T12:45:08+08:00][sql] SHOW FULL COLUMNS FROM `nianbao_order` [ RunTime:0.000662s ]
[2023-10-27T12:45:08+08:00][sql] SELECT COUNT(*) AS think_count FROM `nianbao_order` WHERE  `is_pay` = 1 LIMIT 1 [ RunTime:0.000251s ]
[2023-10-27T12:45:08+08:00][sql] SELECT * FROM `nianbao_order` WHERE  `is_pay` = 1 ORDER BY `id` DESC LIMIT 0,20 [ RunTime:0.000282s ]
[2023-10-27T12:45:11+08:00][sql] CONNECT:[ UseTime:0.000384s ] mysql:host=127.0.0.1;port=3306;dbname=nianbao;charset=utf8
[2023-10-27T12:45:11+08:00][sql] SHOW FULL COLUMNS FROM `nianbao_order` [ RunTime:0.000576s ]
[2023-10-27T12:45:11+08:00][sql] SELECT COUNT(*) AS think_count FROM `nianbao_order` WHERE  `create_time` BETWEEN '2023-10-01 00:00:00' AND '2023-10-01 23:59:59'   AND `is_pay` = 1 LIMIT 1 [ RunTime:0.000326s ]
[2023-10-27T12:45:11+08:00][sql] SELECT COUNT(*) AS think_count FROM `nianbao_order` WHERE  `create_time` BETWEEN '2023-10-02 00:00:00' AND '2023-10-02 23:59:59'   AND `is_pay` = 1 LIMIT 1 [ RunTime:0.000227s ]
[2023-10-27T12:45:11+08:00][sql] SELECT COUNT(*) AS think_count FROM `nianbao_order` WHERE  `create_time` BETWEEN '2023-10-03 00:00:00' AND '2023-10-03 23:59:59'   AND `is_pay` = 1 LIMIT 1 [ RunTime:0.000196s ]
[2023-10-27T12:45:11+08:00][sql] SELECT COUNT(*) AS think_count FROM `nianbao_order` WHERE  `create_time` BETWEEN '2023-10-04 00:00:00' AND '2023-10-04 23:59:59'   AND `is_pay` = 1 LIMIT 1 [ RunTime:0.000186s ]
[2023-10-27T12:45:11+08:00][sql] SELECT COUNT(*) AS think_count FROM `nianbao_order` WHERE  `create_time` BETWEEN '2023-10-05 00:00:00' AND '2023-10-05 23:59:59'   AND `is_pay` = 1 LIMIT 1 [ RunTime:0.000191s ]
[2023-10-27T12:45:11+08:00][sql] SELECT COUNT(*) AS think_count FROM `nianbao_order` WHERE  `create_time` BETWEEN '2023-10-06 00:00:00' AND '2023-10-06 23:59:59'   AND `is_pay` = 1 LIMIT 1 [ RunTime:0.000176s ]
[2023-10-27T12:45:11+08:00][sql] SELECT COUNT(*) AS think_count FROM `nianbao_order` WHERE  `create_time` BETWEEN '2023-10-07 00:00:00' AND '2023-10-07 23:59:59'   AND `is_pay` = 1 LIMIT 1 [ RunTime:0.000173s ]
[2023-10-27T12:45:11+08:00][sql] SELECT COUNT(*) AS think_count FROM `nianbao_order` WHERE  `create_time` BETWEEN '2023-10-08 00:00:00' AND '2023-10-08 23:59:59'   AND `is_pay` = 1 LIMIT 1 [ RunTime:0.000174s ]
[2023-10-27T12:45:11+08:00][sql] SELECT COUNT(*) AS think_count FROM `nianbao_order` WHERE  `create_time` BETWEEN '2023-10-09 00:00:00' AND '2023-10-09 23:59:59'   AND `is_pay` = 1 LIMIT 1 [ RunTime:0.000207s ]
[2023-10-27T12:45:11+08:00][sql] SELECT COUNT(*) AS think_count FROM `nianbao_order` WHERE  `create_time` BETWEEN '2023-10-10 00:00:00' AND '2023-10-10 23:59:59'   AND `is_pay` = 1 LIMIT 1 [ RunTime:0.000190s ]
[2023-10-27T12:45:11+08:00][sql] SELECT COUNT(*) AS think_count FROM `nianbao_order` WHERE  `create_time` BETWEEN '2023-10-11 00:00:00' AND '2023-10-11 23:59:59'   AND `is_pay` = 1 LIMIT 1 [ RunTime:0.000174s ]
[2023-10-27T12:45:11+08:00][sql] SELECT COUNT(*) AS think_count FROM `nianbao_order` WHERE  `create_time` BETWEEN '2023-10-12 00:00:00' AND '2023-10-12 23:59:59'   AND `is_pay` = 1 LIMIT 1 [ RunTime:0.000192s ]
[2023-10-27T12:45:11+08:00][sql] SELECT COUNT(*) AS think_count FROM `nianbao_order` WHERE  `create_time` BETWEEN '2023-10-13 00:00:00' AND '2023-10-13 23:59:59'   AND `is_pay` = 1 LIMIT 1 [ RunTime:0.000177s ]
[2023-10-27T12:45:11+08:00][sql] SELECT COUNT(*) AS think_count FROM `nianbao_order` WHERE  `create_time` BETWEEN '2023-10-14 00:00:00' AND '2023-10-14 23:59:59'   AND `is_pay` = 1 LIMIT 1 [ RunTime:0.000185s ]
[2023-10-27T12:45:11+08:00][sql] SELECT COUNT(*) AS think_count FROM `nianbao_order` WHERE  `create_time` BETWEEN '2023-10-15 00:00:00' AND '2023-10-15 23:59:59'   AND `is_pay` = 1 LIMIT 1 [ RunTime:0.000198s ]
[2023-10-27T12:45:11+08:00][sql] SELECT COUNT(*) AS think_count FROM `nianbao_order` WHERE  `create_time` BETWEEN '2023-10-16 00:00:00' AND '2023-10-16 23:59:59'   AND `is_pay` = 1 LIMIT 1 [ RunTime:0.000203s ]
[2023-10-27T12:45:11+08:00][sql] SELECT COUNT(*) AS think_count FROM `nianbao_order` WHERE  `create_time` BETWEEN '2023-10-17 00:00:00' AND '2023-10-17 23:59:59'   AND `is_pay` = 1 LIMIT 1 [ RunTime:0.000184s ]
[2023-10-27T12:45:11+08:00][sql] SELECT COUNT(*) AS think_count FROM `nianbao_order` WHERE  `create_time` BETWEEN '2023-10-18 00:00:00' AND '2023-10-18 23:59:59'   AND `is_pay` = 1 LIMIT 1 [ RunTime:0.000199s ]
[2023-10-27T12:45:11+08:00][sql] SELECT COUNT(*) AS think_count FROM `nianbao_order` WHERE  `create_time` BETWEEN '2023-10-19 00:00:00' AND '2023-10-19 23:59:59'   AND `is_pay` = 1 LIMIT 1 [ RunTime:0.000204s ]
[2023-10-27T12:45:11+08:00][sql] SELECT COUNT(*) AS think_count FROM `nianbao_order` WHERE  `create_time` BETWEEN '2023-10-20 00:00:00' AND '2023-10-20 23:59:59'   AND `is_pay` = 1 LIMIT 1 [ RunTime:0.000191s ]
[2023-10-27T12:45:11+08:00][sql] SELECT COUNT(*) AS think_count FROM `nianbao_order` WHERE  `create_time` BETWEEN '2023-10-21 00:00:00' AND '2023-10-21 23:59:59'   AND `is_pay` = 1 LIMIT 1 [ RunTime:0.000205s ]
[2023-10-27T12:45:11+08:00][sql] SELECT COUNT(*) AS think_count FROM `nianbao_order` WHERE  `create_time` BETWEEN '2023-10-22 00:00:00' AND '2023-10-22 23:59:59'   AND `is_pay` = 1 LIMIT 1 [ RunTime:0.000213s ]
[2023-10-27T12:45:11+08:00][sql] SELECT COUNT(*) AS think_count FROM `nianbao_order` WHERE  `create_time` BETWEEN '2023-10-23 00:00:00' AND '2023-10-23 23:59:59'   AND `is_pay` = 1 LIMIT 1 [ RunTime:0.000192s ]
[2023-10-27T12:45:11+08:00][sql] SELECT COUNT(*) AS think_count FROM `nianbao_order` WHERE  `create_time` BETWEEN '2023-10-24 00:00:00' AND '2023-10-24 23:59:59'   AND `is_pay` = 1 LIMIT 1 [ RunTime:0.000183s ]
[2023-10-27T12:45:11+08:00][sql] SELECT COUNT(*) AS think_count FROM `nianbao_order` WHERE  `create_time` BETWEEN '2023-10-25 00:00:00' AND '2023-10-25 23:59:59'   AND `is_pay` = 1 LIMIT 1 [ RunTime:0.000189s ]
[2023-10-27T12:45:11+08:00][sql] SELECT COUNT(*) AS think_count FROM `nianbao_order` WHERE  `create_time` BETWEEN '2023-10-26 00:00:00' AND '2023-10-26 23:59:59'   AND `is_pay` = 1 LIMIT 1 [ RunTime:0.000195s ]
[2023-10-27T12:45:11+08:00][sql] SELECT COUNT(*) AS think_count FROM `nianbao_order` WHERE  `create_time` BETWEEN '2023-10-27 00:00:00' AND '2023-10-27 23:59:59'   AND `is_pay` = 1 LIMIT 1 [ RunTime:0.000202s ]
[2023-10-27T12:45:11+08:00][sql] SELECT COUNT(*) AS think_count FROM `nianbao_order` WHERE  `create_time` BETWEEN '2023-10-28 00:00:00' AND '2023-10-28 23:59:59'   AND `is_pay` = 1 LIMIT 1 [ RunTime:0.000188s ]
[2023-10-27T12:45:11+08:00][sql] SELECT COUNT(*) AS think_count FROM `nianbao_order` WHERE  `create_time` BETWEEN '2023-10-29 00:00:00' AND '2023-10-29 23:59:59'   AND `is_pay` = 1 LIMIT 1 [ RunTime:0.000217s ]
[2023-10-27T12:45:11+08:00][sql] SELECT COUNT(*) AS think_count FROM `nianbao_order` WHERE  `create_time` BETWEEN '2023-10-30 00:00:00' AND '2023-10-30 23:59:59'   AND `is_pay` = 1 LIMIT 1 [ RunTime:0.000191s ]
[2023-10-27T12:45:11+08:00][sql] SELECT COUNT(*) AS think_count FROM `nianbao_order` WHERE  `create_time` BETWEEN '2023-10-31 00:00:00' AND '2023-10-31 23:59:59'   AND `is_pay` = 1 LIMIT 1 [ RunTime:0.000184s ]
[2023-10-27T12:45:11+08:00][sql] SHOW FULL COLUMNS FROM `nianbao_member` [ RunTime:0.000526s ]
[2023-10-27T12:45:11+08:00][sql] SELECT COUNT(*) AS think_count FROM `nianbao_member` WHERE  `create_time` BETWEEN '2023-10-01 00:00:00' AND '2023-10-31 23:59:59'  LIMIT 1 [ RunTime:0.000243s ]
[2023-10-27T12:45:11+08:00][sql] SELECT COUNT(*) AS think_count FROM `nianbao_order` WHERE  `create_time` BETWEEN '2023-10-01 00:00:00' AND '2023-10-31 23:59:59'   AND `is_pay` = 1 LIMIT 1 [ RunTime:0.000190s ]
[2023-10-27T12:45:11+08:00][sql] SELECT SUM(`total_price`) AS think_sum FROM `nianbao_order` WHERE  `create_time` BETWEEN '2023-10-01 00:00:00' AND '2023-10-31 23:59:59'   AND `is_pay` = 1 LIMIT 1 [ RunTime:0.000188s ]
[2023-10-27T12:45:11+08:00][sql] SELECT COUNT(*) AS think_count FROM `nianbao_member` WHERE  `create_time` BETWEEN '2023-10-27 00:00:00' AND '2023-10-27 23:59:59'  LIMIT 1 [ RunTime:0.000196s ]
[2023-10-27T12:45:11+08:00][sql] SELECT COUNT(*) AS think_count FROM `nianbao_order` WHERE  `create_time` BETWEEN '2023-10-27 00:00:00' AND '2023-10-27 23:59:59'  LIMIT 1 [ RunTime:0.000178s ]
[2023-10-27T12:45:11+08:00][sql] SELECT SUM(`total_price`) AS think_sum FROM `nianbao_order` WHERE  `create_time` BETWEEN '2023-10-27 00:00:00' AND '2023-10-27 23:59:59'   AND `is_pay` = 1 LIMIT 1 [ RunTime:0.000195s ]
[2023-10-27T17:50:59+08:00][sql] CONNECT:[ UseTime:0.000376s ] mysql:host=127.0.0.1;port=3306;dbname=nianbao;charset=utf8
[2023-10-27T17:50:59+08:00][sql] SHOW FULL COLUMNS FROM `nianbao_base_config` [ RunTime:0.000614s ]
[2023-10-27T17:50:59+08:00][sql] SELECT * FROM `nianbao_base_config` [ RunTime:0.000262s ]
[2023-10-27T17:52:01+08:00][sql] CONNECT:[ UseTime:0.000399s ] mysql:host=127.0.0.1;port=3306;dbname=nianbao;charset=utf8
[2023-10-27T17:52:01+08:00][sql] SHOW FULL COLUMNS FROM `nianbao_base_config` [ RunTime:0.000816s ]
[2023-10-27T17:52:01+08:00][sql] SELECT * FROM `nianbao_base_config` [ RunTime:0.000347s ]
